Server: Waiting for client connection...
Server: Connected to client segment
Server: Waiting for commands...
Server: Received dimensions (width=352, height=288)
Thread pool initialized with 8 threads
Task pool is initialized with 36 tasks
Server: Dimensions acknowledged
Server: Waiting for frames...
Server: Received frame header for frame 0
Server: Received Y component for frame 0
Server: Received U component for frame 0
Server: Received V component for frame 0
Server: Processing frame 0
1
2
3
4
5
6
Server: Sending encoded data for frame 0
Server: Completed sending encoded data for frame 0
Server: Received frame header for frame 1
Server: Received Y component for frame 1
Server: Received U component for frame 1
Server: Received V component for frame 1
Server: Processing frame 1
1
2
3
4
5
6
Server: Sending encoded data for frame 1
Server: Completed sending encoded data for frame 1
Server: Received frame header for frame 2
Server: Received Y component for frame 2
Server: Received U component for frame 2
Server: Received V component for frame 2
Server: Processing frame 2
1
2
3
4
5
6
Server: Sending encoded data for frame 2
Server: Completed sending encoded data for frame 2
Server: Received frame header for frame 3
Server: Received Y component for frame 3
Server: Received U component for frame 3
Server: Received V component for frame 3
Server: Processing frame 3
1
2
3
4
5
6
Server: Sending encoded data for frame 3
Server: Completed sending encoded data for frame 3
Server: Received frame header for frame 4
Server: Received Y component for frame 4
Server: Received U component for frame 4
Server: Received V component for frame 4
Server: Processing frame 4
1
2
3
4
5
6
Server: Sending encoded data for frame 4
Server: Completed sending encoded data for frame 4
Server: Received frame header for frame 5
Server: Received Y component for frame 5
Server: Received U component for frame 5
Server: Received V component for frame 5
Server: Processing frame 5
1
2
3
4
5
6
Server: Sending encoded data for frame 5
Terminated

real	0m5.214s
user	0m5.084s
sys	0m0.131s
Tegra exit code: 143
