Client: Connecting to server segment...
Client: Connected to server segment
Client: Sending dimensions (width=352, height=288)
Client: Waiting for dimensions acknowledgment...
Client: Dimensions verified, starting video encoding
Processing frame 0, Frame 0 header sent and acknowledged
Frame 0 Y component sent and acknowledged
Frame 0 U component sent and acknowledged
Frame 0 V component sent and acknowledged
Frame 0 waiting for encoded data...
Frame 0 received encoded header (keyframe=1)
Frame 0 received Y residuals
Frame 0 received U residuals
Frame 0 received V residuals
Frame 0 received motion vectors
Frame 0 processing and data transfer completed
Done!
Processing frame 1, Frame 1 header sent and acknowledged
Frame 1 Y component sent and acknowledged
Frame 1 U component sent and acknowledged
Frame 1 V component sent and acknowledged
Frame 1 waiting for encoded data...
Frame 1 received encoded header (keyframe=0)
Frame 1 received Y residuals
Frame 1 received U residuals
Frame 1 received V residuals
Frame 1 received motion vectors
Frame 1 processing and data transfer completed
Done!
Processing frame 2, Frame 2 header sent and acknowledged
Frame 2 Y component sent and acknowledged
Frame 2 U component sent and acknowledged
Frame 2 V component sent and acknowledged
Frame 2 waiting for encoded data...
Frame 2 received encoded header (keyframe=0)
Frame 2 received Y residuals
Frame 2 received U residuals
Frame 2 received V residuals
Frame 2 received motion vectors
Frame 2 processing and data transfer completed
Done!
Processing frame 3, Frame 3 header sent and acknowledged
Frame 3 Y component sent and acknowledged
Frame 3 U component sent and acknowledged
Frame 3 V component sent and acknowledged
Frame 3 waiting for encoded data...
Frame 3 received encoded header (keyframe=0)
Frame 3 received Y residuals
Frame 3 received U residuals
Frame 3 received V residuals
Frame 3 received motion vectors
Frame 3 processing and data transfer completed
Done!
Processing frame 4, Frame 4 header sent and acknowledged
Frame 4 Y component sent and acknowledged
Frame 4 U component sent and acknowledged
Frame 4 V component sent and acknowledged
Frame 4 waiting for encoded data...
Frame 4 received encoded header (keyframe=0)
PC exit code: 143
Terminated

real	6m58,267s
user	6m57,853s
sys	0m0,052s
