Client: Connecting to server segment...
Client: Connected to server segment
Client: Sending dimensions (width=352, height=288)
Client: Waiting for dimensions acknowledgment...
Client: Dimensions verified, starting video encoding
Processing frame 0, Frame 0 header sent and acknowledged
Frame 0 Y component sent and acknowledged
Frame 0 U component sent and acknowledged
Frame 0 V component sent and acknowledged
Frame 0 waiting for encoded data...
Frame 0 received encoded header (keyframe=1)
Frame 0 received Y residuals
Frame 0 received U residuals
Frame 0 received V residuals
Frame 0 received motion vectors
Frame 0 processing and data transfer completed
Done!
Processing frame 1, Frame 1 header sent and acknowledged
Frame 1 Y component sent and acknowledged
Frame 1 U component sent and acknowledged
Frame 1 V component sent and acknowledged
Frame 1 waiting for encoded data...
Frame 1 received encoded header (keyframe=0)
Frame 1 received Y residuals
Frame 1 received U residuals
Frame 1 received V residuals
Frame 1 received motion vectors
Frame 1 processing and data transfer completed
Done!
Processing frame 2, Frame 2 header sent and acknowledged
Frame 2 Y component sent and acknowledged
Frame 2 U component sent and acknowledged
Frame 2 V component sent and acknowledged
Frame 2 waiting for encoded data...
Frame 2 received encoded header (keyframe=0)
Frame 2 received Y residuals
Frame 2 received U residuals
Frame 2 received V residuals
Frame 2 received motion vectors
Frame 2 processing and data transfer completed
Done!
Processing frame 3, Frame 3 header sent and acknowledged
Frame 3 Y component sent and acknowledged
Frame 3 U component sent and acknowledged
Frame 3 V component sent and acknowledged
Frame 3 waiting for encoded data...
Frame 3 received encoded header (keyframe=0)
Frame 3 received Y residuals
Frame 3 received U residuals
Frame 3 received V residuals
Frame 3 received motion vectors
Frame 3 processing and data transfer completed
Done!
Processing frame 4, Frame 4 header sent and acknowledged
Frame 4 Y component sent and acknowledged
Frame 4 U component sent and acknowledged
Frame 4 V component sent and acknowledged
Frame 4 waiting for encoded data...
Frame 4 received encoded header (keyframe=0)
Frame 4 received Y residuals
Frame 4 received U residuals
Frame 4 received V residuals
Frame 4 received motion vectors
Frame 4 processing and data transfer completed
Done!
Processing frame 5, Frame 5 header sent and acknowledged
Frame 5 Y component sent and acknowledged
Frame 5 U component sent and acknowledged
Frame 5 V component sent and acknowledged
Frame 5 waiting for encoded data...
Frame 5 received encoded header (keyframe=0)
Frame 5 received Y residuals
Frame 5 received U residuals
Frame 5 received V residuals
Frame 5 received motion vectors
Frame 5 processing and data transfer completed
Done!
Processing frame 6, Frame 6 header sent and acknowledged
Frame 6 Y component sent and acknowledged
Frame 6 U component sent and acknowledged
Frame 6 V component sent and acknowledged
Frame 6 waiting for encoded data...
Frame 6 received encoded header (keyframe=0)
Frame 6 received Y residuals
Frame 6 received U residuals
Frame 6 received V residuals
Frame 6 received motion vectors
Frame 6 processing and data transfer completed
Done!
Processing frame 7, Frame 7 header sent and acknowledged
Frame 7 Y component sent and acknowledged
Frame 7 U component sent and acknowledged
Frame 7 V component sent and acknowledged
Frame 7 waiting for encoded data...
Frame 7 received encoded header (keyframe=0)
Frame 7 received Y residuals
Frame 7 received U residuals
Frame 7 received V residuals
Frame 7 received motion vectors
Frame 7 processing and data transfer completed
Done!
Processing frame 8, Frame 8 header sent and acknowledged
Frame 8 Y component sent and acknowledged
Frame 8 U component sent and acknowledged
Frame 8 V component sent and acknowledged
Frame 8 waiting for encoded data...
Frame 8 received encoded header (keyframe=0)
Frame 8 received Y residuals
Frame 8 received U residuals
Frame 8 received V residuals
Frame 8 received motion vectors
Frame 8 processing and data transfer completed
Done!
Processing frame 9, Frame 9 header sent and acknowledged
Frame 9 Y component sent and acknowledged
Frame 9 U component sent and acknowledged
Frame 9 V component sent and acknowledged
Frame 9 waiting for encoded data...
Frame 9 received encoded header (keyframe=0)
Frame 9 received Y residuals
Frame 9 received U residuals
Frame 9 received V residuals
Frame 9 received motion vectors
Frame 9 processing and data transfer completed
Done!
Processing frame 10, Frame 10 header sent and acknowledged
Frame 10 Y component sent and acknowledged
Frame 10 U component sent and acknowledged
Frame 10 V component sent and acknowledged
Frame 10 waiting for encoded data...
Frame 10 received encoded header (keyframe=0)
Frame 10 received Y residuals
Frame 10 received U residuals
Frame 10 received V residuals
Frame 10 received motion vectors
Frame 10 processing and data transfer completed
Done!
Processing frame 11, Frame 11 header sent and acknowledged
Frame 11 Y component sent and acknowledged
Frame 11 U component sent and acknowledged
Frame 11 V component sent and acknowledged
Frame 11 waiting for encoded data...
Frame 11 received encoded header (keyframe=0)
Frame 11 received Y residuals
Frame 11 received U residuals
Frame 11 received V residuals
Frame 11 received motion vectors
Frame 11 processing and data transfer completed
Done!
Processing frame 12, Frame 12 header sent and acknowledged
Frame 12 Y component sent and acknowledged
Frame 12 U component sent and acknowledged
Frame 12 V component sent and acknowledged
Frame 12 waiting for encoded data...
Frame 12 received encoded header (keyframe=0)
Frame 12 received Y residuals
Frame 12 received U residuals
Frame 12 received V residuals
Frame 12 received motion vectors
Frame 12 processing and data transfer completed
Done!
Processing frame 13, Frame 13 header sent and acknowledged
Frame 13 Y component sent and acknowledged
Frame 13 U component sent and acknowledged
Frame 13 V component sent and acknowledged
Frame 13 waiting for encoded data...
Frame 13 received encoded header (keyframe=0)
Frame 13 received Y residuals
Frame 13 received U residuals
Frame 13 received V residuals
Frame 13 received motion vectors
Frame 13 processing and data transfer completed
Done!
Processing frame 14, Frame 14 header sent and acknowledged
Frame 14 Y component sent and acknowledged
Frame 14 U component sent and acknowledged
Frame 14 V component sent and acknowledged
Frame 14 waiting for encoded data...
Frame 14 received encoded header (keyframe=0)
Frame 14 received Y residuals
Frame 14 received U residuals
Frame 14 received V residuals
Frame 14 received motion vectors
Frame 14 processing and data transfer completed
Done!
Processing frame 15, Frame 15 header sent and acknowledged
Frame 15 Y component sent and acknowledged
Frame 15 U component sent and acknowledged
Frame 15 V component sent and acknowledged
Frame 15 waiting for encoded data...
Frame 15 received encoded header (keyframe=0)
Frame 15 received Y residuals
Frame 15 received U residuals
Frame 15 received V residuals
Frame 15 received motion vectors
Frame 15 processing and data transfer completed
Done!
Processing frame 16, Frame 16 header sent and acknowledged
Frame 16 Y component sent and acknowledged
Frame 16 U component sent and acknowledged
Frame 16 V component sent and acknowledged
Frame 16 waiting for encoded data...
Frame 16 received encoded header (keyframe=0)
Frame 16 received Y residuals
Frame 16 received U residuals
Frame 16 received V residuals
Frame 16 received motion vectors
Frame 16 processing and data transfer completed
Done!
Processing frame 17, Frame 17 header sent and acknowledged
Frame 17 Y component sent and acknowledged
Frame 17 U component sent and acknowledged
Frame 17 V component sent and acknowledged
Frame 17 waiting for encoded data...
Frame 17 received encoded header (keyframe=0)
Frame 17 received Y residuals
Frame 17 received U residuals
Frame 17 received V residuals
Frame 17 received motion vectors
Frame 17 processing and data transfer completed
Done!
Processing frame 18, Frame 18 header sent and acknowledged
Frame 18 Y component sent and acknowledged
Frame 18 U component sent and acknowledged
Frame 18 V component sent and acknowledged
Frame 18 waiting for encoded data...
Frame 18 received encoded header (keyframe=0)
Frame 18 received Y residuals
Frame 18 received U residuals
Frame 18 received V residuals
Frame 18 received motion vectors
Frame 18 processing and data transfer completed
Done!
Processing frame 19, Frame 19 header sent and acknowledged
Frame 19 Y component sent and acknowledged
Frame 19 U component sent and acknowledged
Frame 19 V component sent and acknowledged
Frame 19 waiting for encoded data...
Frame 19 received encoded header (keyframe=0)
Frame 19 received Y residuals
Frame 19 received U residuals
Frame 19 received V residuals
Frame 19 received motion vectors
Frame 19 processing and data transfer completed
Done!
Processing frame 20, Frame 20 header sent and acknowledged
Frame 20 Y component sent and acknowledged
Frame 20 U component sent and acknowledged
Frame 20 V component sent and acknowledged
Frame 20 waiting for encoded data...
Frame 20 received encoded header (keyframe=0)
Frame 20 received Y residuals
Frame 20 received U residuals
Frame 20 received V residuals
Frame 20 received motion vectors
Frame 20 processing and data transfer completed
Done!
Processing frame 21, Frame 21 header sent and acknowledged
Frame 21 Y component sent and acknowledged
Frame 21 U component sent and acknowledged
Frame 21 V component sent and acknowledged
Frame 21 waiting for encoded data...
Frame 21 received encoded header (keyframe=0)
Frame 21 received Y residuals
Frame 21 received U residuals
Frame 21 received V residuals
Frame 21 received motion vectors
Frame 21 processing and data transfer completed
Done!
Processing frame 22, Frame 22 header sent and acknowledged
Frame 22 Y component sent and acknowledged
Frame 22 U component sent and acknowledged
Frame 22 V component sent and acknowledged
Frame 22 waiting for encoded data...
Frame 22 received encoded header (keyframe=0)
Frame 22 received Y residuals
Frame 22 received U residuals
Frame 22 received V residuals
Frame 22 received motion vectors
Frame 22 processing and data transfer completed
Done!
Processing frame 23, Frame 23 header sent and acknowledged
Frame 23 Y component sent and acknowledged
Frame 23 U component sent and acknowledged
Frame 23 V component sent and acknowledged
Frame 23 waiting for encoded data...
Frame 23 received encoded header (keyframe=0)
PC exit code: 143
Terminated

real	0m10,836s
user	0m10,616s
sys	0m0,012s
