Server: Waiting for client connection...
Server: Connected to client segment
Server: Waiting for commands...
Server: Received dimensions (width=352, height=288)
Thread pool initialized with 8 threads
Task pool is initialized with 36 tasks
Server: Dimensions acknowledged
Server: Waiting for frames...
Server: Received frame header for frame 0
Server: Received Y component for frame 0
Server: Received U component for frame 0
Server: Received V component for frame 0
a
b
d
e
Server: Processing frame 0
12345Server: Completed processing frame 0
Server: Received frame header for frame 1
Server: Received Y component for frame 1
Server: Received U component for frame 1
Server: Received V component for frame 1
a
b
d
e
Server: Processing frame 1
12345Server: Completed processing frame 1
Server: Received frame header for frame 2
Server: Received Y component for frame 2
Server: Received U component for frame 2
Server: Received V component for frame 2
a
b
d
e
Server: Processing frame 2
12345Server: Completed processing frame 2
Server: Received frame header for frame 3
Server: Received Y component for frame 3
Server: Received U component for frame 3
Server: Received V component for frame 3
a
b
d
e
Server: Processing frame 3
12345Server: Completed processing frame 3
Server: Received frame header for frame 4
Server: Received Y component for frame 4
Server: Received U component for frame 4
Server: Received V component for frame 4
a
b
d
e
Server: Processing frame 4
12345Server: Completed processing frame 4
Server: Received frame header for frame 5
Server: Received Y component for frame 5
Server: Received U component for frame 5
Server: Received V component for frame 5
a
b
d
e
Server: Processing frame 5
12345Server: Completed processing frame 5
Server: Received frame header for frame 6
Server: Received Y component for frame 6
Server: Received U component for frame 6
Server: Received V component for frame 6
a
b
d
e
Server: Processing frame 6
12345Server: Completed processing frame 6
Server: Received frame header for frame 7
Server: Received Y component for frame 7
Server: Received U component for frame 7
Server: Received V component for frame 7
a
b
d
e
Server: Processing frame 7
12345Server: Completed processing frame 7
Server: Received frame header for frame 8
Server: Received Y component for frame 8
Server: Received U component for frame 8
Server: Received V component for frame 8
a
b
d
e
Server: Processing frame 8
12345Server: Completed processing frame 8
Server: Received frame header for frame 9
Server: Received Y component for frame 9
Server: Received U component for frame 9
Server: Received V component for frame 9
a
b
d
e
Server: Processing frame 9
12345Server: Completed processing frame 9
Server: Received frame header for frame 10
Server: Received Y component for frame 10
Server: Received U component for frame 10
Server: Received V component for frame 10
a
b
d
e
Server: Processing frame 10
12345Server: Completed processing frame 10
Server: Received frame header for frame 11
Server: Received Y component for frame 11
Server: Received U component for frame 11
Server: Received V component for frame 11
a
b
d
e
Server: Processing frame 11
12345Server: Completed processing frame 11
Server: Received frame header for frame 12
Server: Received Y component for frame 12
Server: Received U component for frame 12
Server: Received V component for frame 12
a
b
d
e
Server: Processing frame 12
12345Server: Completed processing frame 12
Server: Received frame header for frame 13
Server: Received Y component for frame 13
Server: Received U component for frame 13
Server: Received V component for frame 13
a
b
d
e
Server: Processing frame 13
12345Server: Completed processing frame 13
Server: Received frame header for frame 14
Server: Received Y component for frame 14
Server: Received U component for frame 14
Server: Received V component for frame 14
a
b
d
e
Server: Processing frame 14
12345Server: Completed processing frame 14
Server: Received frame header for frame 15
Server: Received Y component for frame 15
Server: Received U component for frame 15
Server: Received V component for frame 15
a
b
d
e
Server: Processing frame 15
12345Server: Completed processing frame 15
Server: Received frame header for frame 16
Server: Received Y component for frame 16
Server: Received U component for frame 16
Server: Received V component for frame 16
a
b
d
e
Server: Processing frame 16
12345Server: Completed processing frame 16
Server: Received frame header for frame 17
Server: Received Y component for frame 17
Server: Received U component for frame 17
Server: Received V component for frame 17
a
b
d
e
Server: Processing frame 17
12345Server: Completed processing frame 17
Server: Received frame header for frame 18
Server: Received Y component for frame 18
Server: Received U component for frame 18
Server: Received V component for frame 18
a
b
d
e
Server: Processing frame 18
12345Server: Completed processing frame 18
Server: Received frame header for frame 19
Server: Received Y component for frame 19
Server: Received U component for frame 19
Server: Received V component for frame 19
a
b
d
e
Server: Processing frame 19
12345Server: Completed processing frame 19
Server: Received frame header for frame 20
Server: Received Y component for frame 20
Server: Received U component for frame 20
Server: Received V component for frame 20
a
b
d
e
Server: Processing frame 20
12345Server: Completed processing frame 20
Server: Received frame header for frame 21
Server: Received Y component for frame 21
Server: Received U component for frame 21
Server: Received V component for frame 21
a
b
d
e
Server: Processing frame 21
12345Server: Completed processing frame 21
Server: Received frame header for frame 22
Server: Received Y component for frame 22
Server: Received U component for frame 22
Server: Received V component for frame 22
a
b
d
e
Server: Processing frame 22
12345Server: Completed processing frame 22
Server: Received frame header for frame 23
Server: Received Y component for frame 23
Server: Received U component for frame 23
Server: Received V component for frame 23
a
b
d
e
Server: Processing frame 23
12345Server: Completed processing frame 23
Server: Received frame header for frame 24
Server: Received Y component for frame 24
Server: Received U component for frame 24
Server: Received V component for frame 24
a
b
d
e
Server: Processing frame 24
12345Server: Completed processing frame 24
Server: Received frame header for frame 25
Server: Received Y component for frame 25
Server: Received U component for frame 25
Server: Received V component for frame 25
a
b
d
e
Server: Processing frame 25
12345Server: Completed processing frame 25
Server: Received frame header for frame 26
Server: Received Y component for frame 26
Server: Received U component for frame 26
Server: Received V component for frame 26
a
b
d
e
Server: Processing frame 26
12345Server: Completed processing frame 26
Server: Received frame header for frame 27
Server: Received Y component for frame 27
Server: Received U component for frame 27
Server: Received V component for frame 27
a
b
d
e
Server: Processing frame 27
12345Server: Completed processing frame 27
Server: Received frame header for frame 28
Server: Received Y component for frame 28
Server: Received U component for frame 28
Server: Received V component for frame 28
a
b
d
e
Server: Processing frame 28
12345Server: Completed processing frame 28
Server: Received frame header for frame 29
Server: Received Y component for frame 29
Server: Received U component for frame 29
Server: Received V component for frame 29
a
b
d
e
Server: Processing frame 29
12345Server: Completed processing frame 29
Server: Received frame header for frame 30
Server: Received Y component for frame 30
Server: Received U component for frame 30
Server: Received V component for frame 30
a
b
d
e
Server: Processing frame 30
12345Server: Completed processing frame 30
Server: Received frame header for frame 31
Server: Received Y component for frame 31
Server: Received U component for frame 31
Server: Received V component for frame 31
a
b
d
e
Server: Processing frame 31
12345Server: Completed processing frame 31
Server: Received frame header for frame 32
Server: Received Y component for frame 32
Server: Received U component for frame 32
Server: Received V component for frame 32
a
b
d
e
Server: Processing frame 32
12345Server: Completed processing frame 32
Server: Received frame header for frame 33
Server: Received Y component for frame 33
Server: Received U component for frame 33
Server: Received V component for frame 33
a
b
d
e
Server: Processing frame 33
12345Server: Completed processing frame 33
Server: Received frame header for frame 34
Server: Received Y component for frame 34
Server: Received U component for frame 34
Server: Received V component for frame 34
a
b
d
e
Server: Processing frame 34
12345Server: Completed processing frame 34
Server: Received frame header for frame 35
Server: Received Y component for frame 35
Server: Received U component for frame 35
Server: Received V component for frame 35
a
b
d
e
Server: Processing frame 35
12345Server: Completed processing frame 35
Server: Received frame header for frame 36
Server: Received Y component for frame 36
Server: Received U component for frame 36
Server: Received V component for frame 36
a
b
d
e
Server: Processing frame 36
12345Server: Completed processing frame 36
Server: Received frame header for frame 37
Server: Received Y component for frame 37
Server: Received U component for frame 37
Server: Received V component for frame 37
a
b
d
e
Server: Processing frame 37
12345Server: Completed processing frame 37
Server: Received frame header for frame 38
Server: Received Y component for frame 38
Server: Received U component for frame 38
Server: Received V component for frame 38
a
b
d
e
Server: Processing frame 38
12345Server: Completed processing frame 38
Server: Received frame header for frame 39
Server: Received Y component for frame 39
Server: Received U component for frame 39
Server: Received V component for frame 39
a
b
d
e
Server: Processing frame 39
12345Server: Completed processing frame 39
Server: Received frame header for frame 40
Server: Received Y component for frame 40
Server: Received U component for frame 40
Server: Received V component for frame 40
a
b
d
e
Server: Processing frame 40
12345Server: Completed processing frame 40
Server: Received frame header for frame 41
Server: Received Y component for frame 41
Server: Received U component for frame 41
Server: Received V component for frame 41
a
b
d
e
Server: Processing frame 41
12345Server: Completed processing frame 41
Server: Received frame header for frame 42
Server: Received Y component for frame 42
Server: Received U component for frame 42
Server: Received V component for frame 42
a
b
d
e
Server: Processing frame 42
12345Server: Completed processing frame 42
Server: Received frame header for frame 43
Server: Received Y component for frame 43
Server: Received U component for frame 43
Server: Received V component for frame 43
a
b
d
e
Server: Processing frame 43
12345Server: Completed processing frame 43
Server: Received frame header for frame 44
Server: Received Y component for frame 44
Server: Received U component for frame 44
Server: Received V component for frame 44
a
b
d
e
Server: Processing frame 44
12345Server: Completed processing frame 44
Server: Received frame header for frame 45
Server: Received Y component for frame 45
Server: Received U component for frame 45
Server: Received V component for frame 45
a
b
d
e
Server: Processing frame 45
12345Server: Completed processing frame 45
Server: Received frame header for frame 46
Server: Received Y component for frame 46
Server: Received U component for frame 46
Server: Received V component for frame 46
a
b
d
e
Server: Processing frame 46
12345Server: Completed processing frame 46
Server: Received frame header for frame 47
Server: Received Y component for frame 47
Server: Received U component for frame 47
Server: Received V component for frame 47
a
b
d
e
Server: Processing frame 47
12345Server: Completed processing frame 47
Server: Received frame header for frame 48
Server: Received Y component for frame 48
Server: Received U component for frame 48
Server: Received V component for frame 48
a
b
d
e
Server: Processing frame 48
Tegra exit code: 143
Terminated

real	0m2.372s
user	0m1.576s
sys	0m0.955s
