Client: Connecting to server segments...
Client: Connected to server segments
Client: Waiting for server to acknowledge dimensions
Client: Dimensions acknowledged by server
Client: Starting producer and consumer threads
Producer: Starting to read frames
Consumer: Starting to process frames
Consumer: Waiting - Read: 0, Sent: 0, Received: 0, Pipeline: 0, Finished: false
Producer: Read frame 0 from disk
Added frame 0 to pipeline slot 0 (pipeline: 1/3)
Consumer: Found frame 0 to send from slot 0
Consumer: Processing frame 0
Consumer: Sent frame 0 to server, waiting for acknowledgment
Frame 0 sent to server (sent: 1, in pipeline: 1)
Producer: Read frame 1 from disk
Added frame 1 to pipeline slot 1 (pipeline: 2/3)
Producer: Read frame 2 from disk
Added frame 2 to pipeline slot 2 (pipeline: 3/3)
Pipeline full, waiting for slot...
Consumer: Frame 0 acknowledged by server
Consumer: Waiting for encoded data for frame 0
Consumer: Received encoded data for frame 0
Consumer: Writing frame 0 to output file
Consumer: Frame 0 complete!
Frame 0 completed, removed from pipeline (received: 1, pipeline: 2/3)
Consumer: Found frame 1 to send from slot 1
Consumer: Processing frame 1
Producer: Read frame 3 from disk
Added frame 3 to pipeline slot 0 (pipeline: 3/3)
Consumer: Sent frame 1 to server, waiting for acknowledgment
Frame 1 sent to server (sent: 2, in pipeline: 3)
Pipeline full, waiting for slot...
Consumer: Frame 1 acknowledged by server
Consumer: Waiting for encoded data for frame 1
Consumer: Received encoded data for frame 1
Consumer: Writing frame 1 to output file
Consumer: Frame 1 complete!
Frame 1 completed, removed from pipeline (received: 2, pipeline: 2/3)
Consumer: Found frame 3 to send from slot 0
Consumer: Processing frame 3
Producer: Read frame 4 from disk
Added frame 4 to pipeline slot 1 (pipeline: 3/3)
Consumer: Sent frame 3 to server, waiting for acknowledgment
Frame 3 sent to server (sent: 3, in pipeline: 3)
Pipeline full, waiting for slot...
Consumer: Frame 3 acknowledged by server
Consumer: Waiting for encoded data for frame 3
Consumer: Received encoded data for frame 3
Consumer: Writing frame 3 to output file
Consumer: Frame 3 complete!
Frame 3 completed, removed from pipeline (received: 3, pipeline: 2/3)
Consumer: Found frame 4 to send from slot 1
Consumer: Processing frame 4
Producer: Read frame 5 from disk
Added frame 5 to pipeline slot 2 (pipeline: 3/3)
Consumer: Sent frame 4 to server, waiting for acknowledgment
Frame 4 sent to server (sent: 4, in pipeline: 3)
Pipeline full, waiting for slot...
Consumer: Frame 4 acknowledged by server
Consumer: Waiting for encoded data for frame 4
Consumer: Received encoded data for frame 4
Consumer: Writing frame 4 to output file
Consumer: Frame 4 complete!
Frame 4 completed, removed from pipeline (received: 4, pipeline: 2/3)
Consumer: Found frame 5 to send from slot 2
Consumer: Processing frame 5
Producer: Read frame 6 from disk
Added frame 6 to pipeline slot 0 (pipeline: 3/3)
Pipeline full, waiting for slot...
Consumer: Sent frame 5 to server, waiting for acknowledgment
Frame 5 sent to server (sent: 5, in pipeline: 3)
Consumer: Frame 5 acknowledged by server
Consumer: Waiting for encoded data for frame 5
Consumer: Received encoded data for frame 5
Consumer: Writing frame 5 to output file
Consumer: Frame 5 complete!
Frame 5 completed, removed from pipeline (received: 5, pipeline: 2/3)
Consumer: Found frame 6 to send from slot 0
Consumer: Processing frame 6
Producer: Read frame 7 from disk
Added frame 7 to pipeline slot 1 (pipeline: 3/3)
Pipeline full, waiting for slot...
Consumer: Sent frame 6 to server, waiting for acknowledgment
Frame 6 sent to server (sent: 6, in pipeline: 3)
Consumer: Frame 6 acknowledged by server
Consumer: Waiting for encoded data for frame 6
Consumer: Received encoded data for frame 6
Consumer: Writing frame 6 to output file
Consumer: Frame 6 complete!
Frame 6 completed, removed from pipeline (received: 6, pipeline: 2/3)
Consumer: Found frame 7 to send from slot 1
Consumer: Processing frame 7
Producer: Read frame 8 from disk
Added frame 8 to pipeline slot 2 (pipeline: 3/3)
Pipeline full, waiting for slot...
Consumer: Sent frame 7 to server, waiting for acknowledgment
Frame 7 sent to server (sent: 7, in pipeline: 3)
Consumer: Frame 7 acknowledged by server
Consumer: Waiting for encoded data for frame 7
Consumer: Received encoded data for frame 7
Consumer: Writing frame 7 to output file
Consumer: Frame 7 complete!
Frame 7 completed, removed from pipeline (received: 7, pipeline: 2/3)
Consumer: Found frame 8 to send from slot 2
Consumer: Processing frame 8
Producer: Read frame 9 from disk
Added frame 9 to pipeline slot 0 (pipeline: 3/3)
Pipeline full, waiting for slot...
Consumer: Sent frame 8 to server, waiting for acknowledgment
Frame 8 sent to server (sent: 8, in pipeline: 3)
Consumer: Frame 8 acknowledged by server
Consumer: Waiting for encoded data for frame 8
Consumer: Received encoded data for frame 8
Consumer: Writing frame 8 to output file
Consumer: Frame 8 complete!
Frame 8 completed, removed from pipeline (received: 8, pipeline: 2/3)
Consumer: Found frame 9 to send from slot 0
Consumer: Processing frame 9
Producer: Read frame 10 from disk
Added frame 10 to pipeline slot 1 (pipeline: 3/3)
Pipeline full, waiting for slot...
Consumer: Sent frame 9 to server, waiting for acknowledgment
Frame 9 sent to server (sent: 9, in pipeline: 3)
Consumer: Frame 9 acknowledged by server
Consumer: Waiting for encoded data for frame 9
Consumer: Received encoded data for frame 9
Consumer: Writing frame 9 to output file
Consumer: Frame 9 complete!
Frame 9 completed, removed from pipeline (received: 9, pipeline: 2/3)
Consumer: Found frame 10 to send from slot 1
Consumer: Processing frame 10
Producer: Read frame 11 from disk
Added frame 11 to pipeline slot 2 (pipeline: 3/3)
Pipeline full, waiting for slot...
Consumer: Sent frame 10 to server, waiting for acknowledgment
Frame 10 sent to server (sent: 10, in pipeline: 3)
Consumer: Frame 10 acknowledged by server
Consumer: Waiting for encoded data for frame 10
Consumer: Received encoded data for frame 10
Consumer: Writing frame 10 to output file
Consumer: Frame 10 complete!
Frame 10 completed, removed from pipeline (received: 10, pipeline: 2/3)
Consumer: Found frame 11 to send from slot 2
Consumer: Processing frame 11
Producer: Read frame 12 from disk
Added frame 12 to pipeline slot 0 (pipeline: 3/3)
Pipeline full, waiting for slot...
Consumer: Sent frame 11 to server, waiting for acknowledgment
Frame 11 sent to server (sent: 11, in pipeline: 3)
Consumer: Frame 11 acknowledged by server
Consumer: Waiting for encoded data for frame 11
Consumer: Received encoded data for frame 11
Consumer: Writing frame 11 to output file
Consumer: Frame 11 complete!
Frame 11 completed, removed from pipeline (received: 11, pipeline: 2/3)
Consumer: Found frame 12 to send from slot 0
Consumer: Processing frame 12
Producer: Read frame 13 from disk
Added frame 13 to pipeline slot 1 (pipeline: 3/3)
Pipeline full, waiting for slot...
Consumer: Sent frame 12 to server, waiting for acknowledgment
Frame 12 sent to server (sent: 12, in pipeline: 3)
Consumer: Frame 12 acknowledged by server
Consumer: Waiting for encoded data for frame 12
Consumer: Received encoded data for frame 12
Consumer: Writing frame 12 to output file
Consumer: Frame 12 complete!
Frame 12 completed, removed from pipeline (received: 12, pipeline: 2/3)
Consumer: Found frame 13 to send from slot 1
Consumer: Processing frame 13
Producer: Read frame 14 from disk
Added frame 14 to pipeline slot 2 (pipeline: 3/3)
Pipeline full, waiting for slot...
Consumer: Sent frame 13 to server, waiting for acknowledgment
Frame 13 sent to server (sent: 13, in pipeline: 3)
Consumer: Frame 13 acknowledged by server
Consumer: Waiting for encoded data for frame 13
Consumer: Received encoded data for frame 13
Consumer: Writing frame 13 to output file
Consumer: Frame 13 complete!
Frame 13 completed, removed from pipeline (received: 13, pipeline: 2/3)
Consumer: Found frame 14 to send from slot 2
Consumer: Processing frame 14
Producer: Read frame 15 from disk
Added frame 15 to pipeline slot 0 (pipeline: 3/3)
Pipeline full, waiting for slot...
Consumer: Sent frame 14 to server, waiting for acknowledgment
Frame 14 sent to server (sent: 14, in pipeline: 3)
Consumer: Frame 14 acknowledged by server
Consumer: Waiting for encoded data for frame 14
Consumer: Received encoded data for frame 14
Consumer: Writing frame 14 to output file
Consumer: Frame 14 complete!
Frame 14 completed, removed from pipeline (received: 14, pipeline: 2/3)
Consumer: Found frame 15 to send from slot 0
Consumer: Processing frame 15
Producer: Read frame 16 from disk
Added frame 16 to pipeline slot 1 (pipeline: 3/3)
Pipeline full, waiting for slot...
Consumer: Sent frame 15 to server, waiting for acknowledgment
Frame 15 sent to server (sent: 15, in pipeline: 3)
Consumer: Frame 15 acknowledged by server
Consumer: Waiting for encoded data for frame 15
Consumer: Received encoded data for frame 15
Consumer: Writing frame 15 to output file
Consumer: Frame 15 complete!
Frame 15 completed, removed from pipeline (received: 15, pipeline: 2/3)
Consumer: Found frame 16 to send from slot 1
Consumer: Processing frame 16
Producer: Read frame 17 from disk
Added frame 17 to pipeline slot 2 (pipeline: 3/3)
Pipeline full, waiting for slot...
Consumer: Sent frame 16 to server, waiting for acknowledgment
Frame 16 sent to server (sent: 16, in pipeline: 3)
Consumer: Frame 16 acknowledged by server
Consumer: Waiting for encoded data for frame 16
Consumer: Received encoded data for frame 16
Consumer: Writing frame 16 to output file
Consumer: Frame 16 complete!
Frame 16 completed, removed from pipeline (received: 16, pipeline: 2/3)
Consumer: Found frame 17 to send from slot 2
Consumer: Processing frame 17
Producer: Read frame 18 from disk
Added frame 18 to pipeline slot 0 (pipeline: 3/3)
Pipeline full, waiting for slot...
Consumer: Sent frame 17 to server, waiting for acknowledgment
Frame 17 sent to server (sent: 17, in pipeline: 3)
Consumer: Frame 17 acknowledged by server
Consumer: Waiting for encoded data for frame 17
Consumer: Received encoded data for frame 17
Consumer: Writing frame 17 to output file
Consumer: Frame 17 complete!
Frame 17 completed, removed from pipeline (received: 17, pipeline: 2/3)
Consumer: Found frame 18 to send from slot 0
Consumer: Processing frame 18
Producer: Read frame 19 from disk
Added frame 19 to pipeline slot 1 (pipeline: 3/3)
Pipeline full, waiting for slot...
Consumer: Sent frame 18 to server, waiting for acknowledgment
Frame 18 sent to server (sent: 18, in pipeline: 3)
Consumer: Frame 18 acknowledged by server
Consumer: Waiting for encoded data for frame 18
Consumer: Received encoded data for frame 18
Consumer: Writing frame 18 to output file
Consumer: Frame 18 complete!
Frame 18 completed, removed from pipeline (received: 18, pipeline: 2/3)
Consumer: Found frame 19 to send from slot 1
Consumer: Processing frame 19
Producer: Read frame 20 from disk
Added frame 20 to pipeline slot 2 (pipeline: 3/3)
Pipeline full, waiting for slot...
Consumer: Sent frame 19 to server, waiting for acknowledgment
Frame 19 sent to server (sent: 19, in pipeline: 3)
Consumer: Frame 19 acknowledged by server
Consumer: Waiting for encoded data for frame 19
Consumer: Received encoded data for frame 19
Consumer: Writing frame 19 to output file
Consumer: Frame 19 complete!
Frame 19 completed, removed from pipeline (received: 19, pipeline: 2/3)
Consumer: Found frame 20 to send from slot 2
Consumer: Processing frame 20
Producer: Read frame 21 from disk
Added frame 21 to pipeline slot 0 (pipeline: 3/3)
Pipeline full, waiting for slot...
Consumer: Sent frame 20 to server, waiting for acknowledgment
Frame 20 sent to server (sent: 20, in pipeline: 3)
Consumer: Frame 20 acknowledged by server
Consumer: Waiting for encoded data for frame 20
Consumer: Received encoded data for frame 20
Consumer: Writing frame 20 to output file
Consumer: Frame 20 complete!
Frame 20 completed, removed from pipeline (received: 20, pipeline: 2/3)
Consumer: Found frame 21 to send from slot 0
Consumer: Processing frame 21
Producer: Read frame 22 from disk
Added frame 22 to pipeline slot 1 (pipeline: 3/3)
Pipeline full, waiting for slot...
Consumer: Sent frame 21 to server, waiting for acknowledgment
Frame 21 sent to server (sent: 21, in pipeline: 3)
Consumer: Frame 21 acknowledged by server
Consumer: Waiting for encoded data for frame 21
Consumer: Received encoded data for frame 21
Consumer: Writing frame 21 to output file
Consumer: Frame 21 complete!
Frame 21 completed, removed from pipeline (received: 21, pipeline: 2/3)
Consumer: Found frame 22 to send from slot 1
Consumer: Processing frame 22
Producer: Read frame 23 from disk
Added frame 23 to pipeline slot 2 (pipeline: 3/3)
Pipeline full, waiting for slot...
Consumer: Sent frame 22 to server, waiting for acknowledgment
Frame 22 sent to server (sent: 22, in pipeline: 3)
Consumer: Frame 22 acknowledged by server
Consumer: Waiting for encoded data for frame 22
Consumer: Received encoded data for frame 22
Consumer: Writing frame 22 to output file
Consumer: Frame 22 complete!
Frame 22 completed, removed from pipeline (received: 22, pipeline: 2/3)
Consumer: Found frame 23 to send from slot 2
Consumer: Processing frame 23
Producer: Read frame 24 from disk
Added frame 24 to pipeline slot 0 (pipeline: 3/3)
Pipeline full, waiting for slot...
Consumer: Sent frame 23 to server, waiting for acknowledgment
Frame 23 sent to server (sent: 23, in pipeline: 3)
Consumer: Frame 23 acknowledged by server
Consumer: Waiting for encoded data for frame 23
Consumer: Received encoded data for frame 23
Consumer: Writing frame 23 to output file
Consumer: Frame 23 complete!
Frame 23 completed, removed from pipeline (received: 23, pipeline: 2/3)
Consumer: Found frame 24 to send from slot 0
Consumer: Processing frame 24
Producer: Read frame 25 from disk
Added frame 25 to pipeline slot 1 (pipeline: 3/3)
Pipeline full, waiting for slot...
Consumer: Sent frame 24 to server, waiting for acknowledgment
Frame 24 sent to server (sent: 24, in pipeline: 3)
Consumer: Frame 24 acknowledged by server
Consumer: Waiting for encoded data for frame 24
Consumer: Received encoded data for frame 24
Consumer: Writing frame 24 to output file
Consumer: Frame 24 complete!
Frame 24 completed, removed from pipeline (received: 24, pipeline: 2/3)
Consumer: Found frame 25 to send from slot 1
Consumer: Processing frame 25
Producer: Read frame 26 from disk
Added frame 26 to pipeline slot 2 (pipeline: 3/3)
Pipeline full, waiting for slot...
Consumer: Sent frame 25 to server, waiting for acknowledgment
Frame 25 sent to server (sent: 25, in pipeline: 3)
Consumer: Frame 25 acknowledged by server
Consumer: Waiting for encoded data for frame 25
Consumer: Received encoded data for frame 25
Consumer: Writing frame 25 to output file
Consumer: Frame 25 complete!
Frame 25 completed, removed from pipeline (received: 25, pipeline: 2/3)
Consumer: Found frame 26 to send from slot 2
Consumer: Processing frame 26
Producer: Read frame 27 from disk
Added frame 27 to pipeline slot 0 (pipeline: 3/3)
Pipeline full, waiting for slot...
Consumer: Sent frame 26 to server, waiting for acknowledgment
Frame 26 sent to server (sent: 26, in pipeline: 3)
Consumer: Frame 26 acknowledged by server
Consumer: Waiting for encoded data for frame 26
Consumer: Received encoded data for frame 26
Consumer: Writing frame 26 to output file
Consumer: Frame 26 complete!
Frame 26 completed, removed from pipeline (received: 26, pipeline: 2/3)
Consumer: Found frame 27 to send from slot 0
Consumer: Processing frame 27
Producer: Read frame 28 from disk
Added frame 28 to pipeline slot 1 (pipeline: 3/3)
Pipeline full, waiting for slot...
Consumer: Sent frame 27 to server, waiting for acknowledgment
Frame 27 sent to server (sent: 27, in pipeline: 3)
Consumer: Frame 27 acknowledged by server
Consumer: Waiting for encoded data for frame 27
Consumer: Received encoded data for frame 27
Consumer: Writing frame 27 to output file
Consumer: Frame 27 complete!
Frame 27 completed, removed from pipeline (received: 27, pipeline: 2/3)
Consumer: Found frame 28 to send from slot 1
Consumer: Processing frame 28
Producer: Read frame 29 from disk
Added frame 29 to pipeline slot 2 (pipeline: 3/3)
Pipeline full, waiting for slot...
Consumer: Sent frame 28 to server, waiting for acknowledgment
Frame 28 sent to server (sent: 28, in pipeline: 3)
Consumer: Frame 28 acknowledged by server
Consumer: Waiting for encoded data for frame 28
Consumer: Received encoded data for frame 28
Consumer: Writing frame 28 to output file
Consumer: Frame 28 complete!
Frame 28 completed, removed from pipeline (received: 28, pipeline: 2/3)
Consumer: Found frame 29 to send from slot 2
Consumer: Processing frame 29
Producer: Read frame 30 from disk
Added frame 30 to pipeline slot 0 (pipeline: 3/3)
Pipeline full, waiting for slot...
Consumer: Sent frame 29 to server, waiting for acknowledgment
Frame 29 sent to server (sent: 29, in pipeline: 3)
Consumer: Frame 29 acknowledged by server
Consumer: Waiting for encoded data for frame 29
Consumer: Received encoded data for frame 29
Consumer: Writing frame 29 to output file
Consumer: Frame 29 complete!
Frame 29 completed, removed from pipeline (received: 29, pipeline: 2/3)
Consumer: Found frame 30 to send from slot 0
Consumer: Processing frame 30
Producer: Read frame 31 from disk
Added frame 31 to pipeline slot 1 (pipeline: 3/3)
Pipeline full, waiting for slot...
Consumer: Sent frame 30 to server, waiting for acknowledgment
Frame 30 sent to server (sent: 30, in pipeline: 3)
Consumer: Frame 30 acknowledged by server
Consumer: Waiting for encoded data for frame 30
Consumer: Received encoded data for frame 30
Consumer: Writing frame 30 to output file
Consumer: Frame 30 complete!
Frame 30 completed, removed from pipeline (received: 30, pipeline: 2/3)
Consumer: Found frame 31 to send from slot 1
Consumer: Processing frame 31
Producer: Read frame 32 from disk
Added frame 32 to pipeline slot 2 (pipeline: 3/3)
Pipeline full, waiting for slot...
Consumer: Sent frame 31 to server, waiting for acknowledgment
Frame 31 sent to server (sent: 31, in pipeline: 3)
Consumer: Frame 31 acknowledged by server
Consumer: Waiting for encoded data for frame 31
Consumer: Received encoded data for frame 31
Consumer: Writing frame 31 to output file
Consumer: Frame 31 complete!
Frame 31 completed, removed from pipeline (received: 31, pipeline: 2/3)
Consumer: Found frame 32 to send from slot 2
Consumer: Processing frame 32
Producer: Read frame 33 from disk
Added frame 33 to pipeline slot 0 (pipeline: 3/3)
Pipeline full, waiting for slot...
Consumer: Sent frame 32 to server, waiting for acknowledgment
Frame 32 sent to server (sent: 32, in pipeline: 3)
Consumer: Frame 32 acknowledged by server
Consumer: Waiting for encoded data for frame 32
Consumer: Received encoded data for frame 32
Consumer: Writing frame 32 to output file
Consumer: Frame 32 complete!
Frame 32 completed, removed from pipeline (received: 32, pipeline: 2/3)
Consumer: Found frame 33 to send from slot 0
Consumer: Processing frame 33
Producer: Read frame 34 from disk
Added frame 34 to pipeline slot 1 (pipeline: 3/3)
Pipeline full, waiting for slot...
Consumer: Sent frame 33 to server, waiting for acknowledgment
Frame 33 sent to server (sent: 33, in pipeline: 3)
Consumer: Frame 33 acknowledged by server
Consumer: Waiting for encoded data for frame 33
Consumer: Received encoded data for frame 33
Consumer: Writing frame 33 to output file
Consumer: Frame 33 complete!
Frame 33 completed, removed from pipeline (received: 33, pipeline: 2/3)
Consumer: Found frame 34 to send from slot 1
Consumer: Processing frame 34
Producer: Read frame 35 from disk
Added frame 35 to pipeline slot 2 (pipeline: 3/3)
Pipeline full, waiting for slot...
Consumer: Sent frame 34 to server, waiting for acknowledgment
Frame 34 sent to server (sent: 34, in pipeline: 3)
Consumer: Frame 34 acknowledged by server
Consumer: Waiting for encoded data for frame 34
Consumer: Received encoded data for frame 34
Consumer: Writing frame 34 to output file
Consumer: Frame 34 complete!
Frame 34 completed, removed from pipeline (received: 34, pipeline: 2/3)
Consumer: Found frame 35 to send from slot 2
Consumer: Processing frame 35
Producer: Read frame 36 from disk
Added frame 36 to pipeline slot 0 (pipeline: 3/3)
Pipeline full, waiting for slot...
Consumer: Sent frame 35 to server, waiting for acknowledgment
Frame 35 sent to server (sent: 35, in pipeline: 3)
Consumer: Frame 35 acknowledged by server
Consumer: Waiting for encoded data for frame 35
Consumer: Received encoded data for frame 35
Consumer: Writing frame 35 to output file
Consumer: Frame 35 complete!
Frame 35 completed, removed from pipeline (received: 35, pipeline: 2/3)
Consumer: Found frame 36 to send from slot 0
Consumer: Processing frame 36
Producer: Read frame 37 from disk
Added frame 37 to pipeline slot 1 (pipeline: 3/3)
Pipeline full, waiting for slot...
Consumer: Sent frame 36 to server, waiting for acknowledgment
Frame 36 sent to server (sent: 36, in pipeline: 3)
Consumer: Frame 36 acknowledged by server
Consumer: Waiting for encoded data for frame 36
Consumer: Received encoded data for frame 36
Consumer: Writing frame 36 to output file
Consumer: Frame 36 complete!
Frame 36 completed, removed from pipeline (received: 36, pipeline: 2/3)
Consumer: Found frame 37 to send from slot 1
Consumer: Processing frame 37
Producer: Read frame 38 from disk
Added frame 38 to pipeline slot 2 (pipeline: 3/3)
Pipeline full, waiting for slot...
Consumer: Sent frame 37 to server, waiting for acknowledgment
Frame 37 sent to server (sent: 37, in pipeline: 3)
Consumer: Frame 37 acknowledged by server
Consumer: Waiting for encoded data for frame 37
Consumer: Received encoded data for frame 37
Consumer: Writing frame 37 to output file
Consumer: Frame 37 complete!
Frame 37 completed, removed from pipeline (received: 37, pipeline: 2/3)
Consumer: Found frame 38 to send from slot 2
Consumer: Processing frame 38
Producer: Read frame 39 from disk
Added frame 39 to pipeline slot 0 (pipeline: 3/3)
Pipeline full, waiting for slot...
Consumer: Sent frame 38 to server, waiting for acknowledgment
Frame 38 sent to server (sent: 38, in pipeline: 3)
Consumer: Frame 38 acknowledged by server
Consumer: Waiting for encoded data for frame 38
Consumer: Received encoded data for frame 38
Consumer: Writing frame 38 to output file
Consumer: Frame 38 complete!
Frame 38 completed, removed from pipeline (received: 38, pipeline: 2/3)
Consumer: Found frame 39 to send from slot 0
Consumer: Processing frame 39
Producer: Read frame 40 from disk
Added frame 40 to pipeline slot 1 (pipeline: 3/3)
Pipeline full, waiting for slot...
Consumer: Sent frame 39 to server, waiting for acknowledgment
Frame 39 sent to server (sent: 39, in pipeline: 3)
Consumer: Frame 39 acknowledged by server
Consumer: Waiting for encoded data for frame 39
Consumer: Received encoded data for frame 39
Consumer: Writing frame 39 to output file
Consumer: Frame 39 complete!
Frame 39 completed, removed from pipeline (received: 39, pipeline: 2/3)
Consumer: Found frame 40 to send from slot 1
Consumer: Processing frame 40
Producer: Read frame 41 from disk
Added frame 41 to pipeline slot 2 (pipeline: 3/3)
Pipeline full, waiting for slot...
Consumer: Sent frame 40 to server, waiting for acknowledgment
Frame 40 sent to server (sent: 40, in pipeline: 3)
Consumer: Frame 40 acknowledged by server
Consumer: Waiting for encoded data for frame 40
Consumer: Received encoded data for frame 40
Consumer: Writing frame 40 to output file
Consumer: Frame 40 complete!
Frame 40 completed, removed from pipeline (received: 40, pipeline: 2/3)
Consumer: Found frame 41 to send from slot 2
Consumer: Processing frame 41
Producer: Read frame 42 from disk
Added frame 42 to pipeline slot 0 (pipeline: 3/3)
Pipeline full, waiting for slot...
Consumer: Sent frame 41 to server, waiting for acknowledgment
Frame 41 sent to server (sent: 41, in pipeline: 3)
Consumer: Frame 41 acknowledged by server
Consumer: Waiting for encoded data for frame 41
Consumer: Received encoded data for frame 41
Consumer: Writing frame 41 to output file
Consumer: Frame 41 complete!
Frame 41 completed, removed from pipeline (received: 41, pipeline: 2/3)
Consumer: Found frame 42 to send from slot 0
Consumer: Processing frame 42
Producer: Read frame 43 from disk
Added frame 43 to pipeline slot 1 (pipeline: 3/3)
Pipeline full, waiting for slot...
Consumer: Sent frame 42 to server, waiting for acknowledgment
Frame 42 sent to server (sent: 42, in pipeline: 3)
Consumer: Frame 42 acknowledged by server
Consumer: Waiting for encoded data for frame 42
Consumer: Received encoded data for frame 42
Consumer: Writing frame 42 to output file
Consumer: Frame 42 complete!
Frame 42 completed, removed from pipeline (received: 42, pipeline: 2/3)
Consumer: Found frame 43 to send from slot 1
Consumer: Processing frame 43
Producer: Read frame 44 from disk
Added frame 44 to pipeline slot 2 (pipeline: 3/3)
Pipeline full, waiting for slot...
Consumer: Sent frame 43 to server, waiting for acknowledgment
Frame 43 sent to server (sent: 43, in pipeline: 3)
Consumer: Frame 43 acknowledged by server
Consumer: Waiting for encoded data for frame 43
Consumer: Received encoded data for frame 43
Consumer: Writing frame 43 to output file
Consumer: Frame 43 complete!
Frame 43 completed, removed from pipeline (received: 43, pipeline: 2/3)
Consumer: Found frame 44 to send from slot 2
Consumer: Processing frame 44
Producer: Read frame 45 from disk
Added frame 45 to pipeline slot 0 (pipeline: 3/3)
Pipeline full, waiting for slot...
Consumer: Sent frame 44 to server, waiting for acknowledgment
Frame 44 sent to server (sent: 44, in pipeline: 3)
Consumer: Frame 44 acknowledged by server
Consumer: Waiting for encoded data for frame 44
Consumer: Received encoded data for frame 44
Consumer: Writing frame 44 to output file
Consumer: Frame 44 complete!
Frame 44 completed, removed from pipeline (received: 44, pipeline: 2/3)
Consumer: Found frame 45 to send from slot 0
Consumer: Processing frame 45
Producer: Read frame 46 from disk
Added frame 46 to pipeline slot 1 (pipeline: 3/3)
Pipeline full, waiting for slot...
Consumer: Sent frame 45 to server, waiting for acknowledgment
Frame 45 sent to server (sent: 45, in pipeline: 3)
Consumer: Frame 45 acknowledged by server
Consumer: Waiting for encoded data for frame 45
Consumer: Received encoded data for frame 45
Consumer: Writing frame 45 to output file
Consumer: Frame 45 complete!
Frame 45 completed, removed from pipeline (received: 45, pipeline: 2/3)
Consumer: Found frame 46 to send from slot 1
Consumer: Processing frame 46
Producer: Read frame 47 from disk
Added frame 47 to pipeline slot 2 (pipeline: 3/3)
Pipeline full, waiting for slot...
Consumer: Sent frame 46 to server, waiting for acknowledgment
Frame 46 sent to server (sent: 46, in pipeline: 3)
Consumer: Frame 46 acknowledged by server
Consumer: Waiting for encoded data for frame 46
Consumer: Received encoded data for frame 46
Consumer: Writing frame 46 to output file
Consumer: Frame 46 complete!
Frame 46 completed, removed from pipeline (received: 46, pipeline: 2/3)
Consumer: Found frame 47 to send from slot 2
Consumer: Processing frame 47
Producer: Read frame 48 from disk
Added frame 48 to pipeline slot 0 (pipeline: 3/3)
Pipeline full, waiting for slot...
Consumer: Sent frame 47 to server, waiting for acknowledgment
Frame 47 sent to server (sent: 47, in pipeline: 3)
Consumer: Frame 47 acknowledged by server
Consumer: Waiting for encoded data for frame 47
Consumer: Received encoded data for frame 47
Consumer: Writing frame 47 to output file
Consumer: Frame 47 complete!
Frame 47 completed, removed from pipeline (received: 47, pipeline: 2/3)
Consumer: Found frame 48 to send from slot 0
Consumer: Processing frame 48
Producer: Read frame 49 from disk
Added frame 49 to pipeline slot 1 (pipeline: 3/3)
Pipeline full, waiting for slot...
Consumer: Sent frame 48 to server, waiting for acknowledgment
Frame 48 sent to server (sent: 48, in pipeline: 3)
Consumer: Frame 48 acknowledged by server
Consumer: Waiting for encoded data for frame 48
Consumer: Received encoded data for frame 48
Consumer: Writing frame 48 to output file
Consumer: Frame 48 complete!
Frame 48 completed, removed from pipeline (received: 48, pipeline: 2/3)
Consumer: Found frame 49 to send from slot 1
Consumer: Processing frame 49
Producer: Read frame 50 from disk
Added frame 50 to pipeline slot 2 (pipeline: 3/3)
Pipeline full, waiting for slot...
Consumer: Sent frame 49 to server, waiting for acknowledgment
Frame 49 sent to server (sent: 49, in pipeline: 3)
Consumer: Frame 49 acknowledged by server
Consumer: Waiting for encoded data for frame 49
Consumer: Received encoded data for frame 49
Consumer: Writing frame 49 to output file
Consumer: Frame 49 complete!
Frame 49 completed, removed from pipeline (received: 49, pipeline: 2/3)
Consumer: Found frame 50 to send from slot 2
Consumer: Processing frame 50
Producer: Read frame 51 from disk
Added frame 51 to pipeline slot 0 (pipeline: 3/3)
Pipeline full, waiting for slot...
Consumer: Sent frame 50 to server, waiting for acknowledgment
Frame 50 sent to server (sent: 50, in pipeline: 3)
Consumer: Frame 50 acknowledged by server
Consumer: Waiting for encoded data for frame 50
Consumer: Received encoded data for frame 50
Consumer: Writing frame 50 to output file
Consumer: Frame 50 complete!
Frame 50 completed, removed from pipeline (received: 50, pipeline: 2/3)
Consumer: Found frame 51 to send from slot 0
Consumer: Processing frame 51
Producer: Read frame 52 from disk
Added frame 52 to pipeline slot 1 (pipeline: 3/3)
Pipeline full, waiting for slot...
Consumer: Sent frame 51 to server, waiting for acknowledgment
Frame 51 sent to server (sent: 51, in pipeline: 3)
Consumer: Frame 51 acknowledged by server
Consumer: Waiting for encoded data for frame 51
Consumer: Received encoded data for frame 51
Consumer: Writing frame 51 to output file
Consumer: Frame 51 complete!
Frame 51 completed, removed from pipeline (received: 51, pipeline: 2/3)
Consumer: Found frame 52 to send from slot 1
Consumer: Processing frame 52
Producer: Read frame 53 from disk
Added frame 53 to pipeline slot 2 (pipeline: 3/3)
Pipeline full, waiting for slot...
Consumer: Sent frame 52 to server, waiting for acknowledgment
Frame 52 sent to server (sent: 52, in pipeline: 3)
Consumer: Frame 52 acknowledged by server
Consumer: Waiting for encoded data for frame 52
Consumer: Received encoded data for frame 52
Consumer: Writing frame 52 to output file
Consumer: Frame 52 complete!
Frame 52 completed, removed from pipeline (received: 52, pipeline: 2/3)
Consumer: Found frame 53 to send from slot 2
Consumer: Processing frame 53
Producer: Read frame 54 from disk
Added frame 54 to pipeline slot 0 (pipeline: 3/3)
Pipeline full, waiting for slot...
Consumer: Sent frame 53 to server, waiting for acknowledgment
Frame 53 sent to server (sent: 53, in pipeline: 3)
Consumer: Frame 53 acknowledged by server
Consumer: Waiting for encoded data for frame 53
Consumer: Received encoded data for frame 53
Consumer: Writing frame 53 to output file
Consumer: Frame 53 complete!
Frame 53 completed, removed from pipeline (received: 53, pipeline: 2/3)
Consumer: Found frame 54 to send from slot 0
Consumer: Processing frame 54
Producer: Read frame 55 from disk
Added frame 55 to pipeline slot 1 (pipeline: 3/3)
Pipeline full, waiting for slot...
Consumer: Sent frame 54 to server, waiting for acknowledgment
Frame 54 sent to server (sent: 54, in pipeline: 3)
Consumer: Frame 54 acknowledged by server
Consumer: Waiting for encoded data for frame 54
Consumer: Received encoded data for frame 54
Consumer: Writing frame 54 to output file
Consumer: Frame 54 complete!
Frame 54 completed, removed from pipeline (received: 54, pipeline: 2/3)
Consumer: Found frame 55 to send from slot 1
Consumer: Processing frame 55
Producer: Read frame 56 from disk
Added frame 56 to pipeline slot 2 (pipeline: 3/3)
Pipeline full, waiting for slot...
Consumer: Sent frame 55 to server, waiting for acknowledgment
Frame 55 sent to server (sent: 55, in pipeline: 3)
Consumer: Frame 55 acknowledged by server
Consumer: Waiting for encoded data for frame 55
Consumer: Received encoded data for frame 55
Consumer: Writing frame 55 to output file
Consumer: Frame 55 complete!
Frame 55 completed, removed from pipeline (received: 55, pipeline: 2/3)
Consumer: Found frame 56 to send from slot 2
Consumer: Processing frame 56
Producer: Read frame 57 from disk
Added frame 57 to pipeline slot 0 (pipeline: 3/3)
Pipeline full, waiting for slot...
Consumer: Sent frame 56 to server, waiting for acknowledgment
Frame 56 sent to server (sent: 56, in pipeline: 3)
Consumer: Frame 56 acknowledged by server
Consumer: Waiting for encoded data for frame 56
Consumer: Received encoded data for frame 56
Consumer: Writing frame 56 to output file
Consumer: Frame 56 complete!
Frame 56 completed, removed from pipeline (received: 56, pipeline: 2/3)
Consumer: Found frame 57 to send from slot 0
Consumer: Processing frame 57
Producer: Read frame 58 from disk
Added frame 58 to pipeline slot 1 (pipeline: 3/3)
Pipeline full, waiting for slot...
Consumer: Sent frame 57 to server, waiting for acknowledgment
Frame 57 sent to server (sent: 57, in pipeline: 3)
Consumer: Frame 57 acknowledged by server
Consumer: Waiting for encoded data for frame 57
Consumer: Received encoded data for frame 57
Consumer: Writing frame 57 to output file
Consumer: Frame 57 complete!
Frame 57 completed, removed from pipeline (received: 57, pipeline: 2/3)
Consumer: Found frame 58 to send from slot 1
Consumer: Processing frame 58
Producer: Read frame 59 from disk
Added frame 59 to pipeline slot 2 (pipeline: 3/3)
Pipeline full, waiting for slot...
Consumer: Sent frame 58 to server, waiting for acknowledgment
Frame 58 sent to server (sent: 58, in pipeline: 3)
Consumer: Frame 58 acknowledged by server
Consumer: Waiting for encoded data for frame 58
Consumer: Received encoded data for frame 58
Consumer: Writing frame 58 to output file
Consumer: Frame 58 complete!
Frame 58 completed, removed from pipeline (received: 58, pipeline: 2/3)
Consumer: Found frame 59 to send from slot 2
Consumer: Processing frame 59
Producer: Read frame 60 from disk
Added frame 60 to pipeline slot 0 (pipeline: 3/3)
Pipeline full, waiting for slot...
Consumer: Sent frame 59 to server, waiting for acknowledgment
Frame 59 sent to server (sent: 59, in pipeline: 3)
Consumer: Frame 59 acknowledged by server
Consumer: Waiting for encoded data for frame 59
Consumer: Received encoded data for frame 59
Consumer: Writing frame 59 to output file
Consumer: Frame 59 complete!
Frame 59 completed, removed from pipeline (received: 59, pipeline: 2/3)
Consumer: Found frame 60 to send from slot 0
Consumer: Processing frame 60
Producer: Read frame 61 from disk
Added frame 61 to pipeline slot 1 (pipeline: 3/3)
Pipeline full, waiting for slot...
Consumer: Sent frame 60 to server, waiting for acknowledgment
Frame 60 sent to server (sent: 60, in pipeline: 3)
Consumer: Frame 60 acknowledged by server
Consumer: Waiting for encoded data for frame 60
Consumer: Received encoded data for frame 60
Consumer: Writing frame 60 to output file
Consumer: Frame 60 complete!
Frame 60 completed, removed from pipeline (received: 60, pipeline: 2/3)
Consumer: Found frame 61 to send from slot 1
Consumer: Processing frame 61
Producer: Read frame 62 from disk
Added frame 62 to pipeline slot 2 (pipeline: 3/3)
Pipeline full, waiting for slot...
Consumer: Sent frame 61 to server, waiting for acknowledgment
Frame 61 sent to server (sent: 61, in pipeline: 3)
Consumer: Frame 61 acknowledged by server
Consumer: Waiting for encoded data for frame 61
Consumer: Received encoded data for frame 61
Consumer: Writing frame 61 to output file
Consumer: Frame 61 complete!
Frame 61 completed, removed from pipeline (received: 61, pipeline: 2/3)
Consumer: Found frame 62 to send from slot 2
Consumer: Processing frame 62
Producer: Read frame 63 from disk
Added frame 63 to pipeline slot 0 (pipeline: 3/3)
Pipeline full, waiting for slot...
Consumer: Sent frame 62 to server, waiting for acknowledgment
Frame 62 sent to server (sent: 62, in pipeline: 3)
Consumer: Frame 62 acknowledged by server
Consumer: Waiting for encoded data for frame 62
Consumer: Received encoded data for frame 62
Consumer: Writing frame 62 to output file
Consumer: Frame 62 complete!
Frame 62 completed, removed from pipeline (received: 62, pipeline: 2/3)
Consumer: Found frame 63 to send from slot 0
Consumer: Processing frame 63
Producer: Read frame 64 from disk
Added frame 64 to pipeline slot 1 (pipeline: 3/3)
Pipeline full, waiting for slot...
Consumer: Sent frame 63 to server, waiting for acknowledgment
Frame 63 sent to server (sent: 63, in pipeline: 3)
Consumer: Frame 63 acknowledged by server
Consumer: Waiting for encoded data for frame 63
Consumer: Received encoded data for frame 63
Consumer: Writing frame 63 to output file
Consumer: Frame 63 complete!
Frame 63 completed, removed from pipeline (received: 63, pipeline: 2/3)
Consumer: Found frame 64 to send from slot 1
Consumer: Processing frame 64
Producer: Read frame 65 from disk
Added frame 65 to pipeline slot 2 (pipeline: 3/3)
Pipeline full, waiting for slot...
Consumer: Sent frame 64 to server, waiting for acknowledgment
Frame 64 sent to server (sent: 64, in pipeline: 3)
Consumer: Frame 64 acknowledged by server
Consumer: Waiting for encoded data for frame 64
Consumer: Received encoded data for frame 64
Consumer: Writing frame 64 to output file
Consumer: Frame 64 complete!
Frame 64 completed, removed from pipeline (received: 64, pipeline: 2/3)
Consumer: Found frame 65 to send from slot 2
Consumer: Processing frame 65
Producer: Read frame 66 from disk
Added frame 66 to pipeline slot 0 (pipeline: 3/3)
Pipeline full, waiting for slot...
Consumer: Sent frame 65 to server, waiting for acknowledgment
Frame 65 sent to server (sent: 65, in pipeline: 3)
Consumer: Frame 65 acknowledged by server
Consumer: Waiting for encoded data for frame 65
Consumer: Received encoded data for frame 65
Consumer: Writing frame 65 to output file
Consumer: Frame 65 complete!
Frame 65 completed, removed from pipeline (received: 65, pipeline: 2/3)
Consumer: Found frame 66 to send from slot 0
Consumer: Processing frame 66
Producer: Read frame 67 from disk
Added frame 67 to pipeline slot 1 (pipeline: 3/3)
Pipeline full, waiting for slot...
Consumer: Sent frame 66 to server, waiting for acknowledgment
Frame 66 sent to server (sent: 66, in pipeline: 3)
Consumer: Frame 66 acknowledged by server
Consumer: Waiting for encoded data for frame 66
Consumer: Received encoded data for frame 66
Consumer: Writing frame 66 to output file
Consumer: Frame 66 complete!
Frame 66 completed, removed from pipeline (received: 66, pipeline: 2/3)
Consumer: Found frame 67 to send from slot 1
Consumer: Processing frame 67
Producer: Read frame 68 from disk
Added frame 68 to pipeline slot 2 (pipeline: 3/3)
Pipeline full, waiting for slot...
Consumer: Sent frame 67 to server, waiting for acknowledgment
Frame 67 sent to server (sent: 67, in pipeline: 3)
Consumer: Frame 67 acknowledged by server
Consumer: Waiting for encoded data for frame 67
Consumer: Received encoded data for frame 67
Consumer: Writing frame 67 to output file
Consumer: Frame 67 complete!
Frame 67 completed, removed from pipeline (received: 67, pipeline: 2/3)
Consumer: Found frame 68 to send from slot 2
Consumer: Processing frame 68
Producer: Read frame 69 from disk
Added frame 69 to pipeline slot 0 (pipeline: 3/3)
Pipeline full, waiting for slot...
Consumer: Sent frame 68 to server, waiting for acknowledgment
Frame 68 sent to server (sent: 68, in pipeline: 3)
Consumer: Frame 68 acknowledged by server
Consumer: Waiting for encoded data for frame 68
Consumer: Received encoded data for frame 68
Consumer: Writing frame 68 to output file
Consumer: Frame 68 complete!
Frame 68 completed, removed from pipeline (received: 68, pipeline: 2/3)
Consumer: Found frame 69 to send from slot 0
Consumer: Processing frame 69
Producer: Read frame 70 from disk
Added frame 70 to pipeline slot 1 (pipeline: 3/3)
Pipeline full, waiting for slot...
Consumer: Sent frame 69 to server, waiting for acknowledgment
Frame 69 sent to server (sent: 69, in pipeline: 3)
Consumer: Frame 69 acknowledged by server
Consumer: Waiting for encoded data for frame 69
Consumer: Received encoded data for frame 69
Consumer: Writing frame 69 to output file
Consumer: Frame 69 complete!
Frame 69 completed, removed from pipeline (received: 69, pipeline: 2/3)
Consumer: Found frame 70 to send from slot 1
Consumer: Processing frame 70
Producer: Read frame 71 from disk
Added frame 71 to pipeline slot 2 (pipeline: 3/3)
Pipeline full, waiting for slot...
Consumer: Sent frame 70 to server, waiting for acknowledgment
Frame 70 sent to server (sent: 70, in pipeline: 3)
Consumer: Frame 70 acknowledged by server
Consumer: Waiting for encoded data for frame 70
Consumer: Received encoded data for frame 70
Consumer: Writing frame 70 to output file
Consumer: Frame 70 complete!
Frame 70 completed, removed from pipeline (received: 70, pipeline: 2/3)
Consumer: Found frame 71 to send from slot 2
Consumer: Processing frame 71
Producer: Read frame 72 from disk
Added frame 72 to pipeline slot 0 (pipeline: 3/3)
Pipeline full, waiting for slot...
Consumer: Sent frame 71 to server, waiting for acknowledgment
Frame 71 sent to server (sent: 71, in pipeline: 3)
Consumer: Frame 71 acknowledged by server
Consumer: Waiting for encoded data for frame 71
Consumer: Received encoded data for frame 71
Consumer: Writing frame 71 to output file
Consumer: Frame 71 complete!
Frame 71 completed, removed from pipeline (received: 71, pipeline: 2/3)
Consumer: Found frame 72 to send from slot 0
Consumer: Processing frame 72
Producer: Read frame 73 from disk
Added frame 73 to pipeline slot 1 (pipeline: 3/3)
Pipeline full, waiting for slot...
Consumer: Sent frame 72 to server, waiting for acknowledgment
Frame 72 sent to server (sent: 72, in pipeline: 3)
Consumer: Frame 72 acknowledged by server
Consumer: Waiting for encoded data for frame 72
Consumer: Received encoded data for frame 72
Consumer: Writing frame 72 to output file
Consumer: Frame 72 complete!
Frame 72 completed, removed from pipeline (received: 72, pipeline: 2/3)
Consumer: Found frame 73 to send from slot 1
Consumer: Processing frame 73
Producer: Read frame 74 from disk
Added frame 74 to pipeline slot 2 (pipeline: 3/3)
Pipeline full, waiting for slot...
Consumer: Sent frame 73 to server, waiting for acknowledgment
Frame 73 sent to server (sent: 73, in pipeline: 3)
Consumer: Frame 73 acknowledged by server
Consumer: Waiting for encoded data for frame 73
Consumer: Received encoded data for frame 73
Consumer: Writing frame 73 to output file
Consumer: Frame 73 complete!
Frame 73 completed, removed from pipeline (received: 73, pipeline: 2/3)
Consumer: Found frame 74 to send from slot 2
Consumer: Processing frame 74
Producer: Read frame 75 from disk
Added frame 75 to pipeline slot 0 (pipeline: 3/3)
Pipeline full, waiting for slot...
Consumer: Sent frame 74 to server, waiting for acknowledgment
Frame 74 sent to server (sent: 74, in pipeline: 3)
Consumer: Frame 74 acknowledged by server
Consumer: Waiting for encoded data for frame 74
Consumer: Received encoded data for frame 74
Consumer: Writing frame 74 to output file
Consumer: Frame 74 complete!
Frame 74 completed, removed from pipeline (received: 74, pipeline: 2/3)
Consumer: Found frame 75 to send from slot 0
Consumer: Processing frame 75
Producer: Read frame 76 from disk
Added frame 76 to pipeline slot 1 (pipeline: 3/3)
Pipeline full, waiting for slot...
Consumer: Sent frame 75 to server, waiting for acknowledgment
Frame 75 sent to server (sent: 75, in pipeline: 3)
Consumer: Frame 75 acknowledged by server
Consumer: Waiting for encoded data for frame 75
Consumer: Received encoded data for frame 75
Consumer: Writing frame 75 to output file
Consumer: Frame 75 complete!
Frame 75 completed, removed from pipeline (received: 75, pipeline: 2/3)
Consumer: Found frame 76 to send from slot 1
Consumer: Processing frame 76
Producer: Read frame 77 from disk
Added frame 77 to pipeline slot 2 (pipeline: 3/3)
Pipeline full, waiting for slot...
Consumer: Sent frame 76 to server, waiting for acknowledgment
Frame 76 sent to server (sent: 76, in pipeline: 3)
Consumer: Frame 76 acknowledged by server
Consumer: Waiting for encoded data for frame 76
Consumer: Received encoded data for frame 76
Consumer: Writing frame 76 to output file
Consumer: Frame 76 complete!
Frame 76 completed, removed from pipeline (received: 76, pipeline: 2/3)
Consumer: Found frame 77 to send from slot 2
Consumer: Processing frame 77
Producer: Read frame 78 from disk
Added frame 78 to pipeline slot 0 (pipeline: 3/3)
Pipeline full, waiting for slot...
Consumer: Sent frame 77 to server, waiting for acknowledgment
Frame 77 sent to server (sent: 77, in pipeline: 3)
Consumer: Frame 77 acknowledged by server
Consumer: Waiting for encoded data for frame 77
Consumer: Received encoded data for frame 77
Consumer: Writing frame 77 to output file
Consumer: Frame 77 complete!
Frame 77 completed, removed from pipeline (received: 77, pipeline: 2/3)
Consumer: Found frame 78 to send from slot 0
Consumer: Processing frame 78
Producer: Read frame 79 from disk
Added frame 79 to pipeline slot 1 (pipeline: 3/3)
Pipeline full, waiting for slot...
Consumer: Sent frame 78 to server, waiting for acknowledgment
Frame 78 sent to server (sent: 78, in pipeline: 3)
Consumer: Frame 78 acknowledged by server
Consumer: Waiting for encoded data for frame 78
Consumer: Received encoded data for frame 78
Consumer: Writing frame 78 to output file
Consumer: Frame 78 complete!
Frame 78 completed, removed from pipeline (received: 78, pipeline: 2/3)
Consumer: Found frame 79 to send from slot 1
Consumer: Processing frame 79
Producer: Read frame 80 from disk
Added frame 80 to pipeline slot 2 (pipeline: 3/3)
Pipeline full, waiting for slot...
Consumer: Sent frame 79 to server, waiting for acknowledgment
Frame 79 sent to server (sent: 79, in pipeline: 3)
Consumer: Frame 79 acknowledged by server
Consumer: Waiting for encoded data for frame 79
Consumer: Received encoded data for frame 79
Consumer: Writing frame 79 to output file
Consumer: Frame 79 complete!
Frame 79 completed, removed from pipeline (received: 79, pipeline: 2/3)
Consumer: Found frame 80 to send from slot 2
Consumer: Processing frame 80
Producer: Read frame 81 from disk
Added frame 81 to pipeline slot 0 (pipeline: 3/3)
Pipeline full, waiting for slot...
Consumer: Sent frame 80 to server, waiting for acknowledgment
Frame 80 sent to server (sent: 80, in pipeline: 3)
Consumer: Frame 80 acknowledged by server
Consumer: Waiting for encoded data for frame 80
Consumer: Received encoded data for frame 80
Consumer: Writing frame 80 to output file
Consumer: Frame 80 complete!
Frame 80 completed, removed from pipeline (received: 80, pipeline: 2/3)
Consumer: Found frame 81 to send from slot 0
Consumer: Processing frame 81
Producer: Read frame 82 from disk
Added frame 82 to pipeline slot 1 (pipeline: 3/3)
Pipeline full, waiting for slot...
Consumer: Sent frame 81 to server, waiting for acknowledgment
Frame 81 sent to server (sent: 81, in pipeline: 3)
Consumer: Frame 81 acknowledged by server
Consumer: Waiting for encoded data for frame 81
Consumer: Received encoded data for frame 81
Consumer: Writing frame 81 to output file
Consumer: Frame 81 complete!
Frame 81 completed, removed from pipeline (received: 81, pipeline: 2/3)
Consumer: Found frame 82 to send from slot 1
Consumer: Processing frame 82
Producer: Read frame 83 from disk
Added frame 83 to pipeline slot 2 (pipeline: 3/3)
Pipeline full, waiting for slot...
Consumer: Sent frame 82 to server, waiting for acknowledgment
Frame 82 sent to server (sent: 82, in pipeline: 3)
Consumer: Frame 82 acknowledged by server
Consumer: Waiting for encoded data for frame 82
Consumer: Received encoded data for frame 82
Consumer: Writing frame 82 to output file
Consumer: Frame 82 complete!
Frame 82 completed, removed from pipeline (received: 82, pipeline: 2/3)
Consumer: Found frame 83 to send from slot 2
Consumer: Processing frame 83
Producer: Read frame 84 from disk
Added frame 84 to pipeline slot 0 (pipeline: 3/3)
Pipeline full, waiting for slot...
Consumer: Sent frame 83 to server, waiting for acknowledgment
Frame 83 sent to server (sent: 83, in pipeline: 3)
Consumer: Frame 83 acknowledged by server
Consumer: Waiting for encoded data for frame 83
Consumer: Received encoded data for frame 83
Consumer: Writing frame 83 to output file
Consumer: Frame 83 complete!
Frame 83 completed, removed from pipeline (received: 83, pipeline: 2/3)
Consumer: Found frame 84 to send from slot 0
Consumer: Processing frame 84
Producer: Read frame 85 from disk
Added frame 85 to pipeline slot 1 (pipeline: 3/3)
Pipeline full, waiting for slot...
Consumer: Sent frame 84 to server, waiting for acknowledgment
Frame 84 sent to server (sent: 84, in pipeline: 3)
Consumer: Frame 84 acknowledged by server
Consumer: Waiting for encoded data for frame 84
Consumer: Received encoded data for frame 84
Consumer: Writing frame 84 to output file
Consumer: Frame 84 complete!
Frame 84 completed, removed from pipeline (received: 84, pipeline: 2/3)
Consumer: Found frame 85 to send from slot 1
Consumer: Processing frame 85
Producer: Read frame 86 from disk
Added frame 86 to pipeline slot 2 (pipeline: 3/3)
Pipeline full, waiting for slot...
Consumer: Sent frame 85 to server, waiting for acknowledgment
Frame 85 sent to server (sent: 85, in pipeline: 3)
Consumer: Frame 85 acknowledged by server
Consumer: Waiting for encoded data for frame 85
Consumer: Received encoded data for frame 85
Consumer: Writing frame 85 to output file
Consumer: Frame 85 complete!
Frame 85 completed, removed from pipeline (received: 85, pipeline: 2/3)
Consumer: Found frame 86 to send from slot 2
Consumer: Processing frame 86
Producer: Read frame 87 from disk
Added frame 87 to pipeline slot 0 (pipeline: 3/3)
Pipeline full, waiting for slot...
Consumer: Sent frame 86 to server, waiting for acknowledgment
Frame 86 sent to server (sent: 86, in pipeline: 3)
Consumer: Frame 86 acknowledged by server
Consumer: Waiting for encoded data for frame 86
Consumer: Received encoded data for frame 86
Consumer: Writing frame 86 to output file
Consumer: Frame 86 complete!
Frame 86 completed, removed from pipeline (received: 86, pipeline: 2/3)
Consumer: Found frame 87 to send from slot 0
Consumer: Processing frame 87
Producer: Read frame 88 from disk
Added frame 88 to pipeline slot 1 (pipeline: 3/3)
Pipeline full, waiting for slot...
Consumer: Sent frame 87 to server, waiting for acknowledgment
Frame 87 sent to server (sent: 87, in pipeline: 3)
Consumer: Frame 87 acknowledged by server
Consumer: Waiting for encoded data for frame 87
Consumer: Received encoded data for frame 87
Consumer: Writing frame 87 to output file
Consumer: Frame 87 complete!
Frame 87 completed, removed from pipeline (received: 87, pipeline: 2/3)
Consumer: Found frame 88 to send from slot 1
Consumer: Processing frame 88
Producer: Read frame 89 from disk
Added frame 89 to pipeline slot 2 (pipeline: 3/3)
Pipeline full, waiting for slot...
Consumer: Sent frame 88 to server, waiting for acknowledgment
Frame 88 sent to server (sent: 88, in pipeline: 3)
Consumer: Frame 88 acknowledged by server
Consumer: Waiting for encoded data for frame 88
Consumer: Received encoded data for frame 88
Consumer: Writing frame 88 to output file
Consumer: Frame 88 complete!
Frame 88 completed, removed from pipeline (received: 88, pipeline: 2/3)
Consumer: Found frame 89 to send from slot 2
Consumer: Processing frame 89
Producer: Read frame 90 from disk
Added frame 90 to pipeline slot 0 (pipeline: 3/3)
Pipeline full, waiting for slot...
Consumer: Sent frame 89 to server, waiting for acknowledgment
Frame 89 sent to server (sent: 89, in pipeline: 3)
Consumer: Frame 89 acknowledged by server
Consumer: Waiting for encoded data for frame 89
Consumer: Received encoded data for frame 89
Consumer: Writing frame 89 to output file
Consumer: Frame 89 complete!
Frame 89 completed, removed from pipeline (received: 89, pipeline: 2/3)
Consumer: Found frame 90 to send from slot 0
Consumer: Processing frame 90
Producer: Read frame 91 from disk
Added frame 91 to pipeline slot 1 (pipeline: 3/3)
Pipeline full, waiting for slot...
Consumer: Sent frame 90 to server, waiting for acknowledgment
Frame 90 sent to server (sent: 90, in pipeline: 3)
Consumer: Frame 90 acknowledged by server
Consumer: Waiting for encoded data for frame 90
Consumer: Received encoded data for frame 90
Consumer: Writing frame 90 to output file
Consumer: Frame 90 complete!
Frame 90 completed, removed from pipeline (received: 90, pipeline: 2/3)
Consumer: Found frame 91 to send from slot 1
Consumer: Processing frame 91
Producer: Read frame 92 from disk
Added frame 92 to pipeline slot 2 (pipeline: 3/3)
Pipeline full, waiting for slot...
Consumer: Sent frame 91 to server, waiting for acknowledgment
Frame 91 sent to server (sent: 91, in pipeline: 3)
Consumer: Frame 91 acknowledged by server
Consumer: Waiting for encoded data for frame 91
Consumer: Received encoded data for frame 91
Consumer: Writing frame 91 to output file
Consumer: Frame 91 complete!
Frame 91 completed, removed from pipeline (received: 91, pipeline: 2/3)
Consumer: Found frame 92 to send from slot 2
Consumer: Processing frame 92
Producer: Read frame 93 from disk
Added frame 93 to pipeline slot 0 (pipeline: 3/3)
Pipeline full, waiting for slot...
Consumer: Sent frame 92 to server, waiting for acknowledgment
Frame 92 sent to server (sent: 92, in pipeline: 3)
Consumer: Frame 92 acknowledged by server
Consumer: Waiting for encoded data for frame 92
Consumer: Received encoded data for frame 92
Consumer: Writing frame 92 to output file
Consumer: Frame 92 complete!
Frame 92 completed, removed from pipeline (received: 92, pipeline: 2/3)
Consumer: Found frame 93 to send from slot 0
Consumer: Processing frame 93
Producer: Read frame 94 from disk
Added frame 94 to pipeline slot 1 (pipeline: 3/3)
Pipeline full, waiting for slot...
Consumer: Sent frame 93 to server, waiting for acknowledgment
Frame 93 sent to server (sent: 93, in pipeline: 3)
Consumer: Frame 93 acknowledged by server
Consumer: Waiting for encoded data for frame 93
Consumer: Received encoded data for frame 93
Consumer: Writing frame 93 to output file
Consumer: Frame 93 complete!
Frame 93 completed, removed from pipeline (received: 93, pipeline: 2/3)
Consumer: Found frame 94 to send from slot 1
Consumer: Processing frame 94
Producer: Read frame 95 from disk
Added frame 95 to pipeline slot 2 (pipeline: 3/3)
Pipeline full, waiting for slot...
Consumer: Sent frame 94 to server, waiting for acknowledgment
Frame 94 sent to server (sent: 94, in pipeline: 3)
Consumer: Frame 94 acknowledged by server
Consumer: Waiting for encoded data for frame 94
Consumer: Received encoded data for frame 94
Consumer: Writing frame 94 to output file
Consumer: Frame 94 complete!
Frame 94 completed, removed from pipeline (received: 94, pipeline: 2/3)
Consumer: Found frame 95 to send from slot 2
Consumer: Processing frame 95
Producer: Read frame 96 from disk
Added frame 96 to pipeline slot 0 (pipeline: 3/3)
Pipeline full, waiting for slot...
Consumer: Sent frame 95 to server, waiting for acknowledgment
Frame 95 sent to server (sent: 95, in pipeline: 3)
Consumer: Frame 95 acknowledged by server
Consumer: Waiting for encoded data for frame 95
Consumer: Received encoded data for frame 95
Consumer: Writing frame 95 to output file
Consumer: Frame 95 complete!
Frame 95 completed, removed from pipeline (received: 95, pipeline: 2/3)
Consumer: Found frame 96 to send from slot 0
Consumer: Processing frame 96
Producer: Read frame 97 from disk
Added frame 97 to pipeline slot 1 (pipeline: 3/3)
Pipeline full, waiting for slot...
Consumer: Sent frame 96 to server, waiting for acknowledgment
Frame 96 sent to server (sent: 96, in pipeline: 3)
Consumer: Frame 96 acknowledged by server
Consumer: Waiting for encoded data for frame 96
Consumer: Received encoded data for frame 96
Consumer: Writing frame 96 to output file
Consumer: Frame 96 complete!
Frame 96 completed, removed from pipeline (received: 96, pipeline: 2/3)
Consumer: Found frame 97 to send from slot 1
Consumer: Processing frame 97
Producer: Read frame 98 from disk
Added frame 98 to pipeline slot 2 (pipeline: 3/3)
Pipeline full, waiting for slot...
Consumer: Sent frame 97 to server, waiting for acknowledgment
Frame 97 sent to server (sent: 97, in pipeline: 3)
Consumer: Frame 97 acknowledged by server
Consumer: Waiting for encoded data for frame 97
Consumer: Received encoded data for frame 97
Consumer: Writing frame 97 to output file
Consumer: Frame 97 complete!
Frame 97 completed, removed from pipeline (received: 97, pipeline: 2/3)
Consumer: Found frame 98 to send from slot 2
Consumer: Processing frame 98
Producer: Read frame 99 from disk
Added frame 99 to pipeline slot 0 (pipeline: 3/3)
Producer: Reached frame limit (100 frames), stopping
Producer: Finished reading 100 frames
Client: Producer finished, waiting for consumer to process all frames
Consumer: Sent frame 98 to server, waiting for acknowledgment
Frame 98 sent to server (sent: 98, in pipeline: 3)
Consumer: Frame 98 acknowledged by server
Consumer: Waiting for encoded data for frame 98
Consumer: Received encoded data for frame 98
Consumer: Writing frame 98 to output file
Consumer: Frame 98 complete!
Frame 98 completed, removed from pipeline (received: 98, pipeline: 2/3)
Consumer: Found frame 99 to send from slot 0
Consumer: Processing frame 99
Consumer: Sent frame 99 to server, waiting for acknowledgment
Frame 99 sent to server (sent: 99, in pipeline: 2)
Consumer: Frame 99 acknowledged by server
Consumer: Waiting for encoded data for frame 99
Consumer: Received encoded data for frame 99
Consumer: Writing frame 99 to output file
Consumer: Frame 99 complete!
Frame 99 completed, removed from pipeline (received: 99, pipeline: 1/3)
Consumer: Waiting - Read: 100, Sent: 99, Received: 99, Pipeline: 1, Finished: true
PC exit code: 143
Terminated

real	9m35,654s
user	0m5,069s
sys	0m0,484s
