Limited to 60 frames.
Client: Connecting to server segment...
Client: Connected to server segment
Client: Starting video encoding
Client: Waiting for server to acknowledge dimensions
Client: Dimensions acknowledged by server
Processing frame 0, Client: YUV plane sizes - Y: 2073600 bytes, U: 518400 bytes, V: 518400 bytes
Client: Transferring Y plane (2073600 bytes)
Client: Y plane DMA transfer complete
Client: Y plane sent, waiting for acknowledgment
Client: Y plane acknowledgment received from server
Client: Reset command flag. Current command value: 0
Client: Starting U plane transfer process
Client: U plane size: 518400 bytes
Client: Copying U plane to message buffer
Client: Initiating DMA transfer for U plane
Client: Waiting for U plane DMA transfer to complete
Client: U plane DMA transfer completed
Client: Sending U plane ready signal to server
Client: U plane ready signal sent. Command value: 7, Data size: 518400
Client: Waiting for U plane acknowledgment
Client: U plane acknowledgment received from server
Client: Starting V plane transfer process
Client: V plane size: 518400 bytes
Client: V plane DMA transfer completed
Client: V plane ready signal sent
Client: Waiting for V plane acknowledgment
Client: V plane acknowledgment received from server
Client: All YUV planes transferred successfully, freeing original image buffers
Client: Waiting for server to process and return encoded data
PC exit code: 143
Terminated

real	0m7,456s
user	0m7,250s
sys	0m0,064s
