Client: Connecting to server segment...
Client: Connected to server segment
Client: Sending dimensions (width=352, height=288)
Client: Waiting for dimensions acknowledgment...
Client: Dimensions verified, starting video encoding
Processing frame 0, Frame 0 header sent and acknowledged
Frame 0 Y component sent and acknowledged
Frame 0 U component sent and acknowledged
Frame 0 V component sent and acknowledged
Frame 0 processing completed by server
Done!
Processing frame 1, Frame 1 header sent and acknowledged
Frame 1 Y component sent and acknowledged
Frame 1 U component sent and acknowledged
Frame 1 V component sent and acknowledged
Frame 1 processing completed by server
Done!
Processing frame 2, Frame 2 header sent and acknowledged
Frame 2 Y component sent and acknowledged
Frame 2 U component sent and acknowledged
Frame 2 V component sent and acknowledged
Frame 2 processing completed by server
Done!
Processing frame 3, Frame 3 header sent and acknowledged
Frame 3 Y component sent and acknowledged
Frame 3 U component sent and acknowledged
Frame 3 V component sent and acknowledged
Frame 3 processing completed by server
Done!
Processing frame 4, Frame 4 header sent and acknowledged
Frame 4 Y component sent and acknowledged
Frame 4 U component sent and acknowledged
Frame 4 V component sent and acknowledged
Frame 4 processing completed by server
Done!
Processing frame 5, Frame 5 header sent and acknowledged
Frame 5 Y component sent and acknowledged
Frame 5 U component sent and acknowledged
Frame 5 V component sent and acknowledged
Frame 5 processing completed by server
Done!
Processing frame 6, Frame 6 header sent and acknowledged
Frame 6 Y component sent and acknowledged
Frame 6 U component sent and acknowledged
Frame 6 V component sent and acknowledged
Frame 6 processing completed by server
Done!
Processing frame 7, Frame 7 header sent and acknowledged
Frame 7 Y component sent and acknowledged
Frame 7 U component sent and acknowledged
Frame 7 V component sent and acknowledged
Frame 7 processing completed by server
Done!
Processing frame 8, Frame 8 header sent and acknowledged
Frame 8 Y component sent and acknowledged
Frame 8 U component sent and acknowledged
Frame 8 V component sent and acknowledged
Frame 8 processing completed by server
Done!
Processing frame 9, Frame 9 header sent and acknowledged
Frame 9 Y component sent and acknowledged
Frame 9 U component sent and acknowledged
Frame 9 V component sent and acknowledged
Frame 9 processing completed by server
Done!
Processing frame 10, Frame 10 header sent and acknowledged
Frame 10 Y component sent and acknowledged
Frame 10 U component sent and acknowledged
Frame 10 V component sent and acknowledged
Frame 10 processing completed by server
Done!
Processing frame 11, Frame 11 header sent and acknowledged
Frame 11 Y component sent and acknowledged
Frame 11 U component sent and acknowledged
Frame 11 V component sent and acknowledged
Frame 11 processing completed by server
Done!
Processing frame 12, Frame 12 header sent and acknowledged
Frame 12 Y component sent and acknowledged
Frame 12 U component sent and acknowledged
Frame 12 V component sent and acknowledged
Frame 12 processing completed by server
Done!
Processing frame 13, Frame 13 header sent and acknowledged
Frame 13 Y component sent and acknowledged
Frame 13 U component sent and acknowledged
Frame 13 V component sent and acknowledged
Frame 13 processing completed by server
Done!
Processing frame 14, Frame 14 header sent and acknowledged
Frame 14 Y component sent and acknowledged
Frame 14 U component sent and acknowledged
Frame 14 V component sent and acknowledged
Frame 14 processing completed by server
Done!
Processing frame 15, Frame 15 header sent and acknowledged
Frame 15 Y component sent and acknowledged
Frame 15 U component sent and acknowledged
Frame 15 V component sent and acknowledged
Frame 15 processing completed by server
Done!
Processing frame 16, Frame 16 header sent and acknowledged
Frame 16 Y component sent and acknowledged
Frame 16 U component sent and acknowledged
Frame 16 V component sent and acknowledged
Frame 16 processing completed by server
Done!
Processing frame 17, Frame 17 header sent and acknowledged
Frame 17 Y component sent and acknowledged
Frame 17 U component sent and acknowledged
Frame 17 V component sent and acknowledged
Frame 17 processing completed by server
Done!
Processing frame 18, Frame 18 header sent and acknowledged
Frame 18 Y component sent and acknowledged
Frame 18 U component sent and acknowledged
Frame 18 V component sent and acknowledged
Frame 18 processing completed by server
Done!
Processing frame 19, Frame 19 header sent and acknowledged
Frame 19 Y component sent and acknowledged
Frame 19 U component sent and acknowledged
Frame 19 V component sent and acknowledged
Frame 19 processing completed by server
Done!
Processing frame 20, Frame 20 header sent and acknowledged
Frame 20 Y component sent and acknowledged
Frame 20 U component sent and acknowledged
Frame 20 V component sent and acknowledged
Frame 20 processing completed by server
Done!
Processing frame 21, Frame 21 header sent and acknowledged
Frame 21 Y component sent and acknowledged
Frame 21 U component sent and acknowledged
Frame 21 V component sent and acknowledged
Frame 21 processing completed by server
Done!
Processing frame 22, Frame 22 header sent and acknowledged
Frame 22 Y component sent and acknowledged
Frame 22 U component sent and acknowledged
Frame 22 V component sent and acknowledged
Frame 22 processing completed by server
Done!
Processing frame 23, Frame 23 header sent and acknowledged
Frame 23 Y component sent and acknowledged
Frame 23 U component sent and acknowledged
Frame 23 V component sent and acknowledged
Frame 23 processing completed by server
Done!
Processing frame 24, Frame 24 header sent and acknowledged
Frame 24 Y component sent and acknowledged
Frame 24 U component sent and acknowledged
Frame 24 V component sent and acknowledged
Frame 24 processing completed by server
Done!
Processing frame 25, Frame 25 header sent and acknowledged
Frame 25 Y component sent and acknowledged
Frame 25 U component sent and acknowledged
Frame 25 V component sent and acknowledged
Frame 25 processing completed by server
Done!
Processing frame 26, Frame 26 header sent and acknowledged
Frame 26 Y component sent and acknowledged
Frame 26 U component sent and acknowledged
Frame 26 V component sent and acknowledged
Frame 26 processing completed by server
Done!
Processing frame 27, Frame 27 header sent and acknowledged
Frame 27 Y component sent and acknowledged
Frame 27 U component sent and acknowledged
Frame 27 V component sent and acknowledged
Frame 27 processing completed by server
Done!
Processing frame 28, Frame 28 header sent and acknowledged
Frame 28 Y component sent and acknowledged
Frame 28 U component sent and acknowledged
Frame 28 V component sent and acknowledged
Frame 28 processing completed by server
Done!
Processing frame 29, Frame 29 header sent and acknowledged
Frame 29 Y component sent and acknowledged
Frame 29 U component sent and acknowledged
Frame 29 V component sent and acknowledged
Frame 29 processing completed by server
Done!
Processing frame 30, Frame 30 header sent and acknowledged
Frame 30 Y component sent and acknowledged
Frame 30 U component sent and acknowledged
Frame 30 V component sent and acknowledged
Frame 30 processing completed by server
Done!
Processing frame 31, Frame 31 header sent and acknowledged
Frame 31 Y component sent and acknowledged
Frame 31 U component sent and acknowledged
Frame 31 V component sent and acknowledged
Frame 31 processing completed by server
Done!
Processing frame 32, Frame 32 header sent and acknowledged
Frame 32 Y component sent and acknowledged
Frame 32 U component sent and acknowledged
Frame 32 V component sent and acknowledged
Frame 32 processing completed by server
Done!
Processing frame 33, Frame 33 header sent and acknowledged
Frame 33 Y component sent and acknowledged
Frame 33 U component sent and acknowledged
Frame 33 V component sent and acknowledged
Frame 33 processing completed by server
Done!
Processing frame 34, Frame 34 header sent and acknowledged
Frame 34 Y component sent and acknowledged
Frame 34 U component sent and acknowledged
Frame 34 V component sent and acknowledged
Frame 34 processing completed by server
Done!
Processing frame 35, Frame 35 header sent and acknowledged
Frame 35 Y component sent and acknowledged
Frame 35 U component sent and acknowledged
Frame 35 V component sent and acknowledged
Frame 35 processing completed by server
Done!
Processing frame 36, Frame 36 header sent and acknowledged
Frame 36 Y component sent and acknowledged
Frame 36 U component sent and acknowledged
Frame 36 V component sent and acknowledged
Frame 36 processing completed by server
Done!
Processing frame 37, Frame 37 header sent and acknowledged
Frame 37 Y component sent and acknowledged
Frame 37 U component sent and acknowledged
Frame 37 V component sent and acknowledged
Frame 37 processing completed by server
Done!
Processing frame 38, Frame 38 header sent and acknowledged
Frame 38 Y component sent and acknowledged
Frame 38 U component sent and acknowledged
Frame 38 V component sent and acknowledged
Frame 38 processing completed by server
Done!
Processing frame 39, Frame 39 header sent and acknowledged
Frame 39 Y component sent and acknowledged
Frame 39 U component sent and acknowledged
Frame 39 V component sent and acknowledged
Frame 39 processing completed by server
Done!
Processing frame 40, Frame 40 header sent and acknowledged
Frame 40 Y component sent and acknowledged
Frame 40 U component sent and acknowledged
Frame 40 V component sent and acknowledged
Frame 40 processing completed by server
Done!
Processing frame 41, Frame 41 header sent and acknowledged
Frame 41 Y component sent and acknowledged
Frame 41 U component sent and acknowledged
Frame 41 V component sent and acknowledged
Frame 41 processing completed by server
Done!
Processing frame 42, Frame 42 header sent and acknowledged
Frame 42 Y component sent and acknowledged
Frame 42 U component sent and acknowledged
Frame 42 V component sent and acknowledged
Frame 42 processing completed by server
Done!
Processing frame 43, Frame 43 header sent and acknowledged
Frame 43 Y component sent and acknowledged
Frame 43 U component sent and acknowledged
Frame 43 V component sent and acknowledged
Frame 43 processing completed by server
Done!
Processing frame 44, Frame 44 header sent and acknowledged
Frame 44 Y component sent and acknowledged
Frame 44 U component sent and acknowledged
Frame 44 V component sent and acknowledged
Frame 44 processing completed by server
Done!
Processing frame 45, Frame 45 header sent and acknowledged
Frame 45 Y component sent and acknowledged
Frame 45 U component sent and acknowledged
Frame 45 V component sent and acknowledged
Frame 45 processing completed by server
Done!
Processing frame 46, Frame 46 header sent and acknowledged
Frame 46 Y component sent and acknowledged
Frame 46 U component sent and acknowledged
Frame 46 V component sent and acknowledged
Frame 46 processing completed by server
Done!
Processing frame 47, Frame 47 header sent and acknowledged
Frame 47 Y component sent and acknowledged
Frame 47 U component sent and acknowledged
Frame 47 V component sent and acknowledged
Frame 47 processing completed by server
Done!
Processing frame 48, Frame 48 header sent and acknowledged
Frame 48 Y component sent and acknowledged
Frame 48 U component sent and acknowledged
Frame 48 V component sent and acknowledged
PC exit code: 143
Terminated

real	0m2,704s
user	0m2,495s
sys	0m0,000s
