Server: Waiting for client connection...
Server: Connected to client segment
Server: Waiting for commands...
Server: Received dimensions (width=352, height=288)
Thread pool initialized with 8 threads
Task pool is initialized with 36 tasks
Server: Dimensions acknowledged
Server: Waiting for frames...
Server: Received frame header for frame 0
Server: Received Y component for frame 0
Server: Received U component for frame 0
Server: Received V component for frame 0
Server: Processing frame 0
Server: Completed processing frame 0
Server: Received frame header for frame 1
Server: Received Y component for frame 1
Server: Received U component for frame 1
Server: Received V component for frame 1
Server: Processing frame 1
Server: Completed processing frame 1
Server: Received frame header for frame 2
Server: Received Y component for frame 2
Server: Received U component for frame 2
Server: Received V component for frame 2
Server: Processing frame 2
Server: Completed processing frame 2
Server: Received frame header for frame 3
Server: Received Y component for frame 3
Server: Received U component for frame 3
Server: Received V component for frame 3
Server: Processing frame 3
Server: Completed processing frame 3
Server: Received frame header for frame 4
Server: Received Y component for frame 4
Server: Received U component for frame 4
Server: Received V component for frame 4
Server: Processing frame 4
Server: Completed processing frame 4
Server: Received frame header for frame 5
Server: Received Y component for frame 5
Server: Received U component for frame 5
Server: Received V component for frame 5
Server: Processing frame 5
Server: Completed processing frame 5
Server: Received frame header for frame 6
Server: Received Y component for frame 6
Server: Received U component for frame 6
Server: Received V component for frame 6
Server: Processing frame 6
Server: Completed processing frame 6
Server: Received frame header for frame 7
Server: Received Y component for frame 7
Server: Received U component for frame 7
Server: Received V component for frame 7
Server: Processing frame 7
Server: Completed processing frame 7
Server: Received frame header for frame 8
Server: Received Y component for frame 8
Server: Received U component for frame 8
Server: Received V component for frame 8
Server: Processing frame 8
Server: Completed processing frame 8
Server: Received frame header for frame 9
Server: Received Y component for frame 9
Server: Received U component for frame 9
Server: Received V component for frame 9
Server: Processing frame 9
Server: Completed processing frame 9
Server: Received frame header for frame 10
Server: Received Y component for frame 10
Server: Received U component for frame 10
Server: Received V component for frame 10
Server: Processing frame 10
Server: Completed processing frame 10
Server: Received frame header for frame 11
Server: Received Y component for frame 11
Server: Received U component for frame 11
Server: Received V component for frame 11
Server: Processing frame 11
Server: Completed processing frame 11
Server: Received frame header for frame 12
Server: Received Y component for frame 12
Server: Received U component for frame 12
Server: Received V component for frame 12
Server: Processing frame 12
Server: Completed processing frame 12
Server: Received frame header for frame 13
Server: Received Y component for frame 13
Server: Received U component for frame 13
Server: Received V component for frame 13
Server: Processing frame 13
Server: Completed processing frame 13
Server: Received frame header for frame 14
Server: Received Y component for frame 14
Server: Received U component for frame 14
Server: Received V component for frame 14
Server: Processing frame 14
Server: Completed processing frame 14
Server: Received frame header for frame 15
Server: Received Y component for frame 15
Server: Received U component for frame 15
Server: Received V component for frame 15
Server: Processing frame 15
Server: Completed processing frame 15
Server: Received frame header for frame 16
Server: Received Y component for frame 16
Server: Received U component for frame 16
Server: Received V component for frame 16
Server: Processing frame 16
Server: Completed processing frame 16
Server: Received frame header for frame 17
Server: Received Y component for frame 17
Server: Received U component for frame 17
Server: Received V component for frame 17
Server: Processing frame 17
Server: Completed processing frame 17
Server: Received frame header for frame 18
Server: Received Y component for frame 18
Server: Received U component for frame 18
Server: Received V component for frame 18
Server: Processing frame 18
Server: Completed processing frame 18
Server: Received frame header for frame 19
Server: Received Y component for frame 19
Server: Received U component for frame 19
Server: Received V component for frame 19
Server: Processing frame 19
Server: Completed processing frame 19
Server: Received frame header for frame 20
Server: Received Y component for frame 20
Server: Received U component for frame 20
Server: Received V component for frame 20
Server: Processing frame 20
Server: Completed processing frame 20
Server: Received frame header for frame 21
Server: Received Y component for frame 21
Server: Received U component for frame 21
Server: Received V component for frame 21
Server: Processing frame 21
Server: Completed processing frame 21
Server: Received frame header for frame 22
Server: Received Y component for frame 22
Server: Received U component for frame 22
Server: Received V component for frame 22
Server: Processing frame 22
Server: Completed processing frame 22
Server: Received frame header for frame 23
Server: Received Y component for frame 23
Server: Received U component for frame 23
Server: Received V component for frame 23
Server: Processing frame 23
Server: Completed processing frame 23
Server: Received frame header for frame 24
Server: Received Y component for frame 24
Server: Received U component for frame 24
Server: Received V component for frame 24
Server: Processing frame 24
Server: Completed processing frame 24
Server: Received frame header for frame 25
Server: Received Y component for frame 25
Server: Received U component for frame 25
Server: Received V component for frame 25
Server: Processing frame 25
Server: Completed processing frame 25
Server: Received frame header for frame 26
Server: Received Y component for frame 26
Server: Received U component for frame 26
Server: Received V component for frame 26
Server: Processing frame 26
Server: Completed processing frame 26
Server: Received frame header for frame 27
Server: Received Y component for frame 27
Server: Received U component for frame 27
Server: Received V component for frame 27
Server: Processing frame 27
Server: Completed processing frame 27
Server: Received frame header for frame 28
Server: Received Y component for frame 28
Server: Received U component for frame 28
Server: Received V component for frame 28
Server: Processing frame 28
Server: Completed processing frame 28
Server: Received frame header for frame 29
Server: Received Y component for frame 29
Server: Received U component for frame 29
Server: Received V component for frame 29
Server: Processing frame 29
Server: Completed processing frame 29
Server: Received frame header for frame 30
Server: Received Y component for frame 30
Server: Received U component for frame 30
Server: Received V component for frame 30
Server: Processing frame 30
Server: Completed processing frame 30
Server: Received frame header for frame 31
Server: Received Y component for frame 31
Server: Received U component for frame 31
Server: Received V component for frame 31
Server: Processing frame 31
Server: Completed processing frame 31
Server: Received frame header for frame 32
Server: Received Y component for frame 32
Server: Received U component for frame 32
Server: Received V component for frame 32
Server: Processing frame 32
Server: Completed processing frame 32
Server: Received frame header for frame 33
Server: Received Y component for frame 33
Server: Received U component for frame 33
Server: Received V component for frame 33
Server: Processing frame 33
Server: Completed processing frame 33
Server: Received frame header for frame 34
Server: Received Y component for frame 34
Server: Received U component for frame 34
Server: Received V component for frame 34
Server: Processing frame 34
Server: Completed processing frame 34
Server: Received frame header for frame 35
Server: Received Y component for frame 35
Server: Received U component for frame 35
Server: Received V component for frame 35
Server: Processing frame 35
Server: Completed processing frame 35
Server: Received frame header for frame 36
Server: Received Y component for frame 36
Server: Received U component for frame 36
Server: Received V component for frame 36
Server: Processing frame 36
Server: Completed processing frame 36
Server: Received frame header for frame 37
Server: Received Y component for frame 37
Server: Received U component for frame 37
Server: Received V component for frame 37
Server: Processing frame 37
Server: Completed processing frame 37
Server: Received frame header for frame 38
Server: Received Y component for frame 38
Server: Received U component for frame 38
Server: Received V component for frame 38
Server: Processing frame 38
Server: Completed processing frame 38
Server: Received frame header for frame 39
Server: Received Y component for frame 39
Server: Received U component for frame 39
Server: Received V component for frame 39
Server: Processing frame 39
Server: Completed processing frame 39
Server: Received frame header for frame 40
Server: Received Y component for frame 40
Server: Received U component for frame 40
Server: Received V component for frame 40
Server: Processing frame 40
Server: Completed processing frame 40
Server: Received frame header for frame 41
Server: Received Y component for frame 41
Server: Received U component for frame 41
Server: Received V component for frame 41
Server: Processing frame 41
Server: Completed processing frame 41
Server: Received frame header for frame 42
Server: Received Y component for frame 42
Server: Received U component for frame 42
Server: Received V component for frame 42
Server: Processing frame 42
Server: Completed processing frame 42
Server: Received frame header for frame 43
Server: Received Y component for frame 43
Server: Received U component for frame 43
Server: Received V component for frame 43
Server: Processing frame 43
Server: Completed processing frame 43
Server: Received frame header for frame 44
Server: Received Y component for frame 44
Server: Received U component for frame 44
Server: Received V component for frame 44
Server: Processing frame 44
Server: Completed processing frame 44
Server: Received frame header for frame 45
Server: Received Y component for frame 45
Server: Received U component for frame 45
Server: Received V component for frame 45
Server: Processing frame 45
Server: Completed processing frame 45
Server: Received frame header for frame 46
Server: Received Y component for frame 46
Server: Received U component for frame 46
Server: Received V component for frame 46
Server: Processing frame 46
Server: Completed processing frame 46
Server: Received frame header for frame 47
Server: Received Y component for frame 47
Server: Received U component for frame 47
Server: Received V component for frame 47
Server: Processing frame 47
Server: Completed processing frame 47
Server: Received frame header for frame 48
Server: Received Y component for frame 48
Server: Received U component for frame 48
Server: Received V component for frame 48
Server: Processing frame 48
Server: Completed processing frame 48
Server: Received frame header for frame 49
Server: Received Y component for frame 49
Server: Received U component for frame 49
Server: Received V component for frame 49
Server: Processing frame 49
Server: Completed processing frame 49
Server: Received frame header for frame 50
Server: Received Y component for frame 50
Server: Received U component for frame 50
Server: Received V component for frame 50
Server: Processing frame 50
Server: Completed processing frame 50
Server: Received frame header for frame 51
Server: Received Y component for frame 51
Server: Received U component for frame 51
Server: Received V component for frame 51
Server: Processing frame 51
Server: Completed processing frame 51
Server: Received frame header for frame 52
Server: Received Y component for frame 52
Server: Received U component for frame 52
Server: Received V component for frame 52
Server: Processing frame 52
Server: Completed processing frame 52
Server: Received frame header for frame 53
Server: Received Y component for frame 53
Server: Received U component for frame 53
Server: Received V component for frame 53
Server: Processing frame 53
Server: Completed processing frame 53
Server: Received frame header for frame 54
Server: Received Y component for frame 54
Server: Received U component for frame 54
Server: Received V component for frame 54
Server: Processing frame 54
Server: Completed processing frame 54
Server: Received frame header for frame 55
Server: Received Y component for frame 55
Server: Received U component for frame 55
Server: Received V component for frame 55
Server: Processing frame 55
Server: Completed processing frame 55
Server: Received frame header for frame 56
Server: Received Y component for frame 56
Server: Received U component for frame 56
Server: Received V component for frame 56
Server: Processing frame 56
Server: Completed processing frame 56
Server: Received frame header for frame 57
Server: Received Y component for frame 57
Server: Received U component for frame 57
Server: Received V component for frame 57
Server: Processing frame 57
Server: Completed processing frame 57
Server: Received frame header for frame 58
Server: Received Y component for frame 58
Server: Received U component for frame 58
Server: Received V component for frame 58
Server: Processing frame 58
Server: Completed processing frame 58
Server: Received frame header for frame 59
Server: Received Y component for frame 59
Server: Received U component for frame 59
Server: Received V component for frame 59
Server: Processing frame 59
Server: Completed processing frame 59
Server: Received frame header for frame 60
Server: Received Y component for frame 60
Server: Received U component for frame 60
Server: Received V component for frame 60
Server: Processing frame 60
Server: Completed processing frame 60
Server: Received frame header for frame 61
Server: Received Y component for frame 61
Server: Received U component for frame 61
Server: Received V component for frame 61
Server: Processing frame 61
Server: Completed processing frame 61
Server: Received frame header for frame 62
Server: Received Y component for frame 62
Server: Received U component for frame 62
Server: Received V component for frame 62
Server: Processing frame 62
Server: Completed processing frame 62
Server: Received frame header for frame 63
Server: Received Y component for frame 63
Server: Received U component for frame 63
Server: Received V component for frame 63
Server: Processing frame 63
Server: Completed processing frame 63
Server: Received frame header for frame 64
Server: Received Y component for frame 64
Server: Received U component for frame 64
Server: Received V component for frame 64
Server: Processing frame 64
Server: Completed processing frame 64
Server: Received frame header for frame 65
Server: Received Y component for frame 65
Server: Received U component for frame 65
Server: Received V component for frame 65
Server: Processing frame 65
Server: Completed processing frame 65
Server: Received frame header for frame 66
Server: Received Y component for frame 66
Server: Received U component for frame 66
Server: Received V component for frame 66
Server: Processing frame 66
Server: Completed processing frame 66
Server: Received frame header for frame 67
Server: Received Y component for frame 67
Server: Received U component for frame 67
Server: Received V component for frame 67
Server: Processing frame 67
Server: Completed processing frame 67
Server: Received frame header for frame 68
Server: Received Y component for frame 68
Server: Received U component for frame 68
Server: Received V component for frame 68
Server: Processing frame 68
Server: Completed processing frame 68
Server: Received frame header for frame 69
Server: Received Y component for frame 69
Server: Received U component for frame 69
Server: Received V component for frame 69
Server: Processing frame 69
Server: Completed processing frame 69
Server: Received frame header for frame 70
Server: Received Y component for frame 70
Server: Received U component for frame 70
Server: Received V component for frame 70
Server: Processing frame 70
Server: Completed processing frame 70
Server: Received frame header for frame 71
Server: Received Y component for frame 71
Server: Received U component for frame 71
Server: Received V component for frame 71
Server: Processing frame 71
Server: Completed processing frame 71
Server: Received frame header for frame 72
Server: Received Y component for frame 72
Server: Received U component for frame 72
Server: Received V component for frame 72
Server: Processing frame 72
Server: Completed processing frame 72
Server: Received frame header for frame 73
Server: Received Y component for frame 73
Server: Received U component for frame 73
Server: Received V component for frame 73
Server: Processing frame 73
Server: Completed processing frame 73
Server: Received frame header for frame 74
Server: Received Y component for frame 74
Server: Received U component for frame 74
Server: Received V component for frame 74
Server: Processing frame 74
Server: Completed processing frame 74
Server: Received frame header for frame 75
Server: Received Y component for frame 75
Server: Received U component for frame 75
Server: Received V component for frame 75
Server: Processing frame 75
Server: Completed processing frame 75
Server: Received frame header for frame 76
Server: Received Y component for frame 76
Server: Received U component for frame 76
Server: Received V component for frame 76
Server: Processing frame 76
Server: Completed processing frame 76
Server: Received frame header for frame 77
Server: Received Y component for frame 77
Server: Received U component for frame 77
Server: Received V component for frame 77
Server: Processing frame 77
Server: Completed processing frame 77
Server: Received frame header for frame 78
Server: Received Y component for frame 78
Server: Received U component for frame 78
Server: Received V component for frame 78
Server: Processing frame 78
Server: Completed processing frame 78
Server: Received frame header for frame 79
Server: Received Y component for frame 79
Server: Received U component for frame 79
Server: Received V component for frame 79
Server: Processing frame 79
Server: Completed processing frame 79
Server: Received frame header for frame 80
Server: Received Y component for frame 80
Server: Received U component for frame 80
Server: Received V component for frame 80
Server: Processing frame 80
Server: Completed processing frame 80
Server: Received frame header for frame 81
Server: Received Y component for frame 81
Server: Received U component for frame 81
Server: Received V component for frame 81
Server: Processing frame 81
Server: Completed processing frame 81
Server: Received frame header for frame 82
Server: Received Y component for frame 82
Server: Received U component for frame 82
Server: Received V component for frame 82
Server: Processing frame 82
Server: Completed processing frame 82
Server: Received frame header for frame 83
Server: Received Y component for frame 83
Server: Received U component for frame 83
Server: Received V component for frame 83
Server: Processing frame 83
Server: Completed processing frame 83
Server: Received frame header for frame 84
Server: Received Y component for frame 84
Server: Received U component for frame 84
Server: Received V component for frame 84
Server: Processing frame 84
Server: Completed processing frame 84
Server: Received frame header for frame 85
Server: Received Y component for frame 85
Server: Received U component for frame 85
Server: Received V component for frame 85
Server: Processing frame 85
Server: Completed processing frame 85
Server: Received frame header for frame 86
Server: Received Y component for frame 86
Server: Received U component for frame 86
Server: Received V component for frame 86
Server: Processing frame 86
Server: Completed processing frame 86
Server: Received frame header for frame 87
Server: Received Y component for frame 87
Server: Received U component for frame 87
Server: Received V component for frame 87
Server: Processing frame 87
Server: Completed processing frame 87
Server: Received frame header for frame 88
Server: Received Y component for frame 88
Server: Received U component for frame 88
Server: Received V component for frame 88
Server: Processing frame 88
Server: Completed processing frame 88
Server: Received frame header for frame 89
Server: Received Y component for frame 89
Server: Received U component for frame 89
Server: Received V component for frame 89
Server: Processing frame 89
Server: Completed processing frame 89
Server: Received frame header for frame 90
Server: Received Y component for frame 90
Server: Received U component for frame 90
Server: Received V component for frame 90
Server: Processing frame 90
Server: Completed processing frame 90
Server: Received frame header for frame 91
Server: Received Y component for frame 91
Server: Received U component for frame 91
Server: Received V component for frame 91
Server: Processing frame 91
Server: Completed processing frame 91
Server: Received frame header for frame 92
Server: Received Y component for frame 92
Server: Received U component for frame 92
Server: Received V component for frame 92
Server: Processing frame 92
Server: Completed processing frame 92
Server: Received frame header for frame 93
Server: Received Y component for frame 93
Server: Received U component for frame 93
Server: Received V component for frame 93
Server: Processing frame 93
Server: Completed processing frame 93
Server: Received frame header for frame 94
Server: Received Y component for frame 94
Server: Received U component for frame 94
Server: Received V component for frame 94
Server: Processing frame 94
Server: Completed processing frame 94
Server: Received frame header for frame 95
Server: Received Y component for frame 95
Server: Received U component for frame 95
Server: Received V component for frame 95
Server: Processing frame 95
Server: Completed processing frame 95
Server: Received frame header for frame 96
Server: Received Y component for frame 96
Server: Received U component for frame 96
Server: Received V component for frame 96
Server: Processing frame 96
Server: Completed processing frame 96
Server: Received frame header for frame 97
Server: Received Y component for frame 97
Server: Received U component for frame 97
Server: Received V component for frame 97
Server: Processing frame 97
Server: Completed processing frame 97
Server: Received frame header for frame 98
Server: Received Y component for frame 98
Server: Received U component for frame 98
Server: Received V component for frame 98
Server: Processing frame 98
Server: Completed processing frame 98
Server: Received frame header for frame 99
Server: Received Y component for frame 99
Server: Received U component for frame 99
Server: Received V component for frame 99
Server: Processing frame 99
Server: Completed processing frame 99
Server: Received frame header for frame 100
Server: Received Y component for frame 100
Server: Received U component for frame 100
Server: Received V component for frame 100
Server: Processing frame 100
Server: Completed processing frame 100
Server: Received frame header for frame 101
Server: Received Y component for frame 101
Server: Received U component for frame 101
Server: Received V component for frame 101
Server: Processing frame 101
Server: Completed processing frame 101
Server: Received frame header for frame 102
Server: Received Y component for frame 102
Server: Received U component for frame 102
Server: Received V component for frame 102
Server: Processing frame 102
Server: Completed processing frame 102
Server: Received frame header for frame 103
Server: Received Y component for frame 103
Server: Received U component for frame 103
Server: Received V component for frame 103
Server: Processing frame 103
Server: Completed processing frame 103
Server: Received frame header for frame 104
Server: Received Y component for frame 104
Server: Received U component for frame 104
Server: Received V component for frame 104
Server: Processing frame 104
Server: Completed processing frame 104
Server: Received frame header for frame 105
Server: Received Y component for frame 105
Server: Received U component for frame 105
Server: Received V component for frame 105
Server: Processing frame 105
Server: Completed processing frame 105
Server: Received frame header for frame 106
Server: Received Y component for frame 106
Server: Received U component for frame 106
Server: Received V component for frame 106
Server: Processing frame 106
Server: Completed processing frame 106
Server: Received frame header for frame 107
Server: Received Y component for frame 107
Server: Received U component for frame 107
Server: Received V component for frame 107
Server: Processing frame 107
Server: Completed processing frame 107
Server: Received frame header for frame 108
Server: Received Y component for frame 108
Server: Received U component for frame 108
Server: Received V component for frame 108
Server: Processing frame 108
Server: Completed processing frame 108
Server: Received frame header for frame 109
Server: Received Y component for frame 109
Server: Received U component for frame 109
Server: Received V component for frame 109
Server: Processing frame 109
Server: Completed processing frame 109
Server: Received frame header for frame 110
Server: Received Y component for frame 110
Server: Received U component for frame 110
Server: Received V component for frame 110
Server: Processing frame 110
Server: Completed processing frame 110
Server: Received frame header for frame 111
Server: Received Y component for frame 111
Server: Received U component for frame 111
Server: Received V component for frame 111
Server: Processing frame 111
Server: Completed processing frame 111
Server: Received frame header for frame 112
Server: Received Y component for frame 112
Server: Received U component for frame 112
Server: Received V component for frame 112
Server: Processing frame 112
Server: Completed processing frame 112
Server: Received frame header for frame 113
Server: Received Y component for frame 113
Server: Received U component for frame 113
Server: Received V component for frame 113
Server: Processing frame 113
Server: Completed processing frame 113
Server: Received frame header for frame 114
Server: Received Y component for frame 114
Server: Received U component for frame 114
Server: Received V component for frame 114
Server: Processing frame 114
Server: Completed processing frame 114
Server: Received frame header for frame 115
Server: Received Y component for frame 115
Server: Received U component for frame 115
Server: Received V component for frame 115
Server: Processing frame 115
Server: Completed processing frame 115
Server: Received frame header for frame 116
Server: Received Y component for frame 116
Server: Received U component for frame 116
Server: Received V component for frame 116
Server: Processing frame 116
Server: Completed processing frame 116
Server: Received frame header for frame 117
Server: Received Y component for frame 117
Server: Received U component for frame 117
Server: Received V component for frame 117
Server: Processing frame 117
Server: Completed processing frame 117
Server: Received frame header for frame 118
Server: Received Y component for frame 118
Server: Received U component for frame 118
Server: Received V component for frame 118
Server: Processing frame 118
Server: Completed processing frame 118
Server: Received frame header for frame 119
Server: Received Y component for frame 119
Server: Received U component for frame 119
Server: Received V component for frame 119
Server: Processing frame 119
Server: Completed processing frame 119
Server: Received frame header for frame 120
Server: Received Y component for frame 120
Server: Received U component for frame 120
Server: Received V component for frame 120
Server: Processing frame 120
Server: Completed processing frame 120
Server: Received frame header for frame 121
Server: Received Y component for frame 121
Server: Received U component for frame 121
Server: Received V component for frame 121
Server: Processing frame 121
Server: Completed processing frame 121
Server: Received frame header for frame 122
Server: Received Y component for frame 122
Server: Received U component for frame 122
Server: Received V component for frame 122
Server: Processing frame 122
Server: Completed processing frame 122
Server: Received frame header for frame 123
Server: Received Y component for frame 123
Server: Received U component for frame 123
Server: Received V component for frame 123
Server: Processing frame 123
Server: Completed processing frame 123
Server: Received frame header for frame 124
Server: Received Y component for frame 124
Server: Received U component for frame 124
Server: Received V component for frame 124
Server: Processing frame 124
Server: Completed processing frame 124
Server: Received frame header for frame 125
Server: Received Y component for frame 125
Server: Received U component for frame 125
Server: Received V component for frame 125
Server: Processing frame 125
Server: Completed processing frame 125
Server: Received frame header for frame 126
Server: Received Y component for frame 126
Server: Received U component for frame 126
Server: Received V component for frame 126
Server: Processing frame 126
Server: Completed processing frame 126
Server: Received frame header for frame 127
Server: Received Y component for frame 127
Server: Received U component for frame 127
Server: Received V component for frame 127
Server: Processing frame 127
Server: Completed processing frame 127
Server: Received frame header for frame 128
Server: Received Y component for frame 128
Server: Received U component for frame 128
Server: Received V component for frame 128
Server: Processing frame 128
Server: Completed processing frame 128
Server: Received frame header for frame 129
Server: Received Y component for frame 129
Server: Received U component for frame 129
Server: Received V component for frame 129
Server: Processing frame 129
Server: Completed processing frame 129
Server: Received frame header for frame 130
Server: Received Y component for frame 130
Server: Received U component for frame 130
Server: Received V component for frame 130
Server: Processing frame 130
Server: Completed processing frame 130
Server: Received frame header for frame 131
Server: Received Y component for frame 131
Server: Received U component for frame 131
Server: Received V component for frame 131
Server: Processing frame 131
Server: Completed processing frame 131
Server: Received frame header for frame 132
Server: Received Y component for frame 132
Server: Received U component for frame 132
Server: Received V component for frame 132
Server: Processing frame 132
Server: Completed processing frame 132
Server: Received frame header for frame 133
Server: Received Y component for frame 133
Server: Received U component for frame 133
Server: Received V component for frame 133
Server: Processing frame 133
Server: Completed processing frame 133
Server: Received frame header for frame 134
Server: Received Y component for frame 134
Server: Received U component for frame 134
Server: Received V component for frame 134
Server: Processing frame 134
Server: Completed processing frame 134
Server: Received frame header for frame 135
Server: Received Y component for frame 135
Server: Received U component for frame 135
Server: Received V component for frame 135
Server: Processing frame 135
Server: Completed processing frame 135
Server: Received frame header for frame 136
Server: Received Y component for frame 136
Server: Received U component for frame 136
Server: Received V component for frame 136
Server: Processing frame 136
Server: Completed processing frame 136
Server: Received frame header for frame 137
Server: Received Y component for frame 137
Server: Received U component for frame 137
Server: Received V component for frame 137
Server: Processing frame 137
Server: Completed processing frame 137
Server: Received frame header for frame 138
Server: Received Y component for frame 138
Server: Received U component for frame 138
Server: Received V component for frame 138
Server: Processing frame 138
Server: Completed processing frame 138
Server: Received frame header for frame 139
Server: Received Y component for frame 139
Server: Received U component for frame 139
Server: Received V component for frame 139
Server: Processing frame 139
Server: Completed processing frame 139
Server: Received frame header for frame 140
Server: Received Y component for frame 140
Server: Received U component for frame 140
Server: Received V component for frame 140
Server: Processing frame 140
Server: Completed processing frame 140
Server: Received frame header for frame 141
Server: Received Y component for frame 141
Server: Received U component for frame 141
Server: Received V component for frame 141
Server: Processing frame 141
Server: Completed processing frame 141
Server: Received frame header for frame 142
Server: Received Y component for frame 142
Server: Received U component for frame 142
Server: Received V component for frame 142
Server: Processing frame 142
Server: Completed processing frame 142
Server: Received frame header for frame 143
Server: Received Y component for frame 143
Server: Received U component for frame 143
Server: Received V component for frame 143
Server: Processing frame 143
Server: Completed processing frame 143
Server: Received frame header for frame 144
Server: Received Y component for frame 144
Server: Received U component for frame 144
Server: Received V component for frame 144
Server: Processing frame 144
Server: Completed processing frame 144
Server: Received frame header for frame 145
Server: Received Y component for frame 145
Server: Received U component for frame 145
Server: Received V component for frame 145
Server: Processing frame 145
Server: Completed processing frame 145
Server: Received frame header for frame 146
Server: Received Y component for frame 146
Server: Received U component for frame 146
Server: Received V component for frame 146
Server: Processing frame 146
Server: Completed processing frame 146
Server: Received frame header for frame 147
Server: Received Y component for frame 147
Server: Received U component for frame 147
Server: Received V component for frame 147
Server: Processing frame 147
Server: Completed processing frame 147
Server: Received frame header for frame 148
Server: Received Y component for frame 148
Server: Received U component for frame 148
Server: Received V component for frame 148
Server: Processing frame 148
Server: Completed processing frame 148
Server: Received frame header for frame 149
Server: Received Y component for frame 149
Server: Received U component for frame 149
Server: Received V component for frame 149
Server: Processing frame 149
Server: Completed processing frame 149
Server: Received frame header for frame 150
Server: Received Y component for frame 150
Server: Received U component for frame 150
Server: Received V component for frame 150
Server: Processing frame 150
Server: Completed processing frame 150
Server: Received frame header for frame 151
Server: Received Y component for frame 151
Server: Received U component for frame 151
Server: Received V component for frame 151
Server: Processing frame 151
Server: Completed processing frame 151
Server: Received frame header for frame 152
Server: Received Y component for frame 152
Server: Received U component for frame 152
Server: Received V component for frame 152
Server: Processing frame 152
Server: Completed processing frame 152
Server: Received frame header for frame 153
Server: Received Y component for frame 153
Server: Received U component for frame 153
Server: Received V component for frame 153
Server: Processing frame 153
Server: Completed processing frame 153
Server: Received frame header for frame 154
Server: Received Y component for frame 154
Server: Received U component for frame 154
Server: Received V component for frame 154
Server: Processing frame 154
Server: Completed processing frame 154
Server: Received frame header for frame 155
Server: Received Y component for frame 155
Server: Received U component for frame 155
Server: Received V component for frame 155
Server: Processing frame 155
Server: Completed processing frame 155
Server: Received frame header for frame 156
Server: Received Y component for frame 156
Server: Received U component for frame 156
Server: Received V component for frame 156
Server: Processing frame 156
Server: Completed processing frame 156
Server: Received frame header for frame 157
Server: Received Y component for frame 157
Server: Received U component for frame 157
Server: Received V component for frame 157
Server: Processing frame 157
Server: Completed processing frame 157
Server: Received frame header for frame 158
Server: Received Y component for frame 158
Server: Received U component for frame 158
Server: Received V component for frame 158
Server: Processing frame 158
Server: Completed processing frame 158
Server: Received frame header for frame 159
Server: Received Y component for frame 159
Server: Received U component for frame 159
Server: Received V component for frame 159
Server: Processing frame 159
Server: Completed processing frame 159
Server: Received frame header for frame 160
Server: Received Y component for frame 160
Server: Received U component for frame 160
Server: Received V component for frame 160
Server: Processing frame 160
Server: Completed processing frame 160
Server: Received frame header for frame 161
Server: Received Y component for frame 161
Server: Received U component for frame 161
Server: Received V component for frame 161
Server: Processing frame 161
Server: Completed processing frame 161
Server: Received frame header for frame 162
Server: Received Y component for frame 162
Server: Received U component for frame 162
Server: Received V component for frame 162
Server: Processing frame 162
Server: Completed processing frame 162
Server: Received frame header for frame 163
Server: Received Y component for frame 163
Server: Received U component for frame 163
Server: Received V component for frame 163
Server: Processing frame 163
Server: Completed processing frame 163
Server: Received frame header for frame 164
Server: Received Y component for frame 164
Server: Received U component for frame 164
Server: Received V component for frame 164
Server: Processing frame 164
Server: Completed processing frame 164
Server: Received frame header for frame 165
Server: Received Y component for frame 165
Server: Received U component for frame 165
Server: Received V component for frame 165
Server: Processing frame 165
Server: Completed processing frame 165
Server: Received frame header for frame 166
Server: Received Y component for frame 166
Server: Received U component for frame 166
Server: Received V component for frame 166
Server: Processing frame 166
Server: Completed processing frame 166
Server: Received frame header for frame 167
Server: Received Y component for frame 167
Server: Received U component for frame 167
Server: Received V component for frame 167
Server: Processing frame 167
Server: Completed processing frame 167
Server: Received frame header for frame 168
Server: Received Y component for frame 168
Server: Received U component for frame 168
Server: Received V component for frame 168
Server: Processing frame 168
Server: Completed processing frame 168
Server: Received frame header for frame 169
Server: Received Y component for frame 169
Server: Received U component for frame 169
Server: Received V component for frame 169
Server: Processing frame 169
Server: Completed processing frame 169
Server: Received frame header for frame 170
Server: Received Y component for frame 170
Server: Received U component for frame 170
Server: Received V component for frame 170
Server: Processing frame 170
Server: Completed processing frame 170
Server: Received frame header for frame 171
Server: Received Y component for frame 171
Server: Received U component for frame 171
Server: Received V component for frame 171
Server: Processing frame 171
Server: Completed processing frame 171
Server: Received frame header for frame 172
Server: Received Y component for frame 172
Server: Received U component for frame 172
Server: Received V component for frame 172
Server: Processing frame 172
Server: Completed processing frame 172
Server: Received frame header for frame 173
Server: Received Y component for frame 173
Server: Received U component for frame 173
Server: Received V component for frame 173
Server: Processing frame 173
Server: Completed processing frame 173
Server: Received frame header for frame 174
Server: Received Y component for frame 174
Server: Received U component for frame 174
Server: Received V component for frame 174
Server: Processing frame 174
Server: Completed processing frame 174
Server: Received frame header for frame 175
Server: Received Y component for frame 175
Server: Received U component for frame 175
Server: Received V component for frame 175
Server: Processing frame 175
Server: Completed processing frame 175
Server: Received frame header for frame 176
Server: Received Y component for frame 176
Server: Received U component for frame 176
Server: Received V component for frame 176
Server: Processing frame 176
Server: Completed processing frame 176
Server: Received frame header for frame 177
Server: Received Y component for frame 177
Server: Received U component for frame 177
Server: Received V component for frame 177
Server: Processing frame 177
Server: Completed processing frame 177
Server: Received frame header for frame 178
Server: Received Y component for frame 178
Server: Received U component for frame 178
Server: Received V component for frame 178
Server: Processing frame 178
Server: Completed processing frame 178
Server: Received frame header for frame 179
Server: Received Y component for frame 179
Server: Received U component for frame 179
Server: Received V component for frame 179
Server: Processing frame 179
Server: Completed processing frame 179
Server: Received frame header for frame 180
Server: Received Y component for frame 180
Server: Received U component for frame 180
Server: Received V component for frame 180
Server: Processing frame 180
Server: Completed processing frame 180
Server: Received frame header for frame 181
Server: Received Y component for frame 181
Server: Received U component for frame 181
Server: Received V component for frame 181
Server: Processing frame 181
Server: Completed processing frame 181
Server: Received frame header for frame 182
Server: Received Y component for frame 182
Server: Received U component for frame 182
Server: Received V component for frame 182
Server: Processing frame 182
Server: Completed processing frame 182
Server: Received frame header for frame 183
Server: Received Y component for frame 183
Server: Received U component for frame 183
Server: Received V component for frame 183
Server: Processing frame 183
Server: Completed processing frame 183
Server: Received frame header for frame 184
Server: Received Y component for frame 184
Server: Received U component for frame 184
Server: Received V component for frame 184
Server: Processing frame 184
Server: Completed processing frame 184
Server: Received frame header for frame 185
Server: Received Y component for frame 185
Server: Received U component for frame 185
Server: Received V component for frame 185
Server: Processing frame 185
Server: Completed processing frame 185
Server: Received frame header for frame 186
Server: Received Y component for frame 186
Server: Received U component for frame 186
Server: Received V component for frame 186
Server: Processing frame 186
Server: Completed processing frame 186
Server: Received frame header for frame 187
Server: Received Y component for frame 187
Server: Received U component for frame 187
Server: Received V component for frame 187
Server: Processing frame 187
Server: Completed processing frame 187
Server: Received frame header for frame 188
Server: Received Y component for frame 188
Server: Received U component for frame 188
Server: Received V component for frame 188
Server: Processing frame 188
Server: Completed processing frame 188
Server: Received frame header for frame 189
Server: Received Y component for frame 189
Server: Received U component for frame 189
Server: Received V component for frame 189
Server: Processing frame 189
Server: Completed processing frame 189
Server: Received frame header for frame 190
Server: Received Y component for frame 190
Server: Received U component for frame 190
Server: Received V component for frame 190
Server: Processing frame 190
Server: Completed processing frame 190
Server: Received frame header for frame 191
Server: Received Y component for frame 191
Server: Received U component for frame 191
Server: Received V component for frame 191
Server: Processing frame 191
Server: Completed processing frame 191
Server: Received frame header for frame 192
Server: Received Y component for frame 192
Server: Received U component for frame 192
Server: Received V component for frame 192
Server: Processing frame 192
Server: Completed processing frame 192
Server: Received frame header for frame 193
Server: Received Y component for frame 193
Server: Received U component for frame 193
Server: Received V component for frame 193
Server: Processing frame 193
Server: Completed processing frame 193
Server: Received frame header for frame 194
Server: Received Y component for frame 194
Server: Received U component for frame 194
Server: Received V component for frame 194
Server: Processing frame 194
Server: Completed processing frame 194
Server: Received frame header for frame 195
Server: Received Y component for frame 195
Server: Received U component for frame 195
Server: Received V component for frame 195
Server: Processing frame 195
Server: Completed processing frame 195
Server: Received frame header for frame 196
Server: Received Y component for frame 196
Server: Received U component for frame 196
Server: Received V component for frame 196
Server: Processing frame 196
Server: Completed processing frame 196
Server: Received frame header for frame 197
Server: Received Y component for frame 197
Server: Received U component for frame 197
Server: Received V component for frame 197
Server: Processing frame 197
Server: Completed processing frame 197
Server: Received frame header for frame 198
Server: Received Y component for frame 198
Server: Received U component for frame 198
Server: Received V component for frame 198
Server: Processing frame 198
Server: Completed processing frame 198
Server: Received frame header for frame 199
Server: Received Y component for frame 199
Server: Received U component for frame 199
Server: Received V component for frame 199
Server: Processing frame 199
Server: Completed processing frame 199
Server: Received frame header for frame 200
Server: Received Y component for frame 200
Server: Received U component for frame 200
Server: Received V component for frame 200
Server: Processing frame 200
Server: Completed processing frame 200
Server: Received frame header for frame 201
Server: Received Y component for frame 201
Server: Received U component for frame 201
Server: Received V component for frame 201
Server: Processing frame 201
Server: Completed processing frame 201
Server: Received frame header for frame 202
Server: Received Y component for frame 202
Server: Received U component for frame 202
Server: Received V component for frame 202
Server: Processing frame 202
Server: Completed processing frame 202
Server: Received frame header for frame 203
Server: Received Y component for frame 203
Server: Received U component for frame 203
Server: Received V component for frame 203
Server: Processing frame 203
Server: Completed processing frame 203
Server: Received frame header for frame 204
Server: Received Y component for frame 204
Server: Received U component for frame 204
Server: Received V component for frame 204
Server: Processing frame 204
Server: Completed processing frame 204
Server: Received frame header for frame 205
Server: Received Y component for frame 205
Server: Received U component for frame 205
Server: Received V component for frame 205
Server: Processing frame 205
Server: Completed processing frame 205
Server: Received frame header for frame 206
Server: Received Y component for frame 206
Server: Received U component for frame 206
Server: Received V component for frame 206
Server: Processing frame 206
Server: Completed processing frame 206
Server: Received frame header for frame 207
Server: Received Y component for frame 207
Server: Received U component for frame 207
Server: Received V component for frame 207
Server: Processing frame 207
Server: Completed processing frame 207
Server: Received frame header for frame 208
Server: Received Y component for frame 208
Server: Received U component for frame 208
Server: Received V component for frame 208
Server: Processing frame 208
Server: Completed processing frame 208
Server: Received frame header for frame 209
Server: Received Y component for frame 209
Server: Received U component for frame 209
Server: Received V component for frame 209
Server: Processing frame 209
Server: Completed processing frame 209
Server: Received frame header for frame 210
Server: Received Y component for frame 210
Server: Received U component for frame 210
Server: Received V component for frame 210
Server: Processing frame 210
Server: Completed processing frame 210
Server: Received frame header for frame 211
Server: Received Y component for frame 211
Server: Received U component for frame 211
Server: Received V component for frame 211
Server: Processing frame 211
Server: Completed processing frame 211
Server: Received frame header for frame 212
Server: Received Y component for frame 212
Server: Received U component for frame 212
Server: Received V component for frame 212
Server: Processing frame 212
Server: Completed processing frame 212
Server: Received frame header for frame 213
Server: Received Y component for frame 213
Server: Received U component for frame 213
Server: Received V component for frame 213
Server: Processing frame 213
Server: Completed processing frame 213
Server: Received frame header for frame 214
Server: Received Y component for frame 214
Server: Received U component for frame 214
Server: Received V component for frame 214
Server: Processing frame 214
Server: Completed processing frame 214
Server: Received frame header for frame 215
Server: Received Y component for frame 215
Server: Received U component for frame 215
Server: Received V component for frame 215
Server: Processing frame 215
Server: Completed processing frame 215
Server: Received frame header for frame 216
Server: Received Y component for frame 216
Server: Received U component for frame 216
Server: Received V component for frame 216
Server: Processing frame 216
Server: Completed processing frame 216
Server: Received frame header for frame 217
Server: Received Y component for frame 217
Server: Received U component for frame 217
Server: Received V component for frame 217
Server: Processing frame 217
Server: Completed processing frame 217
Server: Received frame header for frame 218
Server: Received Y component for frame 218
Server: Received U component for frame 218
Server: Received V component for frame 218
Server: Processing frame 218
Server: Completed processing frame 218
Server: Received frame header for frame 219
Server: Received Y component for frame 219
Server: Received U component for frame 219
Server: Received V component for frame 219
Server: Processing frame 219
Server: Completed processing frame 219
Server: Received frame header for frame 220
Server: Received Y component for frame 220
Server: Received U component for frame 220
Server: Received V component for frame 220
Server: Processing frame 220
Server: Completed processing frame 220
Server: Received frame header for frame 221
Server: Received Y component for frame 221
Server: Received U component for frame 221
Server: Received V component for frame 221
Server: Processing frame 221
Server: Completed processing frame 221
Server: Received frame header for frame 222
Server: Received Y component for frame 222
Server: Received U component for frame 222
Server: Received V component for frame 222
Server: Processing frame 222
Server: Completed processing frame 222
Server: Received frame header for frame 223
Server: Received Y component for frame 223
Server: Received U component for frame 223
Server: Received V component for frame 223
Server: Processing frame 223
Server: Completed processing frame 223
Server: Received frame header for frame 224
Server: Received Y component for frame 224
Server: Received U component for frame 224
Server: Received V component for frame 224
Server: Processing frame 224
Server: Completed processing frame 224
Server: Received frame header for frame 225
Server: Received Y component for frame 225
Server: Received U component for frame 225
Server: Received V component for frame 225
Server: Processing frame 225
Server: Completed processing frame 225
Server: Received frame header for frame 226
Server: Received Y component for frame 226
Server: Received U component for frame 226
Server: Received V component for frame 226
Server: Processing frame 226
Server: Completed processing frame 226
Server: Received frame header for frame 227
Server: Received Y component for frame 227
Server: Received U component for frame 227
Server: Received V component for frame 227
Server: Processing frame 227
Server: Completed processing frame 227
Server: Received frame header for frame 228
Server: Received Y component for frame 228
Server: Received U component for frame 228
Server: Received V component for frame 228
Server: Processing frame 228
Server: Completed processing frame 228
Server: Received frame header for frame 229
Server: Received Y component for frame 229
Server: Received U component for frame 229
Server: Received V component for frame 229
Server: Processing frame 229
Server: Completed processing frame 229
Server: Received frame header for frame 230
Server: Received Y component for frame 230
Server: Received U component for frame 230
Server: Received V component for frame 230
Server: Processing frame 230
Server: Completed processing frame 230
Server: Received frame header for frame 231
Server: Received Y component for frame 231
Server: Received U component for frame 231
Server: Received V component for frame 231
Server: Processing frame 231
Server: Completed processing frame 231
Server: Received frame header for frame 232
Server: Received Y component for frame 232
Server: Received U component for frame 232
Server: Received V component for frame 232
Server: Processing frame 232
Server: Completed processing frame 232
Server: Received frame header for frame 233
Server: Received Y component for frame 233
Server: Received U component for frame 233
Server: Received V component for frame 233
Server: Processing frame 233
Server: Completed processing frame 233
Server: Received frame header for frame 234
Server: Received Y component for frame 234
Server: Received U component for frame 234
Server: Received V component for frame 234
Server: Processing frame 234
Server: Completed processing frame 234
Server: Received frame header for frame 235
Server: Received Y component for frame 235
Server: Received U component for frame 235
Server: Received V component for frame 235
Server: Processing frame 235
Server: Completed processing frame 235
Server: Received frame header for frame 236
Server: Received Y component for frame 236
Server: Received U component for frame 236
Server: Received V component for frame 236
Server: Processing frame 236
Server: Completed processing frame 236
Server: Received frame header for frame 237
Server: Received Y component for frame 237
Server: Received U component for frame 237
Server: Received V component for frame 237
Server: Processing frame 237
Server: Completed processing frame 237
Server: Received frame header for frame 238
Server: Received Y component for frame 238
Server: Received U component for frame 238
Server: Received V component for frame 238
Server: Processing frame 238
Server: Completed processing frame 238
Server: Received frame header for frame 239
Server: Received Y component for frame 239
Server: Received U component for frame 239
Server: Received V component for frame 239
Server: Processing frame 239
Server: Completed processing frame 239
Server: Received frame header for frame 240
Server: Received Y component for frame 240
Server: Received U component for frame 240
Server: Received V component for frame 240
Server: Processing frame 240
Server: Completed processing frame 240
Server: Received frame header for frame 241
Server: Received Y component for frame 241
Server: Received U component for frame 241
Server: Received V component for frame 241
Server: Processing frame 241
Server: Completed processing frame 241
Server: Received frame header for frame 242
Server: Received Y component for frame 242
Server: Received U component for frame 242
Server: Received V component for frame 242
Server: Processing frame 242
Server: Completed processing frame 242
Server: Received frame header for frame 243
Server: Received Y component for frame 243
Server: Received U component for frame 243
Server: Received V component for frame 243
Server: Processing frame 243
Server: Completed processing frame 243
Server: Received frame header for frame 244
Server: Received Y component for frame 244
Server: Received U component for frame 244
Server: Received V component for frame 244
Server: Processing frame 244
Server: Completed processing frame 244
Server: Received frame header for frame 245
Server: Received Y component for frame 245
Server: Received U component for frame 245
Server: Received V component for frame 245
Server: Processing frame 245
Server: Completed processing frame 245
Server: Received frame header for frame 246
Server: Received Y component for frame 246
Server: Received U component for frame 246
Server: Received V component for frame 246
Server: Processing frame 246
Server: Completed processing frame 246
Server: Received frame header for frame 247
Server: Received Y component for frame 247
Server: Received U component for frame 247
Server: Received V component for frame 247
Server: Processing frame 247
Server: Completed processing frame 247
Server: Received frame header for frame 248
Server: Received Y component for frame 248
Server: Received U component for frame 248
Server: Received V component for frame 248
Server: Processing frame 248
Server: Completed processing frame 248
Server: Received frame header for frame 249
Server: Received Y component for frame 249
Server: Received U component for frame 249
Server: Received V component for frame 249
Server: Processing frame 249
Server: Completed processing frame 249
Server: Received frame header for frame 250
Server: Received Y component for frame 250
Server: Received U component for frame 250
Server: Received V component for frame 250
Server: Processing frame 250
Server: Completed processing frame 250
Server: Received frame header for frame 251
Server: Received Y component for frame 251
Server: Received U component for frame 251
Server: Received V component for frame 251
Server: Processing frame 251
Server: Completed processing frame 251
Server: Received frame header for frame 252
Server: Received Y component for frame 252
Server: Received U component for frame 252
Server: Received V component for frame 252
Server: Processing frame 252
Server: Completed processing frame 252
Server: Received frame header for frame 253
Server: Received Y component for frame 253
Server: Received U component for frame 253
Server: Received V component for frame 253
Server: Processing frame 253
Server: Completed processing frame 253
Server: Received frame header for frame 254
Server: Received Y component for frame 254
Server: Received U component for frame 254
Server: Received V component for frame 254
Server: Processing frame 254
Server: Completed processing frame 254
Server: Received frame header for frame 255
Server: Received Y component for frame 255
Server: Received U component for frame 255
Server: Received V component for frame 255
Server: Processing frame 255
Server: Completed processing frame 255
Server: Received frame header for frame 256
Server: Received Y component for frame 256
Server: Received U component for frame 256
Server: Received V component for frame 256
Server: Processing frame 256
Server: Completed processing frame 256
Server: Received frame header for frame 257
Server: Received Y component for frame 257
Server: Received U component for frame 257
Server: Received V component for frame 257
Server: Processing frame 257
Server: Completed processing frame 257
Server: Received frame header for frame 258
Server: Received Y component for frame 258
Server: Received U component for frame 258
Server: Received V component for frame 258
Server: Processing frame 258
Server: Completed processing frame 258
Server: Received frame header for frame 259
Server: Received Y component for frame 259
Server: Received U component for frame 259
Server: Received V component for frame 259
Server: Processing frame 259
Server: Completed processing frame 259
Server: Received frame header for frame 260
Server: Received Y component for frame 260
Server: Received U component for frame 260
Server: Received V component for frame 260
Server: Processing frame 260
Server: Completed processing frame 260
Server: Received frame header for frame 261
Server: Received Y component for frame 261
Server: Received U component for frame 261
Server: Received V component for frame 261
Server: Processing frame 261
Server: Completed processing frame 261
Server: Received frame header for frame 262
Server: Received Y component for frame 262
Server: Received U component for frame 262
Server: Received V component for frame 262
Server: Processing frame 262
Server: Completed processing frame 262
Server: Received frame header for frame 263
Server: Received Y component for frame 263
Server: Received U component for frame 263
Server: Received V component for frame 263
Server: Processing frame 263
Server: Completed processing frame 263
Server: Received frame header for frame 264
Server: Received Y component for frame 264
Server: Received U component for frame 264
Server: Received V component for frame 264
Server: Processing frame 264
Server: Completed processing frame 264
Server: Received frame header for frame 265
Server: Received Y component for frame 265
Server: Received U component for frame 265
Server: Received V component for frame 265
Server: Processing frame 265
Server: Completed processing frame 265
Server: Received frame header for frame 266
Server: Received Y component for frame 266
Server: Received U component for frame 266
Server: Received V component for frame 266
Server: Processing frame 266
Server: Completed processing frame 266
Server: Received frame header for frame 267
Server: Received Y component for frame 267
Server: Received U component for frame 267
Server: Received V component for frame 267
Server: Processing frame 267
Server: Completed processing frame 267
Server: Received frame header for frame 268
Server: Received Y component for frame 268
Server: Received U component for frame 268
Server: Received V component for frame 268
Server: Processing frame 268
Server: Completed processing frame 268
Server: Received frame header for frame 269
Server: Received Y component for frame 269
Server: Received U component for frame 269
Server: Received V component for frame 269
Server: Processing frame 269
Server: Completed processing frame 269
Server: Received frame header for frame 270
Server: Received Y component for frame 270
Server: Received U component for frame 270
Server: Received V component for frame 270
Server: Processing frame 270
Server: Completed processing frame 270
Server: Received frame header for frame 271
Server: Received Y component for frame 271
Server: Received U component for frame 271
Server: Received V component for frame 271
Server: Processing frame 271
Server: Completed processing frame 271
Server: Received frame header for frame 272
Server: Received Y component for frame 272
Server: Received U component for frame 272
Server: Received V component for frame 272
Server: Processing frame 272
Server: Completed processing frame 272
Server: Received frame header for frame 273
Server: Received Y component for frame 273
Server: Received U component for frame 273
Server: Received V component for frame 273
Server: Processing frame 273
Server: Completed processing frame 273
Server: Received frame header for frame 274
Server: Received Y component for frame 274
Server: Received U component for frame 274
Server: Received V component for frame 274
Server: Processing frame 274
Server: Completed processing frame 274
Server: Received frame header for frame 275
Server: Received Y component for frame 275
Server: Received U component for frame 275
Server: Received V component for frame 275
Server: Processing frame 275
Server: Completed processing frame 275
Server: Received frame header for frame 276
Server: Received Y component for frame 276
Server: Received U component for frame 276
Server: Received V component for frame 276
Server: Processing frame 276
Server: Completed processing frame 276
Server: Received frame header for frame 277
Server: Received Y component for frame 277
Server: Received U component for frame 277
Server: Received V component for frame 277
Server: Processing frame 277
Server: Completed processing frame 277
Server: Received frame header for frame 278
Server: Received Y component for frame 278
Server: Received U component for frame 278
Server: Received V component for frame 278
Server: Processing frame 278
Server: Completed processing frame 278
Server: Received frame header for frame 279
Server: Received Y component for frame 279
Server: Received U component for frame 279
Server: Received V component for frame 279
Server: Processing frame 279
Server: Completed processing frame 279
Server: Received frame header for frame 280
Server: Received Y component for frame 280
Server: Received U component for frame 280
Server: Received V component for frame 280
Server: Processing frame 280
Server: Completed processing frame 280
Server: Received frame header for frame 281
Server: Received Y component for frame 281
Server: Received U component for frame 281
Server: Received V component for frame 281
Server: Processing frame 281
Server: Completed processing frame 281
Server: Received frame header for frame 282
Server: Received Y component for frame 282
Server: Received U component for frame 282
Server: Received V component for frame 282
Server: Processing frame 282
Server: Completed processing frame 282
Server: Received frame header for frame 283
Server: Received Y component for frame 283
Server: Received U component for frame 283
Server: Received V component for frame 283
Server: Processing frame 283
Server: Completed processing frame 283
Server: Received frame header for frame 284
Server: Received Y component for frame 284
Server: Received U component for frame 284
Server: Received V component for frame 284
Server: Processing frame 284
Server: Completed processing frame 284
Server: Received frame header for frame 285
Server: Received Y component for frame 285
Server: Received U component for frame 285
Server: Received V component for frame 285
Server: Processing frame 285
Server: Completed processing frame 285
Server: Received frame header for frame 286
Server: Received Y component for frame 286
Server: Received U component for frame 286
Server: Received V component for frame 286
Server: Processing frame 286
Server: Completed processing frame 286
Server: Received frame header for frame 287
Server: Received Y component for frame 287
Server: Received U component for frame 287
Server: Received V component for frame 287
Server: Processing frame 287
Server: Completed processing frame 287
Server: Received frame header for frame 288
Server: Received Y component for frame 288
Server: Received U component for frame 288
Server: Received V component for frame 288
Server: Processing frame 288
Server: Completed processing frame 288
Server: Received frame header for frame 289
Server: Received Y component for frame 289
Server: Received U component for frame 289
Server: Received V component for frame 289
Server: Processing frame 289
Server: Completed processing frame 289
Server: Received frame header for frame 290
Server: Received Y component for frame 290
Server: Received U component for frame 290
Server: Received V component for frame 290
Server: Processing frame 290
Server: Completed processing frame 290
Server: Received frame header for frame 291
Server: Received Y component for frame 291
Server: Received U component for frame 291
Server: Received V component for frame 291
Server: Processing frame 291
Server: Completed processing frame 291
Server: Received frame header for frame 292
Server: Received Y component for frame 292
Server: Received U component for frame 292
Server: Received V component for frame 292
Server: Processing frame 292
Server: Completed processing frame 292
Server: Received frame header for frame 293
Server: Received Y component for frame 293
Server: Received U component for frame 293
Server: Received V component for frame 293
Server: Processing frame 293
Server: Completed processing frame 293
Server: Received frame header for frame 294
Server: Received Y component for frame 294
Server: Received U component for frame 294
Server: Received V component for frame 294
Server: Processing frame 294
Server: Completed processing frame 294
Server: Received frame header for frame 295
Server: Received Y component for frame 295
Server: Received U component for frame 295
Server: Received V component for frame 295
Server: Processing frame 295
Server: Completed processing frame 295
Server: Received frame header for frame 296
Server: Received Y component for frame 296
Server: Received U component for frame 296
Server: Received V component for frame 296
Server: Processing frame 296
Server: Completed processing frame 296
Server: Received frame header for frame 297
Server: Received Y component for frame 297
Server: Received U component for frame 297
Server: Received V component for frame 297
Server: Processing frame 297
Server: Completed processing frame 297
Server: Received frame header for frame 298
Server: Received Y component for frame 298
Server: Received U component for frame 298
Server: Received V component for frame 298
Server: Processing frame 298
Server: Completed processing frame 298
Server: Received frame header for frame 299
Server: Received Y component for frame 299
Server: Received U component for frame 299
Server: Received V component for frame 299
Server: Processing frame 299
Server: Completed processing frame 299
Server: Received quit command after processing 300 frames
Task pool destroyed
Thread pool destroyed
Server: Exiting
 (keyframe)  (keyframe)  (keyframe) 
real	0m25.349s
user	0m12.880s
sys	0m12.181s
Tegra exit code: 0
