Client: Connecting to server segment...
Client: Connected to server segment
Client: Starting video encoding
Client: Waiting for server to acknowledge dimensions
Client: Dimensions acknowledged by server
Processing frame 0, Client: YUV plane sizes - Y: 101376 bytes, U: 25344 bytes, V: 25344 bytes
Client: Transferring Y plane (101376 bytes)
Client: Y plane DMA transfer complete
Client: Y plane sent, waiting for acknowledgment
Client: Y plane acknowledgment received from server
Client: Reset command flag. Current command value: 0
Client: Starting U plane transfer process
Client: U plane size: 25344 bytes
Client: Copying U plane to message buffer
Client: Initiating DMA transfer for U plane
Client: Waiting for U plane DMA transfer to complete
Client: U plane DMA transfer completed
Client: Sending U plane ready signal to server
Client: U plane ready signal sent. Command value: 7, Data size: 25344
Client: Waiting for U plane acknowledgment
Client: U plane acknowledgment received from server
Client: Starting V plane transfer process
Client: V plane size: 25344 bytes
Client: V plane DMA transfer completed
Client: V plane ready signal sent
Client: Waiting for V plane acknowledgment
Client: V plane acknowledgment received from server
Client: All YUV planes transferred successfully, freeing original image buffers
Client: Waiting for server to process and return encoded data
Client: Received encoded data from server
Client: Encoded data size: 323140 bytes
PC exit code: 139
bash: line 1: 878088 Segmentation fault      (core dumped) stdbuf -oL -eL ./c63client -r 20 /opt/Media/foreman.yuv -o output -w 352 -h 288

real	0m0,440s
user	0m0,116s
sys	0m0,004s
