SISCI initialized and connected
Dimensions acknowledged
Producer: Starting to read frames
Communication: Starting
Writer: Starting
Writer: Waiting for frame 0
Producer: Read frame 0 into slot 0
Communication: Sending frame 0
Producer: Read frame 1 into slot 1
Producer: Read frame 2 into slot 2
Communication: Frame 0 sent, waiting for result
Communication: Frame 0 result received
Writer: Writing frame 0
Communication: Sending frame 1
Communication: Frame 1 sent, waiting for result
Writer: Frame 0 written successfully
Writer: Waiting for frame 1
Producer: Read frame 3 into slot 0
Communication: Frame 1 result received
Communication: Sending frame 2
Writer: Writing frame 1
Communication: Frame 2 sent, waiting for result
Writer: Frame 1 written successfully
Writer: Waiting for frame 2
Producer: Read frame 4 into slot 1
Communication: Frame 2 result received
Communication: Sending frame 3
Writer: Writing frame 2
Communication: Frame 3 sent, waiting for result
Writer: Frame 2 written successfully
Writer: Waiting for frame 3
Producer: Read frame 5 into slot 2
Communication: Frame 3 result received
Communication: Sending frame 4
Writer: Writing frame 3
Communication: Frame 4 sent, waiting for result
Writer: Frame 3 written successfully
Writer: Waiting for frame 4
Producer: Read frame 6 into slot 0
Communication: Frame 4 result received
Communication: Sending frame 5
Writer: Writing frame 4
Communication: Frame 5 sent, waiting for result
Writer: Frame 4 written successfully
Writer: Waiting for frame 5
Producer: Read frame 7 into slot 1
Communication: Frame 5 result received
Communication: Sending frame 6
Writer: Writing frame 5
Communication: Frame 6 sent, waiting for result
Writer: Frame 5 written successfully
Writer: Waiting for frame 6
Producer: Read frame 8 into slot 2
Communication: Frame 6 result received
Communication: Sending frame 7
Writer: Writing frame 6
Communication: Frame 7 sent, waiting for result
Writer: Frame 6 written successfully
Writer: Waiting for frame 7
Producer: Read frame 9 into slot 0
Communication: Frame 7 result received
Communication: Sending frame 8
Writer: Writing frame 7
Communication: Frame 8 sent, waiting for result
Writer: Frame 7 written successfully
Writer: Waiting for frame 8
Producer: Read frame 10 into slot 1
Communication: Frame 8 result received
Communication: Sending frame 9
Writer: Writing frame 8
Communication: Frame 9 sent, waiting for result
Writer: Frame 8 written successfully
Writer: Waiting for frame 9
Producer: Read frame 11 into slot 2
Communication: Frame 9 result received
Communication: Sending frame 10
Writer: Writing frame 9
Communication: Frame 10 sent, waiting for result
Writer: Frame 9 written successfully
Writer: Waiting for frame 10
Producer: Read frame 12 into slot 0
Communication: Frame 10 result received
Communication: Sending frame 11
Writer: Writing frame 10
Communication: Frame 11 sent, waiting for result
Writer: Frame 10 written successfully
Writer: Waiting for frame 11
Producer: Read frame 13 into slot 1
Communication: Frame 11 result received
Communication: Sending frame 12
Writer: Writing frame 11
Communication: Frame 12 sent, waiting for result
Writer: Frame 11 written successfully
Writer: Waiting for frame 12
Producer: Read frame 14 into slot 2
Communication: Frame 12 result received
Communication: Sending frame 13
Writer: Writing frame 12
Communication: Frame 13 sent, waiting for result
Writer: Frame 12 written successfully
Writer: Waiting for frame 13
Producer: Read frame 15 into slot 0
Communication: Frame 13 result received
Communication: Sending frame 14
Writer: Writing frame 13
Communication: Frame 14 sent, waiting for result
Writer: Frame 13 written successfully
Writer: Waiting for frame 14
Producer: Read frame 16 into slot 1
Communication: Frame 14 result received
Communication: Sending frame 15
Writer: Writing frame 14
Communication: Frame 15 sent, waiting for result
Writer: Frame 14 written successfully
Writer: Waiting for frame 15
Producer: Read frame 17 into slot 2
Communication: Frame 15 result received
Communication: Sending frame 16
Writer: Writing frame 15
Communication: Frame 16 sent, waiting for result
Writer: Frame 15 written successfully
Writer: Waiting for frame 16
Producer: Read frame 18 into slot 0
Communication: Frame 16 result received
Communication: Sending frame 17
Writer: Writing frame 16
Communication: Frame 17 sent, waiting for result
Writer: Frame 16 written successfully
Writer: Waiting for frame 17
Producer: Read frame 19 into slot 1
Communication: Frame 17 result received
Communication: Sending frame 18
Writer: Writing frame 17
Communication: Frame 18 sent, waiting for result
Writer: Frame 17 written successfully
Writer: Waiting for frame 18
Producer: Read frame 20 into slot 2
Communication: Frame 18 result received
Communication: Sending frame 19
Writer: Writing frame 18
Communication: Frame 19 sent, waiting for result
Writer: Frame 18 written successfully
Writer: Waiting for frame 19
Producer: Read frame 21 into slot 0
Communication: Frame 19 result received
Communication: Sending frame 20
Writer: Writing frame 19
Communication: Frame 20 sent, waiting for result
Writer: Frame 19 written successfully
Writer: Waiting for frame 20
Producer: Read frame 22 into slot 1
Communication: Frame 20 result received
Communication: Sending frame 21
Writer: Writing frame 20
Communication: Frame 21 sent, waiting for result
Writer: Frame 20 written successfully
Writer: Waiting for frame 21
Producer: Read frame 23 into slot 2
Communication: Frame 21 result received
Communication: Sending frame 22
Writer: Writing frame 21
Communication: Frame 22 sent, waiting for result
Writer: Frame 21 written successfully
Writer: Waiting for frame 22
Producer: Read frame 24 into slot 0
Communication: Frame 22 result received
Communication: Sending frame 23
Writer: Writing frame 22
Communication: Frame 23 sent, waiting for result
Writer: Frame 22 written successfully
Writer: Waiting for frame 23
Producer: Read frame 25 into slot 1
Communication: Frame 23 result received
Communication: Sending frame 24
Writer: Writing frame 23
Communication: Frame 24 sent, waiting for result
Writer: Frame 23 written successfully
Writer: Waiting for frame 24
Producer: Read frame 26 into slot 2
Communication: Frame 24 result received
Communication: Sending frame 25
Writer: Writing frame 24
Communication: Frame 25 sent, waiting for result
Writer: Frame 24 written successfully
Writer: Waiting for frame 25
Producer: Read frame 27 into slot 0
Communication: Frame 25 result received
Communication: Sending frame 26
Writer: Writing frame 25
Communication: Frame 26 sent, waiting for result
Writer: Frame 25 written successfully
Writer: Waiting for frame 26
Producer: Read frame 28 into slot 1
Communication: Frame 26 result received
Communication: Sending frame 27
Writer: Writing frame 26
Communication: Frame 27 sent, waiting for result
Writer: Frame 26 written successfully
Writer: Waiting for frame 27
Producer: Read frame 29 into slot 2
Communication: Frame 27 result received
Communication: Sending frame 28
Writer: Writing frame 27
Communication: Frame 28 sent, waiting for result
Writer: Frame 27 written successfully
Writer: Waiting for frame 28
Producer: Read frame 30 into slot 0
Communication: Frame 28 result received
Communication: Sending frame 29
Writer: Writing frame 28
Communication: Frame 29 sent, waiting for result
Writer: Frame 28 written successfully
Writer: Waiting for frame 29
Producer: Read frame 31 into slot 1
Communication: Frame 29 result received
Communication: Sending frame 30
Writer: Writing frame 29
Communication: Frame 30 sent, waiting for result
Writer: Frame 29 written successfully
Writer: Waiting for frame 30
Producer: Read frame 32 into slot 2
Communication: Frame 30 result received
Communication: Sending frame 31
Writer: Writing frame 30
Communication: Frame 31 sent, waiting for result
Writer: Frame 30 written successfully
Writer: Waiting for frame 31
Producer: Read frame 33 into slot 0
Communication: Frame 31 result received
Communication: Sending frame 32
Writer: Writing frame 31
Communication: Frame 32 sent, waiting for result
Writer: Frame 31 written successfully
Writer: Waiting for frame 32
Producer: Read frame 34 into slot 1
Communication: Frame 32 result received
Communication: Sending frame 33
Writer: Writing frame 32
Communication: Frame 33 sent, waiting for result
Writer: Frame 32 written successfully
Writer: Waiting for frame 33
Producer: Read frame 35 into slot 2
Communication: Frame 33 result received
Communication: Sending frame 34
Writer: Writing frame 33
Communication: Frame 34 sent, waiting for result
Writer: Frame 33 written successfully
Writer: Waiting for frame 34
Producer: Read frame 36 into slot 0
Communication: Frame 34 result received
Communication: Sending frame 35
Writer: Writing frame 34
Communication: Frame 35 sent, waiting for result
Writer: Frame 34 written successfully
Writer: Waiting for frame 35
Producer: Read frame 37 into slot 1
Communication: Frame 35 result received
Communication: Sending frame 36
Writer: Writing frame 35
Communication: Frame 36 sent, waiting for result
Writer: Frame 35 written successfully
Writer: Waiting for frame 36
Producer: Read frame 38 into slot 2
Communication: Frame 36 result received
Communication: Sending frame 37
Writer: Writing frame 36
Communication: Frame 37 sent, waiting for result
Writer: Frame 36 written successfully
Writer: Waiting for frame 37
Producer: Read frame 39 into slot 0
Communication: Frame 37 result received
Communication: Sending frame 38
Writer: Writing frame 37
Communication: Frame 38 sent, waiting for result
Writer: Frame 37 written successfully
Writer: Waiting for frame 38
Producer: Read frame 40 into slot 1
Communication: Frame 38 result received
Communication: Sending frame 39
Writer: Writing frame 38
Communication: Frame 39 sent, waiting for result
Writer: Frame 38 written successfully
Writer: Waiting for frame 39
Producer: Read frame 41 into slot 2
Communication: Frame 39 result received
Communication: Sending frame 40
Writer: Writing frame 39
Communication: Frame 40 sent, waiting for result
Writer: Frame 39 written successfully
Writer: Waiting for frame 40
Producer: Read frame 42 into slot 0
Communication: Frame 40 result received
Communication: Sending frame 41
Writer: Writing frame 40
Communication: Frame 41 sent, waiting for result
Writer: Frame 40 written successfully
Writer: Waiting for frame 41
Producer: Read frame 43 into slot 1
Communication: Frame 41 result received
Communication: Sending frame 42
Writer: Writing frame 41
Communication: Frame 42 sent, waiting for result
Writer: Frame 41 written successfully
Writer: Waiting for frame 42
Producer: Read frame 44 into slot 2
Communication: Frame 42 result received
Communication: Sending frame 43
Writer: Writing frame 42
Communication: Frame 43 sent, waiting for result
Writer: Frame 42 written successfully
Writer: Waiting for frame 43
Producer: Read frame 45 into slot 0
Communication: Frame 43 result received
Communication: Sending frame 44
Writer: Writing frame 43
Communication: Frame 44 sent, waiting for result
Writer: Frame 43 written successfully
Writer: Waiting for frame 44
Producer: Read frame 46 into slot 1
Communication: Frame 44 result received
Communication: Sending frame 45
Writer: Writing frame 44
Communication: Frame 45 sent, waiting for result
Writer: Frame 44 written successfully
Writer: Waiting for frame 45
Producer: Read frame 47 into slot 2
Communication: Frame 45 result received
Communication: Sending frame 46
Writer: Writing frame 45
Communication: Frame 46 sent, waiting for result
Writer: Frame 45 written successfully
Writer: Waiting for frame 46
Producer: Read frame 48 into slot 0
Communication: Frame 46 result received
Communication: Sending frame 47
Writer: Writing frame 46
Communication: Frame 47 sent, waiting for result
Writer: Frame 46 written successfully
Writer: Waiting for frame 47
Producer: Read frame 49 into slot 1
Communication: Frame 47 result received
Communication: Sending frame 48
Writer: Writing frame 47
Communication: Frame 48 sent, waiting for result
Writer: Frame 47 written successfully
Writer: Waiting for frame 48
Producer: Read frame 50 into slot 2
Communication: Frame 48 result received
Communication: Sending frame 49
Writer: Writing frame 48
Communication: Frame 49 sent, waiting for result
Writer: Frame 48 written successfully
Writer: Waiting for frame 49
Producer: Read frame 51 into slot 0
Communication: Frame 49 result received
Communication: Sending frame 50
Writer: Writing frame 49
Communication: Frame 50 sent, waiting for result
Writer: Frame 49 written successfully
Writer: Waiting for frame 50
Producer: Read frame 52 into slot 1
Communication: Frame 50 result received
Communication: Sending frame 51
Writer: Writing frame 50
Communication: Frame 51 sent, waiting for result
Writer: Frame 50 written successfully
Writer: Waiting for frame 51
Producer: Read frame 53 into slot 2
Communication: Frame 51 result received
Communication: Sending frame 52
Writer: Writing frame 51
Communication: Frame 52 sent, waiting for result
Writer: Frame 51 written successfully
Writer: Waiting for frame 52
Producer: Read frame 54 into slot 0
Communication: Frame 52 result received
Communication: Sending frame 53
Writer: Writing frame 52
Communication: Frame 53 sent, waiting for result
Writer: Frame 52 written successfully
Writer: Waiting for frame 53
Producer: Read frame 55 into slot 1
Communication: Frame 53 result received
Communication: Sending frame 54
Writer: Writing frame 53
Communication: Frame 54 sent, waiting for result
Writer: Frame 53 written successfully
Writer: Waiting for frame 54
Producer: Read frame 56 into slot 2
Communication: Frame 54 result received
Communication: Sending frame 55
Writer: Writing frame 54
Communication: Frame 55 sent, waiting for result
Writer: Frame 54 written successfully
Writer: Waiting for frame 55
Producer: Read frame 57 into slot 0
Communication: Frame 55 result received
Communication: Sending frame 56
Writer: Writing frame 55
Communication: Frame 56 sent, waiting for result
Writer: Frame 55 written successfully
Writer: Waiting for frame 56
Producer: Read frame 58 into slot 1
Communication: Frame 56 result received
Communication: Sending frame 57
Writer: Writing frame 56
Communication: Frame 57 sent, waiting for result
Writer: Frame 56 written successfully
Writer: Waiting for frame 57
Producer: Read frame 59 into slot 2
Communication: Frame 57 result received
Communication: Sending frame 58
Writer: Writing frame 57
Communication: Frame 58 sent, waiting for result
Writer: Frame 57 written successfully
Writer: Waiting for frame 58
Producer: Read frame 60 into slot 0
Communication: Frame 58 result received
Communication: Sending frame 59
Writer: Writing frame 58
Communication: Frame 59 sent, waiting for result
Writer: Frame 58 written successfully
Writer: Waiting for frame 59
Producer: Read frame 61 into slot 1
Communication: Frame 59 result received
Communication: Sending frame 60
Writer: Writing frame 59
Communication: Frame 60 sent, waiting for result
Writer: Frame 59 written successfully
Writer: Waiting for frame 60
Producer: Read frame 62 into slot 2
Communication: Frame 60 result received
Communication: Sending frame 61
Writer: Writing frame 60
Communication: Frame 61 sent, waiting for result
Writer: Frame 60 written successfully
Writer: Waiting for frame 61
Producer: Read frame 63 into slot 0
Communication: Frame 61 result received
Communication: Sending frame 62
Writer: Writing frame 61
Communication: Frame 62 sent, waiting for result
Writer: Frame 61 written successfully
Writer: Waiting for frame 62
Producer: Read frame 64 into slot 1
Communication: Frame 62 result received
Communication: Sending frame 63
Writer: Writing frame 62
Communication: Frame 63 sent, waiting for result
Writer: Frame 62 written successfully
Writer: Waiting for frame 63
Producer: Read frame 65 into slot 2
Communication: Frame 63 result received
Communication: Sending frame 64
Writer: Writing frame 63
Communication: Frame 64 sent, waiting for result
Writer: Frame 63 written successfully
Writer: Waiting for frame 64
Producer: Read frame 66 into slot 0
Communication: Frame 64 result received
Communication: Sending frame 65
Writer: Writing frame 64
Communication: Frame 65 sent, waiting for result
Writer: Frame 64 written successfully
Writer: Waiting for frame 65
Producer: Read frame 67 into slot 1
Communication: Frame 65 result received
Communication: Sending frame 66
Writer: Writing frame 65
Communication: Frame 66 sent, waiting for result
Writer: Frame 65 written successfully
Writer: Waiting for frame 66
Producer: Read frame 68 into slot 2
Communication: Frame 66 result received
Communication: Sending frame 67
Writer: Writing frame 66
Communication: Frame 67 sent, waiting for result
Writer: Frame 66 written successfully
Writer: Waiting for frame 67
Producer: Read frame 69 into slot 0
Communication: Frame 67 result received
Communication: Sending frame 68
Writer: Writing frame 67
Communication: Frame 68 sent, waiting for result
Writer: Frame 67 written successfully
Writer: Waiting for frame 68
Producer: Read frame 70 into slot 1
Communication: Frame 68 result received
Communication: Sending frame 69
Writer: Writing frame 68
Communication: Frame 69 sent, waiting for result
Writer: Frame 68 written successfully
Writer: Waiting for frame 69
Producer: Read frame 71 into slot 2
Communication: Frame 69 result received
Communication: Sending frame 70
Writer: Writing frame 69
Communication: Frame 70 sent, waiting for result
Writer: Frame 69 written successfully
Writer: Waiting for frame 70
Producer: Read frame 72 into slot 0
Communication: Frame 70 result received
Communication: Sending frame 71
Writer: Writing frame 70
Communication: Frame 71 sent, waiting for result
Writer: Frame 70 written successfully
Writer: Waiting for frame 71
Producer: Read frame 73 into slot 1
Communication: Frame 71 result received
Communication: Sending frame 72
Writer: Writing frame 71
Communication: Frame 72 sent, waiting for result
Writer: Frame 71 written successfully
Writer: Waiting for frame 72
Producer: Read frame 74 into slot 2
Communication: Frame 72 result received
Communication: Sending frame 73
Writer: Writing frame 72
Communication: Frame 73 sent, waiting for result
Writer: Frame 72 written successfully
Writer: Waiting for frame 73
Producer: Read frame 75 into slot 0
Communication: Frame 73 result received
Communication: Sending frame 74
Writer: Writing frame 73
Communication: Frame 74 sent, waiting for result
Writer: Frame 73 written successfully
Writer: Waiting for frame 74
Producer: Read frame 76 into slot 1
Communication: Frame 74 result received
Communication: Sending frame 75
Writer: Writing frame 74
Communication: Frame 75 sent, waiting for result
Writer: Frame 74 written successfully
Writer: Waiting for frame 75
Producer: Read frame 77 into slot 2
Communication: Frame 75 result received
Communication: Sending frame 76
Writer: Writing frame 75
Communication: Frame 76 sent, waiting for result
Writer: Frame 75 written successfully
Writer: Waiting for frame 76
Producer: Read frame 78 into slot 0
Communication: Frame 76 result received
Communication: Sending frame 77
Writer: Writing frame 76
Communication: Frame 77 sent, waiting for result
Writer: Frame 76 written successfully
Writer: Waiting for frame 77
Producer: Read frame 79 into slot 1
Communication: Frame 77 result received
Communication: Sending frame 78
Writer: Writing frame 77
Communication: Frame 78 sent, waiting for result
Writer: Frame 77 written successfully
Writer: Waiting for frame 78
Producer: Read frame 80 into slot 2
Communication: Frame 78 result received
Communication: Sending frame 79
Writer: Writing frame 78
Communication: Frame 79 sent, waiting for result
Writer: Frame 78 written successfully
Writer: Waiting for frame 79
Producer: Read frame 81 into slot 0
Communication: Frame 79 result received
Communication: Sending frame 80
Writer: Writing frame 79
Communication: Frame 80 sent, waiting for result
Writer: Frame 79 written successfully
Writer: Waiting for frame 80
Producer: Read frame 82 into slot 1
Communication: Frame 80 result received
Communication: Sending frame 81
Writer: Writing frame 80
Communication: Frame 81 sent, waiting for result
Writer: Frame 80 written successfully
Writer: Waiting for frame 81
Producer: Read frame 83 into slot 2
Communication: Frame 81 result received
Communication: Sending frame 82
Writer: Writing frame 81
Communication: Frame 82 sent, waiting for result
Writer: Frame 81 written successfully
Writer: Waiting for frame 82
Producer: Read frame 84 into slot 0
Communication: Frame 82 result received
Communication: Sending frame 83
Writer: Writing frame 82
Communication: Frame 83 sent, waiting for result
Writer: Frame 82 written successfully
Writer: Waiting for frame 83
Producer: Read frame 85 into slot 1
Communication: Frame 83 result received
Communication: Sending frame 84
Writer: Writing frame 83
Communication: Frame 84 sent, waiting for result
Writer: Frame 83 written successfully
Writer: Waiting for frame 84
Producer: Read frame 86 into slot 2
Communication: Frame 84 result received
Communication: Sending frame 85
Writer: Writing frame 84
Communication: Frame 85 sent, waiting for result
Writer: Frame 84 written successfully
Writer: Waiting for frame 85
Producer: Read frame 87 into slot 0
Communication: Frame 85 result received
Communication: Sending frame 86
Writer: Writing frame 85
Communication: Frame 86 sent, waiting for result
Writer: Frame 85 written successfully
Writer: Waiting for frame 86
Producer: Read frame 88 into slot 1
Communication: Frame 86 result received
Communication: Sending frame 87
Writer: Writing frame 86
Communication: Frame 87 sent, waiting for result
Writer: Frame 86 written successfully
Writer: Waiting for frame 87
Producer: Read frame 89 into slot 2
Communication: Frame 87 result received
Communication: Sending frame 88
Writer: Writing frame 87
Communication: Frame 88 sent, waiting for result
Writer: Frame 87 written successfully
Writer: Waiting for frame 88
Producer: Read frame 90 into slot 0
Communication: Frame 88 result received
Communication: Sending frame 89
Writer: Writing frame 88
Communication: Frame 89 sent, waiting for result
Writer: Frame 88 written successfully
Writer: Waiting for frame 89
Producer: Read frame 91 into slot 1
Communication: Frame 89 result received
Communication: Sending frame 90
Writer: Writing frame 89
Communication: Frame 90 sent, waiting for result
Writer: Frame 89 written successfully
Writer: Waiting for frame 90
Producer: Read frame 92 into slot 2
Communication: Frame 90 result received
Communication: Sending frame 91
Writer: Writing frame 90
Communication: Frame 91 sent, waiting for result
Writer: Frame 90 written successfully
Writer: Waiting for frame 91
Producer: Read frame 93 into slot 0
Communication: Frame 91 result received
Communication: Sending frame 92
Writer: Writing frame 91
Communication: Frame 92 sent, waiting for result
Writer: Frame 91 written successfully
Writer: Waiting for frame 92
Producer: Read frame 94 into slot 1
Communication: Frame 92 result received
Writer: Writing frame 92
Communication: Sending frame 93
Communication: Frame 93 sent, waiting for result
Writer: Frame 92 written successfully
Writer: Waiting for frame 93
Producer: Read frame 95 into slot 2
Communication: Frame 93 result received
Writer: Writing frame 93
Communication: Sending frame 94
Communication: Frame 94 sent, waiting for result
Writer: Frame 93 written successfully
Writer: Waiting for frame 94
Producer: Read frame 96 into slot 0
Communication: Frame 94 result received
Communication: Sending frame 95
Writer: Writing frame 94
Communication: Frame 95 sent, waiting for result
Writer: Frame 94 written successfully
Writer: Waiting for frame 95
Producer: Read frame 97 into slot 1
Communication: Frame 95 result received
Communication: Sending frame 96
Writer: Writing frame 95
Communication: Frame 96 sent, waiting for result
Writer: Frame 95 written successfully
Writer: Waiting for frame 96
Producer: Read frame 98 into slot 2
Communication: Frame 96 result received
Communication: Sending frame 97
Writer: Writing frame 96
Communication: Frame 97 sent, waiting for result
Writer: Frame 96 written successfully
Writer: Waiting for frame 97
Producer: Read frame 99 into slot 0
Communication: Frame 97 result received
Communication: Sending frame 98
Writer: Writing frame 97
Communication: Frame 98 sent, waiting for result
Writer: Frame 97 written successfully
Writer: Waiting for frame 98
Producer: Read frame 100 into slot 1
Communication: Frame 98 result received
Communication: Sending frame 99
Writer: Writing frame 98
Communication: Frame 99 sent, waiting for result
Writer: Frame 98 written successfully
Writer: Waiting for frame 99
Producer: Read frame 101 into slot 2
Communication: Frame 99 result received
Communication: Sending frame 100
Writer: Writing frame 99
Communication: Frame 100 sent, waiting for result
Writer: Frame 99 written successfully
Writer: Waiting for frame 100
Producer: Read frame 102 into slot 0
Communication: Frame 100 result received
Communication: Sending frame 101
Writer: Writing frame 100
Communication: Frame 101 sent, waiting for result
Writer: Frame 100 written successfully
Writer: Waiting for frame 101
Producer: Read frame 103 into slot 1
Communication: Frame 101 result received
Communication: Sending frame 102
Writer: Writing frame 101
Communication: Frame 102 sent, waiting for result
Writer: Frame 101 written successfully
Writer: Waiting for frame 102
Producer: Read frame 104 into slot 2
Communication: Frame 102 result received
Communication: Sending frame 103
Writer: Writing frame 102
Communication: Frame 103 sent, waiting for result
Writer: Frame 102 written successfully
Writer: Waiting for frame 103
Producer: Read frame 105 into slot 0
Communication: Frame 103 result received
Communication: Sending frame 104
Writer: Writing frame 103
Communication: Frame 104 sent, waiting for result
Writer: Frame 103 written successfully
Writer: Waiting for frame 104
Producer: Read frame 106 into slot 1
Communication: Frame 104 result received
Communication: Sending frame 105
Writer: Writing frame 104
Communication: Frame 105 sent, waiting for result
Writer: Frame 104 written successfully
Writer: Waiting for frame 105
Producer: Read frame 107 into slot 2
Communication: Frame 105 result received
Communication: Sending frame 106
Writer: Writing frame 105
Communication: Frame 106 sent, waiting for result
Writer: Frame 105 written successfully
Writer: Waiting for frame 106
Producer: Read frame 108 into slot 0
Communication: Frame 106 result received
Communication: Sending frame 107
Writer: Writing frame 106
Communication: Frame 107 sent, waiting for result
Writer: Frame 106 written successfully
Writer: Waiting for frame 107
Producer: Read frame 109 into slot 1
Communication: Frame 107 result received
Communication: Sending frame 108
Writer: Writing frame 107
Communication: Frame 108 sent, waiting for result
Writer: Frame 107 written successfully
Writer: Waiting for frame 108
Producer: Read frame 110 into slot 2
Communication: Frame 108 result received
Communication: Sending frame 109
Writer: Writing frame 108
Communication: Frame 109 sent, waiting for result
Writer: Frame 108 written successfully
Writer: Waiting for frame 109
Producer: Read frame 111 into slot 0
Communication: Frame 109 result received
Communication: Sending frame 110
Writer: Writing frame 109
Communication: Frame 110 sent, waiting for result
Writer: Frame 109 written successfully
Writer: Waiting for frame 110
Producer: Read frame 112 into slot 1
Communication: Frame 110 result received
Communication: Sending frame 111
Writer: Writing frame 110
Communication: Frame 111 sent, waiting for result
Writer: Frame 110 written successfully
Writer: Waiting for frame 111
Producer: Read frame 113 into slot 2
Communication: Frame 111 result received
Communication: Sending frame 112
Writer: Writing frame 111
Communication: Frame 112 sent, waiting for result
Writer: Frame 111 written successfully
Writer: Waiting for frame 112
Producer: Read frame 114 into slot 0
Communication: Frame 112 result received
Communication: Sending frame 113
Writer: Writing frame 112
Communication: Frame 113 sent, waiting for result
Writer: Frame 112 written successfully
Writer: Waiting for frame 113
Producer: Read frame 115 into slot 1
Communication: Frame 113 result received
Communication: Sending frame 114
Writer: Writing frame 113
Communication: Frame 114 sent, waiting for result
Writer: Frame 113 written successfully
Writer: Waiting for frame 114
Producer: Read frame 116 into slot 2
Communication: Frame 114 result received
Communication: Sending frame 115
Writer: Writing frame 114
Communication: Frame 115 sent, waiting for result
Writer: Frame 114 written successfully
Writer: Waiting for frame 115
Producer: Read frame 117 into slot 0
Communication: Frame 115 result received
Communication: Sending frame 116
Writer: Writing frame 115
Communication: Frame 116 sent, waiting for result
Writer: Frame 115 written successfully
Writer: Waiting for frame 116
Producer: Read frame 118 into slot 1
Communication: Frame 116 result received
Communication: Sending frame 117
Writer: Writing frame 116
Communication: Frame 117 sent, waiting for result
Writer: Frame 116 written successfully
Writer: Waiting for frame 117
Producer: Read frame 119 into slot 2
Communication: Frame 117 result received
Communication: Sending frame 118
Writer: Writing frame 117
Communication: Frame 118 sent, waiting for result
Writer: Frame 117 written successfully
Writer: Waiting for frame 118
Producer: Read frame 120 into slot 0
Communication: Frame 118 result received
Communication: Sending frame 119
Writer: Writing frame 118
Communication: Frame 119 sent, waiting for result
Writer: Frame 118 written successfully
Writer: Waiting for frame 119
Producer: Read frame 121 into slot 1
Communication: Frame 119 result received
Communication: Sending frame 120
Writer: Writing frame 119
Communication: Frame 120 sent, waiting for result
Writer: Frame 119 written successfully
Writer: Waiting for frame 120
Producer: Read frame 122 into slot 2
Communication: Frame 120 result received
Communication: Sending frame 121
Writer: Writing frame 120
Communication: Frame 121 sent, waiting for result
Writer: Frame 120 written successfully
Writer: Waiting for frame 121
Producer: Read frame 123 into slot 0
Communication: Frame 121 result received
Communication: Sending frame 122
Writer: Writing frame 121
Communication: Frame 122 sent, waiting for result
Writer: Frame 121 written successfully
Writer: Waiting for frame 122
Producer: Read frame 124 into slot 1
Communication: Frame 122 result received
Communication: Sending frame 123
Writer: Writing frame 122
Communication: Frame 123 sent, waiting for result
Writer: Frame 122 written successfully
Writer: Waiting for frame 123
Producer: Read frame 125 into slot 2
Communication: Frame 123 result received
Communication: Sending frame 124
Writer: Writing frame 123
Communication: Frame 124 sent, waiting for result
Writer: Frame 123 written successfully
Writer: Waiting for frame 124
Producer: Read frame 126 into slot 0
Communication: Frame 124 result received
Communication: Sending frame 125
Writer: Writing frame 124
Communication: Frame 125 sent, waiting for result
Writer: Frame 124 written successfully
Writer: Waiting for frame 125
Producer: Read frame 127 into slot 1
Communication: Frame 125 result received
Communication: Sending frame 126
Writer: Writing frame 125
Communication: Frame 126 sent, waiting for result
Writer: Frame 125 written successfully
Writer: Waiting for frame 126
Producer: Read frame 128 into slot 2
Communication: Frame 126 result received
Communication: Sending frame 127
Writer: Writing frame 126
Communication: Frame 127 sent, waiting for result
Writer: Frame 126 written successfully
Writer: Waiting for frame 127
Producer: Read frame 129 into slot 0
Communication: Frame 127 result received
Communication: Sending frame 128
Writer: Writing frame 127
Communication: Frame 128 sent, waiting for result
Writer: Frame 127 written successfully
Writer: Waiting for frame 128
Producer: Read frame 130 into slot 1
Communication: Frame 128 result received
Communication: Sending frame 129
Writer: Writing frame 128
Communication: Frame 129 sent, waiting for result
Writer: Frame 128 written successfully
Writer: Waiting for frame 129
Producer: Read frame 131 into slot 2
Communication: Frame 129 result received
Communication: Sending frame 130
Writer: Writing frame 129
Communication: Frame 130 sent, waiting for result
Writer: Frame 129 written successfully
Writer: Waiting for frame 130
Producer: Read frame 132 into slot 0
Communication: Frame 130 result received
Communication: Sending frame 131
Writer: Writing frame 130
Communication: Frame 131 sent, waiting for result
Writer: Frame 130 written successfully
Writer: Waiting for frame 131
Producer: Read frame 133 into slot 1
Communication: Frame 131 result received
Communication: Sending frame 132
Writer: Writing frame 131
Communication: Frame 132 sent, waiting for result
Writer: Frame 131 written successfully
Writer: Waiting for frame 132
Producer: Read frame 134 into slot 2
Communication: Frame 132 result received
Communication: Sending frame 133
Writer: Writing frame 132
Communication: Frame 133 sent, waiting for result
Writer: Frame 132 written successfully
Writer: Waiting for frame 133
Producer: Read frame 135 into slot 0
Communication: Frame 133 result received
Communication: Sending frame 134
Writer: Writing frame 133
Communication: Frame 134 sent, waiting for result
Writer: Frame 133 written successfully
Writer: Waiting for frame 134
Producer: Read frame 136 into slot 1
Communication: Frame 134 result received
Communication: Sending frame 135
Writer: Writing frame 134
Communication: Frame 135 sent, waiting for result
Writer: Frame 134 written successfully
Writer: Waiting for frame 135
Producer: Read frame 137 into slot 2
Communication: Frame 135 result received
Communication: Sending frame 136
Writer: Writing frame 135
Communication: Frame 136 sent, waiting for result
Writer: Frame 135 written successfully
Writer: Waiting for frame 136
Producer: Read frame 138 into slot 0
Communication: Frame 136 result received
Communication: Sending frame 137
Writer: Writing frame 136
Communication: Frame 137 sent, waiting for result
Writer: Frame 136 written successfully
Writer: Waiting for frame 137
Producer: Read frame 139 into slot 1
Communication: Frame 137 result received
Communication: Sending frame 138
Writer: Writing frame 137
Communication: Frame 138 sent, waiting for result
Writer: Frame 137 written successfully
Writer: Waiting for frame 138
Producer: Read frame 140 into slot 2
Communication: Frame 138 result received
Communication: Sending frame 139
Writer: Writing frame 138
Communication: Frame 139 sent, waiting for result
Writer: Frame 138 written successfully
Writer: Waiting for frame 139
Producer: Read frame 141 into slot 0
Communication: Frame 139 result received
Communication: Sending frame 140
Writer: Writing frame 139
Communication: Frame 140 sent, waiting for result
Writer: Frame 139 written successfully
Writer: Waiting for frame 140
Producer: Read frame 142 into slot 1
Communication: Frame 140 result received
Communication: Sending frame 141
Writer: Writing frame 140
Communication: Frame 141 sent, waiting for result
Writer: Frame 140 written successfully
Writer: Waiting for frame 141
Producer: Read frame 143 into slot 2
Communication: Frame 141 result received
Communication: Sending frame 142
Writer: Writing frame 141
Communication: Frame 142 sent, waiting for result
Writer: Frame 141 written successfully
Writer: Waiting for frame 142
Producer: Read frame 144 into slot 0
Communication: Frame 142 result received
Communication: Sending frame 143
Writer: Writing frame 142
Communication: Frame 143 sent, waiting for result
Writer: Frame 142 written successfully
Writer: Waiting for frame 143
Producer: Read frame 145 into slot 1
Communication: Frame 143 result received
Communication: Sending frame 144
Writer: Writing frame 143
Communication: Frame 144 sent, waiting for result
Writer: Frame 143 written successfully
Writer: Waiting for frame 144
Producer: Read frame 146 into slot 2
Communication: Frame 144 result received
Communication: Sending frame 145
Writer: Writing frame 144
Communication: Frame 145 sent, waiting for result
Writer: Frame 144 written successfully
Writer: Waiting for frame 145
Producer: Read frame 147 into slot 0
Communication: Frame 145 result received
Communication: Sending frame 146
Writer: Writing frame 145
Communication: Frame 146 sent, waiting for result
Writer: Frame 145 written successfully
Writer: Waiting for frame 146
Producer: Read frame 148 into slot 1
Communication: Frame 146 result received
Communication: Sending frame 147
Writer: Writing frame 146
Communication: Frame 147 sent, waiting for result
Writer: Frame 146 written successfully
Writer: Waiting for frame 147
Producer: Read frame 149 into slot 2
Producer: Frame limit reached (150 frames)
Producer: Finished reading 150 frames
Writer: Waiting for frame 147
Communication: Frame 147 result received
Communication: Sending frame 148
Writer: Writing frame 147
Communication: Frame 148 sent, waiting for result
Writer: Frame 147 written successfully
Writer: Waiting for frame 148
Communication: Frame 148 result received
Communication: Sending frame 149
Writer: Writing frame 148
Communication: Frame 149 sent, waiting for result
Writer: Frame 148 written successfully
Writer: Waiting for frame 149
Communication: Frame 149 result received
Communication: All frames sent
Communication: Finished
Writer: Writing frame 149
Writer: Frame 149 written successfully
Writer: All frames written
Writer: Finished
Client finished:
  Frames read: 150
  Frames sent: 150
  Frames received: 150
  Frames written: 150
Client finished successfully
PC exit code: 0

real	0m21,993s
user	0m9,862s
sys	0m0,340s
