SISCI initialized and connected
Dimensions acknowledged
Producer: Starting
Consumer: Starting
Added frame 0 to slot 0
Consumer: Processing frame 0
Added frame 1 to slot 1
Added frame 2 to slot 2
Frame 0 completed
Consumer: Frame 0 complete
Consumer: Processing frame 1
Added frame 3 to slot 0
Frame 1 completed
Consumer: Frame 1 complete
Consumer: Processing frame 2
Added frame 4 to slot 1
Frame 2 completed
Consumer: Frame 2 complete
Consumer: Processing frame 3
Added frame 5 to slot 2
Frame 3 completed
Consumer: Frame 3 complete
Consumer: Processing frame 4
Added frame 6 to slot 0
Frame 4 completed
Consumer: Frame 4 complete
Consumer: Processing frame 5
Added frame 7 to slot 1
Frame 5 completed
Consumer: Frame 5 complete
Consumer: Processing frame 6
Added frame 8 to slot 2
Frame 6 completed
Consumer: Frame 6 complete
Consumer: Processing frame 7
Added frame 9 to slot 0
Frame 7 completed
Consumer: Frame 7 complete
Consumer: Processing frame 8
Added frame 10 to slot 1
Frame 8 completed
Consumer: Frame 8 complete
Consumer: Processing frame 9
Added frame 11 to slot 2
Frame 9 completed
Consumer: Frame 9 complete
Consumer: Processing frame 10
Added frame 12 to slot 0
Frame 10 completed
Consumer: Frame 10 complete
Consumer: Processing frame 11
Added frame 13 to slot 1
Frame 11 completed
Consumer: Frame 11 complete
Consumer: Processing frame 12
Added frame 14 to slot 2
Frame 12 completed
Consumer: Frame 12 complete
Consumer: Processing frame 13
Added frame 15 to slot 0
Frame 13 completed
Consumer: Frame 13 complete
Consumer: Processing frame 14
Added frame 16 to slot 1
Frame 14 completed
Consumer: Frame 14 complete
Consumer: Processing frame 15
Added frame 17 to slot 2
Frame 15 completed
Consumer: Frame 15 complete
Consumer: Processing frame 16
Added frame 18 to slot 0
Frame 16 completed
Consumer: Frame 16 complete
Consumer: Processing frame 17
Added frame 19 to slot 1
Frame 17 completed
Consumer: Frame 17 complete
Consumer: Processing frame 18
Added frame 20 to slot 2
Frame 18 completed
Consumer: Frame 18 complete
Consumer: Processing frame 19
Added frame 21 to slot 0
Frame 19 completed
Consumer: Frame 19 complete
Consumer: Processing frame 20
Added frame 22 to slot 1
Frame 20 completed
Consumer: Frame 20 complete
Consumer: Processing frame 21
Added frame 23 to slot 2
Frame 21 completed
Consumer: Frame 21 complete
Consumer: Processing frame 22
Added frame 24 to slot 0
Frame 22 completed
Consumer: Frame 22 complete
Consumer: Processing frame 23
Added frame 25 to slot 1
Frame 23 completed
Consumer: Frame 23 complete
Consumer: Processing frame 24
Added frame 26 to slot 2
Frame 24 completed
Consumer: Frame 24 complete
Consumer: Processing frame 25
Added frame 27 to slot 0
Frame 25 completed
Consumer: Frame 25 complete
Consumer: Processing frame 26
Added frame 28 to slot 1
Frame 26 completed
Consumer: Frame 26 complete
Consumer: Processing frame 27
Added frame 29 to slot 2
Frame 27 completed
Consumer: Frame 27 complete
Consumer: Processing frame 28
Added frame 30 to slot 0
Frame 28 completed
Consumer: Frame 28 complete
Consumer: Processing frame 29
Added frame 31 to slot 1
Frame 29 completed
Consumer: Frame 29 complete
Consumer: Processing frame 30
Added frame 32 to slot 2
Frame 30 completed
Consumer: Frame 30 complete
Consumer: Processing frame 31
Added frame 33 to slot 0
Frame 31 completed
Consumer: Frame 31 complete
Consumer: Processing frame 32
Added frame 34 to slot 1
Frame 32 completed
Consumer: Frame 32 complete
Consumer: Processing frame 33
Added frame 35 to slot 2
Frame 33 completed
Consumer: Frame 33 complete
Consumer: Processing frame 34
Added frame 36 to slot 0
Frame 34 completed
Consumer: Frame 34 complete
Consumer: Processing frame 35
Added frame 37 to slot 1
Frame 35 completed
Consumer: Frame 35 complete
Consumer: Processing frame 36
Added frame 38 to slot 2
Frame 36 completed
Consumer: Frame 36 complete
Consumer: Processing frame 37
Added frame 39 to slot 0
Frame 37 completed
Consumer: Frame 37 complete
Consumer: Processing frame 38
Added frame 40 to slot 1
Frame 38 completed
Consumer: Frame 38 complete
Consumer: Processing frame 39
Added frame 41 to slot 2
Frame 39 completed
Consumer: Frame 39 complete
Consumer: Processing frame 40
Added frame 42 to slot 0
Frame 40 completed
Consumer: Frame 40 complete
Consumer: Processing frame 41
Added frame 43 to slot 1
Frame 41 completed
Consumer: Frame 41 complete
Consumer: Processing frame 42
Added frame 44 to slot 2
Frame 42 completed
Consumer: Frame 42 complete
Consumer: Processing frame 43
Added frame 45 to slot 0
Frame 43 completed
Consumer: Frame 43 complete
Consumer: Processing frame 44
Added frame 46 to slot 1
Frame 44 completed
Consumer: Frame 44 complete
Consumer: Processing frame 45
Added frame 47 to slot 2
Frame 45 completed
Consumer: Frame 45 complete
Consumer: Processing frame 46
Added frame 48 to slot 0
Frame 46 completed
Consumer: Frame 46 complete
Consumer: Processing frame 47
Added frame 49 to slot 1
Frame 47 completed
Consumer: Frame 47 complete
Consumer: Processing frame 48
Added frame 50 to slot 2
Frame 48 completed
Consumer: Frame 48 complete
Consumer: Processing frame 49
Added frame 51 to slot 0
Frame 49 completed
Consumer: Frame 49 complete
Consumer: Processing frame 50
Added frame 52 to slot 1
Frame 50 completed
Consumer: Frame 50 complete
Consumer: Processing frame 51
Added frame 53 to slot 2
Frame 51 completed
Consumer: Frame 51 complete
Consumer: Processing frame 52
Added frame 54 to slot 0
Frame 52 completed
Consumer: Frame 52 complete
Consumer: Processing frame 53
Added frame 55 to slot 1
Frame 53 completed
Consumer: Frame 53 complete
Consumer: Processing frame 54
Added frame 56 to slot 2
Frame 54 completed
Consumer: Frame 54 complete
Consumer: Processing frame 55
Added frame 57 to slot 0
Frame 55 completed
Consumer: Frame 55 complete
Consumer: Processing frame 56
Added frame 58 to slot 1
Frame 56 completed
Consumer: Frame 56 complete
Consumer: Processing frame 57
Added frame 59 to slot 2
Frame 57 completed
Consumer: Frame 57 complete
Consumer: Processing frame 58
Added frame 60 to slot 0
Frame 58 completed
Consumer: Frame 58 complete
Consumer: Processing frame 59
Added frame 61 to slot 1
Frame 59 completed
Consumer: Frame 59 complete
Consumer: Processing frame 60
Added frame 62 to slot 2
Frame 60 completed
Consumer: Frame 60 complete
Consumer: Processing frame 61
Added frame 63 to slot 0
Frame 61 completed
Consumer: Frame 61 complete
Consumer: Processing frame 62
Added frame 64 to slot 1
Frame 62 completed
Consumer: Frame 62 complete
Consumer: Processing frame 63
Added frame 65 to slot 2
Frame 63 completed
Consumer: Frame 63 complete
Consumer: Processing frame 64
Added frame 66 to slot 0
Frame 64 completed
Consumer: Frame 64 complete
Consumer: Processing frame 65
Added frame 67 to slot 1
Frame 65 completed
Consumer: Frame 65 complete
Consumer: Processing frame 66
Added frame 68 to slot 2
Frame 66 completed
Consumer: Frame 66 complete
Consumer: Processing frame 67
Added frame 69 to slot 0
Frame 67 completed
Consumer: Frame 67 complete
Consumer: Processing frame 68
Added frame 70 to slot 1
Frame 68 completed
Consumer: Frame 68 complete
Consumer: Processing frame 69
Added frame 71 to slot 2
Frame 69 completed
Consumer: Frame 69 complete
Consumer: Processing frame 70
Added frame 72 to slot 0
Frame 70 completed
Consumer: Frame 70 complete
Consumer: Processing frame 71
Added frame 73 to slot 1
Frame 71 completed
Consumer: Frame 71 complete
Consumer: Processing frame 72
Added frame 74 to slot 2
Frame 72 completed
Consumer: Frame 72 complete
Consumer: Processing frame 73
Added frame 75 to slot 0
Frame 73 completed
Consumer: Frame 73 complete
Consumer: Processing frame 74
Added frame 76 to slot 1
Frame 74 completed
Consumer: Frame 74 complete
Consumer: Processing frame 75
Added frame 77 to slot 2
Frame 75 completed
Consumer: Frame 75 complete
Consumer: Processing frame 76
Added frame 78 to slot 0
Frame 76 completed
Consumer: Frame 76 complete
Consumer: Processing frame 77
Added frame 79 to slot 1
Frame 77 completed
Consumer: Frame 77 complete
Consumer: Processing frame 78
Added frame 80 to slot 2
Frame 78 completed
Consumer: Frame 78 complete
Consumer: Processing frame 79
Added frame 81 to slot 0
Frame 79 completed
Consumer: Frame 79 complete
Consumer: Processing frame 80
Added frame 82 to slot 1
Frame 80 completed
Consumer: Frame 80 complete
Consumer: Processing frame 81
Added frame 83 to slot 2
Frame 81 completed
Consumer: Frame 81 complete
Consumer: Processing frame 82
Added frame 84 to slot 0
Frame 82 completed
Consumer: Frame 82 complete
Consumer: Processing frame 83
Added frame 85 to slot 1
Frame 83 completed
Consumer: Frame 83 complete
Consumer: Processing frame 84
Added frame 86 to slot 2
Frame 84 completed
Consumer: Frame 84 complete
Consumer: Processing frame 85
Added frame 87 to slot 0
Frame 85 completed
Consumer: Frame 85 complete
Consumer: Processing frame 86
Added frame 88 to slot 1
Frame 86 completed
Consumer: Frame 86 complete
Consumer: Processing frame 87
Added frame 89 to slot 2
Frame 87 completed
Consumer: Frame 87 complete
Consumer: Processing frame 88
Added frame 90 to slot 0
Frame 88 completed
Consumer: Frame 88 complete
Consumer: Processing frame 89
Added frame 91 to slot 1
Frame 89 completed
Consumer: Frame 89 complete
Consumer: Processing frame 90
Added frame 92 to slot 2
Frame 90 completed
Consumer: Frame 90 complete
Consumer: Processing frame 91
Added frame 93 to slot 0
Frame 91 completed
Consumer: Frame 91 complete
Consumer: Processing frame 92
Added frame 94 to slot 1
Frame 92 completed
Consumer: Frame 92 complete
Consumer: Processing frame 93
Added frame 95 to slot 2
Frame 93 completed
Consumer: Frame 93 complete
Consumer: Processing frame 94
Added frame 96 to slot 0
Frame 94 completed
Consumer: Frame 94 complete
Consumer: Processing frame 95
Added frame 97 to slot 1
Frame 95 completed
Consumer: Frame 95 complete
Consumer: Processing frame 96
Added frame 98 to slot 2
Frame 96 completed
Consumer: Frame 96 complete
Consumer: Processing frame 97
Added frame 99 to slot 0
Frame 97 completed
Consumer: Frame 97 complete
Consumer: Processing frame 98
Added frame 100 to slot 1
Frame 98 completed
Consumer: Frame 98 complete
Consumer: Processing frame 99
Added frame 101 to slot 2
Frame 99 completed
Consumer: Frame 99 complete
Consumer: Processing frame 100
Added frame 102 to slot 0
Frame 100 completed
Consumer: Frame 100 complete
Consumer: Processing frame 101
Added frame 103 to slot 1
Frame 101 completed
Consumer: Frame 101 complete
Consumer: Processing frame 102
Added frame 104 to slot 2
Frame 102 completed
Consumer: Frame 102 complete
Consumer: Processing frame 103
Added frame 105 to slot 0
Frame 103 completed
Consumer: Frame 103 complete
Consumer: Processing frame 104
Added frame 106 to slot 1
Frame 104 completed
Consumer: Frame 104 complete
Consumer: Processing frame 105
Added frame 107 to slot 2
Frame 105 completed
Consumer: Frame 105 complete
Consumer: Processing frame 106
Added frame 108 to slot 0
Frame 106 completed
Consumer: Frame 106 complete
Consumer: Processing frame 107
Added frame 109 to slot 1
Frame 107 completed
Consumer: Frame 107 complete
Consumer: Processing frame 108
Added frame 110 to slot 2
Frame 108 completed
Consumer: Frame 108 complete
Consumer: Processing frame 109
Added frame 111 to slot 0
Frame 109 completed
Consumer: Frame 109 complete
Consumer: Processing frame 110
Added frame 112 to slot 1
Frame 110 completed
Consumer: Frame 110 complete
Consumer: Processing frame 111
Added frame 113 to slot 2
Frame 111 completed
Consumer: Frame 111 complete
Consumer: Processing frame 112
Added frame 114 to slot 0
Frame 112 completed
Consumer: Frame 112 complete
Consumer: Processing frame 113
Added frame 115 to slot 1
Frame 113 completed
Consumer: Frame 113 complete
Consumer: Processing frame 114
Added frame 116 to slot 2
Frame 114 completed
Consumer: Frame 114 complete
Consumer: Processing frame 115
Added frame 117 to slot 0
Frame 115 completed
Consumer: Frame 115 complete
Consumer: Processing frame 116
Added frame 118 to slot 1
Frame 116 completed
Consumer: Frame 116 complete
Consumer: Processing frame 117
Added frame 119 to slot 2
Frame 117 completed
Consumer: Frame 117 complete
Consumer: Processing frame 118
Added frame 120 to slot 0
Frame 118 completed
Consumer: Frame 118 complete
Consumer: Processing frame 119
Added frame 121 to slot 1
Frame 119 completed
Consumer: Frame 119 complete
Consumer: Processing frame 120
Added frame 122 to slot 2
Frame 120 completed
Consumer: Frame 120 complete
Consumer: Processing frame 121
Added frame 123 to slot 0
Frame 121 completed
Consumer: Frame 121 complete
Consumer: Processing frame 122
Added frame 124 to slot 1
Frame 122 completed
Consumer: Frame 122 complete
Consumer: Processing frame 123
Added frame 125 to slot 2
Frame 123 completed
Consumer: Frame 123 complete
Consumer: Processing frame 124
Added frame 126 to slot 0
Frame 124 completed
Consumer: Frame 124 complete
Consumer: Processing frame 125
Added frame 127 to slot 1
Frame 125 completed
Consumer: Frame 125 complete
Consumer: Processing frame 126
Added frame 128 to slot 2
Frame 126 completed
Consumer: Frame 126 complete
Consumer: Processing frame 127
Added frame 129 to slot 0
Frame 127 completed
Consumer: Frame 127 complete
Consumer: Processing frame 128
Added frame 130 to slot 1
Frame 128 completed
Consumer: Frame 128 complete
Consumer: Processing frame 129
Added frame 131 to slot 2
Frame 129 completed
Consumer: Frame 129 complete
Consumer: Processing frame 130
Added frame 132 to slot 0
Frame 130 completed
Consumer: Frame 130 complete
Consumer: Processing frame 131
Added frame 133 to slot 1
Frame 131 completed
Consumer: Frame 131 complete
Consumer: Processing frame 132
Added frame 134 to slot 2
Frame 132 completed
Consumer: Frame 132 complete
Consumer: Processing frame 133
Added frame 135 to slot 0
Frame 133 completed
Consumer: Frame 133 complete
Consumer: Processing frame 134
Added frame 136 to slot 1
Frame 134 completed
Consumer: Frame 134 complete
Consumer: Processing frame 135
Added frame 137 to slot 2
Frame 135 completed
Consumer: Frame 135 complete
Consumer: Processing frame 136
Added frame 138 to slot 0
Frame 136 completed
Consumer: Frame 136 complete
Consumer: Processing frame 137
Added frame 139 to slot 1
Frame 137 completed
Consumer: Frame 137 complete
Consumer: Processing frame 138
Added frame 140 to slot 2
Frame 138 completed
Consumer: Frame 138 complete
Consumer: Processing frame 139
Added frame 141 to slot 0
Frame 139 completed
Consumer: Frame 139 complete
Consumer: Processing frame 140
Added frame 142 to slot 1
Frame 140 completed
Consumer: Frame 140 complete
Consumer: Processing frame 141
Added frame 143 to slot 2
Frame 141 completed
Consumer: Frame 141 complete
Consumer: Processing frame 142
Added frame 144 to slot 0
Frame 142 completed
Consumer: Frame 142 complete
Consumer: Processing frame 143
Added frame 145 to slot 1
Frame 143 completed
Consumer: Frame 143 complete
Consumer: Processing frame 144
Added frame 146 to slot 2
Frame 144 completed
Consumer: Frame 144 complete
Consumer: Processing frame 145
Added frame 147 to slot 0
Frame 145 completed
Consumer: Frame 145 complete
Consumer: Processing frame 146
Added frame 148 to slot 1
Frame 146 completed
Consumer: Frame 146 complete
Consumer: Processing frame 147
Added frame 149 to slot 2
Frame 147 completed
Consumer: Frame 147 complete
Consumer: Processing frame 148
Added frame 150 to slot 0
Frame 148 completed
Consumer: Frame 148 complete
Consumer: Processing frame 149
Added frame 151 to slot 1
Frame 149 completed
Consumer: Frame 149 complete
Consumer: Processing frame 150
Added frame 152 to slot 2
Frame 150 completed
Consumer: Frame 150 complete
Consumer: Processing frame 151
Added frame 153 to slot 0
Frame 151 completed
Consumer: Frame 151 complete
Consumer: Processing frame 152
Added frame 154 to slot 1
Frame 152 completed
Consumer: Frame 152 complete
Consumer: Processing frame 153
Added frame 155 to slot 2
Frame 153 completed
Consumer: Frame 153 complete
Consumer: Processing frame 154
Added frame 156 to slot 0
Frame 154 completed
Consumer: Frame 154 complete
Consumer: Processing frame 155
Added frame 157 to slot 1
Frame 155 completed
Consumer: Frame 155 complete
Consumer: Processing frame 156
Added frame 158 to slot 2
Frame 156 completed
Consumer: Frame 156 complete
Consumer: Processing frame 157
Added frame 159 to slot 0
Frame 157 completed
Consumer: Frame 157 complete
Consumer: Processing frame 158
Added frame 160 to slot 1
Frame 158 completed
Consumer: Frame 158 complete
Consumer: Processing frame 159
Added frame 161 to slot 2
Frame 159 completed
Consumer: Frame 159 complete
Consumer: Processing frame 160
Added frame 162 to slot 0
Frame 160 completed
Consumer: Frame 160 complete
Consumer: Processing frame 161
Added frame 163 to slot 1
Frame 161 completed
Consumer: Frame 161 complete
Consumer: Processing frame 162
Added frame 164 to slot 2
Frame 162 completed
Consumer: Frame 162 complete
Consumer: Processing frame 163
Added frame 165 to slot 0
Frame 163 completed
Consumer: Frame 163 complete
Consumer: Processing frame 164
Added frame 166 to slot 1
Frame 164 completed
Consumer: Frame 164 complete
Consumer: Processing frame 165
Added frame 167 to slot 2
Frame 165 completed
Consumer: Frame 165 complete
Consumer: Processing frame 166
Added frame 168 to slot 0
Frame 166 completed
Consumer: Frame 166 complete
Consumer: Processing frame 167
Added frame 169 to slot 1
Frame 167 completed
Consumer: Frame 167 complete
Consumer: Processing frame 168
Added frame 170 to slot 2
Frame 168 completed
Consumer: Frame 168 complete
Consumer: Processing frame 169
Added frame 171 to slot 0
Frame 169 completed
Consumer: Frame 169 complete
Consumer: Processing frame 170
Added frame 172 to slot 1
Frame 170 completed
Consumer: Frame 170 complete
Consumer: Processing frame 171
Added frame 173 to slot 2
Frame 171 completed
Consumer: Frame 171 complete
Consumer: Processing frame 172
Added frame 174 to slot 0
Frame 172 completed
Consumer: Frame 172 complete
Consumer: Processing frame 173
Added frame 175 to slot 1
Frame 173 completed
Consumer: Frame 173 complete
Consumer: Processing frame 174
Added frame 176 to slot 2
Frame 174 completed
Consumer: Frame 174 complete
Consumer: Processing frame 175
Added frame 177 to slot 0
Frame 175 completed
Consumer: Frame 175 complete
Consumer: Processing frame 176
Added frame 178 to slot 1
Frame 176 completed
Consumer: Frame 176 complete
Consumer: Processing frame 177
Added frame 179 to slot 2
Frame 177 completed
Consumer: Frame 177 complete
Consumer: Processing frame 178
Added frame 180 to slot 0
Frame 178 completed
Consumer: Frame 178 complete
Consumer: Processing frame 179
Added frame 181 to slot 1
Frame 179 completed
Consumer: Frame 179 complete
Consumer: Processing frame 180
Added frame 182 to slot 2
Frame 180 completed
Consumer: Frame 180 complete
Consumer: Processing frame 181
Added frame 183 to slot 0
Frame 181 completed
Consumer: Frame 181 complete
Consumer: Processing frame 182
Added frame 184 to slot 1
Frame 182 completed
Consumer: Frame 182 complete
Consumer: Processing frame 183
Added frame 185 to slot 2
Frame 183 completed
Consumer: Frame 183 complete
Consumer: Processing frame 184
Added frame 186 to slot 0
Frame 184 completed
Consumer: Frame 184 complete
Consumer: Processing frame 185
Added frame 187 to slot 1
Frame 185 completed
Consumer: Frame 185 complete
Consumer: Processing frame 186
Added frame 188 to slot 2
Frame 186 completed
Consumer: Frame 186 complete
Consumer: Processing frame 187
Added frame 189 to slot 0
Frame 187 completed
Consumer: Frame 187 complete
Consumer: Processing frame 188
Added frame 190 to slot 1
Frame 188 completed
Consumer: Frame 188 complete
Consumer: Processing frame 189
Added frame 191 to slot 2
Frame 189 completed
Consumer: Frame 189 complete
Consumer: Processing frame 190
Added frame 192 to slot 0
Frame 190 completed
Consumer: Frame 190 complete
Consumer: Processing frame 191
Added frame 193 to slot 1
Frame 191 completed
Consumer: Frame 191 complete
Consumer: Processing frame 192
Added frame 194 to slot 2
Frame 192 completed
Consumer: Frame 192 complete
Consumer: Processing frame 193
Added frame 195 to slot 0
Frame 193 completed
Consumer: Frame 193 complete
Consumer: Processing frame 194
Added frame 196 to slot 1
Frame 194 completed
Consumer: Frame 194 complete
Consumer: Processing frame 195
Added frame 197 to slot 2
Frame 195 completed
Consumer: Frame 195 complete
Consumer: Processing frame 196
Added frame 198 to slot 0
Frame 196 completed
Consumer: Frame 196 complete
Consumer: Processing frame 197
Added frame 199 to slot 1
Frame 197 completed
Consumer: Frame 197 complete
Consumer: Processing frame 198
Added frame 200 to slot 2
Frame 198 completed
Consumer: Frame 198 complete
Consumer: Processing frame 199
Added frame 201 to slot 0
Frame 199 completed
Consumer: Frame 199 complete
Consumer: Processing frame 200
Added frame 202 to slot 1
Frame 200 completed
Consumer: Frame 200 complete
Consumer: Processing frame 201
Added frame 203 to slot 2
Frame 201 completed
Consumer: Frame 201 complete
Consumer: Processing frame 202
Added frame 204 to slot 0
Frame 202 completed
Consumer: Frame 202 complete
Consumer: Processing frame 203
Added frame 205 to slot 1
Frame 203 completed
Consumer: Frame 203 complete
Consumer: Processing frame 204
Added frame 206 to slot 2
Frame 204 completed
Consumer: Frame 204 complete
Consumer: Processing frame 205
Added frame 207 to slot 0
Frame 205 completed
Consumer: Frame 205 complete
Consumer: Processing frame 206
Added frame 208 to slot 1
Frame 206 completed
Consumer: Frame 206 complete
Consumer: Processing frame 207
Added frame 209 to slot 2
Frame 207 completed
Consumer: Frame 207 complete
Consumer: Processing frame 208
Added frame 210 to slot 0
Frame 208 completed
Consumer: Frame 208 complete
Consumer: Processing frame 209
Added frame 211 to slot 1
Frame 209 completed
Consumer: Frame 209 complete
Consumer: Processing frame 210
Added frame 212 to slot 2
Frame 210 completed
Consumer: Frame 210 complete
Consumer: Processing frame 211
Added frame 213 to slot 0
Frame 211 completed
Consumer: Frame 211 complete
Consumer: Processing frame 212
Added frame 214 to slot 1
Frame 212 completed
Consumer: Frame 212 complete
Consumer: Processing frame 213
Added frame 215 to slot 2
Frame 213 completed
Consumer: Frame 213 complete
Consumer: Processing frame 214
Added frame 216 to slot 0
Frame 214 completed
Consumer: Frame 214 complete
Consumer: Processing frame 215
Added frame 217 to slot 1
Frame 215 completed
Consumer: Frame 215 complete
Consumer: Processing frame 216
Added frame 218 to slot 2
Frame 216 completed
Consumer: Frame 216 complete
Consumer: Processing frame 217
Added frame 219 to slot 0
Frame 217 completed
Consumer: Frame 217 complete
Consumer: Processing frame 218
Added frame 220 to slot 1
Frame 218 completed
Consumer: Frame 218 complete
Consumer: Processing frame 219
Added frame 221 to slot 2
Frame 219 completed
Consumer: Frame 219 complete
Added frame 222 to slot 0
Consumer: Processing frame 220
Frame 220 completed
Consumer: Frame 220 complete
Consumer: Processing frame 221
Added frame 223 to slot 1
Frame 221 completed
Consumer: Frame 221 complete
Consumer: Processing frame 222
Added frame 224 to slot 2
Frame 222 completed
Consumer: Frame 222 complete
Consumer: Processing frame 223
Added frame 225 to slot 0
Frame 223 completed
Consumer: Frame 223 complete
Consumer: Processing frame 224
Added frame 226 to slot 1
Frame 224 completed
Consumer: Frame 224 complete
Consumer: Processing frame 225
Added frame 227 to slot 2
Frame 225 completed
Consumer: Frame 225 complete
Consumer: Processing frame 226
Added frame 228 to slot 0
Frame 226 completed
Consumer: Frame 226 complete
Consumer: Processing frame 227
Added frame 229 to slot 1
Frame 227 completed
Consumer: Frame 227 complete
Consumer: Processing frame 228
Added frame 230 to slot 2
Frame 228 completed
Consumer: Frame 228 complete
Consumer: Processing frame 229
Added frame 231 to slot 0
Frame 229 completed
Consumer: Frame 229 complete
Consumer: Processing frame 230
Added frame 232 to slot 1
Frame 230 completed
Consumer: Frame 230 complete
Consumer: Processing frame 231
Added frame 233 to slot 2
Frame 231 completed
Consumer: Frame 231 complete
Consumer: Processing frame 232
Added frame 234 to slot 0
Frame 232 completed
Consumer: Frame 232 complete
Consumer: Processing frame 233
Added frame 235 to slot 1
Frame 233 completed
Consumer: Frame 233 complete
Consumer: Processing frame 234
Added frame 236 to slot 2
Frame 234 completed
Consumer: Frame 234 complete
Consumer: Processing frame 235
Added frame 237 to slot 0
Frame 235 completed
Consumer: Frame 235 complete
Consumer: Processing frame 236
Added frame 238 to slot 1
Frame 236 completed
Consumer: Frame 236 complete
Consumer: Processing frame 237
Added frame 239 to slot 2
Frame 237 completed
Consumer: Frame 237 complete
Consumer: Processing frame 238
Added frame 240 to slot 0
Frame 238 completed
Consumer: Frame 238 complete
Consumer: Processing frame 239
Added frame 241 to slot 1
Frame 239 completed
Consumer: Frame 239 complete
Consumer: Processing frame 240
Added frame 242 to slot 2
Frame 240 completed
Consumer: Frame 240 complete
Consumer: Processing frame 241
Added frame 243 to slot 0
Frame 241 completed
Consumer: Frame 241 complete
Consumer: Processing frame 242
Added frame 244 to slot 1
Frame 242 completed
Consumer: Frame 242 complete
Consumer: Processing frame 243
Added frame 245 to slot 2
Frame 243 completed
Consumer: Frame 243 complete
Consumer: Processing frame 244
Added frame 246 to slot 0
Frame 244 completed
Consumer: Frame 244 complete
Consumer: Processing frame 245
Added frame 247 to slot 1
Frame 245 completed
Consumer: Frame 245 complete
Consumer: Processing frame 246
Added frame 248 to slot 2
Frame 246 completed
Consumer: Frame 246 complete
Consumer: Processing frame 247
Added frame 249 to slot 0
Frame 247 completed
Consumer: Frame 247 complete
Consumer: Processing frame 248
Added frame 250 to slot 1
Frame 248 completed
Consumer: Frame 248 complete
Consumer: Processing frame 249
Added frame 251 to slot 2
Frame 249 completed
Consumer: Frame 249 complete
Consumer: Processing frame 250
Added frame 252 to slot 0
Frame 250 completed
Consumer: Frame 250 complete
Consumer: Processing frame 251
Added frame 253 to slot 1
Frame 251 completed
Consumer: Frame 251 complete
Consumer: Processing frame 252
Added frame 254 to slot 2
Frame 252 completed
Consumer: Frame 252 complete
Consumer: Processing frame 253
Added frame 255 to slot 0
Frame 253 completed
Consumer: Frame 253 complete
Consumer: Processing frame 254
Added frame 256 to slot 1
Frame 254 completed
Consumer: Frame 254 complete
Consumer: Processing frame 255
Added frame 257 to slot 2
Frame 255 completed
Consumer: Frame 255 complete
Consumer: Processing frame 256
Added frame 258 to slot 0
Frame 256 completed
Consumer: Frame 256 complete
Consumer: Processing frame 257
Added frame 259 to slot 1
Frame 257 completed
Consumer: Frame 257 complete
Consumer: Processing frame 258
Added frame 260 to slot 2
Frame 258 completed
Consumer: Frame 258 complete
Consumer: Processing frame 259
Added frame 261 to slot 0
Frame 259 completed
Consumer: Frame 259 complete
Consumer: Processing frame 260
Added frame 262 to slot 1
Frame 260 completed
Consumer: Frame 260 complete
Consumer: Processing frame 261
Added frame 263 to slot 2
Frame 261 completed
Consumer: Frame 261 complete
Consumer: Processing frame 262
Added frame 264 to slot 0
Frame 262 completed
Consumer: Frame 262 complete
Consumer: Processing frame 263
Added frame 265 to slot 1
Frame 263 completed
Consumer: Frame 263 complete
Consumer: Processing frame 264
Added frame 266 to slot 2
Frame 264 completed
Consumer: Frame 264 complete
Consumer: Processing frame 265
Added frame 267 to slot 0
Frame 265 completed
Consumer: Frame 265 complete
Consumer: Processing frame 266
Added frame 268 to slot 1
Frame 266 completed
Consumer: Frame 266 complete
Consumer: Processing frame 267
Added frame 269 to slot 2
Frame 267 completed
Consumer: Frame 267 complete
Consumer: Processing frame 268
Added frame 270 to slot 0
Frame 268 completed
Consumer: Frame 268 complete
Consumer: Processing frame 269
Added frame 271 to slot 1
Frame 269 completed
Consumer: Frame 269 complete
Consumer: Processing frame 270
Added frame 272 to slot 2
Frame 270 completed
Consumer: Frame 270 complete
Consumer: Processing frame 271
Added frame 273 to slot 0
Frame 271 completed
Consumer: Frame 271 complete
Consumer: Processing frame 272
Added frame 274 to slot 1
Frame 272 completed
Consumer: Frame 272 complete
Consumer: Processing frame 273
Added frame 275 to slot 2
Frame 273 completed
Consumer: Frame 273 complete
Consumer: Processing frame 274
Added frame 276 to slot 0
Frame 274 completed
Consumer: Frame 274 complete
Consumer: Processing frame 275
Added frame 277 to slot 1
Frame 275 completed
Consumer: Frame 275 complete
Consumer: Processing frame 276
Added frame 278 to slot 2
Frame 276 completed
Consumer: Frame 276 complete
Consumer: Processing frame 277
Added frame 279 to slot 0
Frame 277 completed
Consumer: Frame 277 complete
Consumer: Processing frame 278
Added frame 280 to slot 1
Frame 278 completed
Consumer: Frame 278 complete
Consumer: Processing frame 279
Added frame 281 to slot 2
Frame 279 completed
Consumer: Frame 279 complete
Consumer: Processing frame 280
Added frame 282 to slot 0
Frame 280 completed
Consumer: Frame 280 complete
Consumer: Processing frame 281
Added frame 283 to slot 1
Frame 281 completed
Consumer: Frame 281 complete
Consumer: Processing frame 282
Added frame 284 to slot 2
Frame 282 completed
Consumer: Frame 282 complete
Consumer: Processing frame 283
Added frame 285 to slot 0
Frame 283 completed
Consumer: Frame 283 complete
Consumer: Processing frame 284
Added frame 286 to slot 1
Frame 284 completed
Consumer: Frame 284 complete
Consumer: Processing frame 285
Added frame 287 to slot 2
Frame 285 completed
Added frame 288 to slot 0
Consumer: Frame 285 complete
Consumer: Processing frame 286
Frame 286 completed
Consumer: Frame 286 complete
Consumer: Processing frame 287
Added frame 289 to slot 1
Frame 287 completed
Consumer: Frame 287 complete
Consumer: Processing frame 288
Added frame 290 to slot 2
Frame 288 completed
Consumer: Frame 288 complete
Consumer: Processing frame 289
Added frame 291 to slot 0
Frame 289 completed
Consumer: Frame 289 complete
Consumer: Processing frame 290
Added frame 292 to slot 1
Frame 290 completed
Consumer: Frame 290 complete
Consumer: Processing frame 291
Added frame 293 to slot 2
Frame 291 completed
Consumer: Frame 291 complete
Consumer: Processing frame 292
Added frame 294 to slot 0
Frame 292 completed
Consumer: Frame 292 complete
Consumer: Processing frame 293
Added frame 295 to slot 1
Frame 293 completed
Consumer: Frame 293 complete
Consumer: Processing frame 294
Added frame 296 to slot 2
Frame 294 completed
Consumer: Frame 294 complete
Consumer: Processing frame 295
Added frame 297 to slot 0
Frame 295 completed
Consumer: Frame 295 complete
Consumer: Processing frame 296
Added frame 298 to slot 1
Frame 296 completed
Consumer: Frame 296 complete
Consumer: Processing frame 297
Added frame 299 to slot 2
Frame 297 completed
Consumer: Frame 297 complete
Consumer: Processing frame 298
Added frame 300 to slot 0
Frame 298 completed
Consumer: Frame 298 complete
Consumer: Processing frame 299
Added frame 301 to slot 1
Frame 299 completed
Consumer: Frame 299 complete
Consumer: Processing frame 300
Added frame 302 to slot 2
Frame 300 completed
Consumer: Frame 300 complete
Consumer: Processing frame 301
Added frame 303 to slot 0
Frame 301 completed
Consumer: Frame 301 complete
Consumer: Processing frame 302
Added frame 304 to slot 1
Frame 302 completed
Consumer: Frame 302 complete
Consumer: Processing frame 303
Added frame 305 to slot 2
Frame 303 completed
Consumer: Frame 303 complete
Consumer: Processing frame 304
Added frame 306 to slot 0
Frame 304 completed
Consumer: Frame 304 complete
Consumer: Processing frame 305
Added frame 307 to slot 1
Frame 305 completed
Consumer: Frame 305 complete
Consumer: Processing frame 306
Added frame 308 to slot 2
Frame 306 completed
Consumer: Frame 306 complete
Consumer: Processing frame 307
Added frame 309 to slot 0
Frame 307 completed
Consumer: Frame 307 complete
Consumer: Processing frame 308
Added frame 310 to slot 1
Frame 308 completed
Consumer: Frame 308 complete
Consumer: Processing frame 309
Added frame 311 to slot 2
Frame 309 completed
Consumer: Frame 309 complete
Consumer: Processing frame 310
Added frame 312 to slot 0
Frame 310 completed
Consumer: Frame 310 complete
Consumer: Processing frame 311
Added frame 313 to slot 1
Frame 311 completed
Consumer: Frame 311 complete
Consumer: Processing frame 312
Added frame 314 to slot 2
Frame 312 completed
Consumer: Frame 312 complete
Consumer: Processing frame 313
Added frame 315 to slot 0
Frame 313 completed
Consumer: Frame 313 complete
Consumer: Processing frame 314
Added frame 316 to slot 1
Frame 314 completed
Consumer: Frame 314 complete
Consumer: Processing frame 315
Added frame 317 to slot 2
Frame 315 completed
Consumer: Frame 315 complete
Consumer: Processing frame 316
Added frame 318 to slot 0
Frame 316 completed
Consumer: Frame 316 complete
Consumer: Processing frame 317
Added frame 319 to slot 1
Frame 317 completed
Consumer: Frame 317 complete
Consumer: Processing frame 318
Added frame 320 to slot 2
Frame 318 completed
Consumer: Frame 318 complete
Consumer: Processing frame 319
Added frame 321 to slot 0
Frame 319 completed
Consumer: Frame 319 complete
Consumer: Processing frame 320
Added frame 322 to slot 1
Frame 320 completed
Consumer: Frame 320 complete
Consumer: Processing frame 321
Added frame 323 to slot 2
Frame 321 completed
Consumer: Frame 321 complete
Consumer: Processing frame 322
Added frame 324 to slot 0
Frame 322 completed
Consumer: Frame 322 complete
Consumer: Processing frame 323
Added frame 325 to slot 1
Frame 323 completed
Consumer: Frame 323 complete
Consumer: Processing frame 324
Added frame 326 to slot 2
Frame 324 completed
Consumer: Frame 324 complete
Consumer: Processing frame 325
Added frame 327 to slot 0
Frame 325 completed
Consumer: Frame 325 complete
Consumer: Processing frame 326
Added frame 328 to slot 1
Frame 326 completed
Consumer: Frame 326 complete
Consumer: Processing frame 327
Added frame 329 to slot 2
Frame 327 completed
Consumer: Frame 327 complete
Consumer: Processing frame 328
Added frame 330 to slot 0
Frame 328 completed
Consumer: Frame 328 complete
Consumer: Processing frame 329
Added frame 331 to slot 1
Frame 329 completed
Consumer: Frame 329 complete
Consumer: Processing frame 330
Added frame 332 to slot 2
Frame 330 completed
Consumer: Frame 330 complete
Consumer: Processing frame 331
Added frame 333 to slot 0
Frame 331 completed
Consumer: Frame 331 complete
Consumer: Processing frame 332
Added frame 334 to slot 1
Frame 332 completed
Consumer: Frame 332 complete
Consumer: Processing frame 333
Added frame 335 to slot 2
Frame 333 completed
Consumer: Frame 333 complete
Consumer: Processing frame 334
Added frame 336 to slot 0
Frame 334 completed
Consumer: Frame 334 complete
Consumer: Processing frame 335
Added frame 337 to slot 1
Frame 335 completed
Consumer: Frame 335 complete
Consumer: Processing frame 336
Added frame 338 to slot 2
Frame 336 completed
Consumer: Frame 336 complete
Consumer: Processing frame 337
Added frame 339 to slot 0
Frame 337 completed
Consumer: Frame 337 complete
Consumer: Processing frame 338
Added frame 340 to slot 1
Frame 338 completed
Consumer: Frame 338 complete
Consumer: Processing frame 339
Added frame 341 to slot 2
Frame 339 completed
Consumer: Frame 339 complete
Consumer: Processing frame 340
Added frame 342 to slot 0
Frame 340 completed
Consumer: Frame 340 complete
Consumer: Processing frame 341
Added frame 343 to slot 1
Frame 341 completed
Consumer: Frame 341 complete
Consumer: Processing frame 342
Added frame 344 to slot 2
Frame 342 completed
Consumer: Frame 342 complete
Consumer: Processing frame 343
Added frame 345 to slot 0
Frame 343 completed
Consumer: Frame 343 complete
Consumer: Processing frame 344
Added frame 346 to slot 1
Frame 344 completed
Consumer: Frame 344 complete
Consumer: Processing frame 345
Added frame 347 to slot 2
Frame 345 completed
Consumer: Frame 345 complete
Consumer: Processing frame 346
Added frame 348 to slot 0
Frame 346 completed
Consumer: Frame 346 complete
Added frame 349 to slot 1
Consumer: Processing frame 347
Frame 347 completed
Consumer: Frame 347 complete
Consumer: Processing frame 348
Added frame 350 to slot 2
Frame 348 completed
Consumer: Frame 348 complete
Consumer: Processing frame 349
Added frame 351 to slot 0
Frame 349 completed
Consumer: Frame 349 complete
Consumer: Processing frame 350
Added frame 352 to slot 1
Frame 350 completed
Consumer: Frame 350 complete
Consumer: Processing frame 351
Added frame 353 to slot 2
Frame 351 completed
Consumer: Frame 351 complete
Consumer: Processing frame 352
Added frame 354 to slot 0
Frame 352 completed
Consumer: Frame 352 complete
Consumer: Processing frame 353
Added frame 355 to slot 1
Frame 353 completed
Consumer: Frame 353 complete
Consumer: Processing frame 354
Added frame 356 to slot 2
Frame 354 completed
Consumer: Frame 354 complete
Consumer: Processing frame 355
Added frame 357 to slot 0
Frame 355 completed
Consumer: Frame 355 complete
Consumer: Processing frame 356
Added frame 358 to slot 1
Frame 356 completed
Consumer: Frame 356 complete
Consumer: Processing frame 357
Added frame 359 to slot 2
Frame 357 completed
Consumer: Frame 357 complete
Consumer: Processing frame 358
Added frame 360 to slot 0
Frame 358 completed
Consumer: Frame 358 complete
Consumer: Processing frame 359
Added frame 361 to slot 1
Frame 359 completed
Consumer: Frame 359 complete
Consumer: Processing frame 360
Added frame 362 to slot 2
Frame 360 completed
Consumer: Frame 360 complete
Consumer: Processing frame 361
Added frame 363 to slot 0
Frame 361 completed
Consumer: Frame 361 complete
Consumer: Processing frame 362
Added frame 364 to slot 1
Frame 362 completed
Consumer: Frame 362 complete
Consumer: Processing frame 363
Added frame 365 to slot 2
Frame 363 completed
Consumer: Frame 363 complete
Consumer: Processing frame 364
Added frame 366 to slot 0
Frame 364 completed
Consumer: Frame 364 complete
Consumer: Processing frame 365
Added frame 367 to slot 1
Frame 365 completed
Consumer: Frame 365 complete
Consumer: Processing frame 366
Added frame 368 to slot 2
Frame 366 completed
Consumer: Frame 366 complete
Consumer: Processing frame 367
Added frame 369 to slot 0
Frame 367 completed
Consumer: Frame 367 complete
Consumer: Processing frame 368
Added frame 370 to slot 1
Frame 368 completed
Consumer: Frame 368 complete
Consumer: Processing frame 369
Added frame 371 to slot 2
Frame 369 completed
Consumer: Frame 369 complete
Consumer: Processing frame 370
Added frame 372 to slot 0
Frame 370 completed
Consumer: Frame 370 complete
Consumer: Processing frame 371
Added frame 373 to slot 1
Frame 371 completed
Consumer: Frame 371 complete
Consumer: Processing frame 372
Added frame 374 to slot 2
Frame 372 completed
Consumer: Frame 372 complete
Consumer: Processing frame 373
Added frame 375 to slot 0
Frame 373 completed
Consumer: Frame 373 complete
Consumer: Processing frame 374
Added frame 376 to slot 1
Frame 374 completed
Consumer: Frame 374 complete
Consumer: Processing frame 375
Added frame 377 to slot 2
Frame 375 completed
Consumer: Frame 375 complete
Consumer: Processing frame 376
Added frame 378 to slot 0
Frame 376 completed
Consumer: Frame 376 complete
Consumer: Processing frame 377
Added frame 379 to slot 1
Frame 377 completed
Consumer: Frame 377 complete
Consumer: Processing frame 378
Added frame 380 to slot 2
Frame 378 completed
Consumer: Frame 378 complete
Consumer: Processing frame 379
Added frame 381 to slot 0
Frame 379 completed
Consumer: Frame 379 complete
Consumer: Processing frame 380
Added frame 382 to slot 1
Frame 380 completed
Consumer: Frame 380 complete
Consumer: Processing frame 381
Added frame 383 to slot 2
Frame 381 completed
Consumer: Frame 381 complete
Consumer: Processing frame 382
Added frame 384 to slot 0
Frame 382 completed
Consumer: Frame 382 complete
Consumer: Processing frame 383
Added frame 385 to slot 1
Frame 383 completed
Consumer: Frame 383 complete
Consumer: Processing frame 384
Added frame 386 to slot 2
Frame 384 completed
Consumer: Frame 384 complete
Consumer: Processing frame 385
Added frame 387 to slot 0
Frame 385 completed
Consumer: Frame 385 complete
Consumer: Processing frame 386
Added frame 388 to slot 1
Frame 386 completed
Consumer: Frame 386 complete
Consumer: Processing frame 387
Added frame 389 to slot 2
Frame 387 completed
Consumer: Frame 387 complete
Consumer: Processing frame 388
Added frame 390 to slot 0
Frame 388 completed
Consumer: Frame 388 complete
Consumer: Processing frame 389
Added frame 391 to slot 1
Frame 389 completed
Consumer: Frame 389 complete
Consumer: Processing frame 390
Added frame 392 to slot 2
Frame 390 completed
Consumer: Frame 390 complete
Consumer: Processing frame 391
Added frame 393 to slot 0
Frame 391 completed
Consumer: Frame 391 complete
Consumer: Processing frame 392
Added frame 394 to slot 1
Frame 392 completed
Consumer: Frame 392 complete
Consumer: Processing frame 393
Added frame 395 to slot 2
Frame 393 completed
Consumer: Frame 393 complete
Consumer: Processing frame 394
Added frame 396 to slot 0
Frame 394 completed
Consumer: Frame 394 complete
Consumer: Processing frame 395
Added frame 397 to slot 1
Frame 395 completed
Consumer: Frame 395 complete
Consumer: Processing frame 396
Added frame 398 to slot 2
Frame 396 completed
Consumer: Frame 396 complete
Consumer: Processing frame 397
Added frame 399 to slot 0
Frame 397 completed
Consumer: Frame 397 complete
Consumer: Processing frame 398
Added frame 400 to slot 1
Frame 398 completed
Consumer: Frame 398 complete
Consumer: Processing frame 399
Added frame 401 to slot 2
Frame 399 completed
Consumer: Frame 399 complete
Consumer: Processing frame 400
Added frame 402 to slot 0
Frame 400 completed
Consumer: Frame 400 complete
Consumer: Processing frame 401
Added frame 403 to slot 1
Frame 401 completed
Consumer: Frame 401 complete
Consumer: Processing frame 402
Added frame 404 to slot 2
Frame 402 completed
Consumer: Frame 402 complete
Consumer: Processing frame 403
Added frame 405 to slot 0
Frame 403 completed
Consumer: Frame 403 complete
Consumer: Processing frame 404
Added frame 406 to slot 1
Frame 404 completed
Consumer: Frame 404 complete
Consumer: Processing frame 405
Added frame 407 to slot 2
Frame 405 completed
Consumer: Frame 405 complete
Consumer: Processing frame 406
Added frame 408 to slot 0
Frame 406 completed
Consumer: Frame 406 complete
Consumer: Processing frame 407
Added frame 409 to slot 1
Frame 407 completed
Consumer: Frame 407 complete
Consumer: Processing frame 408
Added frame 410 to slot 2
Frame 408 completed
Consumer: Frame 408 complete
Consumer: Processing frame 409
Added frame 411 to slot 0
Frame 409 completed
Consumer: Frame 409 complete
Consumer: Processing frame 410
Added frame 412 to slot 1
Frame 410 completed
Consumer: Frame 410 complete
Consumer: Processing frame 411
Added frame 413 to slot 2
Frame 411 completed
Consumer: Frame 411 complete
Consumer: Processing frame 412
Added frame 414 to slot 0
Frame 412 completed
Consumer: Frame 412 complete
Consumer: Processing frame 413
Added frame 415 to slot 1
Frame 413 completed
Consumer: Frame 413 complete
Consumer: Processing frame 414
Added frame 416 to slot 2
Frame 414 completed
Consumer: Frame 414 complete
Consumer: Processing frame 415
Added frame 417 to slot 0
Frame 415 completed
Consumer: Frame 415 complete
Consumer: Processing frame 416
Added frame 418 to slot 1
Frame 416 completed
Consumer: Frame 416 complete
Consumer: Processing frame 417
Added frame 419 to slot 2
Frame 417 completed
Consumer: Frame 417 complete
Consumer: Processing frame 418
Added frame 420 to slot 0
Frame 418 completed
Consumer: Frame 418 complete
Consumer: Processing frame 419
Added frame 421 to slot 1
Frame 419 completed
Consumer: Frame 419 complete
Consumer: Processing frame 420
Added frame 422 to slot 2
Frame 420 completed
Consumer: Frame 420 complete
Consumer: Processing frame 421
Added frame 423 to slot 0
Frame 421 completed
Consumer: Frame 421 complete
Consumer: Processing frame 422
Added frame 424 to slot 1
Frame 422 completed
Consumer: Frame 422 complete
Consumer: Processing frame 423
Added frame 425 to slot 2
Frame 423 completed
Consumer: Frame 423 complete
Consumer: Processing frame 424
Added frame 426 to slot 0
Frame 424 completed
Consumer: Frame 424 complete
Consumer: Processing frame 425
Added frame 427 to slot 1
Frame 425 completed
Consumer: Frame 425 complete
Consumer: Processing frame 426
Added frame 428 to slot 2
Frame 426 completed
Consumer: Frame 426 complete
Consumer: Processing frame 427
Added frame 429 to slot 0
Frame 427 completed
Consumer: Frame 427 complete
Consumer: Processing frame 428
Added frame 430 to slot 1
Frame 428 completed
Consumer: Frame 428 complete
Consumer: Processing frame 429
Added frame 431 to slot 2
Frame 429 completed
Consumer: Frame 429 complete
Consumer: Processing frame 430
Added frame 432 to slot 0
Frame 430 completed
Consumer: Frame 430 complete
Consumer: Processing frame 431
Added frame 433 to slot 1
Frame 431 completed
Consumer: Frame 431 complete
Consumer: Processing frame 432
Added frame 434 to slot 2
Frame 432 completed
Consumer: Frame 432 complete
Consumer: Processing frame 433
Added frame 435 to slot 0
Frame 433 completed
Consumer: Frame 433 complete
Consumer: Processing frame 434
Added frame 436 to slot 1
Frame 434 completed
Consumer: Frame 434 complete
Consumer: Processing frame 435
Added frame 437 to slot 2
Frame 435 completed
Consumer: Frame 435 complete
Consumer: Processing frame 436
Added frame 438 to slot 0
Frame 436 completed
Consumer: Frame 436 complete
Consumer: Processing frame 437
Added frame 439 to slot 1
Frame 437 completed
Consumer: Frame 437 complete
Consumer: Processing frame 438
Added frame 440 to slot 2
Frame 438 completed
Consumer: Frame 438 complete
Consumer: Processing frame 439
Added frame 441 to slot 0
Frame 439 completed
Consumer: Frame 439 complete
Consumer: Processing frame 440
Added frame 442 to slot 1
Frame 440 completed
Consumer: Frame 440 complete
Consumer: Processing frame 441
Added frame 443 to slot 2
Frame 441 completed
Consumer: Frame 441 complete
Consumer: Processing frame 442
Added frame 444 to slot 0
Frame 442 completed
Consumer: Frame 442 complete
Consumer: Processing frame 443
Added frame 445 to slot 1
Frame 443 completed
Consumer: Frame 443 complete
Consumer: Processing frame 444
Added frame 446 to slot 2
Frame 444 completed
Consumer: Frame 444 complete
Consumer: Processing frame 445
Added frame 447 to slot 0
Frame 445 completed
Consumer: Frame 445 complete
Consumer: Processing frame 446
Added frame 448 to slot 1
Frame 446 completed
Consumer: Frame 446 complete
Consumer: Processing frame 447
Added frame 449 to slot 2
Frame 447 completed
Consumer: Frame 447 complete
Consumer: Processing frame 448
Added frame 450 to slot 0
Frame 448 completed
Consumer: Frame 448 complete
Consumer: Processing frame 449
Added frame 451 to slot 1
Frame 449 completed
Consumer: Frame 449 complete
Consumer: Processing frame 450
Added frame 452 to slot 2
Frame 450 completed
Consumer: Frame 450 complete
Consumer: Processing frame 451
Added frame 453 to slot 0
Frame 451 completed
Consumer: Frame 451 complete
Consumer: Processing frame 452
Added frame 454 to slot 1
Frame 452 completed
Consumer: Frame 452 complete
Consumer: Processing frame 453
Added frame 455 to slot 2
Frame 453 completed
Consumer: Frame 453 complete
Consumer: Processing frame 454
Added frame 456 to slot 0
Frame 454 completed
Consumer: Frame 454 complete
Consumer: Processing frame 455
Added frame 457 to slot 1
Frame 455 completed
Consumer: Frame 455 complete
Consumer: Processing frame 456
Added frame 458 to slot 2
Frame 456 completed
Consumer: Frame 456 complete
Consumer: Processing frame 457
Added frame 459 to slot 0
Frame 457 completed
Consumer: Frame 457 complete
Consumer: Processing frame 458
Added frame 460 to slot 1
Frame 458 completed
Consumer: Frame 458 complete
Consumer: Processing frame 459
Added frame 461 to slot 2
Frame 459 completed
Consumer: Frame 459 complete
Consumer: Processing frame 460
Added frame 462 to slot 0
Frame 460 completed
Consumer: Frame 460 complete
Consumer: Processing frame 461
Added frame 463 to slot 1
Frame 461 completed
Consumer: Frame 461 complete
Consumer: Processing frame 462
Added frame 464 to slot 2
Frame 462 completed
Consumer: Frame 462 complete
Consumer: Processing frame 463
Added frame 465 to slot 0
Frame 463 completed
Consumer: Frame 463 complete
Consumer: Processing frame 464
Added frame 466 to slot 1
Frame 464 completed
Consumer: Frame 464 complete
Consumer: Processing frame 465
Added frame 467 to slot 2
Frame 465 completed
Consumer: Frame 465 complete
Consumer: Processing frame 466
Added frame 468 to slot 0
Frame 466 completed
Consumer: Frame 466 complete
Consumer: Processing frame 467
Added frame 469 to slot 1
Frame 467 completed
Consumer: Frame 467 complete
Consumer: Processing frame 468
Added frame 470 to slot 2
Frame 468 completed
Consumer: Frame 468 complete
Consumer: Processing frame 469
Added frame 471 to slot 0
Frame 469 completed
Consumer: Frame 469 complete
Consumer: Processing frame 470
Added frame 472 to slot 1
Frame 470 completed
Consumer: Frame 470 complete
Consumer: Processing frame 471
Added frame 473 to slot 2
Frame 471 completed
Consumer: Frame 471 complete
Consumer: Processing frame 472
Added frame 474 to slot 0
Frame 472 completed
Consumer: Frame 472 complete
Consumer: Processing frame 473
Added frame 475 to slot 1
Frame 473 completed
Consumer: Frame 473 complete
Consumer: Processing frame 474
Added frame 476 to slot 2
Frame 474 completed
Consumer: Frame 474 complete
Consumer: Processing frame 475
Added frame 477 to slot 0
Frame 475 completed
Consumer: Frame 475 complete
Consumer: Processing frame 476
Added frame 478 to slot 1
Frame 476 completed
Consumer: Frame 476 complete
Consumer: Processing frame 477
Added frame 479 to slot 2
Frame 477 completed
Consumer: Frame 477 complete
Consumer: Processing frame 478
Added frame 480 to slot 0
Frame 478 completed
Consumer: Frame 478 complete
Consumer: Processing frame 479
Added frame 481 to slot 1
Frame 479 completed
Consumer: Frame 479 complete
Consumer: Processing frame 480
Added frame 482 to slot 2
Frame 480 completed
Consumer: Frame 480 complete
Consumer: Processing frame 481
Added frame 483 to slot 0
Frame 481 completed
Consumer: Frame 481 complete
Consumer: Processing frame 482
Added frame 484 to slot 1
Frame 482 completed
Consumer: Frame 482 complete
Consumer: Processing frame 483
Added frame 485 to slot 2
Frame 483 completed
Consumer: Frame 483 complete
Consumer: Processing frame 484
Added frame 486 to slot 0
Frame 484 completed
Consumer: Frame 484 complete
Consumer: Processing frame 485
Added frame 487 to slot 1
Frame 485 completed
Consumer: Frame 485 complete
Consumer: Processing frame 486
Added frame 488 to slot 2
Frame 486 completed
Consumer: Frame 486 complete
Consumer: Processing frame 487
Added frame 489 to slot 0
Frame 487 completed
Consumer: Frame 487 complete
Consumer: Processing frame 488
Added frame 490 to slot 1
Frame 488 completed
Consumer: Frame 488 complete
Consumer: Processing frame 489
Added frame 491 to slot 2
Frame 489 completed
Consumer: Frame 489 complete
Consumer: Processing frame 490
Added frame 492 to slot 0
Frame 490 completed
Consumer: Frame 490 complete
Consumer: Processing frame 491
Added frame 493 to slot 1
Frame 491 completed
Consumer: Frame 491 complete
Consumer: Processing frame 492
Added frame 494 to slot 2
Frame 492 completed
Consumer: Frame 492 complete
Consumer: Processing frame 493
Added frame 495 to slot 0
Frame 493 completed
Consumer: Frame 493 complete
Consumer: Processing frame 494
Added frame 496 to slot 1
Frame 494 completed
Consumer: Frame 494 complete
Consumer: Processing frame 495
Added frame 497 to slot 2
Frame 495 completed
Consumer: Frame 495 complete
Consumer: Processing frame 496
Added frame 498 to slot 0
Frame 496 completed
Consumer: Frame 496 complete
Consumer: Processing frame 497
Added frame 499 to slot 1
Frame 497 completed
Consumer: Frame 497 complete
Consumer: Processing frame 498
Added frame 500 to slot 2
Frame 498 completed
Consumer: Frame 498 complete
Consumer: Processing frame 499
Added frame 501 to slot 0
Frame 499 completed
Consumer: Frame 499 complete
Consumer: Processing frame 500
Added frame 502 to slot 1
Frame 500 completed
Consumer: Frame 500 complete
Consumer: Processing frame 501
Added frame 503 to slot 2
Frame 501 completed
Consumer: Frame 501 complete
Consumer: Processing frame 502
Added frame 504 to slot 0
Frame 502 completed
Consumer: Frame 502 complete
Consumer: Processing frame 503
Added frame 505 to slot 1
Frame 503 completed
Consumer: Frame 503 complete
Consumer: Processing frame 504
Added frame 506 to slot 2
Frame 504 completed
Consumer: Frame 504 complete
Consumer: Processing frame 505
Added frame 507 to slot 0
Frame 505 completed
Consumer: Frame 505 complete
Consumer: Processing frame 506
Added frame 508 to slot 1
Frame 506 completed
Consumer: Frame 506 complete
Consumer: Processing frame 507
Added frame 509 to slot 2
Frame 507 completed
Consumer: Frame 507 complete
Consumer: Processing frame 508
Added frame 510 to slot 0
Frame 508 completed
Consumer: Frame 508 complete
Consumer: Processing frame 509
Added frame 511 to slot 1
Frame 509 completed
Consumer: Frame 509 complete
Consumer: Processing frame 510
Added frame 512 to slot 2
Frame 510 completed
Consumer: Frame 510 complete
Consumer: Processing frame 511
Added frame 513 to slot 0
Frame 511 completed
Consumer: Frame 511 complete
Consumer: Processing frame 512
Added frame 514 to slot 1
Frame 512 completed
Consumer: Frame 512 complete
Consumer: Processing frame 513
Added frame 515 to slot 2
Frame 513 completed
Consumer: Frame 513 complete
Consumer: Processing frame 514
Added frame 516 to slot 0
Frame 514 completed
Consumer: Frame 514 complete
Consumer: Processing frame 515
Added frame 517 to slot 1
Frame 515 completed
Consumer: Frame 515 complete
Consumer: Processing frame 516
Added frame 518 to slot 2
Frame 516 completed
Consumer: Frame 516 complete
Consumer: Processing frame 517
Added frame 519 to slot 0
Frame 517 completed
Consumer: Frame 517 complete
Consumer: Processing frame 518
Added frame 520 to slot 1
Frame 518 completed
Consumer: Frame 518 complete
Consumer: Processing frame 519
Added frame 521 to slot 2
Frame 519 completed
Consumer: Frame 519 complete
Consumer: Processing frame 520
Added frame 522 to slot 0
Frame 520 completed
Consumer: Frame 520 complete
Consumer: Processing frame 521
Added frame 523 to slot 1
Frame 521 completed
Consumer: Frame 521 complete
Consumer: Processing frame 522
Added frame 524 to slot 2
Frame 522 completed
Consumer: Frame 522 complete
Consumer: Processing frame 523
Added frame 525 to slot 0
Frame 523 completed
Consumer: Frame 523 complete
Consumer: Processing frame 524
Added frame 526 to slot 1
Frame 524 completed
Consumer: Frame 524 complete
Consumer: Processing frame 525
Added frame 527 to slot 2
Frame 525 completed
Consumer: Frame 525 complete
Consumer: Processing frame 526
Added frame 528 to slot 0
Frame 526 completed
Consumer: Frame 526 complete
Consumer: Processing frame 527
Added frame 529 to slot 1
Frame 527 completed
Consumer: Frame 527 complete
Consumer: Processing frame 528
Added frame 530 to slot 2
Frame 528 completed
Consumer: Frame 528 complete
Consumer: Processing frame 529
Added frame 531 to slot 0
Frame 529 completed
Consumer: Frame 529 complete
Consumer: Processing frame 530
Added frame 532 to slot 1
Frame 530 completed
Consumer: Frame 530 complete
Consumer: Processing frame 531
Added frame 533 to slot 2
Frame 531 completed
Consumer: Frame 531 complete
Consumer: Processing frame 532
Added frame 534 to slot 0
Frame 532 completed
Consumer: Frame 532 complete
Consumer: Processing frame 533
Added frame 535 to slot 1
Frame 533 completed
Consumer: Frame 533 complete
Consumer: Processing frame 534
Added frame 536 to slot 2
Frame 534 completed
Consumer: Frame 534 complete
Consumer: Processing frame 535
Added frame 537 to slot 0
Frame 535 completed
Consumer: Frame 535 complete
Consumer: Processing frame 536
Added frame 538 to slot 1
Frame 536 completed
Consumer: Frame 536 complete
Consumer: Processing frame 537
Added frame 539 to slot 2
Frame 537 completed
Consumer: Frame 537 complete
Consumer: Processing frame 538
Added frame 540 to slot 0
Frame 538 completed
Consumer: Frame 538 complete
Consumer: Processing frame 539
Added frame 541 to slot 1
Frame 539 completed
Consumer: Frame 539 complete
Consumer: Processing frame 540
Added frame 542 to slot 2
Frame 540 completed
Consumer: Frame 540 complete
Consumer: Processing frame 541
Added frame 543 to slot 0
Frame 541 completed
Consumer: Frame 541 complete
Consumer: Processing frame 542
Added frame 544 to slot 1
Frame 542 completed
Consumer: Frame 542 complete
Consumer: Processing frame 543
Added frame 545 to slot 2
Frame 543 completed
Consumer: Frame 543 complete
Consumer: Processing frame 544
Added frame 546 to slot 0
Frame 544 completed
Consumer: Frame 544 complete
Consumer: Processing frame 545
Added frame 547 to slot 1
Frame 545 completed
Consumer: Frame 545 complete
Consumer: Processing frame 546
Added frame 548 to slot 2
Frame 546 completed
Consumer: Frame 546 complete
Consumer: Processing frame 547
Added frame 549 to slot 0
Frame 547 completed
Consumer: Frame 547 complete
Consumer: Processing frame 548
Added frame 550 to slot 1
Frame 548 completed
Consumer: Frame 548 complete
Consumer: Processing frame 549
Added frame 551 to slot 2
Frame 549 completed
Consumer: Frame 549 complete
Consumer: Processing frame 550
Added frame 552 to slot 0
Frame 550 completed
Consumer: Frame 550 complete
Consumer: Processing frame 551
Added frame 553 to slot 1
Frame 551 completed
Consumer: Frame 551 complete
Consumer: Processing frame 552
Added frame 554 to slot 2
Frame 552 completed
Consumer: Frame 552 complete
Consumer: Processing frame 553
Added frame 555 to slot 0
Frame 553 completed
Consumer: Frame 553 complete
Consumer: Processing frame 554
Added frame 556 to slot 1
Frame 554 completed
Consumer: Frame 554 complete
Consumer: Processing frame 555
Added frame 557 to slot 2
Frame 555 completed
Consumer: Frame 555 complete
Consumer: Processing frame 556
Added frame 558 to slot 0
Frame 556 completed
Consumer: Frame 556 complete
Consumer: Processing frame 557
Added frame 559 to slot 1
Frame 557 completed
Consumer: Frame 557 complete
Consumer: Processing frame 558
Added frame 560 to slot 2
Frame 558 completed
Consumer: Frame 558 complete
Consumer: Processing frame 559
Added frame 561 to slot 0
Frame 559 completed
Consumer: Frame 559 complete
Consumer: Processing frame 560
Added frame 562 to slot 1
Frame 560 completed
Consumer: Frame 560 complete
Consumer: Processing frame 561
Added frame 563 to slot 2
Frame 561 completed
Consumer: Frame 561 complete
Consumer: Processing frame 562
Added frame 564 to slot 0
Frame 562 completed
Consumer: Frame 562 complete
Consumer: Processing frame 563
Added frame 565 to slot 1
Frame 563 completed
Consumer: Frame 563 complete
Consumer: Processing frame 564
Added frame 566 to slot 2
Frame 564 completed
Consumer: Frame 564 complete
Consumer: Processing frame 565
Added frame 567 to slot 0
Frame 565 completed
Consumer: Frame 565 complete
Consumer: Processing frame 566
Added frame 568 to slot 1
Frame 566 completed
Consumer: Frame 566 complete
Consumer: Processing frame 567
Added frame 569 to slot 2
Frame 567 completed
Consumer: Frame 567 complete
Consumer: Processing frame 568
Added frame 570 to slot 0
Frame 568 completed
Consumer: Frame 568 complete
Consumer: Processing frame 569
Added frame 571 to slot 1
Frame 569 completed
Consumer: Frame 569 complete
Consumer: Processing frame 570
Added frame 572 to slot 2
Frame 570 completed
Consumer: Frame 570 complete
Consumer: Processing frame 571
Added frame 573 to slot 0
Frame 571 completed
Consumer: Frame 571 complete
Consumer: Processing frame 572
Added frame 574 to slot 1
Frame 572 completed
Consumer: Frame 572 complete
Consumer: Processing frame 573
Added frame 575 to slot 2
Frame 573 completed
Consumer: Frame 573 complete
Consumer: Processing frame 574
Added frame 576 to slot 0
Frame 574 completed
Consumer: Frame 574 complete
Consumer: Processing frame 575
Added frame 577 to slot 1
Frame 575 completed
Consumer: Frame 575 complete
Consumer: Processing frame 576
Added frame 578 to slot 2
Frame 576 completed
Consumer: Frame 576 complete
Consumer: Processing frame 577
Added frame 579 to slot 0
Frame 577 completed
Consumer: Frame 577 complete
Consumer: Processing frame 578
Added frame 580 to slot 1
Frame 578 completed
Consumer: Frame 578 complete
Consumer: Processing frame 579
Added frame 581 to slot 2
Frame 579 completed
Consumer: Frame 579 complete
Consumer: Processing frame 580
Added frame 582 to slot 0
Frame 580 completed
Consumer: Frame 580 complete
Consumer: Processing frame 581
Added frame 583 to slot 1
Frame 581 completed
Consumer: Frame 581 complete
Consumer: Processing frame 582
Added frame 584 to slot 2
Frame 582 completed
Consumer: Frame 582 complete
Consumer: Processing frame 583
Added frame 585 to slot 0
Frame 583 completed
Consumer: Frame 583 complete
Consumer: Processing frame 584
Added frame 586 to slot 1
Frame 584 completed
Consumer: Frame 584 complete
Consumer: Processing frame 585
Added frame 587 to slot 2
Frame 585 completed
Consumer: Frame 585 complete
Consumer: Processing frame 586
Added frame 588 to slot 0
Frame 586 completed
Consumer: Frame 586 complete
Consumer: Processing frame 587
Added frame 589 to slot 1
Frame 587 completed
Consumer: Frame 587 complete
Consumer: Processing frame 588
Added frame 590 to slot 2
Frame 588 completed
Consumer: Frame 588 complete
Consumer: Processing frame 589
Added frame 591 to slot 0
Frame 589 completed
Consumer: Frame 589 complete
Consumer: Processing frame 590
Added frame 592 to slot 1
Frame 590 completed
Consumer: Frame 590 complete
Consumer: Processing frame 591
Added frame 593 to slot 2
Frame 591 completed
Consumer: Frame 591 complete
Consumer: Processing frame 592
Added frame 594 to slot 0
Frame 592 completed
Consumer: Frame 592 complete
Consumer: Processing frame 593
Added frame 595 to slot 1
Frame 593 completed
Consumer: Frame 593 complete
Consumer: Processing frame 594
Added frame 596 to slot 2
Frame 594 completed
Consumer: Frame 594 complete
Consumer: Processing frame 595
Added frame 597 to slot 0
Frame 595 completed
Consumer: Frame 595 complete
Consumer: Processing frame 596
Added frame 598 to slot 1
Frame 596 completed
Consumer: Frame 596 complete
Consumer: Processing frame 597
Added frame 599 to slot 2
Frame 597 completed
Consumer: Frame 597 complete
Consumer: Processing frame 598
Added frame 600 to slot 0
Frame 598 completed
Consumer: Frame 598 complete
Consumer: Processing frame 599
Added frame 601 to slot 1
Frame 599 completed
Consumer: Frame 599 complete
Consumer: Processing frame 600
Added frame 602 to slot 2
Frame 600 completed
Consumer: Frame 600 complete
Consumer: Processing frame 601
Added frame 603 to slot 0
Frame 601 completed
Consumer: Frame 601 complete
Consumer: Processing frame 602
Added frame 604 to slot 1
Frame 602 completed
Consumer: Frame 602 complete
Consumer: Processing frame 603
Added frame 605 to slot 2
Frame 603 completed
Consumer: Frame 603 complete
Consumer: Processing frame 604
Added frame 606 to slot 0
Frame 604 completed
Consumer: Frame 604 complete
Consumer: Processing frame 605
Added frame 607 to slot 1
Frame 605 completed
Consumer: Frame 605 complete
Consumer: Processing frame 606
Added frame 608 to slot 2
Frame 606 completed
Consumer: Frame 606 complete
Consumer: Processing frame 607
Added frame 609 to slot 0
Frame 607 completed
Consumer: Frame 607 complete
Consumer: Processing frame 608
Added frame 610 to slot 1
Frame 608 completed
Consumer: Frame 608 complete
Consumer: Processing frame 609
Added frame 611 to slot 2
Frame 609 completed
Consumer: Frame 609 complete
Consumer: Processing frame 610
Added frame 612 to slot 0
Frame 610 completed
Consumer: Frame 610 complete
Consumer: Processing frame 611
Added frame 613 to slot 1
Frame 611 completed
Consumer: Frame 611 complete
Consumer: Processing frame 612
Added frame 614 to slot 2
Frame 612 completed
Consumer: Frame 612 complete
Consumer: Processing frame 613
Added frame 615 to slot 0
Frame 613 completed
Consumer: Frame 613 complete
Consumer: Processing frame 614
Added frame 616 to slot 1
Frame 614 completed
Consumer: Frame 614 complete
Consumer: Processing frame 615
Added frame 617 to slot 2
Frame 615 completed
Consumer: Frame 615 complete
Consumer: Processing frame 616
Added frame 618 to slot 0
Frame 616 completed
Consumer: Frame 616 complete
Consumer: Processing frame 617
Added frame 619 to slot 1
Frame 617 completed
Consumer: Frame 617 complete
Consumer: Processing frame 618
Added frame 620 to slot 2
Frame 618 completed
Consumer: Frame 618 complete
Consumer: Processing frame 619
Added frame 621 to slot 0
Frame 619 completed
Consumer: Frame 619 complete
Consumer: Processing frame 620
Added frame 622 to slot 1
Frame 620 completed
Consumer: Frame 620 complete
Consumer: Processing frame 621
Added frame 623 to slot 2
Frame 621 completed
Consumer: Frame 621 complete
Consumer: Processing frame 622
Added frame 624 to slot 0
Frame 622 completed
Consumer: Frame 622 complete
Consumer: Processing frame 623
Added frame 625 to slot 1
Frame 623 completed
Consumer: Frame 623 complete
Consumer: Processing frame 624
Added frame 626 to slot 2
Frame 624 completed
Consumer: Frame 624 complete
Consumer: Processing frame 625
Added frame 627 to slot 0
Frame 625 completed
Consumer: Frame 625 complete
Consumer: Processing frame 626
Added frame 628 to slot 1
Frame 626 completed
Consumer: Frame 626 complete
Consumer: Processing frame 627
Added frame 629 to slot 2
Frame 627 completed
Consumer: Frame 627 complete
Consumer: Processing frame 628
Added frame 630 to slot 0
Frame 628 completed
Consumer: Frame 628 complete
Consumer: Processing frame 629
Added frame 631 to slot 1
Frame 629 completed
Consumer: Frame 629 complete
Consumer: Processing frame 630
Added frame 632 to slot 2
Frame 630 completed
Consumer: Frame 630 complete
Consumer: Processing frame 631
Added frame 633 to slot 0
Frame 631 completed
Consumer: Frame 631 complete
Consumer: Processing frame 632
Added frame 634 to slot 1
Frame 632 completed
Consumer: Frame 632 complete
Consumer: Processing frame 633
Added frame 635 to slot 2
Frame 633 completed
Consumer: Frame 633 complete
Consumer: Processing frame 634
Added frame 636 to slot 0
Frame 634 completed
Consumer: Frame 634 complete
Consumer: Processing frame 635
Added frame 637 to slot 1
Frame 635 completed
Consumer: Frame 635 complete
Consumer: Processing frame 636
Added frame 638 to slot 2
Frame 636 completed
Consumer: Frame 636 complete
Consumer: Processing frame 637
Added frame 639 to slot 0
Frame 637 completed
Consumer: Frame 637 complete
Consumer: Processing frame 638
Added frame 640 to slot 1
Frame 638 completed
Consumer: Frame 638 complete
Consumer: Processing frame 639
Added frame 641 to slot 2
Frame 639 completed
Consumer: Frame 639 complete
Consumer: Processing frame 640
Added frame 642 to slot 0
Frame 640 completed
Consumer: Frame 640 complete
Consumer: Processing frame 641
Added frame 643 to slot 1
Frame 641 completed
Consumer: Frame 641 complete
Consumer: Processing frame 642
Added frame 644 to slot 2
Frame 642 completed
Consumer: Frame 642 complete
Consumer: Processing frame 643
Added frame 645 to slot 0
Frame 643 completed
Consumer: Frame 643 complete
Consumer: Processing frame 644
Added frame 646 to slot 1
Frame 644 completed
Consumer: Frame 644 complete
Consumer: Processing frame 645
Added frame 647 to slot 2
Frame 645 completed
Consumer: Frame 645 complete
Consumer: Processing frame 646
Added frame 648 to slot 0
Frame 646 completed
Consumer: Frame 646 complete
Consumer: Processing frame 647
Added frame 649 to slot 1
Frame 647 completed
Consumer: Frame 647 complete
Consumer: Processing frame 648
Added frame 650 to slot 2
Frame 648 completed
Consumer: Frame 648 complete
Consumer: Processing frame 649
Added frame 651 to slot 0
Frame 649 completed
Consumer: Frame 649 complete
Consumer: Processing frame 650
Added frame 652 to slot 1
Frame 650 completed
Consumer: Frame 650 complete
Consumer: Processing frame 651
Added frame 653 to slot 2
Frame 651 completed
Consumer: Frame 651 complete
Consumer: Processing frame 652
Added frame 654 to slot 0
Frame 652 completed
Consumer: Frame 652 complete
Consumer: Processing frame 653
Added frame 655 to slot 1
Frame 653 completed
Consumer: Frame 653 complete
Consumer: Processing frame 654
Added frame 656 to slot 2
Frame 654 completed
Consumer: Frame 654 complete
Consumer: Processing frame 655
Added frame 657 to slot 0
Frame 655 completed
Consumer: Frame 655 complete
Consumer: Processing frame 656
Added frame 658 to slot 1
Frame 656 completed
Consumer: Frame 656 complete
Consumer: Processing frame 657
Added frame 659 to slot 2
Frame 657 completed
Consumer: Frame 657 complete
Consumer: Processing frame 658
Added frame 660 to slot 0
Frame 658 completed
Consumer: Frame 658 complete
Consumer: Processing frame 659
Added frame 661 to slot 1
Frame 659 completed
Consumer: Frame 659 complete
Consumer: Processing frame 660
Added frame 662 to slot 2
Frame 660 completed
Consumer: Frame 660 complete
Consumer: Processing frame 661
Added frame 663 to slot 0
Frame 661 completed
Consumer: Frame 661 complete
Consumer: Processing frame 662
Added frame 664 to slot 1
Frame 662 completed
Consumer: Frame 662 complete
Consumer: Processing frame 663
Added frame 665 to slot 2
Frame 663 completed
Consumer: Frame 663 complete
Consumer: Processing frame 664
Added frame 666 to slot 0
Frame 664 completed
Consumer: Frame 664 complete
Consumer: Processing frame 665
Added frame 667 to slot 1
Frame 665 completed
Consumer: Frame 665 complete
Consumer: Processing frame 666
Added frame 668 to slot 2
Frame 666 completed
Consumer: Frame 666 complete
Consumer: Processing frame 667
Added frame 669 to slot 0
Frame 667 completed
Consumer: Frame 667 complete
Consumer: Processing frame 668
Added frame 670 to slot 1
Frame 668 completed
Consumer: Frame 668 complete
Consumer: Processing frame 669
Added frame 671 to slot 2
Frame 669 completed
Consumer: Frame 669 complete
Consumer: Processing frame 670
Added frame 672 to slot 0
Frame 670 completed
Consumer: Frame 670 complete
Consumer: Processing frame 671
Added frame 673 to slot 1
Frame 671 completed
Consumer: Frame 671 complete
Consumer: Processing frame 672
Added frame 674 to slot 2
Frame 672 completed
Consumer: Frame 672 complete
Consumer: Processing frame 673
Added frame 675 to slot 0
Frame 673 completed
Consumer: Frame 673 complete
Consumer: Processing frame 674
Added frame 676 to slot 1
Frame 674 completed
Consumer: Frame 674 complete
Consumer: Processing frame 675
Added frame 677 to slot 2
Frame 675 completed
Consumer: Frame 675 complete
Consumer: Processing frame 676
Added frame 678 to slot 0
Frame 676 completed
Consumer: Frame 676 complete
Consumer: Processing frame 677
Added frame 679 to slot 1
Frame 677 completed
Consumer: Frame 677 complete
Consumer: Processing frame 678
Added frame 680 to slot 2
Frame 678 completed
Consumer: Frame 678 complete
Consumer: Processing frame 679
Added frame 681 to slot 0
Frame 679 completed
Consumer: Frame 679 complete
Consumer: Processing frame 680
Added frame 682 to slot 1
Frame 680 completed
Consumer: Frame 680 complete
Consumer: Processing frame 681
Added frame 683 to slot 2
Frame 681 completed
Consumer: Frame 681 complete
Consumer: Processing frame 682
Added frame 684 to slot 0
Frame 682 completed
Consumer: Frame 682 complete
Consumer: Processing frame 683
Added frame 685 to slot 1
Frame 683 completed
Consumer: Frame 683 complete
Consumer: Processing frame 684
Added frame 686 to slot 2
Frame 684 completed
Consumer: Frame 684 complete
Consumer: Processing frame 685
Added frame 687 to slot 0
Frame 685 completed
Consumer: Frame 685 complete
Consumer: Processing frame 686
Added frame 688 to slot 1
Frame 686 completed
Consumer: Frame 686 complete
Consumer: Processing frame 687
Added frame 689 to slot 2
Producer: End of file
Producer: Finished reading 690 frames
Frame 687 completed
Consumer: Frame 687 complete
Consumer: Processing frame 688
Frame 688 completed
Consumer: Frame 688 complete
Consumer: Processing frame 689
Frame 689 completed
Consumer: Frame 689 complete
Consumer: No more frames
Consumer: Finished
Client finished successfully
PC exit code: 0

real	2m19,702s
user	0m31,994s
sys	0m1,968s
