Client: Connecting to server segment...
Client: Connected to server segment
Client: Sending dimensions (width=352, height=288)
Client: Waiting for dimensions acknowledgment...
Client: Dimensions verified, starting video encoding
Processing frame 0, Frame 0 header sent and acknowledged
Frame 0 Y component sent and acknowledged
Frame 0 U component sent and acknowledged
Frame 0 V component sent and acknowledged
Frame 0 waiting for encoded data...
Frame 0 received encoded header (keyframe=1)
Frame 0 received Y residuals
Frame 0 received U residuals
Frame 0 received V residuals
Frame 0 received motion vectors
Frame 0 processing and data transfer completed
Done!
PC exit code: 143
Terminated

real	0m6,748s
user	0m6,546s
sys	0m0,001s
