Client: Connecting to server segment...
Client: Connected to server segment
Client: Sending dimensions (width=352, height=288)
Client: Waiting for dimensions acknowledgment...
Client: Dimensions verified, starting video encoding
Processing frame 0, Frame 0 header sent and acknowledged
Frame 0 Y component sent and acknowledged
Frame 0 U component sent and acknowledged
Frame 0 V component sent and acknowledged
Frame 0 processing completed by server
Done!
Processing frame 1, Frame 1 header sent and acknowledged
Frame 1 Y component sent and acknowledged
Frame 1 U component sent and acknowledged
Frame 1 V component sent and acknowledged
Frame 1 processing completed by server
Done!
Processing frame 2, Frame 2 header sent and acknowledged
Frame 2 Y component sent and acknowledged
Frame 2 U component sent and acknowledged
Frame 2 V component sent and acknowledged
Frame 2 processing completed by server
Done!
Processing frame 3, Frame 3 header sent and acknowledged
Frame 3 Y component sent and acknowledged
Frame 3 U component sent and acknowledged
Frame 3 V component sent and acknowledged
Frame 3 processing completed by server
Done!
Processing frame 4, Frame 4 header sent and acknowledged
Frame 4 Y component sent and acknowledged
Frame 4 U component sent and acknowledged
Frame 4 V component sent and acknowledged
Frame 4 processing completed by server
Done!
Processing frame 5, Frame 5 header sent and acknowledged
Frame 5 Y component sent and acknowledged
Frame 5 U component sent and acknowledged
Frame 5 V component sent and acknowledged
Frame 5 processing completed by server
Done!
Processing frame 6, Frame 6 header sent and acknowledged
Frame 6 Y component sent and acknowledged
Frame 6 U component sent and acknowledged
Frame 6 V component sent and acknowledged
Frame 6 processing completed by server
Done!
Processing frame 7, Frame 7 header sent and acknowledged
Frame 7 Y component sent and acknowledged
Frame 7 U component sent and acknowledged
Frame 7 V component sent and acknowledged
Frame 7 processing completed by server
Done!
Processing frame 8, Frame 8 header sent and acknowledged
Frame 8 Y component sent and acknowledged
Frame 8 U component sent and acknowledged
Frame 8 V component sent and acknowledged
Frame 8 processing completed by server
Done!
Processing frame 9, Frame 9 header sent and acknowledged
Frame 9 Y component sent and acknowledged
Frame 9 U component sent and acknowledged
Frame 9 V component sent and acknowledged
Frame 9 processing completed by server
Done!
Processing frame 10, Frame 10 header sent and acknowledged
Frame 10 Y component sent and acknowledged
Frame 10 U component sent and acknowledged
Frame 10 V component sent and acknowledged
Frame 10 processing completed by server
Done!
Processing frame 11, Frame 11 header sent and acknowledged
Frame 11 Y component sent and acknowledged
Frame 11 U component sent and acknowledged
Frame 11 V component sent and acknowledged
Frame 11 processing completed by server
Done!
Processing frame 12, Frame 12 header sent and acknowledged
Frame 12 Y component sent and acknowledged
Frame 12 U component sent and acknowledged
Frame 12 V component sent and acknowledged
Frame 12 processing completed by server
Done!
Processing frame 13, Frame 13 header sent and acknowledged
Frame 13 Y component sent and acknowledged
Frame 13 U component sent and acknowledged
Frame 13 V component sent and acknowledged
Frame 13 processing completed by server
Done!
Processing frame 14, Frame 14 header sent and acknowledged
Frame 14 Y component sent and acknowledged
Frame 14 U component sent and acknowledged
Frame 14 V component sent and acknowledged
Frame 14 processing completed by server
Done!
Processing frame 15, Frame 15 header sent and acknowledged
Frame 15 Y component sent and acknowledged
Frame 15 U component sent and acknowledged
Frame 15 V component sent and acknowledged
Frame 15 processing completed by server
Done!
Processing frame 16, Frame 16 header sent and acknowledged
Frame 16 Y component sent and acknowledged
Frame 16 U component sent and acknowledged
Frame 16 V component sent and acknowledged
Frame 16 processing completed by server
Done!
Processing frame 17, Frame 17 header sent and acknowledged
Frame 17 Y component sent and acknowledged
Frame 17 U component sent and acknowledged
Frame 17 V component sent and acknowledged
Frame 17 processing completed by server
Done!
Processing frame 18, Frame 18 header sent and acknowledged
Frame 18 Y component sent and acknowledged
Frame 18 U component sent and acknowledged
Frame 18 V component sent and acknowledged
Frame 18 processing completed by server
Done!
Processing frame 19, Frame 19 header sent and acknowledged
Frame 19 Y component sent and acknowledged
Frame 19 U component sent and acknowledged
Frame 19 V component sent and acknowledged
Frame 19 processing completed by server
Done!
Processing frame 20, Frame 20 header sent and acknowledged
Frame 20 Y component sent and acknowledged
Frame 20 U component sent and acknowledged
Frame 20 V component sent and acknowledged
Frame 20 processing completed by server
Done!
Processing frame 21, Frame 21 header sent and acknowledged
Frame 21 Y component sent and acknowledged
Frame 21 U component sent and acknowledged
Frame 21 V component sent and acknowledged
Frame 21 processing completed by server
Done!
Processing frame 22, Frame 22 header sent and acknowledged
Frame 22 Y component sent and acknowledged
Frame 22 U component sent and acknowledged
Frame 22 V component sent and acknowledged
Frame 22 processing completed by server
Done!
Processing frame 23, Frame 23 header sent and acknowledged
Frame 23 Y component sent and acknowledged
Frame 23 U component sent and acknowledged
Frame 23 V component sent and acknowledged
Frame 23 processing completed by server
Done!
Processing frame 24, Frame 24 header sent and acknowledged
Frame 24 Y component sent and acknowledged
Frame 24 U component sent and acknowledged
Frame 24 V component sent and acknowledged
Frame 24 processing completed by server
Done!
Processing frame 25, Frame 25 header sent and acknowledged
Frame 25 Y component sent and acknowledged
Frame 25 U component sent and acknowledged
Frame 25 V component sent and acknowledged
Frame 25 processing completed by server
Done!
Processing frame 26, Frame 26 header sent and acknowledged
Frame 26 Y component sent and acknowledged
Frame 26 U component sent and acknowledged
Frame 26 V component sent and acknowledged
Frame 26 processing completed by server
Done!
Processing frame 27, Frame 27 header sent and acknowledged
Frame 27 Y component sent and acknowledged
Frame 27 U component sent and acknowledged
Frame 27 V component sent and acknowledged
Frame 27 processing completed by server
Done!
Processing frame 28, Frame 28 header sent and acknowledged
Frame 28 Y component sent and acknowledged
Frame 28 U component sent and acknowledged
Frame 28 V component sent and acknowledged
Frame 28 processing completed by server
Done!
Processing frame 29, Frame 29 header sent and acknowledged
Frame 29 Y component sent and acknowledged
Frame 29 U component sent and acknowledged
Frame 29 V component sent and acknowledged
Frame 29 processing completed by server
Done!
Processing frame 30, Frame 30 header sent and acknowledged
Frame 30 Y component sent and acknowledged
Frame 30 U component sent and acknowledged
Frame 30 V component sent and acknowledged
Frame 30 processing completed by server
Done!
Processing frame 31, Frame 31 header sent and acknowledged
Frame 31 Y component sent and acknowledged
Frame 31 U component sent and acknowledged
Frame 31 V component sent and acknowledged
Frame 31 processing completed by server
Done!
Processing frame 32, Frame 32 header sent and acknowledged
Frame 32 Y component sent and acknowledged
Frame 32 U component sent and acknowledged
Frame 32 V component sent and acknowledged
Frame 32 processing completed by server
Done!
Processing frame 33, Frame 33 header sent and acknowledged
Frame 33 Y component sent and acknowledged
Frame 33 U component sent and acknowledged
Frame 33 V component sent and acknowledged
Frame 33 processing completed by server
Done!
Processing frame 34, Frame 34 header sent and acknowledged
Frame 34 Y component sent and acknowledged
Frame 34 U component sent and acknowledged
Frame 34 V component sent and acknowledged
Frame 34 processing completed by server
Done!
Processing frame 35, Frame 35 header sent and acknowledged
Frame 35 Y component sent and acknowledged
Frame 35 U component sent and acknowledged
Frame 35 V component sent and acknowledged
Frame 35 processing completed by server
Done!
Processing frame 36, Frame 36 header sent and acknowledged
Frame 36 Y component sent and acknowledged
Frame 36 U component sent and acknowledged
Frame 36 V component sent and acknowledged
Frame 36 processing completed by server
Done!
Processing frame 37, Frame 37 header sent and acknowledged
Frame 37 Y component sent and acknowledged
Frame 37 U component sent and acknowledged
Frame 37 V component sent and acknowledged
Frame 37 processing completed by server
Done!
Processing frame 38, Frame 38 header sent and acknowledged
Frame 38 Y component sent and acknowledged
Frame 38 U component sent and acknowledged
Frame 38 V component sent and acknowledged
Frame 38 processing completed by server
Done!
Processing frame 39, Frame 39 header sent and acknowledged
Frame 39 Y component sent and acknowledged
Frame 39 U component sent and acknowledged
Frame 39 V component sent and acknowledged
Frame 39 processing completed by server
Done!
Processing frame 40, Frame 40 header sent and acknowledged
Frame 40 Y component sent and acknowledged
Frame 40 U component sent and acknowledged
Frame 40 V component sent and acknowledged
Frame 40 processing completed by server
Done!
Processing frame 41, Frame 41 header sent and acknowledged
Frame 41 Y component sent and acknowledged
Frame 41 U component sent and acknowledged
Frame 41 V component sent and acknowledged
Frame 41 processing completed by server
Done!
Processing frame 42, Frame 42 header sent and acknowledged
Frame 42 Y component sent and acknowledged
Frame 42 U component sent and acknowledged
Frame 42 V component sent and acknowledged
Frame 42 processing completed by server
Done!
Processing frame 43, Frame 43 header sent and acknowledged
Frame 43 Y component sent and acknowledged
Frame 43 U component sent and acknowledged
Frame 43 V component sent and acknowledged
Frame 43 processing completed by server
Done!
Processing frame 44, Frame 44 header sent and acknowledged
Frame 44 Y component sent and acknowledged
Frame 44 U component sent and acknowledged
Frame 44 V component sent and acknowledged
Frame 44 processing completed by server
Done!
Processing frame 45, Frame 45 header sent and acknowledged
Frame 45 Y component sent and acknowledged
Frame 45 U component sent and acknowledged
Frame 45 V component sent and acknowledged
Frame 45 processing completed by server
Done!
Processing frame 46, Frame 46 header sent and acknowledged
Frame 46 Y component sent and acknowledged
Frame 46 U component sent and acknowledged
Frame 46 V component sent and acknowledged
Frame 46 processing completed by server
Done!
Processing frame 47, Frame 47 header sent and acknowledged
Frame 47 Y component sent and acknowledged
Frame 47 U component sent and acknowledged
Frame 47 V component sent and acknowledged
Frame 47 processing completed by server
Done!
Processing frame 48, Frame 48 header sent and acknowledged
Frame 48 Y component sent and acknowledged
Frame 48 U component sent and acknowledged
Frame 48 V component sent and acknowledged
Frame 48 processing completed by server
Done!
Processing frame 49, Frame 49 header sent and acknowledged
Frame 49 Y component sent and acknowledged
Frame 49 U component sent and acknowledged
Frame 49 V component sent and acknowledged
Frame 49 processing completed by server
Done!
Processing frame 50, Frame 50 header sent and acknowledged
Frame 50 Y component sent and acknowledged
Frame 50 U component sent and acknowledged
Frame 50 V component sent and acknowledged
Frame 50 processing completed by server
Done!
Processing frame 51, Frame 51 header sent and acknowledged
Frame 51 Y component sent and acknowledged
Frame 51 U component sent and acknowledged
Frame 51 V component sent and acknowledged
Frame 51 processing completed by server
Done!
Processing frame 52, Frame 52 header sent and acknowledged
Frame 52 Y component sent and acknowledged
Frame 52 U component sent and acknowledged
Frame 52 V component sent and acknowledged
Frame 52 processing completed by server
Done!
Processing frame 53, Frame 53 header sent and acknowledged
Frame 53 Y component sent and acknowledged
Frame 53 U component sent and acknowledged
Frame 53 V component sent and acknowledged
Frame 53 processing completed by server
Done!
Processing frame 54, Frame 54 header sent and acknowledged
Frame 54 Y component sent and acknowledged
Frame 54 U component sent and acknowledged
Frame 54 V component sent and acknowledged
Frame 54 processing completed by server
Done!
Processing frame 55, Frame 55 header sent and acknowledged
Frame 55 Y component sent and acknowledged
Frame 55 U component sent and acknowledged
Frame 55 V component sent and acknowledged
Frame 55 processing completed by server
Done!
Processing frame 56, Frame 56 header sent and acknowledged
Frame 56 Y component sent and acknowledged
Frame 56 U component sent and acknowledged
Frame 56 V component sent and acknowledged
Frame 56 processing completed by server
Done!
Processing frame 57, Frame 57 header sent and acknowledged
Frame 57 Y component sent and acknowledged
Frame 57 U component sent and acknowledged
Frame 57 V component sent and acknowledged
Frame 57 processing completed by server
Done!
Processing frame 58, Frame 58 header sent and acknowledged
Frame 58 Y component sent and acknowledged
Frame 58 U component sent and acknowledged
Frame 58 V component sent and acknowledged
Frame 58 processing completed by server
Done!
Processing frame 59, Frame 59 header sent and acknowledged
Frame 59 Y component sent and acknowledged
Frame 59 U component sent and acknowledged
Frame 59 V component sent and acknowledged
Frame 59 processing completed by server
Done!
Processing frame 60, Frame 60 header sent and acknowledged
Frame 60 Y component sent and acknowledged
Frame 60 U component sent and acknowledged
Frame 60 V component sent and acknowledged
Frame 60 processing completed by server
Done!
Processing frame 61, Frame 61 header sent and acknowledged
Frame 61 Y component sent and acknowledged
Frame 61 U component sent and acknowledged
Frame 61 V component sent and acknowledged
Frame 61 processing completed by server
Done!
Processing frame 62, Frame 62 header sent and acknowledged
Frame 62 Y component sent and acknowledged
Frame 62 U component sent and acknowledged
Frame 62 V component sent and acknowledged
Frame 62 processing completed by server
Done!
Processing frame 63, Frame 63 header sent and acknowledged
Frame 63 Y component sent and acknowledged
Frame 63 U component sent and acknowledged
Frame 63 V component sent and acknowledged
Frame 63 processing completed by server
Done!
Processing frame 64, Frame 64 header sent and acknowledged
Frame 64 Y component sent and acknowledged
Frame 64 U component sent and acknowledged
Frame 64 V component sent and acknowledged
Frame 64 processing completed by server
Done!
Processing frame 65, Frame 65 header sent and acknowledged
Frame 65 Y component sent and acknowledged
Frame 65 U component sent and acknowledged
Frame 65 V component sent and acknowledged
Frame 65 processing completed by server
Done!
Processing frame 66, Frame 66 header sent and acknowledged
Frame 66 Y component sent and acknowledged
Frame 66 U component sent and acknowledged
Frame 66 V component sent and acknowledged
Frame 66 processing completed by server
Done!
Processing frame 67, Frame 67 header sent and acknowledged
Frame 67 Y component sent and acknowledged
Frame 67 U component sent and acknowledged
Frame 67 V component sent and acknowledged
Frame 67 processing completed by server
Done!
Processing frame 68, Frame 68 header sent and acknowledged
Frame 68 Y component sent and acknowledged
Frame 68 U component sent and acknowledged
Frame 68 V component sent and acknowledged
Frame 68 processing completed by server
Done!
Processing frame 69, Frame 69 header sent and acknowledged
Frame 69 Y component sent and acknowledged
Frame 69 U component sent and acknowledged
Frame 69 V component sent and acknowledged
Frame 69 processing completed by server
Done!
Processing frame 70, Frame 70 header sent and acknowledged
Frame 70 Y component sent and acknowledged
Frame 70 U component sent and acknowledged
Frame 70 V component sent and acknowledged
Frame 70 processing completed by server
Done!
Processing frame 71, Frame 71 header sent and acknowledged
Frame 71 Y component sent and acknowledged
Frame 71 U component sent and acknowledged
Frame 71 V component sent and acknowledged
Frame 71 processing completed by server
Done!
Processing frame 72, Frame 72 header sent and acknowledged
Frame 72 Y component sent and acknowledged
Frame 72 U component sent and acknowledged
Frame 72 V component sent and acknowledged
Frame 72 processing completed by server
Done!
Processing frame 73, Frame 73 header sent and acknowledged
Frame 73 Y component sent and acknowledged
Frame 73 U component sent and acknowledged
Frame 73 V component sent and acknowledged
Frame 73 processing completed by server
Done!
Processing frame 74, Frame 74 header sent and acknowledged
Frame 74 Y component sent and acknowledged
Frame 74 U component sent and acknowledged
Frame 74 V component sent and acknowledged
Frame 74 processing completed by server
Done!
Processing frame 75, Frame 75 header sent and acknowledged
Frame 75 Y component sent and acknowledged
Frame 75 U component sent and acknowledged
Frame 75 V component sent and acknowledged
Frame 75 processing completed by server
Done!
Processing frame 76, Frame 76 header sent and acknowledged
Frame 76 Y component sent and acknowledged
Frame 76 U component sent and acknowledged
Frame 76 V component sent and acknowledged
Frame 76 processing completed by server
Done!
Processing frame 77, Frame 77 header sent and acknowledged
Frame 77 Y component sent and acknowledged
Frame 77 U component sent and acknowledged
Frame 77 V component sent and acknowledged
Frame 77 processing completed by server
Done!
Processing frame 78, Frame 78 header sent and acknowledged
Frame 78 Y component sent and acknowledged
Frame 78 U component sent and acknowledged
Frame 78 V component sent and acknowledged
Frame 78 processing completed by server
Done!
Processing frame 79, Frame 79 header sent and acknowledged
Frame 79 Y component sent and acknowledged
Frame 79 U component sent and acknowledged
Frame 79 V component sent and acknowledged
Frame 79 processing completed by server
Done!
Processing frame 80, Frame 80 header sent and acknowledged
Frame 80 Y component sent and acknowledged
Frame 80 U component sent and acknowledged
Frame 80 V component sent and acknowledged
Frame 80 processing completed by server
Done!
Processing frame 81, Frame 81 header sent and acknowledged
Frame 81 Y component sent and acknowledged
Frame 81 U component sent and acknowledged
Frame 81 V component sent and acknowledged
Frame 81 processing completed by server
Done!
Processing frame 82, Frame 82 header sent and acknowledged
Frame 82 Y component sent and acknowledged
Frame 82 U component sent and acknowledged
Frame 82 V component sent and acknowledged
Frame 82 processing completed by server
Done!
Processing frame 83, Frame 83 header sent and acknowledged
Frame 83 Y component sent and acknowledged
Frame 83 U component sent and acknowledged
Frame 83 V component sent and acknowledged
Frame 83 processing completed by server
Done!
Processing frame 84, Frame 84 header sent and acknowledged
Frame 84 Y component sent and acknowledged
Frame 84 U component sent and acknowledged
Frame 84 V component sent and acknowledged
Frame 84 processing completed by server
Done!
Processing frame 85, Frame 85 header sent and acknowledged
Frame 85 Y component sent and acknowledged
Frame 85 U component sent and acknowledged
Frame 85 V component sent and acknowledged
Frame 85 processing completed by server
Done!
Processing frame 86, Frame 86 header sent and acknowledged
Frame 86 Y component sent and acknowledged
Frame 86 U component sent and acknowledged
Frame 86 V component sent and acknowledged
Frame 86 processing completed by server
Done!
Processing frame 87, Frame 87 header sent and acknowledged
Frame 87 Y component sent and acknowledged
Frame 87 U component sent and acknowledged
Frame 87 V component sent and acknowledged
Frame 87 processing completed by server
Done!
Processing frame 88, Frame 88 header sent and acknowledged
Frame 88 Y component sent and acknowledged
Frame 88 U component sent and acknowledged
Frame 88 V component sent and acknowledged
Frame 88 processing completed by server
Done!
Processing frame 89, Frame 89 header sent and acknowledged
Frame 89 Y component sent and acknowledged
Frame 89 U component sent and acknowledged
Frame 89 V component sent and acknowledged
Frame 89 processing completed by server
Done!
Processing frame 90, Frame 90 header sent and acknowledged
Frame 90 Y component sent and acknowledged
Frame 90 U component sent and acknowledged
Frame 90 V component sent and acknowledged
Frame 90 processing completed by server
Done!
Processing frame 91, Frame 91 header sent and acknowledged
Frame 91 Y component sent and acknowledged
Frame 91 U component sent and acknowledged
Frame 91 V component sent and acknowledged
Frame 91 processing completed by server
Done!
Processing frame 92, Frame 92 header sent and acknowledged
Frame 92 Y component sent and acknowledged
Frame 92 U component sent and acknowledged
Frame 92 V component sent and acknowledged
Frame 92 processing completed by server
Done!
Processing frame 93, Frame 93 header sent and acknowledged
Frame 93 Y component sent and acknowledged
Frame 93 U component sent and acknowledged
Frame 93 V component sent and acknowledged
Frame 93 processing completed by server
Done!
Processing frame 94, Frame 94 header sent and acknowledged
Frame 94 Y component sent and acknowledged
Frame 94 U component sent and acknowledged
Frame 94 V component sent and acknowledged
Frame 94 processing completed by server
Done!
Processing frame 95, Frame 95 header sent and acknowledged
Frame 95 Y component sent and acknowledged
Frame 95 U component sent and acknowledged
Frame 95 V component sent and acknowledged
Frame 95 processing completed by server
Done!
Processing frame 96, Frame 96 header sent and acknowledged
Frame 96 Y component sent and acknowledged
Frame 96 U component sent and acknowledged
Frame 96 V component sent and acknowledged
Frame 96 processing completed by server
Done!
Processing frame 97, Frame 97 header sent and acknowledged
Frame 97 Y component sent and acknowledged
Frame 97 U component sent and acknowledged
Frame 97 V component sent and acknowledged
Frame 97 processing completed by server
Done!
Processing frame 98, Frame 98 header sent and acknowledged
Frame 98 Y component sent and acknowledged
Frame 98 U component sent and acknowledged
Frame 98 V component sent and acknowledged
Frame 98 processing completed by server
Done!
Processing frame 99, Frame 99 header sent and acknowledged
Frame 99 Y component sent and acknowledged
Frame 99 U component sent and acknowledged
Frame 99 V component sent and acknowledged
Frame 99 processing completed by server
Done!
Processing frame 100, Frame 100 header sent and acknowledged
Frame 100 Y component sent and acknowledged
Frame 100 U component sent and acknowledged
Frame 100 V component sent and acknowledged
Frame 100 processing completed by server
Done!
Processing frame 101, Frame 101 header sent and acknowledged
Frame 101 Y component sent and acknowledged
Frame 101 U component sent and acknowledged
Frame 101 V component sent and acknowledged
Frame 101 processing completed by server
Done!
Processing frame 102, Frame 102 header sent and acknowledged
Frame 102 Y component sent and acknowledged
Frame 102 U component sent and acknowledged
Frame 102 V component sent and acknowledged
Frame 102 processing completed by server
Done!
Processing frame 103, Frame 103 header sent and acknowledged
Frame 103 Y component sent and acknowledged
Frame 103 U component sent and acknowledged
Frame 103 V component sent and acknowledged
Frame 103 processing completed by server
Done!
Processing frame 104, Frame 104 header sent and acknowledged
Frame 104 Y component sent and acknowledged
Frame 104 U component sent and acknowledged
Frame 104 V component sent and acknowledged
Frame 104 processing completed by server
Done!
Processing frame 105, Frame 105 header sent and acknowledged
Frame 105 Y component sent and acknowledged
Frame 105 U component sent and acknowledged
Frame 105 V component sent and acknowledged
Frame 105 processing completed by server
Done!
Processing frame 106, Frame 106 header sent and acknowledged
Frame 106 Y component sent and acknowledged
Frame 106 U component sent and acknowledged
Frame 106 V component sent and acknowledged
Frame 106 processing completed by server
Done!
Processing frame 107, Frame 107 header sent and acknowledged
Frame 107 Y component sent and acknowledged
Frame 107 U component sent and acknowledged
Frame 107 V component sent and acknowledged
Frame 107 processing completed by server
Done!
Processing frame 108, Frame 108 header sent and acknowledged
Frame 108 Y component sent and acknowledged
Frame 108 U component sent and acknowledged
Frame 108 V component sent and acknowledged
Frame 108 processing completed by server
Done!
Processing frame 109, Frame 109 header sent and acknowledged
Frame 109 Y component sent and acknowledged
Frame 109 U component sent and acknowledged
Frame 109 V component sent and acknowledged
Frame 109 processing completed by server
Done!
Processing frame 110, Frame 110 header sent and acknowledged
Frame 110 Y component sent and acknowledged
Frame 110 U component sent and acknowledged
Frame 110 V component sent and acknowledged
Frame 110 processing completed by server
Done!
Processing frame 111, Frame 111 header sent and acknowledged
Frame 111 Y component sent and acknowledged
Frame 111 U component sent and acknowledged
Frame 111 V component sent and acknowledged
Frame 111 processing completed by server
Done!
Processing frame 112, Frame 112 header sent and acknowledged
Frame 112 Y component sent and acknowledged
Frame 112 U component sent and acknowledged
Frame 112 V component sent and acknowledged
Frame 112 processing completed by server
Done!
Processing frame 113, Frame 113 header sent and acknowledged
Frame 113 Y component sent and acknowledged
Frame 113 U component sent and acknowledged
Frame 113 V component sent and acknowledged
Frame 113 processing completed by server
Done!
Processing frame 114, Frame 114 header sent and acknowledged
Frame 114 Y component sent and acknowledged
Frame 114 U component sent and acknowledged
Frame 114 V component sent and acknowledged
Frame 114 processing completed by server
Done!
Processing frame 115, Frame 115 header sent and acknowledged
Frame 115 Y component sent and acknowledged
Frame 115 U component sent and acknowledged
Frame 115 V component sent and acknowledged
Frame 115 processing completed by server
Done!
Processing frame 116, Frame 116 header sent and acknowledged
Frame 116 Y component sent and acknowledged
Frame 116 U component sent and acknowledged
Frame 116 V component sent and acknowledged
Frame 116 processing completed by server
Done!
Processing frame 117, Frame 117 header sent and acknowledged
Frame 117 Y component sent and acknowledged
Frame 117 U component sent and acknowledged
Frame 117 V component sent and acknowledged
Frame 117 processing completed by server
Done!
Processing frame 118, Frame 118 header sent and acknowledged
Frame 118 Y component sent and acknowledged
Frame 118 U component sent and acknowledged
Frame 118 V component sent and acknowledged
Frame 118 processing completed by server
Done!
Processing frame 119, Frame 119 header sent and acknowledged
Frame 119 Y component sent and acknowledged
Frame 119 U component sent and acknowledged
Frame 119 V component sent and acknowledged
Frame 119 processing completed by server
Done!
Processing frame 120, Frame 120 header sent and acknowledged
Frame 120 Y component sent and acknowledged
Frame 120 U component sent and acknowledged
Frame 120 V component sent and acknowledged
Frame 120 processing completed by server
Done!
Processing frame 121, Frame 121 header sent and acknowledged
Frame 121 Y component sent and acknowledged
Frame 121 U component sent and acknowledged
Frame 121 V component sent and acknowledged
Frame 121 processing completed by server
Done!
Processing frame 122, Frame 122 header sent and acknowledged
Frame 122 Y component sent and acknowledged
Frame 122 U component sent and acknowledged
Frame 122 V component sent and acknowledged
Frame 122 processing completed by server
Done!
Processing frame 123, Frame 123 header sent and acknowledged
Frame 123 Y component sent and acknowledged
Frame 123 U component sent and acknowledged
Frame 123 V component sent and acknowledged
Frame 123 processing completed by server
Done!
Processing frame 124, Frame 124 header sent and acknowledged
Frame 124 Y component sent and acknowledged
Frame 124 U component sent and acknowledged
Frame 124 V component sent and acknowledged
Frame 124 processing completed by server
Done!
Processing frame 125, Frame 125 header sent and acknowledged
Frame 125 Y component sent and acknowledged
Frame 125 U component sent and acknowledged
Frame 125 V component sent and acknowledged
Frame 125 processing completed by server
Done!
Processing frame 126, Frame 126 header sent and acknowledged
Frame 126 Y component sent and acknowledged
Frame 126 U component sent and acknowledged
Frame 126 V component sent and acknowledged
Frame 126 processing completed by server
Done!
Processing frame 127, Frame 127 header sent and acknowledged
Frame 127 Y component sent and acknowledged
Frame 127 U component sent and acknowledged
Frame 127 V component sent and acknowledged
Frame 127 processing completed by server
Done!
Processing frame 128, Frame 128 header sent and acknowledged
Frame 128 Y component sent and acknowledged
Frame 128 U component sent and acknowledged
Frame 128 V component sent and acknowledged
Frame 128 processing completed by server
Done!
Processing frame 129, Frame 129 header sent and acknowledged
Frame 129 Y component sent and acknowledged
Frame 129 U component sent and acknowledged
Frame 129 V component sent and acknowledged
Frame 129 processing completed by server
Done!
Processing frame 130, Frame 130 header sent and acknowledged
Frame 130 Y component sent and acknowledged
Frame 130 U component sent and acknowledged
Frame 130 V component sent and acknowledged
Frame 130 processing completed by server
Done!
Processing frame 131, Frame 131 header sent and acknowledged
Frame 131 Y component sent and acknowledged
Frame 131 U component sent and acknowledged
Frame 131 V component sent and acknowledged
Frame 131 processing completed by server
Done!
Processing frame 132, Frame 132 header sent and acknowledged
Frame 132 Y component sent and acknowledged
Frame 132 U component sent and acknowledged
Frame 132 V component sent and acknowledged
Frame 132 processing completed by server
Done!
Processing frame 133, Frame 133 header sent and acknowledged
Frame 133 Y component sent and acknowledged
Frame 133 U component sent and acknowledged
Frame 133 V component sent and acknowledged
Frame 133 processing completed by server
Done!
Processing frame 134, Frame 134 header sent and acknowledged
Frame 134 Y component sent and acknowledged
Frame 134 U component sent and acknowledged
Frame 134 V component sent and acknowledged
Frame 134 processing completed by server
Done!
Processing frame 135, Frame 135 header sent and acknowledged
Frame 135 Y component sent and acknowledged
Frame 135 U component sent and acknowledged
Frame 135 V component sent and acknowledged
Frame 135 processing completed by server
Done!
Processing frame 136, Frame 136 header sent and acknowledged
Frame 136 Y component sent and acknowledged
Frame 136 U component sent and acknowledged
Frame 136 V component sent and acknowledged
Frame 136 processing completed by server
Done!
Processing frame 137, Frame 137 header sent and acknowledged
Frame 137 Y component sent and acknowledged
Frame 137 U component sent and acknowledged
Frame 137 V component sent and acknowledged
Frame 137 processing completed by server
Done!
Processing frame 138, Frame 138 header sent and acknowledged
Frame 138 Y component sent and acknowledged
Frame 138 U component sent and acknowledged
Frame 138 V component sent and acknowledged
Frame 138 processing completed by server
Done!
Processing frame 139, Frame 139 header sent and acknowledged
Frame 139 Y component sent and acknowledged
Frame 139 U component sent and acknowledged
Frame 139 V component sent and acknowledged
Frame 139 processing completed by server
Done!
Processing frame 140, Frame 140 header sent and acknowledged
Frame 140 Y component sent and acknowledged
Frame 140 U component sent and acknowledged
Frame 140 V component sent and acknowledged
Frame 140 processing completed by server
Done!
Processing frame 141, Frame 141 header sent and acknowledged
Frame 141 Y component sent and acknowledged
Frame 141 U component sent and acknowledged
Frame 141 V component sent and acknowledged
Frame 141 processing completed by server
Done!
Processing frame 142, Frame 142 header sent and acknowledged
Frame 142 Y component sent and acknowledged
Frame 142 U component sent and acknowledged
Frame 142 V component sent and acknowledged
Frame 142 processing completed by server
Done!
Processing frame 143, Frame 143 header sent and acknowledged
Frame 143 Y component sent and acknowledged
Frame 143 U component sent and acknowledged
Frame 143 V component sent and acknowledged
Frame 143 processing completed by server
Done!
Processing frame 144, Frame 144 header sent and acknowledged
Frame 144 Y component sent and acknowledged
Frame 144 U component sent and acknowledged
Frame 144 V component sent and acknowledged
Frame 144 processing completed by server
Done!
Processing frame 145, Frame 145 header sent and acknowledged
Frame 145 Y component sent and acknowledged
Frame 145 U component sent and acknowledged
Frame 145 V component sent and acknowledged
Frame 145 processing completed by server
Done!
Processing frame 146, Frame 146 header sent and acknowledged
Frame 146 Y component sent and acknowledged
Frame 146 U component sent and acknowledged
Frame 146 V component sent and acknowledged
Frame 146 processing completed by server
Done!
Processing frame 147, Frame 147 header sent and acknowledged
Frame 147 Y component sent and acknowledged
Frame 147 U component sent and acknowledged
Frame 147 V component sent and acknowledged
Frame 147 processing completed by server
Done!
Processing frame 148, Frame 148 header sent and acknowledged
Frame 148 Y component sent and acknowledged
Frame 148 U component sent and acknowledged
Frame 148 V component sent and acknowledged
Frame 148 processing completed by server
Done!
Processing frame 149, Frame 149 header sent and acknowledged
Frame 149 Y component sent and acknowledged
Frame 149 U component sent and acknowledged
Frame 149 V component sent and acknowledged
Frame 149 processing completed by server
Done!
Processing frame 150, Frame 150 header sent and acknowledged
Frame 150 Y component sent and acknowledged
Frame 150 U component sent and acknowledged
Frame 150 V component sent and acknowledged
Frame 150 processing completed by server
Done!
Processing frame 151, Frame 151 header sent and acknowledged
Frame 151 Y component sent and acknowledged
Frame 151 U component sent and acknowledged
Frame 151 V component sent and acknowledged
Frame 151 processing completed by server
Done!
Processing frame 152, Frame 152 header sent and acknowledged
Frame 152 Y component sent and acknowledged
Frame 152 U component sent and acknowledged
Frame 152 V component sent and acknowledged
Frame 152 processing completed by server
Done!
Processing frame 153, Frame 153 header sent and acknowledged
Frame 153 Y component sent and acknowledged
Frame 153 U component sent and acknowledged
Frame 153 V component sent and acknowledged
Frame 153 processing completed by server
Done!
Processing frame 154, Frame 154 header sent and acknowledged
Frame 154 Y component sent and acknowledged
Frame 154 U component sent and acknowledged
Frame 154 V component sent and acknowledged
Frame 154 processing completed by server
Done!
Processing frame 155, Frame 155 header sent and acknowledged
Frame 155 Y component sent and acknowledged
Frame 155 U component sent and acknowledged
Frame 155 V component sent and acknowledged
Frame 155 processing completed by server
Done!
Processing frame 156, Frame 156 header sent and acknowledged
Frame 156 Y component sent and acknowledged
Frame 156 U component sent and acknowledged
Frame 156 V component sent and acknowledged
Frame 156 processing completed by server
Done!
Processing frame 157, Frame 157 header sent and acknowledged
Frame 157 Y component sent and acknowledged
Frame 157 U component sent and acknowledged
Frame 157 V component sent and acknowledged
Frame 157 processing completed by server
Done!
Processing frame 158, Frame 158 header sent and acknowledged
Frame 158 Y component sent and acknowledged
Frame 158 U component sent and acknowledged
Frame 158 V component sent and acknowledged
Frame 158 processing completed by server
Done!
Processing frame 159, Frame 159 header sent and acknowledged
Frame 159 Y component sent and acknowledged
Frame 159 U component sent and acknowledged
Frame 159 V component sent and acknowledged
Frame 159 processing completed by server
Done!
Processing frame 160, Frame 160 header sent and acknowledged
Frame 160 Y component sent and acknowledged
Frame 160 U component sent and acknowledged
Frame 160 V component sent and acknowledged
Frame 160 processing completed by server
Done!
Processing frame 161, Frame 161 header sent and acknowledged
Frame 161 Y component sent and acknowledged
Frame 161 U component sent and acknowledged
Frame 161 V component sent and acknowledged
Frame 161 processing completed by server
Done!
Processing frame 162, Frame 162 header sent and acknowledged
Frame 162 Y component sent and acknowledged
Frame 162 U component sent and acknowledged
Frame 162 V component sent and acknowledged
Frame 162 processing completed by server
Done!
Processing frame 163, Frame 163 header sent and acknowledged
Frame 163 Y component sent and acknowledged
Frame 163 U component sent and acknowledged
Frame 163 V component sent and acknowledged
Frame 163 processing completed by server
Done!
Processing frame 164, Frame 164 header sent and acknowledged
Frame 164 Y component sent and acknowledged
Frame 164 U component sent and acknowledged
Frame 164 V component sent and acknowledged
Frame 164 processing completed by server
Done!
Processing frame 165, Frame 165 header sent and acknowledged
Frame 165 Y component sent and acknowledged
Frame 165 U component sent and acknowledged
Frame 165 V component sent and acknowledged
Frame 165 processing completed by server
Done!
Processing frame 166, Frame 166 header sent and acknowledged
Frame 166 Y component sent and acknowledged
Frame 166 U component sent and acknowledged
Frame 166 V component sent and acknowledged
Frame 166 processing completed by server
Done!
Processing frame 167, Frame 167 header sent and acknowledged
Frame 167 Y component sent and acknowledged
Frame 167 U component sent and acknowledged
Frame 167 V component sent and acknowledged
Frame 167 processing completed by server
Done!
Processing frame 168, Frame 168 header sent and acknowledged
Frame 168 Y component sent and acknowledged
Frame 168 U component sent and acknowledged
Frame 168 V component sent and acknowledged
Frame 168 processing completed by server
Done!
Processing frame 169, Frame 169 header sent and acknowledged
Frame 169 Y component sent and acknowledged
Frame 169 U component sent and acknowledged
Frame 169 V component sent and acknowledged
Frame 169 processing completed by server
Done!
Processing frame 170, Frame 170 header sent and acknowledged
Frame 170 Y component sent and acknowledged
Frame 170 U component sent and acknowledged
Frame 170 V component sent and acknowledged
Frame 170 processing completed by server
Done!
Processing frame 171, Frame 171 header sent and acknowledged
Frame 171 Y component sent and acknowledged
Frame 171 U component sent and acknowledged
Frame 171 V component sent and acknowledged
Frame 171 processing completed by server
Done!
Processing frame 172, Frame 172 header sent and acknowledged
Frame 172 Y component sent and acknowledged
Frame 172 U component sent and acknowledged
Frame 172 V component sent and acknowledged
Frame 172 processing completed by server
Done!
Processing frame 173, Frame 173 header sent and acknowledged
Frame 173 Y component sent and acknowledged
Frame 173 U component sent and acknowledged
Frame 173 V component sent and acknowledged
Frame 173 processing completed by server
Done!
Processing frame 174, Frame 174 header sent and acknowledged
Frame 174 Y component sent and acknowledged
Frame 174 U component sent and acknowledged
Frame 174 V component sent and acknowledged
Frame 174 processing completed by server
Done!
Processing frame 175, Frame 175 header sent and acknowledged
Frame 175 Y component sent and acknowledged
Frame 175 U component sent and acknowledged
Frame 175 V component sent and acknowledged
Frame 175 processing completed by server
Done!
Processing frame 176, Frame 176 header sent and acknowledged
Frame 176 Y component sent and acknowledged
Frame 176 U component sent and acknowledged
Frame 176 V component sent and acknowledged
Frame 176 processing completed by server
Done!
Processing frame 177, Frame 177 header sent and acknowledged
Frame 177 Y component sent and acknowledged
Frame 177 U component sent and acknowledged
Frame 177 V component sent and acknowledged
Frame 177 processing completed by server
Done!
Processing frame 178, Frame 178 header sent and acknowledged
Frame 178 Y component sent and acknowledged
Frame 178 U component sent and acknowledged
Frame 178 V component sent and acknowledged
Frame 178 processing completed by server
Done!
Processing frame 179, Frame 179 header sent and acknowledged
Frame 179 Y component sent and acknowledged
Frame 179 U component sent and acknowledged
Frame 179 V component sent and acknowledged
Frame 179 processing completed by server
Done!
Processing frame 180, Frame 180 header sent and acknowledged
Frame 180 Y component sent and acknowledged
Frame 180 U component sent and acknowledged
Frame 180 V component sent and acknowledged
Frame 180 processing completed by server
Done!
Processing frame 181, Frame 181 header sent and acknowledged
Frame 181 Y component sent and acknowledged
Frame 181 U component sent and acknowledged
Frame 181 V component sent and acknowledged
Frame 181 processing completed by server
Done!
Processing frame 182, Frame 182 header sent and acknowledged
Frame 182 Y component sent and acknowledged
Frame 182 U component sent and acknowledged
Frame 182 V component sent and acknowledged
Frame 182 processing completed by server
Done!
Processing frame 183, Frame 183 header sent and acknowledged
Frame 183 Y component sent and acknowledged
Frame 183 U component sent and acknowledged
Frame 183 V component sent and acknowledged
Frame 183 processing completed by server
Done!
Processing frame 184, Frame 184 header sent and acknowledged
Frame 184 Y component sent and acknowledged
Frame 184 U component sent and acknowledged
Frame 184 V component sent and acknowledged
Frame 184 processing completed by server
Done!
Processing frame 185, Frame 185 header sent and acknowledged
Frame 185 Y component sent and acknowledged
Frame 185 U component sent and acknowledged
Frame 185 V component sent and acknowledged
Frame 185 processing completed by server
Done!
Processing frame 186, Frame 186 header sent and acknowledged
Frame 186 Y component sent and acknowledged
Frame 186 U component sent and acknowledged
Frame 186 V component sent and acknowledged
Frame 186 processing completed by server
Done!
Processing frame 187, Frame 187 header sent and acknowledged
Frame 187 Y component sent and acknowledged
Frame 187 U component sent and acknowledged
Frame 187 V component sent and acknowledged
Frame 187 processing completed by server
Done!
Processing frame 188, Frame 188 header sent and acknowledged
Frame 188 Y component sent and acknowledged
Frame 188 U component sent and acknowledged
Frame 188 V component sent and acknowledged
Frame 188 processing completed by server
Done!
Processing frame 189, Frame 189 header sent and acknowledged
Frame 189 Y component sent and acknowledged
Frame 189 U component sent and acknowledged
Frame 189 V component sent and acknowledged
Frame 189 processing completed by server
Done!
Processing frame 190, Frame 190 header sent and acknowledged
Frame 190 Y component sent and acknowledged
Frame 190 U component sent and acknowledged
Frame 190 V component sent and acknowledged
Frame 190 processing completed by server
Done!
Processing frame 191, Frame 191 header sent and acknowledged
Frame 191 Y component sent and acknowledged
Frame 191 U component sent and acknowledged
Frame 191 V component sent and acknowledged
Frame 191 processing completed by server
Done!
Processing frame 192, Frame 192 header sent and acknowledged
Frame 192 Y component sent and acknowledged
Frame 192 U component sent and acknowledged
Frame 192 V component sent and acknowledged
Frame 192 processing completed by server
Done!
Processing frame 193, Frame 193 header sent and acknowledged
Frame 193 Y component sent and acknowledged
Frame 193 U component sent and acknowledged
Frame 193 V component sent and acknowledged
Frame 193 processing completed by server
Done!
Processing frame 194, Frame 194 header sent and acknowledged
Frame 194 Y component sent and acknowledged
Frame 194 U component sent and acknowledged
Frame 194 V component sent and acknowledged
Frame 194 processing completed by server
Done!
Processing frame 195, Frame 195 header sent and acknowledged
Frame 195 Y component sent and acknowledged
Frame 195 U component sent and acknowledged
Frame 195 V component sent and acknowledged
Frame 195 processing completed by server
Done!
Processing frame 196, Frame 196 header sent and acknowledged
Frame 196 Y component sent and acknowledged
Frame 196 U component sent and acknowledged
Frame 196 V component sent and acknowledged
Frame 196 processing completed by server
Done!
Processing frame 197, Frame 197 header sent and acknowledged
Frame 197 Y component sent and acknowledged
Frame 197 U component sent and acknowledged
Frame 197 V component sent and acknowledged
Frame 197 processing completed by server
Done!
Processing frame 198, Frame 198 header sent and acknowledged
Frame 198 Y component sent and acknowledged
Frame 198 U component sent and acknowledged
Frame 198 V component sent and acknowledged
Frame 198 processing completed by server
Done!
Processing frame 199, Frame 199 header sent and acknowledged
Frame 199 Y component sent and acknowledged
Frame 199 U component sent and acknowledged
Frame 199 V component sent and acknowledged
Frame 199 processing completed by server
Done!
Processing frame 200, Frame 200 header sent and acknowledged
Frame 200 Y component sent and acknowledged
Frame 200 U component sent and acknowledged
Frame 200 V component sent and acknowledged
Frame 200 processing completed by server
Done!
Processing frame 201, Frame 201 header sent and acknowledged
Frame 201 Y component sent and acknowledged
Frame 201 U component sent and acknowledged
Frame 201 V component sent and acknowledged
Frame 201 processing completed by server
Done!
Processing frame 202, Frame 202 header sent and acknowledged
Frame 202 Y component sent and acknowledged
Frame 202 U component sent and acknowledged
Frame 202 V component sent and acknowledged
Frame 202 processing completed by server
Done!
Processing frame 203, Frame 203 header sent and acknowledged
Frame 203 Y component sent and acknowledged
Frame 203 U component sent and acknowledged
Frame 203 V component sent and acknowledged
Frame 203 processing completed by server
Done!
Processing frame 204, Frame 204 header sent and acknowledged
Frame 204 Y component sent and acknowledged
Frame 204 U component sent and acknowledged
Frame 204 V component sent and acknowledged
Frame 204 processing completed by server
Done!
Processing frame 205, Frame 205 header sent and acknowledged
Frame 205 Y component sent and acknowledged
Frame 205 U component sent and acknowledged
Frame 205 V component sent and acknowledged
Frame 205 processing completed by server
Done!
Processing frame 206, Frame 206 header sent and acknowledged
Frame 206 Y component sent and acknowledged
Frame 206 U component sent and acknowledged
Frame 206 V component sent and acknowledged
Frame 206 processing completed by server
Done!
Processing frame 207, Frame 207 header sent and acknowledged
Frame 207 Y component sent and acknowledged
Frame 207 U component sent and acknowledged
Frame 207 V component sent and acknowledged
Frame 207 processing completed by server
Done!
Processing frame 208, Frame 208 header sent and acknowledged
Frame 208 Y component sent and acknowledged
Frame 208 U component sent and acknowledged
Frame 208 V component sent and acknowledged
Frame 208 processing completed by server
Done!
Processing frame 209, Frame 209 header sent and acknowledged
Frame 209 Y component sent and acknowledged
Frame 209 U component sent and acknowledged
Frame 209 V component sent and acknowledged
Frame 209 processing completed by server
Done!
Processing frame 210, Frame 210 header sent and acknowledged
Frame 210 Y component sent and acknowledged
Frame 210 U component sent and acknowledged
Frame 210 V component sent and acknowledged
Frame 210 processing completed by server
Done!
Processing frame 211, Frame 211 header sent and acknowledged
Frame 211 Y component sent and acknowledged
Frame 211 U component sent and acknowledged
Frame 211 V component sent and acknowledged
Frame 211 processing completed by server
Done!
Processing frame 212, Frame 212 header sent and acknowledged
Frame 212 Y component sent and acknowledged
Frame 212 U component sent and acknowledged
Frame 212 V component sent and acknowledged
Frame 212 processing completed by server
Done!
Processing frame 213, Frame 213 header sent and acknowledged
Frame 213 Y component sent and acknowledged
Frame 213 U component sent and acknowledged
Frame 213 V component sent and acknowledged
Frame 213 processing completed by server
Done!
Processing frame 214, Frame 214 header sent and acknowledged
Frame 214 Y component sent and acknowledged
Frame 214 U component sent and acknowledged
Frame 214 V component sent and acknowledged
Frame 214 processing completed by server
Done!
Processing frame 215, Frame 215 header sent and acknowledged
Frame 215 Y component sent and acknowledged
Frame 215 U component sent and acknowledged
Frame 215 V component sent and acknowledged
Frame 215 processing completed by server
Done!
Processing frame 216, Frame 216 header sent and acknowledged
Frame 216 Y component sent and acknowledged
Frame 216 U component sent and acknowledged
Frame 216 V component sent and acknowledged
Frame 216 processing completed by server
Done!
Processing frame 217, Frame 217 header sent and acknowledged
Frame 217 Y component sent and acknowledged
Frame 217 U component sent and acknowledged
Frame 217 V component sent and acknowledged
Frame 217 processing completed by server
Done!
Processing frame 218, Frame 218 header sent and acknowledged
Frame 218 Y component sent and acknowledged
Frame 218 U component sent and acknowledged
Frame 218 V component sent and acknowledged
Frame 218 processing completed by server
Done!
Processing frame 219, Frame 219 header sent and acknowledged
Frame 219 Y component sent and acknowledged
Frame 219 U component sent and acknowledged
Frame 219 V component sent and acknowledged
Frame 219 processing completed by server
Done!
Processing frame 220, Frame 220 header sent and acknowledged
Frame 220 Y component sent and acknowledged
Frame 220 U component sent and acknowledged
Frame 220 V component sent and acknowledged
Frame 220 processing completed by server
Done!
Processing frame 221, Frame 221 header sent and acknowledged
Frame 221 Y component sent and acknowledged
Frame 221 U component sent and acknowledged
Frame 221 V component sent and acknowledged
Frame 221 processing completed by server
Done!
Processing frame 222, Frame 222 header sent and acknowledged
Frame 222 Y component sent and acknowledged
Frame 222 U component sent and acknowledged
Frame 222 V component sent and acknowledged
Frame 222 processing completed by server
Done!
Processing frame 223, Frame 223 header sent and acknowledged
Frame 223 Y component sent and acknowledged
Frame 223 U component sent and acknowledged
Frame 223 V component sent and acknowledged
Frame 223 processing completed by server
Done!
Processing frame 224, Frame 224 header sent and acknowledged
Frame 224 Y component sent and acknowledged
Frame 224 U component sent and acknowledged
Frame 224 V component sent and acknowledged
Frame 224 processing completed by server
Done!
Processing frame 225, Frame 225 header sent and acknowledged
Frame 225 Y component sent and acknowledged
Frame 225 U component sent and acknowledged
Frame 225 V component sent and acknowledged
Frame 225 processing completed by server
Done!
Processing frame 226, Frame 226 header sent and acknowledged
Frame 226 Y component sent and acknowledged
Frame 226 U component sent and acknowledged
Frame 226 V component sent and acknowledged
Frame 226 processing completed by server
Done!
Processing frame 227, Frame 227 header sent and acknowledged
Frame 227 Y component sent and acknowledged
Frame 227 U component sent and acknowledged
Frame 227 V component sent and acknowledged
Frame 227 processing completed by server
Done!
Processing frame 228, Frame 228 header sent and acknowledged
Frame 228 Y component sent and acknowledged
Frame 228 U component sent and acknowledged
Frame 228 V component sent and acknowledged
Frame 228 processing completed by server
Done!
Processing frame 229, Frame 229 header sent and acknowledged
Frame 229 Y component sent and acknowledged
Frame 229 U component sent and acknowledged
Frame 229 V component sent and acknowledged
Frame 229 processing completed by server
Done!
Processing frame 230, Frame 230 header sent and acknowledged
Frame 230 Y component sent and acknowledged
Frame 230 U component sent and acknowledged
Frame 230 V component sent and acknowledged
Frame 230 processing completed by server
Done!
Processing frame 231, Frame 231 header sent and acknowledged
Frame 231 Y component sent and acknowledged
Frame 231 U component sent and acknowledged
Frame 231 V component sent and acknowledged
Frame 231 processing completed by server
Done!
Processing frame 232, Frame 232 header sent and acknowledged
Frame 232 Y component sent and acknowledged
Frame 232 U component sent and acknowledged
Frame 232 V component sent and acknowledged
Frame 232 processing completed by server
Done!
Processing frame 233, Frame 233 header sent and acknowledged
Frame 233 Y component sent and acknowledged
Frame 233 U component sent and acknowledged
Frame 233 V component sent and acknowledged
Frame 233 processing completed by server
Done!
Processing frame 234, Frame 234 header sent and acknowledged
Frame 234 Y component sent and acknowledged
Frame 234 U component sent and acknowledged
Frame 234 V component sent and acknowledged
Frame 234 processing completed by server
Done!
Processing frame 235, Frame 235 header sent and acknowledged
Frame 235 Y component sent and acknowledged
Frame 235 U component sent and acknowledged
Frame 235 V component sent and acknowledged
Frame 235 processing completed by server
Done!
Processing frame 236, Frame 236 header sent and acknowledged
Frame 236 Y component sent and acknowledged
Frame 236 U component sent and acknowledged
Frame 236 V component sent and acknowledged
Frame 236 processing completed by server
Done!
Processing frame 237, Frame 237 header sent and acknowledged
Frame 237 Y component sent and acknowledged
Frame 237 U component sent and acknowledged
Frame 237 V component sent and acknowledged
Frame 237 processing completed by server
Done!
Processing frame 238, Frame 238 header sent and acknowledged
Frame 238 Y component sent and acknowledged
Frame 238 U component sent and acknowledged
Frame 238 V component sent and acknowledged
Frame 238 processing completed by server
Done!
Processing frame 239, Frame 239 header sent and acknowledged
Frame 239 Y component sent and acknowledged
Frame 239 U component sent and acknowledged
Frame 239 V component sent and acknowledged
Frame 239 processing completed by server
Done!
Processing frame 240, Frame 240 header sent and acknowledged
Frame 240 Y component sent and acknowledged
Frame 240 U component sent and acknowledged
Frame 240 V component sent and acknowledged
Frame 240 processing completed by server
Done!
Processing frame 241, Frame 241 header sent and acknowledged
Frame 241 Y component sent and acknowledged
Frame 241 U component sent and acknowledged
Frame 241 V component sent and acknowledged
Frame 241 processing completed by server
Done!
Processing frame 242, Frame 242 header sent and acknowledged
Frame 242 Y component sent and acknowledged
Frame 242 U component sent and acknowledged
Frame 242 V component sent and acknowledged
Frame 242 processing completed by server
Done!
Processing frame 243, Frame 243 header sent and acknowledged
Frame 243 Y component sent and acknowledged
Frame 243 U component sent and acknowledged
Frame 243 V component sent and acknowledged
Frame 243 processing completed by server
Done!
Processing frame 244, Frame 244 header sent and acknowledged
Frame 244 Y component sent and acknowledged
Frame 244 U component sent and acknowledged
Frame 244 V component sent and acknowledged
Frame 244 processing completed by server
Done!
Processing frame 245, Frame 245 header sent and acknowledged
Frame 245 Y component sent and acknowledged
Frame 245 U component sent and acknowledged
Frame 245 V component sent and acknowledged
Frame 245 processing completed by server
Done!
Processing frame 246, Frame 246 header sent and acknowledged
Frame 246 Y component sent and acknowledged
Frame 246 U component sent and acknowledged
Frame 246 V component sent and acknowledged
Frame 246 processing completed by server
Done!
Processing frame 247, Frame 247 header sent and acknowledged
Frame 247 Y component sent and acknowledged
Frame 247 U component sent and acknowledged
Frame 247 V component sent and acknowledged
Frame 247 processing completed by server
Done!
Processing frame 248, Frame 248 header sent and acknowledged
Frame 248 Y component sent and acknowledged
Frame 248 U component sent and acknowledged
Frame 248 V component sent and acknowledged
Frame 248 processing completed by server
Done!
Processing frame 249, Frame 249 header sent and acknowledged
Frame 249 Y component sent and acknowledged
Frame 249 U component sent and acknowledged
Frame 249 V component sent and acknowledged
Frame 249 processing completed by server
Done!
Processing frame 250, Frame 250 header sent and acknowledged
Frame 250 Y component sent and acknowledged
Frame 250 U component sent and acknowledged
Frame 250 V component sent and acknowledged
Frame 250 processing completed by server
Done!
Processing frame 251, Frame 251 header sent and acknowledged
Frame 251 Y component sent and acknowledged
Frame 251 U component sent and acknowledged
Frame 251 V component sent and acknowledged
Frame 251 processing completed by server
Done!
Processing frame 252, Frame 252 header sent and acknowledged
Frame 252 Y component sent and acknowledged
Frame 252 U component sent and acknowledged
Frame 252 V component sent and acknowledged
Frame 252 processing completed by server
Done!
Processing frame 253, Frame 253 header sent and acknowledged
Frame 253 Y component sent and acknowledged
Frame 253 U component sent and acknowledged
Frame 253 V component sent and acknowledged
Frame 253 processing completed by server
Done!
Processing frame 254, Frame 254 header sent and acknowledged
Frame 254 Y component sent and acknowledged
Frame 254 U component sent and acknowledged
Frame 254 V component sent and acknowledged
Frame 254 processing completed by server
Done!
Processing frame 255, Frame 255 header sent and acknowledged
Frame 255 Y component sent and acknowledged
Frame 255 U component sent and acknowledged
Frame 255 V component sent and acknowledged
Frame 255 processing completed by server
Done!
Processing frame 256, Frame 256 header sent and acknowledged
Frame 256 Y component sent and acknowledged
Frame 256 U component sent and acknowledged
Frame 256 V component sent and acknowledged
Frame 256 processing completed by server
Done!
Processing frame 257, Frame 257 header sent and acknowledged
Frame 257 Y component sent and acknowledged
Frame 257 U component sent and acknowledged
Frame 257 V component sent and acknowledged
Frame 257 processing completed by server
Done!
Processing frame 258, Frame 258 header sent and acknowledged
Frame 258 Y component sent and acknowledged
Frame 258 U component sent and acknowledged
Frame 258 V component sent and acknowledged
Frame 258 processing completed by server
Done!
Processing frame 259, Frame 259 header sent and acknowledged
Frame 259 Y component sent and acknowledged
Frame 259 U component sent and acknowledged
Frame 259 V component sent and acknowledged
Frame 259 processing completed by server
Done!
Processing frame 260, Frame 260 header sent and acknowledged
Frame 260 Y component sent and acknowledged
Frame 260 U component sent and acknowledged
Frame 260 V component sent and acknowledged
Frame 260 processing completed by server
Done!
Processing frame 261, Frame 261 header sent and acknowledged
Frame 261 Y component sent and acknowledged
Frame 261 U component sent and acknowledged
Frame 261 V component sent and acknowledged
Frame 261 processing completed by server
Done!
Processing frame 262, Frame 262 header sent and acknowledged
Frame 262 Y component sent and acknowledged
Frame 262 U component sent and acknowledged
Frame 262 V component sent and acknowledged
Frame 262 processing completed by server
Done!
Processing frame 263, Frame 263 header sent and acknowledged
Frame 263 Y component sent and acknowledged
Frame 263 U component sent and acknowledged
Frame 263 V component sent and acknowledged
Frame 263 processing completed by server
Done!
Processing frame 264, Frame 264 header sent and acknowledged
Frame 264 Y component sent and acknowledged
Frame 264 U component sent and acknowledged
Frame 264 V component sent and acknowledged
Frame 264 processing completed by server
Done!
Processing frame 265, Frame 265 header sent and acknowledged
Frame 265 Y component sent and acknowledged
Frame 265 U component sent and acknowledged
Frame 265 V component sent and acknowledged
Frame 265 processing completed by server
Done!
Processing frame 266, Frame 266 header sent and acknowledged
Frame 266 Y component sent and acknowledged
Frame 266 U component sent and acknowledged
Frame 266 V component sent and acknowledged
Frame 266 processing completed by server
Done!
Processing frame 267, Frame 267 header sent and acknowledged
Frame 267 Y component sent and acknowledged
Frame 267 U component sent and acknowledged
Frame 267 V component sent and acknowledged
Frame 267 processing completed by server
Done!
Processing frame 268, Frame 268 header sent and acknowledged
Frame 268 Y component sent and acknowledged
Frame 268 U component sent and acknowledged
Frame 268 V component sent and acknowledged
Frame 268 processing completed by server
Done!
Processing frame 269, Frame 269 header sent and acknowledged
Frame 269 Y component sent and acknowledged
Frame 269 U component sent and acknowledged
Frame 269 V component sent and acknowledged
Frame 269 processing completed by server
Done!
Processing frame 270, Frame 270 header sent and acknowledged
Frame 270 Y component sent and acknowledged
Frame 270 U component sent and acknowledged
Frame 270 V component sent and acknowledged
Frame 270 processing completed by server
Done!
Processing frame 271, Frame 271 header sent and acknowledged
Frame 271 Y component sent and acknowledged
Frame 271 U component sent and acknowledged
Frame 271 V component sent and acknowledged
Frame 271 processing completed by server
Done!
Processing frame 272, Frame 272 header sent and acknowledged
Frame 272 Y component sent and acknowledged
Frame 272 U component sent and acknowledged
Frame 272 V component sent and acknowledged
Frame 272 processing completed by server
Done!
Processing frame 273, Frame 273 header sent and acknowledged
Frame 273 Y component sent and acknowledged
Frame 273 U component sent and acknowledged
Frame 273 V component sent and acknowledged
Frame 273 processing completed by server
Done!
Processing frame 274, Frame 274 header sent and acknowledged
Frame 274 Y component sent and acknowledged
Frame 274 U component sent and acknowledged
Frame 274 V component sent and acknowledged
Frame 274 processing completed by server
Done!
Processing frame 275, Frame 275 header sent and acknowledged
Frame 275 Y component sent and acknowledged
Frame 275 U component sent and acknowledged
Frame 275 V component sent and acknowledged
Frame 275 processing completed by server
Done!
Processing frame 276, Frame 276 header sent and acknowledged
Frame 276 Y component sent and acknowledged
Frame 276 U component sent and acknowledged
Frame 276 V component sent and acknowledged
Frame 276 processing completed by server
Done!
Processing frame 277, Frame 277 header sent and acknowledged
Frame 277 Y component sent and acknowledged
Frame 277 U component sent and acknowledged
Frame 277 V component sent and acknowledged
Frame 277 processing completed by server
Done!
Processing frame 278, Frame 278 header sent and acknowledged
Frame 278 Y component sent and acknowledged
Frame 278 U component sent and acknowledged
Frame 278 V component sent and acknowledged
Frame 278 processing completed by server
Done!
Processing frame 279, Frame 279 header sent and acknowledged
Frame 279 Y component sent and acknowledged
Frame 279 U component sent and acknowledged
Frame 279 V component sent and acknowledged
Frame 279 processing completed by server
Done!
Processing frame 280, Frame 280 header sent and acknowledged
Frame 280 Y component sent and acknowledged
Frame 280 U component sent and acknowledged
Frame 280 V component sent and acknowledged
Frame 280 processing completed by server
Done!
Processing frame 281, Frame 281 header sent and acknowledged
Frame 281 Y component sent and acknowledged
Frame 281 U component sent and acknowledged
Frame 281 V component sent and acknowledged
Frame 281 processing completed by server
Done!
Processing frame 282, Frame 282 header sent and acknowledged
Frame 282 Y component sent and acknowledged
Frame 282 U component sent and acknowledged
Frame 282 V component sent and acknowledged
Frame 282 processing completed by server
Done!
Processing frame 283, Frame 283 header sent and acknowledged
Frame 283 Y component sent and acknowledged
Frame 283 U component sent and acknowledged
Frame 283 V component sent and acknowledged
Frame 283 processing completed by server
Done!
Processing frame 284, Frame 284 header sent and acknowledged
Frame 284 Y component sent and acknowledged
Frame 284 U component sent and acknowledged
Frame 284 V component sent and acknowledged
Frame 284 processing completed by server
Done!
Processing frame 285, Frame 285 header sent and acknowledged
Frame 285 Y component sent and acknowledged
Frame 285 U component sent and acknowledged
Frame 285 V component sent and acknowledged
Frame 285 processing completed by server
Done!
Processing frame 286, Frame 286 header sent and acknowledged
Frame 286 Y component sent and acknowledged
Frame 286 U component sent and acknowledged
Frame 286 V component sent and acknowledged
Frame 286 processing completed by server
Done!
Processing frame 287, Frame 287 header sent and acknowledged
Frame 287 Y component sent and acknowledged
Frame 287 U component sent and acknowledged
Frame 287 V component sent and acknowledged
Frame 287 processing completed by server
Done!
Processing frame 288, Frame 288 header sent and acknowledged
Frame 288 Y component sent and acknowledged
Frame 288 U component sent and acknowledged
Frame 288 V component sent and acknowledged
Frame 288 processing completed by server
Done!
Processing frame 289, Frame 289 header sent and acknowledged
Frame 289 Y component sent and acknowledged
Frame 289 U component sent and acknowledged
Frame 289 V component sent and acknowledged
Frame 289 processing completed by server
Done!
Processing frame 290, Frame 290 header sent and acknowledged
Frame 290 Y component sent and acknowledged
Frame 290 U component sent and acknowledged
Frame 290 V component sent and acknowledged
Frame 290 processing completed by server
Done!
Processing frame 291, Frame 291 header sent and acknowledged
Frame 291 Y component sent and acknowledged
Frame 291 U component sent and acknowledged
Frame 291 V component sent and acknowledged
Frame 291 processing completed by server
Done!
Processing frame 292, Frame 292 header sent and acknowledged
Frame 292 Y component sent and acknowledged
Frame 292 U component sent and acknowledged
Frame 292 V component sent and acknowledged
Frame 292 processing completed by server
Done!
Processing frame 293, Frame 293 header sent and acknowledged
Frame 293 Y component sent and acknowledged
Frame 293 U component sent and acknowledged
Frame 293 V component sent and acknowledged
Frame 293 processing completed by server
Done!
Processing frame 294, Frame 294 header sent and acknowledged
Frame 294 Y component sent and acknowledged
Frame 294 U component sent and acknowledged
Frame 294 V component sent and acknowledged
Frame 294 processing completed by server
Done!
Processing frame 295, Frame 295 header sent and acknowledged
Frame 295 Y component sent and acknowledged
Frame 295 U component sent and acknowledged
Frame 295 V component sent and acknowledged
Frame 295 processing completed by server
Done!
Processing frame 296, Frame 296 header sent and acknowledged
Frame 296 Y component sent and acknowledged
Frame 296 U component sent and acknowledged
Frame 296 V component sent and acknowledged
Frame 296 processing completed by server
Done!
Processing frame 297, Frame 297 header sent and acknowledged
Frame 297 Y component sent and acknowledged
Frame 297 U component sent and acknowledged
Frame 297 V component sent and acknowledged
Frame 297 processing completed by server
Done!
Processing frame 298, Frame 298 header sent and acknowledged
Frame 298 Y component sent and acknowledged
Frame 298 U component sent and acknowledged
Frame 298 V component sent and acknowledged
Frame 298 processing completed by server
Done!
Processing frame 299, Frame 299 header sent and acknowledged
Frame 299 Y component sent and acknowledged
Frame 299 U component sent and acknowledged
Frame 299 V component sent and acknowledged
Frame 299 processing completed by server
Done!
Client: Finished processing 300 frames
PC exit code: 0

real	0m25,364s
user	0m25,084s
sys	0m0,020s
