Server: Waiting for client connection...
Server: Connected to client segment
Server: Waiting for commands...
Server: Received dimensions (width=352, height=288)
Server: Dimensions acknowledged
Server: Waiting for frames...
Server: Received frame number 0
Server: Echoed frame number 0
Server: Received frame number 1
Server: Echoed frame number 1
Server: Received frame number 2
Server: Echoed frame number 2
Server: Received frame number 3
Server: Echoed frame number 3
Server: Received frame number 4
Server: Echoed frame number 4
Server: Received frame number 5
Server: Echoed frame number 5
Server: Received frame number 6
Server: Echoed frame number 6
Server: Received frame number 7
Server: Echoed frame number 7
Server: Received frame number 8
Server: Echoed frame number 8
Server: Received frame number 9
Server: Echoed frame number 9
Server: Received frame number 10
Server: Echoed frame number 10
Server: Received frame number 11
Server: Echoed frame number 11
Server: Received frame number 12
Server: Echoed frame number 12
Server: Received frame number 13
Server: Echoed frame number 13
Server: Received frame number 14
Server: Echoed frame number 14
Server: Received frame number 15
Server: Echoed frame number 15
Server: Received frame number 16
Server: Echoed frame number 16
Server: Received frame number 17
Server: Echoed frame number 17
Server: Received frame number 18
Server: Echoed frame number 18
Server: Received frame number 19
Server: Echoed frame number 19
Server: Received frame number 20
Server: Echoed frame number 20
Server: Received frame number 21
Server: Echoed frame number 21
Server: Received frame number 22
Server: Echoed frame number 22
Server: Received frame number 23
Server: Echoed frame number 23
Server: Received frame number 24
Server: Echoed frame number 24
Server: Received frame number 25
Server: Echoed frame number 25
Server: Received frame number 26
Server: Echoed frame number 26
Server: Received frame number 27
Server: Echoed frame number 27
Server: Received frame number 28
Server: Echoed frame number 28
Server: Received frame number 29
Server: Echoed frame number 29
Server: Received frame number 30
Server: Echoed frame number 30
Server: Received frame number 31
Server: Echoed frame number 31
Server: Received frame number 32
Server: Echoed frame number 32
Server: Received frame number 33
Server: Echoed frame number 33
Server: Received frame number 34
Server: Echoed frame number 34
Server: Received frame number 35
Server: Echoed frame number 35
Server: Received frame number 36
Server: Echoed frame number 36
Server: Received frame number 37
Server: Echoed frame number 37
Server: Received frame number 38
Server: Echoed frame number 38
Server: Received frame number 39
Server: Echoed frame number 39
Server: Received frame number 40
Server: Echoed frame number 40
Server: Received frame number 41
Server: Echoed frame number 41
Server: Received frame number 42
Server: Echoed frame number 42
Server: Received frame number 43
Server: Echoed frame number 43
Server: Received frame number 44
Server: Echoed frame number 44
Server: Received frame number 45
Server: Echoed frame number 45
Server: Received frame number 46
Server: Echoed frame number 46
Server: Received frame number 47
Server: Echoed frame number 47
Server: Received frame number 48
Server: Echoed frame number 48
Server: Received frame number 49
Server: Echoed frame number 49
Server: Received frame number 50
Server: Echoed frame number 50
Server: Received frame number 51
Server: Echoed frame number 51
Server: Received frame number 52
Server: Echoed frame number 52
Server: Received frame number 53
Server: Echoed frame number 53
Server: Received frame number 54
Server: Echoed frame number 54
Server: Received frame number 55
Server: Echoed frame number 55
Server: Received frame number 56
Server: Echoed frame number 56
Server: Received frame number 57
Server: Echoed frame number 57
Server: Received frame number 58
Server: Echoed frame number 58
Server: Received frame number 59
Server: Echoed frame number 59
Server: Received frame number 60
Server: Echoed frame number 60
Server: Received frame number 61
Server: Echoed frame number 61
Server: Received frame number 62
Server: Echoed frame number 62
Server: Received frame number 63
Server: Echoed frame number 63
Server: Received frame number 64
Server: Echoed frame number 64
Server: Received frame number 65
Server: Echoed frame number 65
Server: Received frame number 66
Server: Echoed frame number 66
Server: Received frame number 67
Server: Echoed frame number 67
Server: Received frame number 68
Server: Echoed frame number 68
Server: Received frame number 69
Server: Echoed frame number 69
Server: Received frame number 70
Server: Echoed frame number 70
Server: Received frame number 71
Server: Echoed frame number 71
Server: Received frame number 72
Server: Echoed frame number 72
Server: Received frame number 73
Server: Echoed frame number 73
Server: Received frame number 74
Server: Echoed frame number 74
Server: Received frame number 75
Server: Echoed frame number 75
Server: Received frame number 76
Server: Echoed frame number 76
Server: Received frame number 77
Server: Echoed frame number 77
Server: Received frame number 78
Server: Echoed frame number 78
Server: Received frame number 79
Server: Echoed frame number 79
Server: Received frame number 80
Server: Echoed frame number 80
Server: Received frame number 81
Server: Echoed frame number 81
Server: Received frame number 82
Server: Echoed frame number 82
Server: Received frame number 83
Server: Echoed frame number 83
Server: Received frame number 84
Server: Echoed frame number 84
Server: Received frame number 85
Server: Echoed frame number 85
Server: Received frame number 86
Server: Echoed frame number 86
Server: Received frame number 87
Server: Echoed frame number 87
Server: Received frame number 88
Server: Echoed frame number 88
Server: Received frame number 89
Server: Echoed frame number 89
Server: Received frame number 90
Server: Echoed frame number 90
Server: Received frame number 91
Server: Echoed frame number 91
Server: Received frame number 92
Server: Echoed frame number 92
Server: Received frame number 93
Server: Echoed frame number 93
Server: Received frame number 94
Server: Echoed frame number 94
Server: Received frame number 95
Server: Echoed frame number 95
Server: Received frame number 96
Server: Echoed frame number 96
Server: Received frame number 97
Server: Echoed frame number 97
Server: Received frame number 98
Server: Echoed frame number 98
Server: Received frame number 99
Server: Echoed frame number 99
Server: Received frame number 100
Server: Echoed frame number 100
Server: Received frame number 101
Server: Echoed frame number 101
Server: Received frame number 102
Server: Echoed frame number 102
Server: Received frame number 103
Server: Echoed frame number 103
Server: Received frame number 104
Server: Echoed frame number 104
Server: Received frame number 105
Server: Echoed frame number 105
Server: Received frame number 106
Server: Echoed frame number 106
Server: Received frame number 107
Server: Echoed frame number 107
Server: Received frame number 108
Server: Echoed frame number 108
Server: Received frame number 109
Server: Echoed frame number 109
Server: Received frame number 110
Server: Echoed frame number 110
Server: Received frame number 111
Server: Echoed frame number 111
Server: Received frame number 112
Server: Echoed frame number 112
Server: Received frame number 113
Server: Echoed frame number 113
Server: Received frame number 114
Server: Echoed frame number 114
Server: Received frame number 115
Server: Echoed frame number 115
Server: Received frame number 116
Server: Echoed frame number 116
Server: Received frame number 117
Server: Echoed frame number 117
Server: Received frame number 118
Server: Echoed frame number 118
Server: Received frame number 119
Server: Echoed frame number 119
Server: Received frame number 120
Server: Echoed frame number 120
Server: Received frame number 121
Server: Echoed frame number 121
Server: Received frame number 122
Server: Echoed frame number 122
Server: Received frame number 123
Server: Echoed frame number 123
Server: Received frame number 124
Server: Echoed frame number 124
Server: Received frame number 125
Server: Echoed frame number 125
Server: Received frame number 126
Server: Echoed frame number 126
Server: Received frame number 127
Server: Echoed frame number 127
Server: Received frame number 128
Server: Echoed frame number 128
Server: Received frame number 129
Server: Echoed frame number 129
Server: Received frame number 130
Server: Echoed frame number 130
Server: Received frame number 131
Server: Echoed frame number 131
Server: Received frame number 132
Server: Echoed frame number 132
Server: Received frame number 133
Server: Echoed frame number 133
Server: Received frame number 134
Server: Echoed frame number 134
Server: Received frame number 135
Server: Echoed frame number 135
Server: Received frame number 136
Server: Echoed frame number 136
Server: Received frame number 137
Server: Echoed frame number 137
Server: Received frame number 138
Server: Echoed frame number 138
Server: Received frame number 139
Server: Echoed frame number 139
Server: Received frame number 140
Server: Echoed frame number 140
Server: Received frame number 141
Server: Echoed frame number 141
Server: Received frame number 142
Server: Echoed frame number 142
Server: Received frame number 143
Server: Echoed frame number 143
Server: Received frame number 144
Server: Echoed frame number 144
Server: Received frame number 145
Server: Echoed frame number 145
Server: Received frame number 146
Server: Echoed frame number 146
Server: Received frame number 147
Server: Echoed frame number 147
Server: Received frame number 148
Server: Echoed frame number 148
Server: Received frame number 149
Server: Echoed frame number 149
Server: Received frame number 150
Server: Echoed frame number 150
Server: Received frame number 151
Server: Echoed frame number 151
Server: Received frame number 152
Server: Echoed frame number 152
Server: Received frame number 153
Server: Echoed frame number 153
Server: Received frame number 154
Server: Echoed frame number 154
Server: Received frame number 155
Server: Echoed frame number 155
Server: Received frame number 156
Server: Echoed frame number 156
Server: Received frame number 157
Server: Echoed frame number 157
Server: Received frame number 158
Server: Echoed frame number 158
Server: Received frame number 159
Server: Echoed frame number 159
Server: Received frame number 160
Server: Echoed frame number 160
Server: Received frame number 161
Server: Echoed frame number 161
Server: Received frame number 162
Server: Echoed frame number 162
Server: Received frame number 163
Server: Echoed frame number 163
Server: Received frame number 164
Server: Echoed frame number 164
Server: Received frame number 165
Server: Echoed frame number 165
Server: Received frame number 166
Server: Echoed frame number 166
Server: Received frame number 167
Server: Echoed frame number 167
Server: Received frame number 168
Server: Echoed frame number 168
Server: Received frame number 169
Server: Echoed frame number 169
Server: Received frame number 170
Server: Echoed frame number 170
Server: Received frame number 171
Server: Echoed frame number 171
Server: Received frame number 172
Server: Echoed frame number 172
Server: Received frame number 173
Server: Echoed frame number 173
Server: Received frame number 174
Server: Echoed frame number 174
Server: Received frame number 175
Server: Echoed frame number 175
Server: Received frame number 176
Server: Echoed frame number 176
Server: Received frame number 177
Server: Echoed frame number 177
Server: Received frame number 178
Server: Echoed frame number 178
Server: Received frame number 179
Server: Echoed frame number 179
Server: Received frame number 180
Server: Echoed frame number 180
Server: Received frame number 181
Server: Echoed frame number 181
Server: Received frame number 182
Server: Echoed frame number 182
Server: Received frame number 183
Server: Echoed frame number 183
Server: Received frame number 184
Server: Echoed frame number 184
Server: Received frame number 185
Server: Echoed frame number 185
Server: Received frame number 186
Server: Echoed frame number 186
Server: Received frame number 187
Server: Echoed frame number 187
Server: Received frame number 188
Server: Echoed frame number 188
Server: Received frame number 189
Server: Echoed frame number 189
Server: Received frame number 190
Server: Echoed frame number 190
Server: Received frame number 191
Server: Echoed frame number 191
Server: Received frame number 192
Server: Echoed frame number 192
Server: Received frame number 193
Server: Echoed frame number 193
Server: Received frame number 194
Server: Echoed frame number 194
Server: Received frame number 195
Server: Echoed frame number 195
Server: Received frame number 196
Server: Echoed frame number 196
Server: Received frame number 197
Server: Echoed frame number 197
Server: Received frame number 198
Server: Echoed frame number 198
Server: Received frame number 199
Server: Echoed frame number 199
Server: Received frame number 200
Server: Echoed frame number 200
Server: Received frame number 201
Server: Echoed frame number 201
Server: Received frame number 202
Server: Echoed frame number 202
Server: Received frame number 203
Server: Echoed frame number 203
Server: Received frame number 204
Server: Echoed frame number 204
Server: Received frame number 205
Server: Echoed frame number 205
Server: Received frame number 206
Server: Echoed frame number 206
Server: Received frame number 207
Server: Echoed frame number 207
Server: Received frame number 208
Server: Echoed frame number 208
Server: Received frame number 209
Server: Echoed frame number 209
Server: Received frame number 210
Server: Echoed frame number 210
Server: Received frame number 211
Server: Echoed frame number 211
Server: Received frame number 212
Server: Echoed frame number 212
Server: Received frame number 213
Server: Echoed frame number 213
Server: Received frame number 214
Server: Echoed frame number 214
Server: Received frame number 215
Server: Echoed frame number 215
Server: Received frame number 216
Server: Echoed frame number 216
Server: Received frame number 217
Server: Echoed frame number 217
Server: Received frame number 218
Server: Echoed frame number 218
Server: Received frame number 219
Server: Echoed frame number 219
Server: Received frame number 220
Server: Echoed frame number 220
Server: Received frame number 221
Server: Echoed frame number 221
Server: Received frame number 222
Server: Echoed frame number 222
Server: Received frame number 223
Server: Echoed frame number 223
Server: Received frame number 224
Server: Echoed frame number 224
Server: Received frame number 225
Server: Echoed frame number 225
Server: Received frame number 226
Server: Echoed frame number 226
Server: Received frame number 227
Server: Echoed frame number 227
Server: Received frame number 228
Server: Echoed frame number 228
Server: Received frame number 229
Server: Echoed frame number 229
Server: Received frame number 230
Server: Echoed frame number 230
Server: Received frame number 231
Server: Echoed frame number 231
Server: Received frame number 232
Server: Echoed frame number 232
Server: Received frame number 233
Server: Echoed frame number 233
Server: Received frame number 234
Server: Echoed frame number 234
Server: Received frame number 235
Server: Echoed frame number 235
Server: Received frame number 236
Server: Echoed frame number 236
Server: Received frame number 237
Server: Echoed frame number 237
Server: Received frame number 238
Server: Echoed frame number 238
Server: Received frame number 239
Server: Echoed frame number 239
Server: Received frame number 240
Server: Echoed frame number 240
Server: Received frame number 241
Server: Echoed frame number 241
Server: Received frame number 242
Server: Echoed frame number 242
Server: Received frame number 243
Server: Echoed frame number 243
Server: Received frame number 244
Server: Echoed frame number 244
Server: Received frame number 245
Server: Echoed frame number 245
Server: Received frame number 246
Server: Echoed frame number 246
Server: Received frame number 247
Server: Echoed frame number 247
Server: Received frame number 248
Server: Echoed frame number 248
Server: Received frame number 249
Server: Echoed frame number 249
Server: Received frame number 250
Server: Echoed frame number 250
Server: Received frame number 251
Server: Echoed frame number 251
Server: Received frame number 252
Server: Echoed frame number 252
Server: Received frame number 253
Server: Echoed frame number 253
Server: Received frame number 254
Server: Echoed frame number 254
Server: Received frame number 255
Server: Echoed frame number 255
Server: Received frame number 256
Server: Echoed frame number 256
Server: Received frame number 257
Server: Echoed frame number 257
Server: Received frame number 258
Server: Echoed frame number 258
Server: Received frame number 259
Server: Echoed frame number 259
Server: Received frame number 260
Server: Echoed frame number 260
Server: Received frame number 261
Server: Echoed frame number 261
Server: Received frame number 262
Server: Echoed frame number 262
Server: Received frame number 263
Server: Echoed frame number 263
Server: Received frame number 264
Server: Echoed frame number 264
Server: Received frame number 265
Server: Echoed frame number 265
Server: Received frame number 266
Server: Echoed frame number 266
Server: Received frame number 267
Server: Echoed frame number 267
Server: Received frame number 268
Server: Echoed frame number 268
Server: Received frame number 269
Server: Echoed frame number 269
Server: Received frame number 270
Server: Echoed frame number 270
Server: Received frame number 271
Server: Echoed frame number 271
Server: Received frame number 272
Server: Echoed frame number 272
Server: Received frame number 273
Server: Echoed frame number 273
Server: Received frame number 274
Server: Echoed frame number 274
Server: Received frame number 275
Server: Echoed frame number 275
Server: Received frame number 276
Server: Echoed frame number 276
Server: Received frame number 277
Server: Echoed frame number 277
Server: Received frame number 278
Server: Echoed frame number 278
Server: Received frame number 279
Server: Echoed frame number 279
Server: Received frame number 280
Server: Echoed frame number 280
Server: Received frame number 281
Server: Echoed frame number 281
Server: Received frame number 282
Server: Echoed frame number 282
Server: Received frame number 283
Server: Echoed frame number 283
Server: Received frame number 284
Server: Echoed frame number 284
Server: Received frame number 285
Server: Echoed frame number 285
Server: Received frame number 286
Server: Echoed frame number 286
Server: Received frame number 287
Server: Echoed frame number 287
Server: Received frame number 288
Server: Echoed frame number 288
Server: Received frame number 289
Server: Echoed frame number 289
Server: Received frame number 290
Server: Echoed frame number 290
Server: Received frame number 291
Server: Echoed frame number 291
Server: Received frame number 292
Server: Echoed frame number 292
Server: Received frame number 293
Server: Echoed frame number 293
Server: Received frame number 294
Server: Echoed frame number 294
Server: Received frame number 295
Server: Echoed frame number 295
Server: Received frame number 296
Server: Echoed frame number 296
Server: Received frame number 297
Server: Echoed frame number 297
Server: Received frame number 298
Server: Echoed frame number 298
Server: Received frame number 299
Server: Echoed frame number 299
Server: Received quit command after processing 300 frames
Server: Exiting

real	0m0.121s
user	0m0.106s
sys	0m0.013s
Tegra exit code: 0
