Server: Waiting for client connection...
Server: Connected to client segments
Server: Ready for 3-frame pipeline processing
Server: Waiting for commands...
Server: Received dimensions (width=1920, height=1080)
Thread pool initialized with 5 threads
Task pool is initialized with 136 tasks
Server: Processing thread started
Server: No frames ready for processing, waiting...
Server: Sending thread started
Server: Dimensions acknowledged, pipeline ready with 3 frame slots
Server: Received YUV frame with size 3110400 bytes
Server: Stored frame 0 in slot 0 (pipeline: recv=1, proc=0, sent=0)
Server: Frame added to processing pipeline
Server: Processing frame 0 from slot 0
Server: Encoding frame 0
Server: Frame 0 is a keyframe
Server: DCT/quantization for frame 0
Server: Dequantization/IDCT for frame 0
Server: Frame 0 encoded, size: 6658564 bytes
Server: Marked frame 0 as processed (processing time: 1 seconds)
Server: No frames ready for processing, waiting...
Server: Sending frame 0 from slot 0
Server: Sending encoded data for frame 0
Server: Signaled client about encoded data for frame 0
Server: Client acknowledged frame 0
Server: Marked frame 0 as sent (total pipeline time: 1 seconds)
Server: Received YUV frame with size 3110400 bytes
Server: Stored frame 1 in slot 1 (pipeline: recv=2, proc=1, sent=1)
Server: Frame added to processing pipeline
Server: Processing frame 1 from slot 1
Server: Encoding frame 1
Server: Frame 1 is not a keyframe
Server: Motion estimation for frame 1
Server: Motion estimation complete for frame 1
Server: DCT/quantization for frame 1
Server: Dequantization/IDCT for frame 1
Server: Frame 1 encoded, size: 6658564 bytes
Server: Marked frame 1 as processed (processing time: 0 seconds)
Server: No frames ready for processing, waiting...
Server: Sending frame 1 from slot 1
Server: Sending encoded data for frame 1
Server: Signaled client about encoded data for frame 1
Server: Client acknowledged frame 1
Server: Marked frame 1 as sent (total pipeline time: 0 seconds)
Server: Received YUV frame with size 3110400 bytes
Server: Stored frame 2 in slot 2 (pipeline: recv=3, proc=2, sent=2)
Server: Frame added to processing pipeline
Server: Processing frame 2 from slot 2
Server: Encoding frame 2
Server: Frame 2 is not a keyframe
Server: Motion estimation for frame 2
Server: Motion estimation complete for frame 2
Server: DCT/quantization for frame 2
Server: Dequantization/IDCT for frame 2
Server: Frame 2 encoded, size: 6658564 bytes
Server: Marked frame 2 as processed (processing time: 1 seconds)
Server: No frames ready for processing, waiting...
Server: Sending frame 2 from slot 2
Server: Sending encoded data for frame 2
Server: Signaled client about encoded data for frame 2
Server: Client acknowledged frame 2
Server: Marked frame 2 as sent (total pipeline time: 1 seconds)
Server: Received YUV frame with size 3110400 bytes
Server: Stored frame 3 in slot 0 (pipeline: recv=4, proc=3, sent=3)
Server: Frame added to processing pipeline
Server: Processing frame 3 from slot 0
Server: Encoding frame 3
Server: Frame 3 is not a keyframe
Server: Motion estimation for frame 3
Server: Motion estimation complete for frame 3
Server: DCT/quantization for frame 3
Server: Dequantization/IDCT for frame 3
Server: Frame 3 encoded, size: 6658564 bytes
Server: Marked frame 3 as processed (processing time: 0 seconds)
Server: No frames ready for processing, waiting...
Server: Sending frame 3 from slot 0
Server: Sending encoded data for frame 3
Server: Signaled client about encoded data for frame 3
Server: Client acknowledged frame 3
Server: Marked frame 3 as sent (total pipeline time: 0 seconds)
Server: Received YUV frame with size 3110400 bytes
Server: Stored frame 4 in slot 1 (pipeline: recv=5, proc=4, sent=4)
Server: Frame added to processing pipeline
Server: Processing frame 4 from slot 1
Server: Encoding frame 4
Server: Frame 4 is not a keyframe
Server: Motion estimation for frame 4
Server: Motion estimation complete for frame 4
Server: DCT/quantization for frame 4
Server: Dequantization/IDCT for frame 4
Server: Frame 4 encoded, size: 6658564 bytes
Server: Marked frame 4 as processed (processing time: 0 seconds)
Server: No frames ready for processing, waiting...
Server: Sending frame 4 from slot 1
Server: Sending encoded data for frame 4
Server: Signaled client about encoded data for frame 4
Server: Client acknowledged frame 4
Server: Marked frame 4 as sent (total pipeline time: 1 seconds)
Server: Received YUV frame with size 3110400 bytes
Server: Stored frame 5 in slot 2 (pipeline: recv=6, proc=5, sent=5)
Server: Frame added to processing pipeline
Server: Processing frame 5 from slot 2
Server: Encoding frame 5
Server: Frame 5 is not a keyframe
Server: Motion estimation for frame 5
Server: Motion estimation complete for frame 5
Server: DCT/quantization for frame 5
Server: Dequantization/IDCT for frame 5
Server: Frame 5 encoded, size: 6658564 bytes
Server: Marked frame 5 as processed (processing time: 0 seconds)
Server: No frames ready for processing, waiting...
Server: Sending frame 5 from slot 2
Server: Sending encoded data for frame 5
Server: Signaled client about encoded data for frame 5
Server: Client acknowledged frame 5
Server: Marked frame 5 as sent (total pipeline time: 0 seconds)
Server: Received YUV frame with size 3110400 bytes
Server: Stored frame 6 in slot 0 (pipeline: recv=7, proc=6, sent=6)
Server: Frame added to processing pipeline
Server: Processing frame 6 from slot 0
Server: Encoding frame 6
Server: Frame 6 is not a keyframe
Server: Motion estimation for frame 6
Server: Motion estimation complete for frame 6
Server: DCT/quantization for frame 6
Server: Dequantization/IDCT for frame 6
Server: Frame 6 encoded, size: 6658564 bytes
Server: Marked frame 6 as processed (processing time: 0 seconds)
Server: No frames ready for processing, waiting...
Server: Sending frame 6 from slot 0
Server: Sending encoded data for frame 6
Server: Signaled client about encoded data for frame 6
Server: Client acknowledged frame 6
Server: Marked frame 6 as sent (total pipeline time: 0 seconds)
Server: Received YUV frame with size 3110400 bytes
Server: Stored frame 7 in slot 1 (pipeline: recv=8, proc=7, sent=7)
Server: Frame added to processing pipeline
Server: Processing frame 7 from slot 1
Server: Encoding frame 7
Server: Frame 7 is not a keyframe
Server: Motion estimation for frame 7
Server: Motion estimation complete for frame 7
Server: DCT/quantization for frame 7
Server: Dequantization/IDCT for frame 7
Server: Frame 7 encoded, size: 6658564 bytes
Server: Marked frame 7 as processed (processing time: 0 seconds)
Server: No frames ready for processing, waiting...
Server: Sending frame 7 from slot 1
Server: Sending encoded data for frame 7
Server: Signaled client about encoded data for frame 7
Server: Client acknowledged frame 7
Server: Marked frame 7 as sent (total pipeline time: 0 seconds)
Server: Received YUV frame with size 3110400 bytes
Server: Stored frame 8 in slot 2 (pipeline: recv=9, proc=8, sent=8)
Server: Frame added to processing pipeline
Server: Processing frame 8 from slot 2
Server: Encoding frame 8
Server: Frame 8 is not a keyframe
Server: Motion estimation for frame 8
Server: Motion estimation complete for frame 8
Server: DCT/quantization for frame 8
Server: Dequantization/IDCT for frame 8
Server: Frame 8 encoded, size: 6658564 bytes
Server: Marked frame 8 as processed (processing time: 0 seconds)
Server: No frames ready for processing, waiting...
Server: Sending frame 8 from slot 2
Server: Sending encoded data for frame 8
Server: Signaled client about encoded data for frame 8
Server: Client acknowledged frame 8
Server: Marked frame 8 as sent (total pipeline time: 0 seconds)
Server: Received YUV frame with size 3110400 bytes
Server: Stored frame 9 in slot 0 (pipeline: recv=10, proc=9, sent=9)
Server: Frame added to processing pipeline
Server: Processing frame 9 from slot 0
Server: Encoding frame 9
Server: Frame 9 is not a keyframe
Server: Motion estimation for frame 9
Server: Motion estimation complete for frame 9
Server: DCT/quantization for frame 9
Server: Dequantization/IDCT for frame 9
Server: Frame 9 encoded, size: 6658564 bytes
Server: Marked frame 9 as processed (processing time: 0 seconds)
Server: No frames ready for processing, waiting...
Server: Sending frame 9 from slot 0
Server: Sending encoded data for frame 9
Server: Signaled client about encoded data for frame 9
Server: Client acknowledged frame 9
Server: Marked frame 9 as sent (total pipeline time: 0 seconds)
Server: Received YUV frame with size 3110400 bytes
Server: Stored frame 10 in slot 1 (pipeline: recv=11, proc=10, sent=10)
Server: Frame added to processing pipeline
Server: Processing frame 10 from slot 1
Server: Encoding frame 10
Server: Frame 10 is not a keyframe
Server: Motion estimation for frame 10
Server: Motion estimation complete for frame 10
Server: DCT/quantization for frame 10
Server: Dequantization/IDCT for frame 10
Server: Frame 10 encoded, size: 6658564 bytes
Server: Marked frame 10 as processed (processing time: 0 seconds)
Server: No frames ready for processing, waiting...
Server: Sending frame 10 from slot 1
Server: Sending encoded data for frame 10
Server: Signaled client about encoded data for frame 10
Server: Client acknowledged frame 10
Server: Marked frame 10 as sent (total pipeline time: 0 seconds)
Server: Received YUV frame with size 3110400 bytes
Server: Stored frame 11 in slot 2 (pipeline: recv=12, proc=11, sent=11)
Server: Frame added to processing pipeline
Server: Processing frame 11 from slot 2
Server: Encoding frame 11
Server: Frame 11 is not a keyframe
Server: Motion estimation for frame 11
Server: Motion estimation complete for frame 11
Server: DCT/quantization for frame 11
Server: Dequantization/IDCT for frame 11
Server: Frame 11 encoded, size: 6658564 bytes
Server: Marked frame 11 as processed (processing time: 1 seconds)
Server: No frames ready for processing, waiting...
Server: Sending frame 11 from slot 2
Server: Sending encoded data for frame 11
Server: Signaled client about encoded data for frame 11
Server: Client acknowledged frame 11
Server: Marked frame 11 as sent (total pipeline time: 1 seconds)
Server: Received YUV frame with size 3110400 bytes
Server: Stored frame 12 in slot 0 (pipeline: recv=13, proc=12, sent=12)
Server: Frame added to processing pipeline
Server: Processing frame 12 from slot 0
Server: Encoding frame 12
Server: Frame 12 is not a keyframe
Server: Motion estimation for frame 12
Server: Motion estimation complete for frame 12
Server: DCT/quantization for frame 12
Server: Dequantization/IDCT for frame 12
Server: Frame 12 encoded, size: 6658564 bytes
Server: Marked frame 12 as processed (processing time: 0 seconds)
Server: No frames ready for processing, waiting...
Server: Sending frame 12 from slot 0
Server: Sending encoded data for frame 12
Server: Signaled client about encoded data for frame 12
Server: Client acknowledged frame 12
Server: Marked frame 12 as sent (total pipeline time: 0 seconds)
Server: Received YUV frame with size 3110400 bytes
Server: Stored frame 13 in slot 1 (pipeline: recv=14, proc=13, sent=13)
Server: Frame added to processing pipeline
Server: Processing frame 13 from slot 1
Server: Encoding frame 13
Server: Frame 13 is not a keyframe
Server: Motion estimation for frame 13
Server: Motion estimation complete for frame 13
Server: DCT/quantization for frame 13
Server: Dequantization/IDCT for frame 13
Server: Frame 13 encoded, size: 6658564 bytes
Server: Marked frame 13 as processed (processing time: 0 seconds)
Server: No frames ready for processing, waiting...
Server: Sending frame 13 from slot 1
Server: Sending encoded data for frame 13
Server: Signaled client about encoded data for frame 13
Server: Client acknowledged frame 13
Server: Marked frame 13 as sent (total pipeline time: 0 seconds)
Server: Received YUV frame with size 3110400 bytes
Server: Stored frame 14 in slot 2 (pipeline: recv=15, proc=14, sent=14)
Server: Frame added to processing pipeline
Server: Processing frame 14 from slot 2
Server: Encoding frame 14
Server: Frame 14 is not a keyframe
Server: Motion estimation for frame 14
Server: Motion estimation complete for frame 14
Server: DCT/quantization for frame 14
Server: Dequantization/IDCT for frame 14
Server: Frame 14 encoded, size: 6658564 bytes
Server: Marked frame 14 as processed (processing time: 1 seconds)
Server: No frames ready for processing, waiting...
Server: Sending frame 14 from slot 2
Server: Sending encoded data for frame 14
Server: Signaled client about encoded data for frame 14
Server: Client acknowledged frame 14
Server: Marked frame 14 as sent (total pipeline time: 1 seconds)
Server: Received YUV frame with size 3110400 bytes
Server: Stored frame 15 in slot 0 (pipeline: recv=16, proc=15, sent=15)
Server: Frame added to processing pipeline
Server: Processing frame 15 from slot 0
Server: Encoding frame 15
Server: Frame 15 is not a keyframe
Server: Motion estimation for frame 15
Server: Motion estimation complete for frame 15
Server: DCT/quantization for frame 15
Server: Dequantization/IDCT for frame 15
Server: Frame 15 encoded, size: 6658564 bytes
Server: Marked frame 15 as processed (processing time: 0 seconds)
Server: No frames ready for processing, waiting...
Server: Sending frame 15 from slot 0
Server: Sending encoded data for frame 15
Server: Signaled client about encoded data for frame 15
Server: Client acknowledged frame 15
Server: Marked frame 15 as sent (total pipeline time: 0 seconds)
Server: Received YUV frame with size 3110400 bytes
Server: Stored frame 16 in slot 1 (pipeline: recv=17, proc=16, sent=16)
Server: Frame added to processing pipeline
Server: Processing frame 16 from slot 1
Server: Encoding frame 16
Server: Frame 16 is not a keyframe
Server: Motion estimation for frame 16
Server: Motion estimation complete for frame 16
Server: DCT/quantization for frame 16
Server: Dequantization/IDCT for frame 16
Server: Frame 16 encoded, size: 6658564 bytes
Server: Marked frame 16 as processed (processing time: 0 seconds)
Server: No frames ready for processing, waiting...
Server: Sending frame 16 from slot 1
Server: Sending encoded data for frame 16
Server: Signaled client about encoded data for frame 16
Server: Client acknowledged frame 16
Server: Marked frame 16 as sent (total pipeline time: 0 seconds)
Server: Received YUV frame with size 3110400 bytes
Server: Stored frame 17 in slot 2 (pipeline: recv=18, proc=17, sent=17)
Server: Frame added to processing pipeline
Server: Processing frame 17 from slot 2
Server: Encoding frame 17
Server: Frame 17 is not a keyframe
Server: Motion estimation for frame 17
Server: Motion estimation complete for frame 17
Server: DCT/quantization for frame 17
Server: Dequantization/IDCT for frame 17
Server: Frame 17 encoded, size: 6658564 bytes
Server: Marked frame 17 as processed (processing time: 0 seconds)
Server: No frames ready for processing, waiting...
Server: Sending frame 17 from slot 2
Server: Sending encoded data for frame 17
Server: Signaled client about encoded data for frame 17
Server: Client acknowledged frame 17
Server: Marked frame 17 as sent (total pipeline time: 1 seconds)
Server: Received YUV frame with size 3110400 bytes
Server: Stored frame 18 in slot 0 (pipeline: recv=19, proc=18, sent=18)
Server: Frame added to processing pipeline
Server: Processing frame 18 from slot 0
Server: Encoding frame 18
Server: Frame 18 is not a keyframe
Server: Motion estimation for frame 18
Server: Motion estimation complete for frame 18
Server: DCT/quantization for frame 18
Server: Dequantization/IDCT for frame 18
Server: Frame 18 encoded, size: 6658564 bytes
Server: Marked frame 18 as processed (processing time: 0 seconds)
Server: No frames ready for processing, waiting...
Server: Sending frame 18 from slot 0
Server: Sending encoded data for frame 18
Server: Signaled client about encoded data for frame 18
Server: Client acknowledged frame 18
Server: Marked frame 18 as sent (total pipeline time: 0 seconds)
Server: Received YUV frame with size 3110400 bytes
Server: Stored frame 19 in slot 1 (pipeline: recv=20, proc=19, sent=19)
Server: Frame added to processing pipeline
Server: Processing frame 19 from slot 1
Server: Encoding frame 19
Server: Frame 19 is not a keyframe
Server: Motion estimation for frame 19
Server: Motion estimation complete for frame 19
Server: DCT/quantization for frame 19
Server: Dequantization/IDCT for frame 19
Server: Frame 19 encoded, size: 6658564 bytes
Server: Marked frame 19 as processed (processing time: 0 seconds)
Server: No frames ready for processing, waiting...
Server: Sending frame 19 from slot 1
Server: Sending encoded data for frame 19
Server: Signaled client about encoded data for frame 19
Server: Client acknowledged frame 19
Server: Marked frame 19 as sent (total pipeline time: 0 seconds)
Server: Received YUV frame with size 3110400 bytes
Server: Stored frame 20 in slot 2 (pipeline: recv=21, proc=20, sent=20)
Server: Frame added to processing pipeline
Server: Processing frame 20 from slot 2
Server: Encoding frame 20
Server: Frame 20 is not a keyframe
Server: Motion estimation for frame 20
Server: Motion estimation complete for frame 20
Server: DCT/quantization for frame 20
Server: Dequantization/IDCT for frame 20
Server: Frame 20 encoded, size: 6658564 bytes
Server: Marked frame 20 as processed (processing time: 0 seconds)
Server: No frames ready for processing, waiting...
Server: Sending frame 20 from slot 2
Server: Sending encoded data for frame 20
Server: Signaled client about encoded data for frame 20
Server: Client acknowledged frame 20
Server: Marked frame 20 as sent (total pipeline time: 0 seconds)
Server: Received YUV frame with size 3110400 bytes
Server: Stored frame 21 in slot 0 (pipeline: recv=22, proc=21, sent=21)
Server: Frame added to processing pipeline
Server: Processing frame 21 from slot 0
Server: Encoding frame 21
Server: Frame 21 is not a keyframe
Server: Motion estimation for frame 21
Server: Motion estimation complete for frame 21
Server: DCT/quantization for frame 21
Server: Dequantization/IDCT for frame 21
Server: Frame 21 encoded, size: 6658564 bytes
Server: Marked frame 21 as processed (processing time: 1 seconds)
Server: No frames ready for processing, waiting...
Server: Sending frame 21 from slot 0
Server: Sending encoded data for frame 21
Server: Signaled client about encoded data for frame 21
Server: Client acknowledged frame 21
Server: Marked frame 21 as sent (total pipeline time: 1 seconds)
Server: Received YUV frame with size 3110400 bytes
Server: Stored frame 22 in slot 1 (pipeline: recv=23, proc=22, sent=22)
Server: Frame added to processing pipeline
Server: Processing frame 22 from slot 1
Server: Encoding frame 22
Server: Frame 22 is not a keyframe
Server: Motion estimation for frame 22
Server: Motion estimation complete for frame 22
Server: DCT/quantization for frame 22
Server: Dequantization/IDCT for frame 22
Server: Frame 22 encoded, size: 6658564 bytes
Server: Marked frame 22 as processed (processing time: 0 seconds)
Server: No frames ready for processing, waiting...
Server: Sending frame 22 from slot 1
Server: Sending encoded data for frame 22
Server: Signaled client about encoded data for frame 22
Server: Client acknowledged frame 22
Server: Marked frame 22 as sent (total pipeline time: 0 seconds)
Server: Received YUV frame with size 3110400 bytes
Server: Stored frame 23 in slot 2 (pipeline: recv=24, proc=23, sent=23)
Server: Frame added to processing pipeline
Server: Processing frame 23 from slot 2
Server: Encoding frame 23
Server: Frame 23 is not a keyframe
Server: Motion estimation for frame 23
Server: Motion estimation complete for frame 23
Server: DCT/quantization for frame 23
Server: Dequantization/IDCT for frame 23
Server: Frame 23 encoded, size: 6658564 bytes
Server: Marked frame 23 as processed (processing time: 0 seconds)
Server: No frames ready for processing, waiting...
Server: Sending frame 23 from slot 2
Server: Sending encoded data for frame 23
Server: Signaled client about encoded data for frame 23
Server: Client acknowledged frame 23
Server: Marked frame 23 as sent (total pipeline time: 0 seconds)
Server: Received YUV frame with size 3110400 bytes
Server: Stored frame 24 in slot 0 (pipeline: recv=25, proc=24, sent=24)
Server: Frame added to processing pipeline
Server: Processing frame 24 from slot 0
Server: Encoding frame 24
Server: Frame 24 is not a keyframe
Server: Motion estimation for frame 24
Server: Motion estimation complete for frame 24
Server: DCT/quantization for frame 24
Server: Dequantization/IDCT for frame 24
Server: Frame 24 encoded, size: 6658564 bytes
Server: Marked frame 24 as processed (processing time: 1 seconds)
Server: No frames ready for processing, waiting...
Server: Sending frame 24 from slot 0
Server: Sending encoded data for frame 24
Server: Signaled client about encoded data for frame 24
Server: Client acknowledged frame 24
Server: Marked frame 24 as sent (total pipeline time: 1 seconds)
Server: Received YUV frame with size 3110400 bytes
Server: Stored frame 25 in slot 1 (pipeline: recv=26, proc=25, sent=25)
Server: Frame added to processing pipeline
Server: Processing frame 25 from slot 1
Server: Encoding frame 25
Server: Frame 25 is not a keyframe
Server: Motion estimation for frame 25
Server: Motion estimation complete for frame 25
Server: DCT/quantization for frame 25
Server: Dequantization/IDCT for frame 25
Server: Frame 25 encoded, size: 6658564 bytes
Server: Marked frame 25 as processed (processing time: 0 seconds)
Server: No frames ready for processing, waiting...
Server: Sending frame 25 from slot 1
Server: Sending encoded data for frame 25
Server: Signaled client about encoded data for frame 25
Server: Client acknowledged frame 25
Server: Marked frame 25 as sent (total pipeline time: 0 seconds)
Server: Received YUV frame with size 3110400 bytes
Server: Stored frame 26 in slot 2 (pipeline: recv=27, proc=26, sent=26)
Server: Frame added to processing pipeline
Server: Processing frame 26 from slot 2
Server: Encoding frame 26
Server: Frame 26 is not a keyframe
Server: Motion estimation for frame 26
Server: Motion estimation complete for frame 26
Server: DCT/quantization for frame 26
Server: Dequantization/IDCT for frame 26
Server: Frame 26 encoded, size: 6658564 bytes
Server: Marked frame 26 as processed (processing time: 0 seconds)
Server: No frames ready for processing, waiting...
Server: Sending frame 26 from slot 2
Server: Sending encoded data for frame 26
Server: Signaled client about encoded data for frame 26
Server: Client acknowledged frame 26
Server: Marked frame 26 as sent (total pipeline time: 0 seconds)
Server: Received YUV frame with size 3110400 bytes
Server: Stored frame 27 in slot 0 (pipeline: recv=28, proc=27, sent=27)
Server: Frame added to processing pipeline
Server: Processing frame 27 from slot 0
Server: Encoding frame 27
Server: Frame 27 is not a keyframe
Server: Motion estimation for frame 27
Server: Motion estimation complete for frame 27
Server: DCT/quantization for frame 27
Server: Dequantization/IDCT for frame 27
Server: Frame 27 encoded, size: 6658564 bytes
Server: Marked frame 27 as processed (processing time: 1 seconds)
Server: No frames ready for processing, waiting...
Server: Sending frame 27 from slot 0
Server: Sending encoded data for frame 27
Server: Signaled client about encoded data for frame 27
Server: Client acknowledged frame 27
Server: Marked frame 27 as sent (total pipeline time: 1 seconds)
Server: Received YUV frame with size 3110400 bytes
Server: Stored frame 28 in slot 1 (pipeline: recv=29, proc=28, sent=28)
Server: Frame added to processing pipeline
Server: Processing frame 28 from slot 1
Server: Encoding frame 28
Server: Frame 28 is not a keyframe
Server: Motion estimation for frame 28
Server: Motion estimation complete for frame 28
Server: DCT/quantization for frame 28
Server: Dequantization/IDCT for frame 28
Server: Frame 28 encoded, size: 6658564 bytes
Server: Marked frame 28 as processed (processing time: 0 seconds)
Server: No frames ready for processing, waiting...
Server: Sending frame 28 from slot 1
Server: Sending encoded data for frame 28
Server: Signaled client about encoded data for frame 28
Server: Client acknowledged frame 28
Server: Marked frame 28 as sent (total pipeline time: 0 seconds)
Server: Received YUV frame with size 3110400 bytes
Server: Stored frame 29 in slot 2 (pipeline: recv=30, proc=29, sent=29)
Server: Frame added to processing pipeline
Server: Processing frame 29 from slot 2
Server: Encoding frame 29
Server: Frame 29 is not a keyframe
Server: Motion estimation for frame 29
Server: Motion estimation complete for frame 29
Server: DCT/quantization for frame 29
Server: Dequantization/IDCT for frame 29
Server: Frame 29 encoded, size: 6658564 bytes
Server: Marked frame 29 as processed (processing time: 0 seconds)
Server: No frames ready for processing, waiting...
Server: Sending frame 29 from slot 2
Server: Sending encoded data for frame 29
Server: Signaled client about encoded data for frame 29
Server: Client acknowledged frame 29
Server: Marked frame 29 as sent (total pipeline time: 0 seconds)
Server: Received YUV frame with size 3110400 bytes
Server: Stored frame 30 in slot 0 (pipeline: recv=31, proc=30, sent=30)
Server: Frame added to processing pipeline
Server: Processing frame 30 from slot 0
Server: Encoding frame 30
Server: Frame 30 is not a keyframe
Server: Motion estimation for frame 30
Server: Motion estimation complete for frame 30
Server: DCT/quantization for frame 30
Server: Dequantization/IDCT for frame 30
Server: Frame 30 encoded, size: 6658564 bytes
Server: Marked frame 30 as processed (processing time: 0 seconds)
Server: No frames ready for processing, waiting...
Server: Sending frame 30 from slot 0
Server: Sending encoded data for frame 30
Server: Signaled client about encoded data for frame 30
Server: Client acknowledged frame 30
Server: Marked frame 30 as sent (total pipeline time: 1 seconds)
Server: Received YUV frame with size 3110400 bytes
Server: Stored frame 31 in slot 1 (pipeline: recv=32, proc=31, sent=31)
Server: Frame added to processing pipeline
Server: Processing frame 31 from slot 1
Server: Encoding frame 31
Server: Frame 31 is not a keyframe
Server: Motion estimation for frame 31
Server: Motion estimation complete for frame 31
Server: DCT/quantization for frame 31
Server: Dequantization/IDCT for frame 31
Server: Frame 31 encoded, size: 6658564 bytes
Server: Marked frame 31 as processed (processing time: 0 seconds)
Server: No frames ready for processing, waiting...
Server: Sending frame 31 from slot 1
Server: Sending encoded data for frame 31
Server: Signaled client about encoded data for frame 31
Server: Client acknowledged frame 31
Server: Marked frame 31 as sent (total pipeline time: 0 seconds)
Server: Received YUV frame with size 3110400 bytes
Server: Stored frame 32 in slot 2 (pipeline: recv=33, proc=32, sent=32)
Server: Frame added to processing pipeline
Server: Processing frame 32 from slot 2
Server: Encoding frame 32
Server: Frame 32 is not a keyframe
Server: Motion estimation for frame 32
Server: Motion estimation complete for frame 32
Server: DCT/quantization for frame 32
Server: Dequantization/IDCT for frame 32
Server: Frame 32 encoded, size: 6658564 bytes
Server: Marked frame 32 as processed (processing time: 0 seconds)
Server: No frames ready for processing, waiting...
Server: Sending frame 32 from slot 2
Server: Sending encoded data for frame 32
Server: Signaled client about encoded data for frame 32
Server: Client acknowledged frame 32
Server: Marked frame 32 as sent (total pipeline time: 0 seconds)
Server: Received YUV frame with size 3110400 bytes
Server: Stored frame 33 in slot 0 (pipeline: recv=34, proc=33, sent=33)
Server: Frame added to processing pipeline
Server: Processing frame 33 from slot 0
Server: Encoding frame 33
Server: Frame 33 is not a keyframe
Server: Motion estimation for frame 33
Server: Motion estimation complete for frame 33
Server: DCT/quantization for frame 33
Server: Dequantization/IDCT for frame 33
Server: Frame 33 encoded, size: 6658564 bytes
Server: Marked frame 33 as processed (processing time: 0 seconds)
Server: No frames ready for processing, waiting...
Server: Sending frame 33 from slot 0
Server: Sending encoded data for frame 33
Server: Signaled client about encoded data for frame 33
Server: Client acknowledged frame 33
Server: Marked frame 33 as sent (total pipeline time: 0 seconds)
Server: Received YUV frame with size 3110400 bytes
Server: Stored frame 34 in slot 1 (pipeline: recv=35, proc=34, sent=34)
Server: Frame added to processing pipeline
Server: Processing frame 34 from slot 1
Server: Encoding frame 34
Server: Frame 34 is not a keyframe
Server: Motion estimation for frame 34
Server: Motion estimation complete for frame 34
Server: DCT/quantization for frame 34
Server: Dequantization/IDCT for frame 34
Server: Frame 34 encoded, size: 6658564 bytes
Server: Marked frame 34 as processed (processing time: 1 seconds)
Server: No frames ready for processing, waiting...
Server: Sending frame 34 from slot 1
Server: Sending encoded data for frame 34
Server: Signaled client about encoded data for frame 34
Server: Client acknowledged frame 34
Server: Marked frame 34 as sent (total pipeline time: 1 seconds)
Server: Received YUV frame with size 3110400 bytes
Server: Stored frame 35 in slot 2 (pipeline: recv=36, proc=35, sent=35)
Server: Frame added to processing pipeline
Server: Processing frame 35 from slot 2
Server: Encoding frame 35
Server: Frame 35 is not a keyframe
Server: Motion estimation for frame 35
Server: Motion estimation complete for frame 35
Server: DCT/quantization for frame 35
Server: Dequantization/IDCT for frame 35
Server: Frame 35 encoded, size: 6658564 bytes
Server: Marked frame 35 as processed (processing time: 0 seconds)
Server: No frames ready for processing, waiting...
Server: Sending frame 35 from slot 2
Server: Sending encoded data for frame 35
Server: Signaled client about encoded data for frame 35
Server: Client acknowledged frame 35
Server: Marked frame 35 as sent (total pipeline time: 0 seconds)
Server: Received YUV frame with size 3110400 bytes
Server: Stored frame 36 in slot 0 (pipeline: recv=37, proc=36, sent=36)
Server: Frame added to processing pipeline
Server: Processing frame 36 from slot 0
Server: Encoding frame 36
Server: Frame 36 is not a keyframe
Server: Motion estimation for frame 36
Server: Motion estimation complete for frame 36
Server: DCT/quantization for frame 36
Server: Dequantization/IDCT for frame 36
Server: Frame 36 encoded, size: 6658564 bytes
Server: Marked frame 36 as processed (processing time: 0 seconds)
Server: No frames ready for processing, waiting...
Server: Sending frame 36 from slot 0
Server: Sending encoded data for frame 36
Server: Signaled client about encoded data for frame 36
Server: Client acknowledged frame 36
Server: Marked frame 36 as sent (total pipeline time: 0 seconds)
Server: Received YUV frame with size 3110400 bytes
Server: Stored frame 37 in slot 1 (pipeline: recv=38, proc=37, sent=37)
Server: Frame added to processing pipeline
Server: Processing frame 37 from slot 1
Server: Encoding frame 37
Server: Frame 37 is not a keyframe
Server: Motion estimation for frame 37
Server: Motion estimation complete for frame 37
Server: DCT/quantization for frame 37
Server: Dequantization/IDCT for frame 37
Server: Frame 37 encoded, size: 6658564 bytes
Server: Marked frame 37 as processed (processing time: 1 seconds)
Server: No frames ready for processing, waiting...
Server: Sending frame 37 from slot 1
Server: Sending encoded data for frame 37
Server: Signaled client about encoded data for frame 37
Server: Client acknowledged frame 37
Server: Marked frame 37 as sent (total pipeline time: 1 seconds)
Server: Received YUV frame with size 3110400 bytes
Server: Stored frame 38 in slot 2 (pipeline: recv=39, proc=38, sent=38)
Server: Frame added to processing pipeline
Server: Processing frame 38 from slot 2
Server: Encoding frame 38
Server: Frame 38 is not a keyframe
Server: Motion estimation for frame 38
Server: Motion estimation complete for frame 38
Server: DCT/quantization for frame 38
Server: Dequantization/IDCT for frame 38
Server: Frame 38 encoded, size: 6658564 bytes
Server: Marked frame 38 as processed (processing time: 0 seconds)
Server: No frames ready for processing, waiting...
Server: Sending frame 38 from slot 2
Server: Sending encoded data for frame 38
Server: Signaled client about encoded data for frame 38
Server: Client acknowledged frame 38
Server: Marked frame 38 as sent (total pipeline time: 0 seconds)
Server: Received YUV frame with size 3110400 bytes
Server: Stored frame 39 in slot 0 (pipeline: recv=40, proc=39, sent=39)
Server: Frame added to processing pipeline
Server: Processing frame 39 from slot 0
Server: Encoding frame 39
Server: Frame 39 is not a keyframe
Server: Motion estimation for frame 39
Server: Motion estimation complete for frame 39
Server: DCT/quantization for frame 39
Server: Dequantization/IDCT for frame 39
Server: Frame 39 encoded, size: 6658564 bytes
Server: Marked frame 39 as processed (processing time: 0 seconds)
Server: No frames ready for processing, waiting...
Server: Sending frame 39 from slot 0
Server: Sending encoded data for frame 39
Server: Signaled client about encoded data for frame 39
Server: Client acknowledged frame 39
Server: Marked frame 39 as sent (total pipeline time: 0 seconds)
Server: Received YUV frame with size 3110400 bytes
Server: Stored frame 40 in slot 1 (pipeline: recv=41, proc=40, sent=40)
Server: Processing frame 40 from slot 1
Server: Encoding frame 40
Server: Frame added to processing pipeline
Server: Frame 40 is not a keyframe
Server: Motion estimation for frame 40
Server: Motion estimation complete for frame 40
Server: DCT/quantization for frame 40
Server: Dequantization/IDCT for frame 40
Server: Frame 40 encoded, size: 6658564 bytes
Server: Marked frame 40 as processed (processing time: 0 seconds)
Server: Sending frame 40 from slot 1
Server: Sending encoded data for frame 40
Server: No frames ready for processing, waiting...
Server: Signaled client about encoded data for frame 40
Server: Client acknowledged frame 40
Server: Marked frame 40 as sent (total pipeline time: 0 seconds)
Server: Received YUV frame with size 3110400 bytes
Server: Stored frame 41 in slot 2 (pipeline: recv=42, proc=41, sent=41)
Server: Processing frame 41 from slot 2
Server: Encoding frame 41
Server: Frame added to processing pipeline
Server: Frame 41 is not a keyframe
Server: Motion estimation for frame 41
Server: Motion estimation complete for frame 41
Server: DCT/quantization for frame 41
Server: Dequantization/IDCT for frame 41
Server: Frame 41 encoded, size: 6658564 bytes
Server: Marked frame 41 as processed (processing time: 0 seconds)
Server: Sending frame 41 from slot 2
Server: Sending encoded data for frame 41
Server: No frames ready for processing, waiting...
Server: Signaled client about encoded data for frame 41
Server: Client acknowledged frame 41
Server: Marked frame 41 as sent (total pipeline time: 0 seconds)
Server: Received YUV frame with size 3110400 bytes
Server: Stored frame 42 in slot 0 (pipeline: recv=43, proc=42, sent=42)
Server: Processing frame 42 from slot 0
Server: Encoding frame 42
Server: Frame added to processing pipeline
Server: Frame 42 is not a keyframe
Server: Motion estimation for frame 42
Server: Motion estimation complete for frame 42
Server: DCT/quantization for frame 42
Server: Dequantization/IDCT for frame 42
Server: Frame 42 encoded, size: 6658564 bytes
Server: Marked frame 42 as processed (processing time: 0 seconds)
Server: No frames ready for processing, waiting...
Server: Sending frame 42 from slot 0
Server: Sending encoded data for frame 42
Server: Signaled client about encoded data for frame 42
Server: Client acknowledged frame 42
Server: Marked frame 42 as sent (total pipeline time: 0 seconds)
Server: Received YUV frame with size 3110400 bytes
Server: Stored frame 43 in slot 1 (pipeline: recv=44, proc=43, sent=43)
Server: Frame added to processing pipeline
Server: Processing frame 43 from slot 1
Server: Encoding frame 43
Server: Frame 43 is not a keyframe
Server: Motion estimation for frame 43
Server: Motion estimation complete for frame 43
Server: DCT/quantization for frame 43
Server: Dequantization/IDCT for frame 43
Server: Frame 43 encoded, size: 6658564 bytes
Server: Marked frame 43 as processed (processing time: 0 seconds)
Server: No frames ready for processing, waiting...
Server: Sending frame 43 from slot 1
Server: Sending encoded data for frame 43
Server: Signaled client about encoded data for frame 43
Server: Client acknowledged frame 43
Server: Marked frame 43 as sent (total pipeline time: 0 seconds)
Server: Received YUV frame with size 3110400 bytes
Server: Stored frame 44 in slot 2 (pipeline: recv=45, proc=44, sent=44)
Server: Frame added to processing pipeline
Server: Processing frame 44 from slot 2
Server: Encoding frame 44
Server: Frame 44 is not a keyframe
Server: Motion estimation for frame 44
Server: Motion estimation complete for frame 44
Server: DCT/quantization for frame 44
Server: Dequantization/IDCT for frame 44
Server: Frame 44 encoded, size: 6658564 bytes
Server: Marked frame 44 as processed (processing time: 1 seconds)
Server: No frames ready for processing, waiting...
Server: Sending frame 44 from slot 2
Server: Sending encoded data for frame 44
Server: Signaled client about encoded data for frame 44
Server: Client acknowledged frame 44
Server: Marked frame 44 as sent (total pipeline time: 1 seconds)
Server: Received YUV frame with size 3110400 bytes
Server: Stored frame 45 in slot 0 (pipeline: recv=46, proc=45, sent=45)
Server: Frame added to processing pipeline
Server: Processing frame 45 from slot 0
Server: Encoding frame 45
Server: Frame 45 is not a keyframe
Server: Motion estimation for frame 45
Server: Motion estimation complete for frame 45
Server: DCT/quantization for frame 45
Server: Dequantization/IDCT for frame 45
Server: Frame 45 encoded, size: 6658564 bytes
Server: Marked frame 45 as processed (processing time: 0 seconds)
Server: No frames ready for processing, waiting...
Server: Sending frame 45 from slot 0
Server: Sending encoded data for frame 45
Server: Signaled client about encoded data for frame 45
Server: Client acknowledged frame 45
Server: Marked frame 45 as sent (total pipeline time: 0 seconds)
Server: Received YUV frame with size 3110400 bytes
Server: Stored frame 46 in slot 1 (pipeline: recv=47, proc=46, sent=46)
Server: Frame added to processing pipeline
Server: Processing frame 46 from slot 1
Server: Encoding frame 46
Server: Frame 46 is not a keyframe
Server: Motion estimation for frame 46
Server: Motion estimation complete for frame 46
Server: DCT/quantization for frame 46
Server: Dequantization/IDCT for frame 46
Server: Frame 46 encoded, size: 6658564 bytes
Server: Marked frame 46 as processed (processing time: 0 seconds)
Server: Sending frame 46 from slot 1
Server: Sending encoded data for frame 46
Server: No frames ready for processing, waiting...
Server: Signaled client about encoded data for frame 46
Server: Client acknowledged frame 46
Server: Marked frame 46 as sent (total pipeline time: 0 seconds)
Server: Received YUV frame with size 3110400 bytes
Server: Stored frame 47 in slot 2 (pipeline: recv=48, proc=47, sent=47)
Server: Processing frame 47 from slot 2
Server: Encoding frame 47
Server: Frame added to processing pipeline
Server: Frame 47 is not a keyframe
Server: Motion estimation for frame 47
Server: Motion estimation complete for frame 47
Server: DCT/quantization for frame 47
Server: Dequantization/IDCT for frame 47
Server: Frame 47 encoded, size: 6658564 bytes
Server: Marked frame 47 as processed (processing time: 1 seconds)
Server: Sending frame 47 from slot 2
Server: Sending encoded data for frame 47
Server: No frames ready for processing, waiting...
Server: Signaled client about encoded data for frame 47
Server: Client acknowledged frame 47
Server: Marked frame 47 as sent (total pipeline time: 1 seconds)
Server: Received YUV frame with size 3110400 bytes
Server: Stored frame 48 in slot 0 (pipeline: recv=49, proc=48, sent=48)
Server: Processing frame 48 from slot 0
Server: Encoding frame 48
Server: Frame added to processing pipeline
Server: Frame 48 is not a keyframe
Server: Motion estimation for frame 48
Server: Motion estimation complete for frame 48
Server: DCT/quantization for frame 48
Server: Dequantization/IDCT for frame 48
Server: Frame 48 encoded, size: 6658564 bytes
Server: Marked frame 48 as processed (processing time: 0 seconds)
Server: No frames ready for processing, waiting...
Server: Sending frame 48 from slot 0
Server: Sending encoded data for frame 48
Server: Signaled client about encoded data for frame 48
Server: Client acknowledged frame 48
Server: Marked frame 48 as sent (total pipeline time: 0 seconds)
Server: Received YUV frame with size 3110400 bytes
Server: Stored frame 49 in slot 1 (pipeline: recv=50, proc=49, sent=49)
Server: Frame added to processing pipeline
Server: Processing frame 49 from slot 1
Server: Encoding frame 49
Server: Frame 49 is not a keyframe
Server: Motion estimation for frame 49
Server: Motion estimation complete for frame 49
Server: DCT/quantization for frame 49
Server: Dequantization/IDCT for frame 49
Server: Frame 49 encoded, size: 6658564 bytes
Server: Marked frame 49 as processed (processing time: 0 seconds)
Server: No frames ready for processing, waiting...
Server: Sending frame 49 from slot 1
Server: Sending encoded data for frame 49
Server: Signaled client about encoded data for frame 49
Server: Client acknowledged frame 49
Server: Marked frame 49 as sent (total pipeline time: 0 seconds)
Server: Received YUV frame with size 3110400 bytes
Server: Stored frame 50 in slot 2 (pipeline: recv=51, proc=50, sent=50)
Server: Frame added to processing pipeline
Server: Processing frame 50 from slot 2
Server: Encoding frame 50
Server: Frame 50 is not a keyframe
Server: Motion estimation for frame 50
Server: Motion estimation complete for frame 50
Server: DCT/quantization for frame 50
Server: Dequantization/IDCT for frame 50
Server: Frame 50 encoded, size: 6658564 bytes
Server: Marked frame 50 as processed (processing time: 0 seconds)
Server: No frames ready for processing, waiting...
Server: Sending frame 50 from slot 2
Server: Sending encoded data for frame 50
Server: Signaled client about encoded data for frame 50
Server: Client acknowledged frame 50
Server: Marked frame 50 as sent (total pipeline time: 0 seconds)
Server: Received YUV frame with size 3110400 bytes
Server: Stored frame 51 in slot 0 (pipeline: recv=52, proc=51, sent=51)
Server: Frame added to processing pipeline
Server: Processing frame 51 from slot 0
Server: Encoding frame 51
Server: Frame 51 is not a keyframe
Server: Motion estimation for frame 51
Server: Motion estimation complete for frame 51
Server: DCT/quantization for frame 51
Server: Dequantization/IDCT for frame 51
Server: Frame 51 encoded, size: 6658564 bytes
Server: Marked frame 51 as processed (processing time: 0 seconds)
Server: No frames ready for processing, waiting...
Server: Sending frame 51 from slot 0
Server: Sending encoded data for frame 51
Server: Signaled client about encoded data for frame 51
Server: Client acknowledged frame 51
Server: Marked frame 51 as sent (total pipeline time: 0 seconds)
Server: Received YUV frame with size 3110400 bytes
Server: Stored frame 52 in slot 1 (pipeline: recv=53, proc=52, sent=52)
Server: Frame added to processing pipeline
Server: Processing frame 52 from slot 1
Server: Encoding frame 52
Server: Frame 52 is not a keyframe
Server: Motion estimation for frame 52
Server: Motion estimation complete for frame 52
Server: DCT/quantization for frame 52
Server: Dequantization/IDCT for frame 52
Server: Frame 52 encoded, size: 6658564 bytes
Server: Marked frame 52 as processed (processing time: 0 seconds)
Server: No frames ready for processing, waiting...
Server: Sending frame 52 from slot 1
Server: Sending encoded data for frame 52
Server: Signaled client about encoded data for frame 52
Server: Client acknowledged frame 52
Server: Marked frame 52 as sent (total pipeline time: 0 seconds)
Server: Received YUV frame with size 3110400 bytes
Server: Stored frame 53 in slot 2 (pipeline: recv=54, proc=53, sent=53)
Server: Frame added to processing pipeline
Server: Processing frame 53 from slot 2
Server: Encoding frame 53
Server: Frame 53 is not a keyframe
Server: Motion estimation for frame 53
Server: Motion estimation complete for frame 53
Server: DCT/quantization for frame 53
Server: Dequantization/IDCT for frame 53
Server: Frame 53 encoded, size: 6658564 bytes
Server: Marked frame 53 as processed (processing time: 0 seconds)
Server: No frames ready for processing, waiting...
Server: Sending frame 53 from slot 2
Server: Sending encoded data for frame 53
Server: Signaled client about encoded data for frame 53
Server: Client acknowledged frame 53
Server: Marked frame 53 as sent (total pipeline time: 0 seconds)
Server: Received YUV frame with size 3110400 bytes
Server: Stored frame 54 in slot 0 (pipeline: recv=55, proc=54, sent=54)
Server: Frame added to processing pipeline
Server: Processing frame 54 from slot 0
Server: Encoding frame 54
Server: Frame 54 is not a keyframe
Server: Motion estimation for frame 54
Server: Motion estimation complete for frame 54
Server: DCT/quantization for frame 54
Server: Dequantization/IDCT for frame 54
Server: Frame 54 encoded, size: 6658564 bytes
Server: Marked frame 54 as processed (processing time: 0 seconds)
Server: No frames ready for processing, waiting...
Server: Sending frame 54 from slot 0
Server: Sending encoded data for frame 54
Server: Signaled client about encoded data for frame 54
Server: Client acknowledged frame 54
Server: Marked frame 54 as sent (total pipeline time: 0 seconds)
Server: Received YUV frame with size 3110400 bytes
Server: Stored frame 55 in slot 1 (pipeline: recv=56, proc=55, sent=55)
Server: Frame added to processing pipeline
Server: Processing frame 55 from slot 1
Server: Encoding frame 55
Server: Frame 55 is not a keyframe
Server: Motion estimation for frame 55
Server: Motion estimation complete for frame 55
Server: DCT/quantization for frame 55
Server: Dequantization/IDCT for frame 55
Server: Frame 55 encoded, size: 6658564 bytes
Server: Marked frame 55 as processed (processing time: 0 seconds)
Server: No frames ready for processing, waiting...
Server: Sending frame 55 from slot 1
Server: Sending encoded data for frame 55
Server: Signaled client about encoded data for frame 55
Server: Client acknowledged frame 55
Server: Marked frame 55 as sent (total pipeline time: 0 seconds)
Server: Received YUV frame with size 3110400 bytes
Server: Stored frame 56 in slot 2 (pipeline: recv=57, proc=56, sent=56)
Server: Frame added to processing pipeline
Server: Processing frame 56 from slot 2
Server: Encoding frame 56
Server: Frame 56 is not a keyframe
Server: Motion estimation for frame 56
Server: Motion estimation complete for frame 56
Server: DCT/quantization for frame 56
Server: Dequantization/IDCT for frame 56
Server: Frame 56 encoded, size: 6658564 bytes
Server: Marked frame 56 as processed (processing time: 0 seconds)
Server: No frames ready for processing, waiting...
Server: Sending frame 56 from slot 2
Server: Sending encoded data for frame 56
Server: Signaled client about encoded data for frame 56
Server: Client acknowledged frame 56
Server: Marked frame 56 as sent (total pipeline time: 0 seconds)
Server: Received YUV frame with size 3110400 bytes
Server: Stored frame 57 in slot 0 (pipeline: recv=58, proc=57, sent=57)
Server: Frame added to processing pipeline
Server: Processing frame 57 from slot 0
Server: Encoding frame 57
Server: Frame 57 is not a keyframe
Server: Motion estimation for frame 57
Server: Motion estimation complete for frame 57
Server: DCT/quantization for frame 57
Server: Dequantization/IDCT for frame 57
Server: Frame 57 encoded, size: 6658564 bytes
Server: Marked frame 57 as processed (processing time: 0 seconds)
Server: Sending frame 57 from slot 0
Server: Sending encoded data for frame 57
Server: No frames ready for processing, waiting...
Server: Signaled client about encoded data for frame 57
Server: Client acknowledged frame 57
Server: Marked frame 57 as sent (total pipeline time: 0 seconds)
Server: Received YUV frame with size 3110400 bytes
Server: Stored frame 58 in slot 1 (pipeline: recv=59, proc=58, sent=58)
Server: Frame added to processing pipeline
Server: Processing frame 58 from slot 1
Server: Encoding frame 58
Server: Frame 58 is not a keyframe
Server: Motion estimation for frame 58
Server: Motion estimation complete for frame 58
Server: DCT/quantization for frame 58
Server: Dequantization/IDCT for frame 58
Server: Frame 58 encoded, size: 6658564 bytes
Server: Marked frame 58 as processed (processing time: 1 seconds)
Server: No frames ready for processing, waiting...
Server: Sending frame 58 from slot 1
Server: Sending encoded data for frame 58
Server: Signaled client about encoded data for frame 58
Server: Client acknowledged frame 58
Server: Marked frame 58 as sent (total pipeline time: 1 seconds)
Server: Received YUV frame with size 3110400 bytes
Server: Stored frame 59 in slot 2 (pipeline: recv=60, proc=59, sent=59)
Server: Frame added to processing pipeline
Server: Processing frame 59 from slot 2
Server: Encoding frame 59
Server: Frame 59 is not a keyframe
Server: Motion estimation for frame 59
Server: Motion estimation complete for frame 59
Server: DCT/quantization for frame 59
Server: Dequantization/IDCT for frame 59
Server: Frame 59 encoded, size: 6658564 bytes
Server: Marked frame 59 as processed (processing time: 0 seconds)
Server: No frames ready for processing, waiting...
Server: Sending frame 59 from slot 2
Server: Sending encoded data for frame 59
Server: Signaled client about encoded data for frame 59
Server: Client acknowledged frame 59
Server: Marked frame 59 as sent (total pipeline time: 0 seconds)
Server: Received YUV frame with size 3110400 bytes
Server: Stored frame 60 in slot 0 (pipeline: recv=61, proc=60, sent=60)
Server: Frame added to processing pipeline
Server: Processing frame 60 from slot 0
Server: Encoding frame 60
Server: Frame 60 is not a keyframe
Server: Motion estimation for frame 60
Server: Motion estimation complete for frame 60
Server: DCT/quantization for frame 60
Server: Dequantization/IDCT for frame 60
Server: Frame 60 encoded, size: 6658564 bytes
Server: Marked frame 60 as processed (processing time: 0 seconds)
Server: No frames ready for processing, waiting...
Server: Sending frame 60 from slot 0
Server: Sending encoded data for frame 60
Server: Signaled client about encoded data for frame 60
Server: Client acknowledged frame 60
Server: Marked frame 60 as sent (total pipeline time: 1 seconds)
Server: Received YUV frame with size 3110400 bytes
Server: Stored frame 61 in slot 1 (pipeline: recv=62, proc=61, sent=61)
Server: Frame added to processing pipeline
Server: Processing frame 61 from slot 1
Server: Encoding frame 61
Server: Frame 61 is not a keyframe
Server: Motion estimation for frame 61
Server: Motion estimation complete for frame 61
Server: DCT/quantization for frame 61
Server: Dequantization/IDCT for frame 61
Server: Frame 61 encoded, size: 6658564 bytes
Server: Marked frame 61 as processed (processing time: 0 seconds)
Server: No frames ready for processing, waiting...
Server: Sending frame 61 from slot 1
Server: Sending encoded data for frame 61
Server: Signaled client about encoded data for frame 61
Server: Client acknowledged frame 61
Server: Marked frame 61 as sent (total pipeline time: 0 seconds)
Server: Received YUV frame with size 3110400 bytes
Server: Stored frame 62 in slot 2 (pipeline: recv=63, proc=62, sent=62)
Server: Frame added to processing pipeline
Server: Processing frame 62 from slot 2
Server: Encoding frame 62
Server: Frame 62 is not a keyframe
Server: Motion estimation for frame 62
Server: Motion estimation complete for frame 62
Server: DCT/quantization for frame 62
Server: Dequantization/IDCT for frame 62
Server: Frame 62 encoded, size: 6658564 bytes
Server: Marked frame 62 as processed (processing time: 0 seconds)
Server: No frames ready for processing, waiting...
Server: Sending frame 62 from slot 2
Server: Sending encoded data for frame 62
Server: Signaled client about encoded data for frame 62
Server: Client acknowledged frame 62
Server: Marked frame 62 as sent (total pipeline time: 0 seconds)
Server: Received YUV frame with size 3110400 bytes
Server: Stored frame 63 in slot 0 (pipeline: recv=64, proc=63, sent=63)
Server: Processing frame 63 from slot 0
Server: Encoding frame 63
Server: Frame added to processing pipeline
Server: Frame 63 is not a keyframe
Server: Motion estimation for frame 63
Server: Motion estimation complete for frame 63
Server: DCT/quantization for frame 63
Server: Dequantization/IDCT for frame 63
Server: Frame 63 encoded, size: 6658564 bytes
Server: Marked frame 63 as processed (processing time: 1 seconds)
Server: No frames ready for processing, waiting...
Server: Sending frame 63 from slot 0
Server: Sending encoded data for frame 63
Server: Signaled client about encoded data for frame 63
Server: Client acknowledged frame 63
Server: Marked frame 63 as sent (total pipeline time: 1 seconds)
Server: Received YUV frame with size 3110400 bytes
Server: Stored frame 64 in slot 1 (pipeline: recv=65, proc=64, sent=64)
Server: Frame added to processing pipeline
Server: Processing frame 64 from slot 1
Server: Encoding frame 64
Server: Frame 64 is not a keyframe
Server: Motion estimation for frame 64
Server: Motion estimation complete for frame 64
Server: DCT/quantization for frame 64
Server: Dequantization/IDCT for frame 64
Server: Frame 64 encoded, size: 6658564 bytes
Server: Marked frame 64 as processed (processing time: 0 seconds)
Server: No frames ready for processing, waiting...
Server: Sending frame 64 from slot 1
Server: Sending encoded data for frame 64
Server: Signaled client about encoded data for frame 64
Server: Client acknowledged frame 64
Server: Marked frame 64 as sent (total pipeline time: 0 seconds)
Server: Received YUV frame with size 3110400 bytes
Server: Stored frame 65 in slot 2 (pipeline: recv=66, proc=65, sent=65)
Server: Frame added to processing pipeline
Server: Processing frame 65 from slot 2
Server: Encoding frame 65
Server: Frame 65 is not a keyframe
Server: Motion estimation for frame 65
Server: Motion estimation complete for frame 65
Server: DCT/quantization for frame 65
Server: Dequantization/IDCT for frame 65
Server: Frame 65 encoded, size: 6658564 bytes
Server: Marked frame 65 as processed (processing time: 0 seconds)
Server: No frames ready for processing, waiting...
Server: Sending frame 65 from slot 2
Server: Sending encoded data for frame 65
Server: Signaled client about encoded data for frame 65
Server: Client acknowledged frame 65
Server: Marked frame 65 as sent (total pipeline time: 0 seconds)
Server: Received YUV frame with size 3110400 bytes
Server: Stored frame 66 in slot 0 (pipeline: recv=67, proc=66, sent=66)
Server: Frame added to processing pipeline
Server: Processing frame 66 from slot 0
Server: Encoding frame 66
Server: Frame 66 is not a keyframe
Server: Motion estimation for frame 66
Server: Motion estimation complete for frame 66
Server: DCT/quantization for frame 66
Server: Dequantization/IDCT for frame 66
Server: Frame 66 encoded, size: 6658564 bytes
Server: Marked frame 66 as processed (processing time: 0 seconds)
Server: No frames ready for processing, waiting...
Server: Sending frame 66 from slot 0
Server: Sending encoded data for frame 66
Server: Signaled client about encoded data for frame 66
Server: Client acknowledged frame 66
Server: Marked frame 66 as sent (total pipeline time: 1 seconds)
Server: Received YUV frame with size 3110400 bytes
Server: Stored frame 67 in slot 1 (pipeline: recv=68, proc=67, sent=67)
Server: Frame added to processing pipeline
Server: Processing frame 67 from slot 1
Server: Encoding frame 67
Server: Frame 67 is not a keyframe
Server: Motion estimation for frame 67
Server: Motion estimation complete for frame 67
Server: DCT/quantization for frame 67
Server: Dequantization/IDCT for frame 67
Server: Frame 67 encoded, size: 6658564 bytes
Server: Marked frame 67 as processed (processing time: 0 seconds)
Server: No frames ready for processing, waiting...
Server: Sending frame 67 from slot 1
Server: Sending encoded data for frame 67
Server: Signaled client about encoded data for frame 67
Server: Client acknowledged frame 67
Server: Marked frame 67 as sent (total pipeline time: 0 seconds)
Server: Received YUV frame with size 3110400 bytes
Server: Stored frame 68 in slot 2 (pipeline: recv=69, proc=68, sent=68)
Server: Frame added to processing pipeline
Server: Processing frame 68 from slot 2
Server: Encoding frame 68
Server: Frame 68 is not a keyframe
Server: Motion estimation for frame 68
Server: Motion estimation complete for frame 68
Server: DCT/quantization for frame 68
Server: Dequantization/IDCT for frame 68
Server: Frame 68 encoded, size: 6658564 bytes
Server: Marked frame 68 as processed (processing time: 0 seconds)
Server: No frames ready for processing, waiting...
Server: Sending frame 68 from slot 2
Server: Sending encoded data for frame 68
Server: Signaled client about encoded data for frame 68
Server: Client acknowledged frame 68
Server: Marked frame 68 as sent (total pipeline time: 0 seconds)
Server: Received YUV frame with size 3110400 bytes
Server: Stored frame 69 in slot 0 (pipeline: recv=70, proc=69, sent=69)
Server: Frame added to processing pipeline
Server: Processing frame 69 from slot 0
Server: Encoding frame 69
Server: Frame 69 is not a keyframe
Server: Motion estimation for frame 69
Server: Motion estimation complete for frame 69
Server: DCT/quantization for frame 69
Server: Dequantization/IDCT for frame 69
Server: Frame 69 encoded, size: 6658564 bytes
Server: Marked frame 69 as processed (processing time: 0 seconds)
Server: No frames ready for processing, waiting...
Server: Sending frame 69 from slot 0
Server: Sending encoded data for frame 69
Server: Signaled client about encoded data for frame 69
Server: Client acknowledged frame 69
Server: Marked frame 69 as sent (total pipeline time: 0 seconds)
Server: Received YUV frame with size 3110400 bytes
Server: Stored frame 70 in slot 1 (pipeline: recv=71, proc=70, sent=70)
Server: Frame added to processing pipeline
Server: Processing frame 70 from slot 1
Server: Encoding frame 70
Server: Frame 70 is not a keyframe
Server: Motion estimation for frame 70
Server: Motion estimation complete for frame 70
Server: DCT/quantization for frame 70
Server: Dequantization/IDCT for frame 70
Server: Frame 70 encoded, size: 6658564 bytes
Server: Marked frame 70 as processed (processing time: 1 seconds)
Server: No frames ready for processing, waiting...
Server: Sending frame 70 from slot 1
Server: Sending encoded data for frame 70
Server: Signaled client about encoded data for frame 70
Server: Client acknowledged frame 70
Server: Marked frame 70 as sent (total pipeline time: 1 seconds)
Server: Received YUV frame with size 3110400 bytes
Server: Stored frame 71 in slot 2 (pipeline: recv=72, proc=71, sent=71)
Server: Frame added to processing pipeline
Server: Processing frame 71 from slot 2
Server: Encoding frame 71
Server: Frame 71 is not a keyframe
Server: Motion estimation for frame 71
Server: Motion estimation complete for frame 71
Server: DCT/quantization for frame 71
Server: Dequantization/IDCT for frame 71
Server: Frame 71 encoded, size: 6658564 bytes
Server: Marked frame 71 as processed (processing time: 0 seconds)
Server: No frames ready for processing, waiting...
Server: Sending frame 71 from slot 2
Server: Sending encoded data for frame 71
Server: Signaled client about encoded data for frame 71
Server: Client acknowledged frame 71
Server: Marked frame 71 as sent (total pipeline time: 0 seconds)
Server: Received YUV frame with size 3110400 bytes
Server: Stored frame 72 in slot 0 (pipeline: recv=73, proc=72, sent=72)
Server: Frame added to processing pipeline
Server: Processing frame 72 from slot 0
Server: Encoding frame 72
Server: Frame 72 is not a keyframe
Server: Motion estimation for frame 72
Server: Motion estimation complete for frame 72
Server: DCT/quantization for frame 72
Server: Dequantization/IDCT for frame 72
Server: Frame 72 encoded, size: 6658564 bytes
Server: Marked frame 72 as processed (processing time: 0 seconds)
Server: No frames ready for processing, waiting...
Server: Sending frame 72 from slot 0
Server: Sending encoded data for frame 72
Server: Signaled client about encoded data for frame 72
Server: Client acknowledged frame 72
Server: Marked frame 72 as sent (total pipeline time: 0 seconds)
Server: Received YUV frame with size 3110400 bytes
Server: Stored frame 73 in slot 1 (pipeline: recv=74, proc=73, sent=73)
Server: Frame added to processing pipeline
Server: Processing frame 73 from slot 1
Server: Encoding frame 73
Server: Frame 73 is not a keyframe
Server: Motion estimation for frame 73
Server: Motion estimation complete for frame 73
Server: DCT/quantization for frame 73
Server: Dequantization/IDCT for frame 73
Server: Frame 73 encoded, size: 6658564 bytes
Server: Marked frame 73 as processed (processing time: 0 seconds)
Server: No frames ready for processing, waiting...
Server: Sending frame 73 from slot 1
Server: Sending encoded data for frame 73
Server: Signaled client about encoded data for frame 73
Server: Client acknowledged frame 73
Server: Marked frame 73 as sent (total pipeline time: 0 seconds)
Server: Received YUV frame with size 3110400 bytes
Server: Stored frame 74 in slot 2 (pipeline: recv=75, proc=74, sent=74)
Server: Frame added to processing pipeline
Server: Processing frame 74 from slot 2
Server: Encoding frame 74
Server: Frame 74 is not a keyframe
Server: Motion estimation for frame 74
Server: Motion estimation complete for frame 74
Server: DCT/quantization for frame 74
Server: Dequantization/IDCT for frame 74
Server: Frame 74 encoded, size: 6658564 bytes
Server: Marked frame 74 as processed (processing time: 1 seconds)
Server: No frames ready for processing, waiting...
Server: Sending frame 74 from slot 2
Server: Sending encoded data for frame 74
Server: Signaled client about encoded data for frame 74
Server: Client acknowledged frame 74
Server: Marked frame 74 as sent (total pipeline time: 1 seconds)
Server: Received YUV frame with size 3110400 bytes
Server: Stored frame 75 in slot 0 (pipeline: recv=76, proc=75, sent=75)
Server: Frame added to processing pipeline
Server: Processing frame 75 from slot 0
Server: Encoding frame 75
Server: Frame 75 is not a keyframe
Server: Motion estimation for frame 75
Server: Motion estimation complete for frame 75
Server: DCT/quantization for frame 75
Server: Dequantization/IDCT for frame 75
Server: Frame 75 encoded, size: 6658564 bytes
Server: Marked frame 75 as processed (processing time: 0 seconds)
Server: No frames ready for processing, waiting...
Server: Sending frame 75 from slot 0
Server: Sending encoded data for frame 75
Server: Signaled client about encoded data for frame 75
Server: Client acknowledged frame 75
Server: Marked frame 75 as sent (total pipeline time: 0 seconds)
Server: Received YUV frame with size 3110400 bytes
Server: Stored frame 76 in slot 1 (pipeline: recv=77, proc=76, sent=76)
Server: Frame added to processing pipeline
Server: Processing frame 76 from slot 1
Server: Encoding frame 76
Server: Frame 76 is not a keyframe
Server: Motion estimation for frame 76
Server: Motion estimation complete for frame 76
Server: DCT/quantization for frame 76
Server: Dequantization/IDCT for frame 76
Server: Frame 76 encoded, size: 6658564 bytes
Server: Marked frame 76 as processed (processing time: 0 seconds)
Server: No frames ready for processing, waiting...
Server: Sending frame 76 from slot 1
Server: Sending encoded data for frame 76
Server: Signaled client about encoded data for frame 76
Server: Client acknowledged frame 76
Server: Marked frame 76 as sent (total pipeline time: 0 seconds)
Server: Received YUV frame with size 3110400 bytes
Server: Stored frame 77 in slot 2 (pipeline: recv=78, proc=77, sent=77)
Server: Frame added to processing pipeline
Server: Processing frame 77 from slot 2
Server: Encoding frame 77
Server: Frame 77 is not a keyframe
Server: Motion estimation for frame 77
Server: Motion estimation complete for frame 77
Server: DCT/quantization for frame 77
Server: Dequantization/IDCT for frame 77
Server: Frame 77 encoded, size: 6658564 bytes
Server: Marked frame 77 as processed (processing time: 0 seconds)
Server: No frames ready for processing, waiting...
Server: Sending frame 77 from slot 2
Server: Sending encoded data for frame 77
Server: Signaled client about encoded data for frame 77
Server: Client acknowledged frame 77
Server: Marked frame 77 as sent (total pipeline time: 0 seconds)
Server: Received YUV frame with size 3110400 bytes
Server: Stored frame 78 in slot 0 (pipeline: recv=79, proc=78, sent=78)
Server: Frame added to processing pipeline
Server: Processing frame 78 from slot 0
Server: Encoding frame 78
Server: Frame 78 is not a keyframe
Server: Motion estimation for frame 78
Server: Motion estimation complete for frame 78
Server: DCT/quantization for frame 78
Server: Dequantization/IDCT for frame 78
Server: Frame 78 encoded, size: 6658564 bytes
Server: Marked frame 78 as processed (processing time: 1 seconds)
Server: No frames ready for processing, waiting...
Server: Sending frame 78 from slot 0
Server: Sending encoded data for frame 78
Server: Signaled client about encoded data for frame 78
Server: Client acknowledged frame 78
Server: Marked frame 78 as sent (total pipeline time: 1 seconds)
Server: Received YUV frame with size 3110400 bytes
Server: Stored frame 79 in slot 1 (pipeline: recv=80, proc=79, sent=79)
Server: Frame added to processing pipeline
Server: Processing frame 79 from slot 1
Server: Encoding frame 79
Server: Frame 79 is not a keyframe
Server: Motion estimation for frame 79
Server: Motion estimation complete for frame 79
Server: DCT/quantization for frame 79
Server: Dequantization/IDCT for frame 79
Server: Frame 79 encoded, size: 6658564 bytes
Server: Marked frame 79 as processed (processing time: 0 seconds)
Server: No frames ready for processing, waiting...
Server: Sending frame 79 from slot 1
Server: Sending encoded data for frame 79
Server: Signaled client about encoded data for frame 79
Server: Client acknowledged frame 79
Server: Marked frame 79 as sent (total pipeline time: 0 seconds)
Server: Received YUV frame with size 3110400 bytes
Server: Stored frame 80 in slot 2 (pipeline: recv=81, proc=80, sent=80)
Server: Frame added to processing pipeline
Server: Processing frame 80 from slot 2
Server: Encoding frame 80
Server: Frame 80 is not a keyframe
Server: Motion estimation for frame 80
Server: Motion estimation complete for frame 80
Server: DCT/quantization for frame 80
Server: Dequantization/IDCT for frame 80
Server: Frame 80 encoded, size: 6658564 bytes
Server: Marked frame 80 as processed (processing time: 0 seconds)
Server: No frames ready for processing, waiting...
Server: Sending frame 80 from slot 2
Server: Sending encoded data for frame 80
Server: Signaled client about encoded data for frame 80
Server: Client acknowledged frame 80
Server: Marked frame 80 as sent (total pipeline time: 0 seconds)
Server: Received YUV frame with size 3110400 bytes
Server: Stored frame 81 in slot 0 (pipeline: recv=82, proc=81, sent=81)
Server: Frame added to processing pipeline
Server: Processing frame 81 from slot 0
Server: Encoding frame 81
Server: Frame 81 is not a keyframe
Server: Motion estimation for frame 81
Server: Motion estimation complete for frame 81
Server: DCT/quantization for frame 81
Server: Dequantization/IDCT for frame 81
Server: Frame 81 encoded, size: 6658564 bytes
Server: Marked frame 81 as processed (processing time: 0 seconds)
Server: No frames ready for processing, waiting...
Server: Sending frame 81 from slot 0
Server: Sending encoded data for frame 81
Server: Signaled client about encoded data for frame 81
Server: Client acknowledged frame 81
Server: Marked frame 81 as sent (total pipeline time: 1 seconds)
Server: Received YUV frame with size 3110400 bytes
Server: Stored frame 82 in slot 1 (pipeline: recv=83, proc=82, sent=82)
Server: Frame added to processing pipeline
Server: Processing frame 82 from slot 1
Server: Encoding frame 82
Server: Frame 82 is not a keyframe
Server: Motion estimation for frame 82
Server: Motion estimation complete for frame 82
Server: DCT/quantization for frame 82
Server: Dequantization/IDCT for frame 82
Server: Frame 82 encoded, size: 6658564 bytes
Server: Marked frame 82 as processed (processing time: 0 seconds)
Server: No frames ready for processing, waiting...
Server: Sending frame 82 from slot 1
Server: Sending encoded data for frame 82
Server: Signaled client about encoded data for frame 82
Server: Client acknowledged frame 82
Server: Marked frame 82 as sent (total pipeline time: 0 seconds)
Server: Received YUV frame with size 3110400 bytes
Server: Stored frame 83 in slot 2 (pipeline: recv=84, proc=83, sent=83)
Server: Frame added to processing pipeline
Server: Processing frame 83 from slot 2
Server: Encoding frame 83
Server: Frame 83 is not a keyframe
Server: Motion estimation for frame 83
Server: Motion estimation complete for frame 83
Server: DCT/quantization for frame 83
Server: Dequantization/IDCT for frame 83
Server: Frame 83 encoded, size: 6658564 bytes
Server: Marked frame 83 as processed (processing time: 0 seconds)
Server: No frames ready for processing, waiting...
Server: Sending frame 83 from slot 2
Server: Sending encoded data for frame 83
Server: Signaled client about encoded data for frame 83
Server: Client acknowledged frame 83
Server: Marked frame 83 as sent (total pipeline time: 0 seconds)
Server: Received YUV frame with size 3110400 bytes
Server: Stored frame 84 in slot 0 (pipeline: recv=85, proc=84, sent=84)
Server: Frame added to processing pipeline
Server: Processing frame 84 from slot 0
Server: Encoding frame 84
Server: Frame 84 is not a keyframe
Server: Motion estimation for frame 84
Server: Motion estimation complete for frame 84
Server: DCT/quantization for frame 84
Server: Dequantization/IDCT for frame 84
Server: Frame 84 encoded, size: 6658564 bytes
Server: Marked frame 84 as processed (processing time: 0 seconds)
Server: No frames ready for processing, waiting...
Server: Sending frame 84 from slot 0
Server: Sending encoded data for frame 84
Server: Signaled client about encoded data for frame 84
Server: Client acknowledged frame 84
Server: Marked frame 84 as sent (total pipeline time: 1 seconds)
Server: Received YUV frame with size 3110400 bytes
Server: Stored frame 85 in slot 1 (pipeline: recv=86, proc=85, sent=85)
Server: Frame added to processing pipeline
Server: Processing frame 85 from slot 1
Server: Encoding frame 85
Server: Frame 85 is not a keyframe
Server: Motion estimation for frame 85
Server: Motion estimation complete for frame 85
Server: DCT/quantization for frame 85
Server: Dequantization/IDCT for frame 85
Server: Frame 85 encoded, size: 6658564 bytes
Server: Marked frame 85 as processed (processing time: 0 seconds)
Server: No frames ready for processing, waiting...
Server: Sending frame 85 from slot 1
Server: Sending encoded data for frame 85
Server: Signaled client about encoded data for frame 85
Server: Client acknowledged frame 85
Server: Marked frame 85 as sent (total pipeline time: 0 seconds)
Server: Received YUV frame with size 3110400 bytes
Server: Stored frame 86 in slot 2 (pipeline: recv=87, proc=86, sent=86)
Server: Frame added to processing pipeline
Server: Processing frame 86 from slot 2
Server: Encoding frame 86
Server: Frame 86 is not a keyframe
Server: Motion estimation for frame 86
Server: Motion estimation complete for frame 86
Server: DCT/quantization for frame 86
Server: Dequantization/IDCT for frame 86
Server: Frame 86 encoded, size: 6658564 bytes
Server: Marked frame 86 as processed (processing time: 0 seconds)
Server: No frames ready for processing, waiting...
Server: Sending frame 86 from slot 2
Server: Sending encoded data for frame 86
Server: Signaled client about encoded data for frame 86
Server: Client acknowledged frame 86
Server: Marked frame 86 as sent (total pipeline time: 0 seconds)
Server: Received YUV frame with size 3110400 bytes
Server: Stored frame 87 in slot 0 (pipeline: recv=88, proc=87, sent=87)
Server: Frame added to processing pipeline
Server: Processing frame 87 from slot 0
Server: Encoding frame 87
Server: Frame 87 is not a keyframe
Server: Motion estimation for frame 87
Server: Motion estimation complete for frame 87
Server: DCT/quantization for frame 87
Server: Dequantization/IDCT for frame 87
Server: Frame 87 encoded, size: 6658564 bytes
Server: Marked frame 87 as processed (processing time: 0 seconds)
Server: No frames ready for processing, waiting...
Server: Sending frame 87 from slot 0
Server: Sending encoded data for frame 87
Server: Signaled client about encoded data for frame 87
Server: Client acknowledged frame 87
Server: Marked frame 87 as sent (total pipeline time: 0 seconds)
Server: Received YUV frame with size 3110400 bytes
Server: Stored frame 88 in slot 1 (pipeline: recv=89, proc=88, sent=88)
Server: Frame added to processing pipeline
Server: Processing frame 88 from slot 1
Server: Encoding frame 88
Server: Frame 88 is not a keyframe
Server: Motion estimation for frame 88
Server: Motion estimation complete for frame 88
Server: DCT/quantization for frame 88
Server: Dequantization/IDCT for frame 88
Server: Frame 88 encoded, size: 6658564 bytes
Server: Marked frame 88 as processed (processing time: 0 seconds)
Server: No frames ready for processing, waiting...
Server: Sending frame 88 from slot 1
Server: Sending encoded data for frame 88
Server: Signaled client about encoded data for frame 88
Server: Client acknowledged frame 88
Server: Marked frame 88 as sent (total pipeline time: 0 seconds)
Server: Received YUV frame with size 3110400 bytes
Server: Stored frame 89 in slot 2 (pipeline: recv=90, proc=89, sent=89)
Server: Frame added to processing pipeline
Server: Processing frame 89 from slot 2
Server: Encoding frame 89
Server: Frame 89 is not a keyframe
Server: Motion estimation for frame 89
Server: Motion estimation complete for frame 89
Server: DCT/quantization for frame 89
Server: Dequantization/IDCT for frame 89
Server: Frame 89 encoded, size: 6658564 bytes
Server: Marked frame 89 as processed (processing time: 0 seconds)
Server: No frames ready for processing, waiting...
Server: Sending frame 89 from slot 2
Server: Sending encoded data for frame 89
Server: Signaled client about encoded data for frame 89
Server: Client acknowledged frame 89
Server: Marked frame 89 as sent (total pipeline time: 0 seconds)
Server: Received YUV frame with size 3110400 bytes
Server: Stored frame 90 in slot 0 (pipeline: recv=91, proc=90, sent=90)
Server: Frame added to processing pipeline
Server: Processing frame 90 from slot 0
Server: Encoding frame 90
Server: Frame 90 is not a keyframe
Server: Motion estimation for frame 90
Server: Motion estimation complete for frame 90
Server: DCT/quantization for frame 90
Server: Dequantization/IDCT for frame 90
Server: Frame 90 encoded, size: 6658564 bytes
Server: Marked frame 90 as processed (processing time: 0 seconds)
Server: No frames ready for processing, waiting...
Server: Sending frame 90 from slot 0
Server: Sending encoded data for frame 90
Server: Signaled client about encoded data for frame 90
Server: Client acknowledged frame 90
Server: Marked frame 90 as sent (total pipeline time: 0 seconds)
Server: Received YUV frame with size 3110400 bytes
Server: Stored frame 91 in slot 1 (pipeline: recv=92, proc=91, sent=91)
Server: Frame added to processing pipeline
Server: Processing frame 91 from slot 1
Server: Encoding frame 91
Server: Frame 91 is not a keyframe
Server: Motion estimation for frame 91
Server: Motion estimation complete for frame 91
Server: DCT/quantization for frame 91
Server: Dequantization/IDCT for frame 91
Server: Frame 91 encoded, size: 6658564 bytes
Server: Marked frame 91 as processed (processing time: 1 seconds)
Server: No frames ready for processing, waiting...
Server: Sending frame 91 from slot 1
Server: Sending encoded data for frame 91
Server: Signaled client about encoded data for frame 91
Server: Client acknowledged frame 91
Server: Marked frame 91 as sent (total pipeline time: 1 seconds)
Server: Received YUV frame with size 3110400 bytes
Server: Stored frame 92 in slot 2 (pipeline: recv=93, proc=92, sent=92)
Server: Frame added to processing pipeline
Server: Processing frame 92 from slot 2
Server: Encoding frame 92
Server: Frame 92 is not a keyframe
Server: Motion estimation for frame 92
Server: Motion estimation complete for frame 92
Server: DCT/quantization for frame 92
Server: Dequantization/IDCT for frame 92
Server: Frame 92 encoded, size: 6658564 bytes
Server: Marked frame 92 as processed (processing time: 0 seconds)
Server: No frames ready for processing, waiting...
Server: Sending frame 92 from slot 2
Server: Sending encoded data for frame 92
Server: Signaled client about encoded data for frame 92
Server: Client acknowledged frame 92
Server: Marked frame 92 as sent (total pipeline time: 0 seconds)
Server: Received YUV frame with size 3110400 bytes
Server: Stored frame 93 in slot 0 (pipeline: recv=94, proc=93, sent=93)
Server: Frame added to processing pipeline
Server: Processing frame 93 from slot 0
Server: Encoding frame 93
Server: Frame 93 is not a keyframe
Server: Motion estimation for frame 93
Server: Motion estimation complete for frame 93
Server: DCT/quantization for frame 93
Server: Dequantization/IDCT for frame 93
Server: Frame 93 encoded, size: 6658564 bytes
Server: Marked frame 93 as processed (processing time: 0 seconds)
Server: No frames ready for processing, waiting...
Server: Sending frame 93 from slot 0
Server: Sending encoded data for frame 93
Server: Signaled client about encoded data for frame 93
Server: Client acknowledged frame 93
Server: Marked frame 93 as sent (total pipeline time: 0 seconds)
Server: Received YUV frame with size 3110400 bytes
Server: Stored frame 94 in slot 1 (pipeline: recv=95, proc=94, sent=94)
Server: Frame added to processing pipeline
Server: Processing frame 94 from slot 1
Server: Encoding frame 94
Server: Frame 94 is not a keyframe
Server: Motion estimation for frame 94
Server: Motion estimation complete for frame 94
Server: DCT/quantization for frame 94
Server: Dequantization/IDCT for frame 94
Server: Frame 94 encoded, size: 6658564 bytes
Server: Marked frame 94 as processed (processing time: 1 seconds)
Server: No frames ready for processing, waiting...
Server: Sending frame 94 from slot 1
Server: Sending encoded data for frame 94
Server: Signaled client about encoded data for frame 94
Server: Client acknowledged frame 94
Server: Marked frame 94 as sent (total pipeline time: 1 seconds)
Server: Received YUV frame with size 3110400 bytes
Server: Stored frame 95 in slot 2 (pipeline: recv=96, proc=95, sent=95)
Server: Frame added to processing pipeline
Server: Processing frame 95 from slot 2
Server: Encoding frame 95
Server: Frame 95 is not a keyframe
Server: Motion estimation for frame 95
Server: Motion estimation complete for frame 95
Server: DCT/quantization for frame 95
Server: Dequantization/IDCT for frame 95
Server: Frame 95 encoded, size: 6658564 bytes
Server: Marked frame 95 as processed (processing time: 0 seconds)
Server: No frames ready for processing, waiting...
Server: Sending frame 95 from slot 2
Server: Sending encoded data for frame 95
Server: Signaled client about encoded data for frame 95
Server: Client acknowledged frame 95
Server: Marked frame 95 as sent (total pipeline time: 0 seconds)
Server: Received YUV frame with size 3110400 bytes
Server: Stored frame 96 in slot 0 (pipeline: recv=97, proc=96, sent=96)
Server: Frame added to processing pipeline
Server: Processing frame 96 from slot 0
Server: Encoding frame 96
Server: Frame 96 is not a keyframe
Server: Motion estimation for frame 96
Server: Motion estimation complete for frame 96
Server: DCT/quantization for frame 96
Server: Dequantization/IDCT for frame 96
Server: Frame 96 encoded, size: 6658564 bytes
Server: Marked frame 96 as processed (processing time: 0 seconds)
Server: No frames ready for processing, waiting...
Server: Sending frame 96 from slot 0
Server: Sending encoded data for frame 96
Server: Signaled client about encoded data for frame 96
Server: Client acknowledged frame 96
Server: Marked frame 96 as sent (total pipeline time: 0 seconds)
Server: Received YUV frame with size 3110400 bytes
Server: Stored frame 97 in slot 1 (pipeline: recv=98, proc=97, sent=97)
Server: Frame added to processing pipeline
Server: Processing frame 97 from slot 1
Server: Encoding frame 97
Server: Frame 97 is not a keyframe
Server: Motion estimation for frame 97
Server: Motion estimation complete for frame 97
Server: DCT/quantization for frame 97
Server: Dequantization/IDCT for frame 97
Server: Frame 97 encoded, size: 6658564 bytes
Server: Marked frame 97 as processed (processing time: 0 seconds)
Server: No frames ready for processing, waiting...
Server: Sending frame 97 from slot 1
Server: Sending encoded data for frame 97
Server: Signaled client about encoded data for frame 97
Server: Client acknowledged frame 97
Server: Marked frame 97 as sent (total pipeline time: 1 seconds)
Server: Received YUV frame with size 3110400 bytes
Server: Stored frame 98 in slot 2 (pipeline: recv=99, proc=98, sent=98)
Server: Frame added to processing pipeline
Server: Processing frame 98 from slot 2
Server: Encoding frame 98
Server: Frame 98 is not a keyframe
Server: Motion estimation for frame 98
Server: Motion estimation complete for frame 98
Server: DCT/quantization for frame 98
Server: Dequantization/IDCT for frame 98
Server: Frame 98 encoded, size: 6658564 bytes
Server: Marked frame 98 as processed (processing time: 0 seconds)
Server: No frames ready for processing, waiting...
Server: Sending frame 98 from slot 2
Server: Sending encoded data for frame 98
Server: Signaled client about encoded data for frame 98
Server: Client acknowledged frame 98
Server: Marked frame 98 as sent (total pipeline time: 0 seconds)
Terminated
Tegra exit code: 143

real	9m35.306s
user	0m49.656s
sys	0m9.899s
