SISCI initialized and connected
Dimensions acknowledged
Producer: Starting
Consumer: Starting
Added frame 0 to slot 0
Consumer: Processing frame 0
Added frame 1 to slot 1
Added frame 2 to slot 2
Frame 0 completed
Consumer: Frame 0 complete
Consumer: Processing frame 1
Added frame 3 to slot 0
Frame 1 completed
Consumer: Frame 1 complete
Consumer: Processing frame 2
Added frame 4 to slot 1
Frame 2 completed
Consumer: Frame 2 complete
Consumer: Processing frame 3
Added frame 5 to slot 2
Frame 3 completed
Consumer: Frame 3 complete
Consumer: Processing frame 4
Added frame 6 to slot 0
Frame 4 completed
Consumer: Frame 4 complete
Consumer: Processing frame 5
Added frame 7 to slot 1
Frame 5 completed
Consumer: Frame 5 complete
Consumer: Processing frame 6
Added frame 8 to slot 2
Frame 6 completed
Consumer: Frame 6 complete
Consumer: Processing frame 7
Added frame 9 to slot 0
Frame 7 completed
Consumer: Frame 7 complete
Consumer: Processing frame 8
Added frame 10 to slot 1
Frame 8 completed
Consumer: Frame 8 complete
Consumer: Processing frame 9
Added frame 11 to slot 2
Frame 9 completed
Consumer: Frame 9 complete
Consumer: Processing frame 10
Added frame 12 to slot 0
Frame 10 completed
Consumer: Frame 10 complete
Consumer: Processing frame 11
Added frame 13 to slot 1
Frame 11 completed
Consumer: Frame 11 complete
Consumer: Processing frame 12
Added frame 14 to slot 2
Frame 12 completed
Consumer: Frame 12 complete
Consumer: Processing frame 13
Added frame 15 to slot 0
Frame 13 completed
Consumer: Frame 13 complete
Consumer: Processing frame 14
Added frame 16 to slot 1
Frame 14 completed
Consumer: Frame 14 complete
Consumer: Processing frame 15
Added frame 17 to slot 2
Frame 15 completed
Consumer: Frame 15 complete
Consumer: Processing frame 16
Added frame 18 to slot 0
Frame 16 completed
Consumer: Frame 16 complete
Consumer: Processing frame 17
Added frame 19 to slot 1
Frame 17 completed
Consumer: Frame 17 complete
Consumer: Processing frame 18
Added frame 20 to slot 2
Frame 18 completed
Consumer: Frame 18 complete
Consumer: Processing frame 19
Added frame 21 to slot 0
Frame 19 completed
Consumer: Frame 19 complete
Consumer: Processing frame 20
Added frame 22 to slot 1
Frame 20 completed
Consumer: Frame 20 complete
Consumer: Processing frame 21
Added frame 23 to slot 2
Frame 21 completed
Consumer: Frame 21 complete
Consumer: Processing frame 22
Added frame 24 to slot 0
Frame 22 completed
Consumer: Frame 22 complete
Consumer: Processing frame 23
Added frame 25 to slot 1
Frame 23 completed
Consumer: Frame 23 complete
Consumer: Processing frame 24
Added frame 26 to slot 2
Frame 24 completed
Consumer: Frame 24 complete
Consumer: Processing frame 25
Added frame 27 to slot 0
Frame 25 completed
Consumer: Frame 25 complete
Consumer: Processing frame 26
Added frame 28 to slot 1
Frame 26 completed
Consumer: Frame 26 complete
Consumer: Processing frame 27
Added frame 29 to slot 2
Frame 27 completed
Consumer: Frame 27 complete
Consumer: Processing frame 28
Added frame 30 to slot 0
Frame 28 completed
Consumer: Frame 28 complete
Consumer: Processing frame 29
Added frame 31 to slot 1
Frame 29 completed
Consumer: Frame 29 complete
Consumer: Processing frame 30
Added frame 32 to slot 2
Frame 30 completed
Consumer: Frame 30 complete
Consumer: Processing frame 31
Added frame 33 to slot 0
Frame 31 completed
Consumer: Frame 31 complete
Consumer: Processing frame 32
Added frame 34 to slot 1
Frame 32 completed
Consumer: Frame 32 complete
Consumer: Processing frame 33
Added frame 35 to slot 2
Frame 33 completed
Consumer: Frame 33 complete
Consumer: Processing frame 34
Added frame 36 to slot 0
Frame 34 completed
Consumer: Frame 34 complete
Consumer: Processing frame 35
Added frame 37 to slot 1
Frame 35 completed
Consumer: Frame 35 complete
Consumer: Processing frame 36
Added frame 38 to slot 2
Frame 36 completed
Consumer: Frame 36 complete
Consumer: Processing frame 37
Added frame 39 to slot 0
Frame 37 completed
Consumer: Frame 37 complete
Consumer: Processing frame 38
Added frame 40 to slot 1
Frame 38 completed
Consumer: Frame 38 complete
Consumer: Processing frame 39
Added frame 41 to slot 2
Frame 39 completed
Consumer: Frame 39 complete
Consumer: Processing frame 40
Added frame 42 to slot 0
Frame 40 completed
Consumer: Frame 40 complete
Consumer: Processing frame 41
Added frame 43 to slot 1
Frame 41 completed
Consumer: Frame 41 complete
Consumer: Processing frame 42
Added frame 44 to slot 2
Frame 42 completed
Consumer: Frame 42 complete
Consumer: Processing frame 43
Added frame 45 to slot 0
Frame 43 completed
Consumer: Frame 43 complete
Consumer: Processing frame 44
Added frame 46 to slot 1
Frame 44 completed
Consumer: Frame 44 complete
Consumer: Processing frame 45
Added frame 47 to slot 2
Frame 45 completed
Consumer: Frame 45 complete
Consumer: Processing frame 46
Added frame 48 to slot 0
Frame 46 completed
Consumer: Frame 46 complete
Consumer: Processing frame 47
Added frame 49 to slot 1
Frame 47 completed
Consumer: Frame 47 complete
Consumer: Processing frame 48
Added frame 50 to slot 2
Frame 48 completed
Consumer: Frame 48 complete
Consumer: Processing frame 49
Added frame 51 to slot 0
Frame 49 completed
Consumer: Frame 49 complete
Consumer: Processing frame 50
Added frame 52 to slot 1
Frame 50 completed
Consumer: Frame 50 complete
Consumer: Processing frame 51
Added frame 53 to slot 2
Frame 51 completed
Consumer: Frame 51 complete
Consumer: Processing frame 52
Added frame 54 to slot 0
Frame 52 completed
Consumer: Frame 52 complete
Consumer: Processing frame 53
Added frame 55 to slot 1
Frame 53 completed
Consumer: Frame 53 complete
Consumer: Processing frame 54
Added frame 56 to slot 2
Frame 54 completed
Consumer: Frame 54 complete
Consumer: Processing frame 55
Added frame 57 to slot 0
Frame 55 completed
Consumer: Frame 55 complete
Consumer: Processing frame 56
Added frame 58 to slot 1
Frame 56 completed
Consumer: Frame 56 complete
Consumer: Processing frame 57
Added frame 59 to slot 2
Producer: Frame limit reached
Producer: Finished reading 60 frames
Frame 57 completed
Consumer: Frame 57 complete
Consumer: Processing frame 58
Frame 58 completed
Consumer: Frame 58 complete
Consumer: Processing frame 59
Frame 59 completed
Consumer: Frame 59 complete
Consumer: No more frames
Consumer: Finished
Client finished successfully
PC exit code: 0

real	0m12,782s
user	0m2,918s
sys	0m0,181s
